*** Requêtes SQL:
  * Migration de l'intranet V2 vers V3 ayant comme BDD d'origine intranet_v2_0_prod_cod pour devenir DB_NAME_V3 grâce à intranet_v3_0_model...
*** Requêtes SQL Part 1:
19:34:54
DROP DATABASE intranet_v3_0_cod ...[OK]
CREATE DATABASE intranet_v3_0_cod ...[OK]
DROP intranet_v3_0_cod.classification_arborescence_article ...[FAILED]
CREATE TABLE intranet_v3_0_cod.classification_arborescence_article ...[OK]
INSERT INTO intranet_v3_0_cod.classification_arborescence_article ...[OK]
DROP intranet_v3_0_cod.classification_arborescence_article_categorie ...[FAILED]
CREATE TABLE intranet_v3_0_cod.classification_arborescence_article_categorie ...[OK]
INSERT INTO intranet_v3_0_cod.classification_arborescence_article ...[OK]
DROP intranet_v3_0_cod.classification_arborescence_article_categorie_contenu ...[FAILED]
CREATE TABLE intranet_v3_0_cod.classification_arborescence_article_categorie_contenu ...[OK]
INSERT INTO intranet_v3_0_cod.classification_arborescence_article ...[OK]
DROP intranet_v3_0_cod.fte_fournisseur ...[FAILED]
CREATE TABLE intranet_v3_0_cod.fte_fournisseur ...[OK]
INSERT INTO intranet_v3_0_cod.fte_fournisseur ...[OK]
INSERT INTO intranet_v3_0_cod.salaries Utilisateur supprimé ...[OK]
DROP intranet_v3_0_cod.geo ...[FAILED]
CREATE TABLE intranet_v3_0_cod.geo ...[OK]
INSERT INTO intranet_v3_0_cod.geo ...[OK]
DROP intranet_v3_0_cod.geo_codesoft ...[FAILED]
CREATE TABLE intranet_v3_0_cod.geo_codesoft ...[OK]
INSERT INTO intranet_v3_0_cod.geo_codesoft ...[OK]
DROP intranet_v3_0_cod.groupes ...[FAILED]
CREATE TABLE intranet_v3_0_cod.groupes ...[OK]
INSERT INTO intranet_v3_0_cod.groupes ...[OK]
DROP intranet_v3_0_cod.planning_presence_semaine_visible ...[FAILED]
CREATE TABLE intranet_v3_0_cod.planning_presence_semaine_visible ...[OK]
INSERT INTO intranet_v3_0_cod.planning_presence_semaine_visible ...[OK]
DROP intranet_v3_0_cod.annexe_agrologic_article_codification ...[FAILED]
CREATE TABLE intranet_v3_0_cod.annexe_agrologic_article_codification ...[OK]
INSERT INTO intranet_v3_0_cod.annexe_agrologic_article_codification ...[OK]
DROP intranet_v3_0_cod.annexe_jours_semaine ...[FAILED]
CREATE TABLE intranet_v3_0_cod.annexe_jours_semaine ...[OK]
INSERT INTO intranet_v3_0_cod.annexe_jours_semaine ...[OK]
DROP intranet_v3_0_cod.annexe_allergene ...[FAILED]
CREATE TABLE intranet_v3_0_cod.annexe_allergene ...[OK]
INSERT INTO intranet_v3_0_cod.annexe_allergene ...[OK]
DROP intranet_v3_0_cod.annexe_additif ...[FAILED]
CREATE TABLE intranet_v3_0_cod.annexe_additif ...[OK]
INSERT INTO intranet_v3_0_cod.annexe_additif ...[OK]
DROP intranet_v3_0_cod.access_materiel_service ...[FAILED]
CREATE TABLE intranet_v3_0_cod.access_materiel_service ...[OK]
INSERT INTO intranet_v3_0_cod.access_materiel_service ...[OK]
DROP intranet_v3_0_cod.annexe_additif_groupe ...[FAILED]
CREATE TABLE intranet_v3_0_cod.annexe_additif_groupe ...[OK]
INSERT INTO intranet_v3_0_cod.access_materiel_service ...[OK]
DROP intranet_v3_0_cod.annexe_allergene_famille ...[FAILED]
CREATE TABLE intranet_v3_0_cod.annexe_allergene_famille ...[OK]
INSERT INTO intranet_v3_0_cod.annexe_allergene_famille ...[OK]
DROP intranet_v3_0_cod.annexe_allergene_origine ...[FAILED]
CREATE TABLE intranet_v3_0_cod.annexe_allergene_origine ...[OK]
INSERT INTO intranet_v3_0_cod.annexe_allergene_origine ...[OK]
DROP intranet_v3_0_cod.annexe_arome_categorie ...[FAILED]
CREATE TABLE intranet_v3_0_cod.annexe_arome_categorie ...[OK]
INSERT INTO intranet_v3_0_cod.annexe_arome_categorie ...[OK]
DROP intranet_v3_0_cod.annexe_caracteristique_scientifique ...[FAILED]
CREATE TABLE intranet_v3_0_cod.annexe_caracteristique_scientifique ...[OK]
INSERT INTO intranet_v3_0_cod.annexe_caracteristique_scientifique ...[OK]
DROP intranet_v3_0_cod.annexe_caracteristique_scientifique_groupe ...[FAILED]
CREATE TABLE intranet_v3_0_cod.annexe_caracteristique_scientifique_groupe ...[OK]
INSERT INTO intranet_v3_0_cod.annexe_caracteristique_scientifique_groupe ...[OK]
DROP intranet_v3_0_cod.annexe_environnement_conservation ...[FAILED]
CREATE TABLE intranet_v3_0_cod.annexe_environnement_conservation ...[OK]
INSERT INTO intranet_v3_0_cod.annexe_environnement_conservation ...[OK]
DROP intranet_v3_0_cod.annexe_environnement_conservation_groupe ...[FAILED]
CREATE TABLE intranet_v3_0_cod.annexe_environnement_conservation_groupe ...[OK]
INSERT INTO intranet_v3_0_cod.annexe_environnement_conservation_groupe ...[OK]
DROP intranet_v3_0_cod.annexe_pays ...[FAILED]
CREATE TABLE intranet_v3_0_cod.annexe_pays ...[OK]
INSERT INTO intranet_v3_0_cod.annexe_pays ...[OK]
DROP intranet_v3_0_cod.annexe_unite ...[FAILED]
CREATE TABLE intranet_v3_0_cod.annexe_unite ...[OK]
INSERT INTO intranet_v3_0_cod.annexe_unite ...[OK]
DROP intranet_v3_0_cod.archcomment ...[FAILED]
CREATE TABLE intranet_v3_0_cod.archcomment ...[OK]
INSERT INTO intranet_v3_0_cod.archcomment ...[OK]
DROP intranet_v3_0_cod.archlu ...[FAILED]
CREATE TABLE intranet_v3_0_cod.archlu ...[OK]
INSERT INTO intranet_v3_0_cod.archlu ...[FAILED]
DROP intranet_v3_0_cod.articlece ...[FAILED]
CREATE TABLE intranet_v3_0_cod.articlece ...[OK]
INSERT INTO intranet_v3_0_cod.articlece ...[OK]
DROP intranet_v3_0_cod.articles ...[FAILED]
CREATE TABLE intranet_v3_0_cod.articles ...[OK]
INSERT INTO intranet_v3_0_cod.articles ...[OK]
DROP intranet_v3_0_cod.artstat ...[FAILED]
CREATE TABLE intranet_v3_0_cod.artstat ...[OK]
INSERT INTO intranet_v3_0_cod.artstat ...[OK]
DROP intranet_v3_0_cod.catsopro ...[FAILED]
CREATE TABLE intranet_v3_0_cod.catsopro ...[OK]
INSERT INTO intranet_v3_0_cod.catsopro ...[OK]
DROP intranet_v3_0_cod.classification_arborescence_client ...[FAILED]
CREATE TABLE intranet_v3_0_cod.classification_arborescence_client ...[OK]
INSERT INTO intranet_v3_0_cod.classification_arborescence_client ...[OK]
DROP intranet_v3_0_cod.classification_arborescence_client_groupe ...[FAILED]
CREATE TABLE intranet_v3_0_cod.classification_arborescence_client_groupe ...[OK]
INSERT INTO intranet_v3_0_cod.classification_arborescence_client_groupe ...[OK]
DROP intranet_v3_0_cod.classification_article ...[FAILED]
CREATE TABLE intranet_v3_0_cod.classification_article ...[OK]
INSERT INTO intranet_v3_0_cod.classification_article ...[OK]
DROP intranet_v3_0_cod.classification_article_rayon ...[FAILED]
CREATE TABLE intranet_v3_0_cod.classification_article_rayon ...[OK]
INSERT INTO intranet_v3_0_cod.classification_article_rayon ...