Démarrage : mar jui 29 23:00:01 CEST 2014
Arrêt     : mar jui 29 23:02:15 CEST 2014



Base MySQL sélectionnée: agis
Nombre de serveur(s) Linux concerné(s): 4
Nombre de dossier(s) à mettre à jour: 29

sending incremental file list

sent 7292 bytes  received 49 bytes  2936.40 bytes/sec
total size is 13584181  speedup is 1850.45
sending incremental file list
suivi_investissement/2014-2015/Suivi investissements AVI 2014 2015.xls

sent 10932 bytes  received 2757 bytes  9126.00 bytes/sec
total size is 12444119  speedup is 909.06
sending incremental file list
erp_data.mdb

sent 8736506 bytes  received 84570 bytes  189700.56 bytes/sec
total size is 145690624  speedup is 16.52
sending incremental file list

sent 7593 bytes  received 45 bytes  15276.00 bytes/sec
total size is 9254930  speedup is 1211.70
sending incremental file list

sent 7898 bytes  received 20 bytes  5278.67 bytes/sec
total size is 16766350  speedup is 2117.50
sending incremental file list

sent 4308 bytes  received 24 bytes  2888.00 bytes/sec
total size is 6387982  speedup is 1474.60
sending incremental file list
mercuriales/sync.ffs_db
mercuriales/MERCURIALES - AGIS/mdd/2014/2014 MERCURIALE AUCHAN.xls
mercuriales/MERCURIALES - AGIS/mdd/2014/2014 MERCURIALE CARREFOUR PLATS CUISINES.xls

sent 12366 bytes  received 5631 bytes  11998.00 bytes/sec
total size is 36413427  speedup is 2023.31
sending incremental file list

sent 5047 bytes  received 27 bytes  3382.67 bytes/sec
total size is 39173092  speedup is 7720.36
sending incremental file list
operations_commerciales/chrono demande echantillons.xls
operations_commerciales/GMS/2014/B-CONFIRMATIONS OPERATIONS/AUCHAN/2014 AUCHAN FESTIFS.xls

sent 221007 bytes  received 5906 bytes  64832.29 bytes/sec
total size is 56246943  speedup is 247.88
sending incremental file list

sent 20406 bytes  received 83 bytes  13659.33 bytes/sec
total size is 99360776  speedup is 4849.47
sending incremental file list
gofast/sync.ffs_db
gofast/CHANTIERS/2_FTK_CLIENTS_Mathieu/4_GEMBA/Fiche l\#351gislative - Saumon sce b agr 140g.DOC

sent 21903 bytes  received 161 bytes  8825.60 bytes/sec
total size is 52693674  speedup is 2388.22
sending incremental file list

sent 8894 bytes  received 13 bytes  5938.00 bytes/sec
total size is 43580416  speedup is 4892.83
sending incremental file list

sent 5781 bytes  received 30 bytes  3874.00 bytes/sec
total size is 92829061  speedup is 15974.71
sending incremental file list
erp_data.mdb

sent 8736506 bytes  received 84570 bytes  185706.86 bytes/sec
total size is 145690624  speedup is 16.52
sending incremental file list

sent 7593 bytes  received 45 bytes  5092.00 bytes/sec
total size is 9254930  speedup is 1211.70
sending incremental file list

sent 4308 bytes  received 24 bytes  2888.00 bytes/sec
total size is 6387982  speedup is 1474.60
sending incremental file list

sent 7898 bytes  received 20 bytes  5278.67 bytes/sec
total size is 16766350  speedup is 2117.50
sending incremental file list

sent 85 bytes  received 13 bytes  65.33 bytes/sec
total size is 104853504  speedup is 1069933.71
sending incremental file list
operations_commerciales/chrono demande echantillons.xls
operations_commerciales/GMS/2014/B-CONFIRMATIONS OPERATIONS/AUCHAN/2014 AUCHAN FESTIFS.xls

sent 221007 bytes  received 5906 bytes  64832.29 bytes/sec
total size is 56246943  speedup is 247.88
sending incremental file list
mercuriales/sync.ffs_db
mercuriales/MERCURIALES - AGIS/mdd/2014/2014 MERCURIALE AUCHAN.xls
mercuriales/MERCURIALES - AGIS/mdd/2014/2014 MERCURIALE CARREFOUR PLATS CUISINES.xls

sent 12366 bytes  received 5631 bytes  11998.00 bytes/sec
total size is 36413427  speedup is 2023.31
sending incremental file list

sent 8894 bytes  received 13 bytes  5938.00 bytes/sec
total size is 43580416  speedup is 4892.83
sending incremental file list

sent 7292 bytes  received 49 bytes  4894.00 bytes/sec
total size is 13584181  speedup is 1850.45
sending incremental file list

sent 5745 bytes  received 23 bytes  3845.33 bytes/sec
total size is 129159129  speedup is 22392.36
sending incremental file list

sent 5610 bytes  received 39 bytes  11298.00 bytes/sec
total size is 59049369  speedup is 10453.07
sending incremental file list

sent 52293 bytes  received 97 bytes  20956.00 bytes/sec
total size is 299707475  speedup is 5720.70
sending incremental file list

sent 20406 bytes  received 83 bytes  13659.33 bytes/sec
total size is 99360776  speedup is 4849.47
sending incremental file list
gofast/sync.ffs_db
gofast/CHANTIERS/2_FTK_CLIENTS_Mathieu/4_GEMBA/Fiche l\#351gislative - Saumon sce b agr 140g.DOC

sent 21903 bytes  received 161 bytes  6304.00 bytes/sec
total size is 52693674  speedup is 2388.22
sending incremental file list

sent 7898 bytes  received 20 bytes  5278.67 bytes/sec
total size is 16766350  speedup is 2117.50
sending incremental file list

sent 7898 bytes  received 20 bytes  5278.67 bytes/sec
total size is 16766350  speedup is 2117.50
