Démarrage : lun mar  3 23:00:01 CET 2014
Arrêt     : lun mar  3 23:03:07 CET 2014



Base MySQL sélectionnée: agis
Nombre de serveur(s) Linux concerné(s): 4
Nombre de dossier(s) à mettre à jour: 26

sending incremental file list

sent 6345 bytes  received 46 bytes  1826.00 bytes/sec
total size is 11731248  speedup is 1835.59
sending incremental file list

sent 6047 bytes  received 37 bytes  2433.60 bytes/sec
total size is 12258174  speedup is 2014.82
sending incremental file list
erp_data.mdb

sent 10873605 bytes  received 64291 bytes  172250.33 bytes/sec
total size is 84160512  speedup is 7.69
sending incremental file list

sent 7538 bytes  received 45 bytes  5055.33 bytes/sec
total size is 9253358  speedup is 1220.28
sending incremental file list

sent 7695 bytes  received 20 bytes  3086.00 bytes/sec
total size is 16751789  speedup is 2171.33
sending incremental file list

sent 4308 bytes  received 24 bytes  1732.80 bytes/sec
total size is 6387982  speedup is 1474.60
sending incremental file list
mercuriales/sync.ffs_db
mercuriales/gms/2014/CENTRALES 2014/AUCHAN 2014.xls
mercuriales/gms/2014/CENTRALES 2014/AUCHAN.FR 2014.xls
mercuriales/gms/2014/CENTRALES 2014/CASINO 2014.xls
mercuriales/gms/2014/CENTRALES 2014/SYSTEME U 2014.xls
mercuriales/gms/2014/CONTROLE TARIFS 2014/03-MARS/2014 AUCHAN.FR NOUVEAUX PRODUITS.pdf
deleting mercuriales/mdd/2014/Copie de 2014 MERCURIALE CARREFOUR PLATS CUISINES bis.xls
mercuriales/mdd/2014/2014 MERCURIALE AUCHAN.xls
mercuriales/mdd/2014/2014 MERCURIALE CARREFOUR ASIATIQUE.xls
mercuriales/mdd/2014/2014 MERCURIALE CARREFOUR PLATS CUISINES.xls
mercuriales/mdd/2014/2014 MERCURIALE PROVERA.xls

sent 140661 bytes  received 24483 bytes  25406.77 bytes/sec
total size is 28892083  speedup is 174.95
sending incremental file list

sent 5047 bytes  received 27 bytes  2029.60 bytes/sec
total size is 39173092  speedup is 7720.36
sending incremental file list
operations_commerciales/DEMANDE ECHANTILLONS CL .xls
operations_commerciales/DEMANDE ECHANTILLONS GB.xls
operations_commerciales/chrono demande echantillons.xls
operations_commerciales/FZC/CONFIRMATIONS/2014/ARGEL/ARGEL_CONFIRMATION CATALOGUE 6 2014.xls
operations_commerciales/FZC/CONFIRMATIONS/2014/THIRIET/THIRIET_MAI_ 2014.xls
operations_commerciales/FZC/OP FZC 2014/FZC ARGEL 2014.xls
operations_commerciales/FZC/OP FZC 2014/FZC THIRIET 2014.xls
operations_commerciales/GMS/2014/D-REGIONS/GMS LECLERC 2014-FUTUR MASTER.xls
operations_commerciales/MDD/MODELES CJ/AUCHAN ATAC SCHIEVER/DDE ECHANTILLONS/2014/DEMANDE ECHANTILLONS AUCHAN 120.xls
operations_commerciales/MDD/MODELES CJ/AUCHAN ATAC SCHIEVER/DDE ECHANTILLONS/2014/DEMANDE ECHANTILLONS AUCHAN 121.xls
operations_commerciales/MDD/MODELES CJ/CARREFOUR/DDE ECHANTILLONS/2014/demande \#351chantillons Carrefour Belgique 122.XLS
operations_commerciales/MDD/MODELES CJ/SYSTEME U/DDE ECHANTILLONS/DEMANDE ECHANTILLONS SU PIXELIS.xls
operations_commerciales/MDD/MODELES CJ/SYSTEME U/DDE ECHANTILLONS/DEMANDE ECHANTILLONS SU.xls

sent 301211 bytes  received 12339 bytes  21624.14 bytes/sec
total size is 46907813  speedup is 149.60
sending incremental file list

sent 19882 bytes  received 78 bytes  5702.86 bytes/sec
total size is 98562242  speedup is 4937.99
sending incremental file list

sent 3254 bytes  received 78 bytes  1332.80 bytes/sec
total size is 16071858  speedup is 4823.49
sending incremental file list
modeles/compo_asia_double_haut_auchan_traiteur.lab

sent 16301 bytes  received 1214 bytes  3892.22 bytes/sec
total size is 43238912  speedup is 2468.68
sending incremental file list
erp_data.mdb

sent 10873605 bytes  received 64291 bytes  190224.28 bytes/sec
total size is 84160512  speedup is 7.69
sending incremental file list

sent 7538 bytes  received 45 bytes  5055.33 bytes/sec
total size is 9253358  speedup is 1220.28
sending incremental file list

sent 4308 bytes  received 24 bytes  2888.00 bytes/sec
total size is 6387982  speedup is 1474.60
sending incremental file list

sent 7695 bytes  received 20 bytes  5143.33 bytes/sec
total size is 16751789  speedup is 2171.33
sending incremental file list

sent 85 bytes  received 13 bytes  65.33 bytes/sec
total size is 104853504  speedup is 1069933.71
sending incremental file list
operations_commerciales/DEMANDE ECHANTILLONS CL .xls
operations_commerciales/DEMANDE ECHANTILLONS GB.xls
operations_commerciales/chrono demande echantillons.xls
operations_commerciales/FZC/CONFIRMATIONS/2014/ARGEL/ARGEL_CONFIRMATION CATALOGUE 6 2014.xls
operations_commerciales/FZC/CONFIRMATIONS/2014/THIRIET/THIRIET_MAI_ 2014.xls
operations_commerciales/FZC/OP FZC 2014/FZC ARGEL 2014.xls
operations_commerciales/FZC/OP FZC 2014/FZC THIRIET 2014.xls
operations_commerciales/GMS/2014/D-REGIONS/GMS LECLERC 2014-FUTUR MASTER.xls
operations_commerciales/MDD/MODELES CJ/AUCHAN ATAC SCHIEVER/DDE ECHANTILLONS/2014/DEMANDE ECHANTILLONS AUCHAN 120.xls
operations_commerciales/MDD/MODELES CJ/AUCHAN ATAC SCHIEVER/DDE ECHANTILLONS/2014/DEMANDE ECHANTILLONS AUCHAN 121.xls
operations_commerciales/MDD/MODELES CJ/CARREFOUR/DDE ECHANTILLONS/2014/demande \#351chantillons Carrefour Belgique 122.XLS
operations_commerciales/MDD/MODELES CJ/SYSTEME U/DDE ECHANTILLONS/DEMANDE ECHANTILLONS SU PIXELIS.xls
operations_commerciales/MDD/MODELES CJ/SYSTEME U/DDE ECHANTILLONS/DEMANDE ECHANTILLONS SU.xls

sent 301211 bytes  received 12339 bytes  89585.71 bytes/sec
total size is 46907813  speedup is 149.60
sending incremental file list
mercuriales/sync.ffs_db
mercuriales/gms/2014/CENTRALES 2014/AUCHAN 2014.xls
mercuriales/gms/2014/CENTRALES 2014/AUCHAN.FR 2014.xls
mercuriales/gms/2014/CENTRALES 2014/CASINO 2014.xls
mercuriales/gms/2014/CENTRALES 2014/SYSTEME U 2014.xls
mercuriales/gms/2014/CONTROLE TARIFS 2014/03-MARS/2014 AUCHAN.FR NOUVEAUX PRODUITS.pdf
deleting mercuriales/mdd/2014/Copie de 2014 MERCURIALE CARREFOUR PLATS CUISINES bis.xls
mercuriales/mdd/2014/2014 MERCURIALE AUCHAN.xls
mercuriales/mdd/2014/2014 MERCURIALE CARREFOUR ASIATIQUE.xls
mercuriales/mdd/2014/2014 MERCURIALE CARREFOUR PLATS CUISINES.xls
mercuriales/mdd/2014/2014 MERCURIALE PROVERA.xls

sent 140661 bytes  received 24483 bytes  66057.60 bytes/sec
total size is 28892083  speedup is 174.95
sending incremental file list
modeles/compo_asia_double_haut_auchan_traiteur.lab

sent 16301 bytes  received 1214 bytes  11676.67 bytes/sec
total size is 43238912  speedup is 2468.68
sending incremental file list

sent 6345 bytes  received 46 bytes  4260.67 bytes/sec
total size is 11731248  speedup is 1835.59
sending incremental file list

sent 5684 bytes  received 23 bytes  3804.67 bytes/sec
total size is 129152473  speedup is 22630.54
sending incremental file list

sent 5610 bytes  received 39 bytes  3766.00 bytes/sec
total size is 59049369  speedup is 10453.07
sending incremental file list

sent 50262 bytes  received 94 bytes  20142.40 bytes/sec
total size is 291009107  speedup is 5779.04
sending incremental file list

sent 19882 bytes  received 78 bytes  13306.67 bytes/sec
total size is 98562242  speedup is 4937.99
sending incremental file list

sent 3254 bytes  received 78 bytes  2221.33 bytes/sec
total size is 16071858  speedup is 4823.49
