Démarrage : dim mar  2 23:00:01 CET 2014
Arrêt     : dim mar  2 23:01:15 CET 2014



Base MySQL sélectionnée: agis
Nombre de serveur(s) Linux concerné(s): 4
Nombre de dossier(s) à mettre à jour: 26

sending incremental file list

sent 6345 bytes  received 46 bytes  4260.67 bytes/sec
total size is 11731248  speedup is 1835.59
sending incremental file list

sent 6047 bytes  received 37 bytes  2433.60 bytes/sec
total size is 12258174  speedup is 2014.82
sending incremental file list

sent 63 bytes  received 12 bytes  50.00 bytes/sec
total size is 84160512  speedup is 1122140.16
sending incremental file list

sent 7538 bytes  received 45 bytes  5055.33 bytes/sec
total size is 9253358  speedup is 1220.28
sending incremental file list

sent 7695 bytes  received 20 bytes  5143.33 bytes/sec
total size is 16751789  speedup is 2171.33
sending incremental file list

sent 4308 bytes  received 24 bytes  2888.00 bytes/sec
total size is 6387982  speedup is 1474.60
sending incremental file list

sent 8217 bytes  received 65 bytes  2366.29 bytes/sec
total size is 29024483  speedup is 3504.53
sending incremental file list

sent 5047 bytes  received 27 bytes  3382.67 bytes/sec
total size is 39173092  speedup is 7720.36
sending incremental file list

sent 36435 bytes  received 140 bytes  10450.00 bytes/sec
total size is 46694821  speedup is 1276.69
sending incremental file list

sent 19882 bytes  received 78 bytes  13306.67 bytes/sec
total size is 98562242  speedup is 4937.99
sending incremental file list

sent 3254 bytes  received 78 bytes  2221.33 bytes/sec
total size is 16071858  speedup is 4823.49
sending incremental file list

sent 9005 bytes  received 13 bytes  6012.00 bytes/sec
total size is 43238912  speedup is 4794.73
sending incremental file list

sent 63 bytes  received 12 bytes  50.00 bytes/sec
total size is 84160512  speedup is 1122140.16
sending incremental file list

sent 7538 bytes  received 45 bytes  5055.33 bytes/sec
total size is 9253358  speedup is 1220.28
sending incremental file list

sent 4308 bytes  received 24 bytes  2888.00 bytes/sec
total size is 6387982  speedup is 1474.60
sending incremental file list

sent 7695 bytes  received 20 bytes  5143.33 bytes/sec
total size is 16751789  speedup is 2171.33
sending incremental file list

sent 85 bytes  received 13 bytes  65.33 bytes/sec
total size is 104853504  speedup is 1069933.71
sending incremental file list

sent 36435 bytes  received 140 bytes  14630.00 bytes/sec
total size is 46694821  speedup is 1276.69
sending incremental file list

sent 8217 bytes  received 65 bytes  5521.33 bytes/sec
total size is 29024483  speedup is 3504.53
sending incremental file list

sent 9005 bytes  received 13 bytes  6012.00 bytes/sec
total size is 43238912  speedup is 4794.73
sending incremental file list

sent 6345 bytes  received 46 bytes  4260.67 bytes/sec
total size is 11731248  speedup is 1835.59
sending incremental file list

sent 5684 bytes  received 23 bytes  3804.67 bytes/sec
total size is 129152473  speedup is 22630.54
sending incremental file list

sent 5610 bytes  received 39 bytes  3766.00 bytes/sec
total size is 59049369  speedup is 10453.07
sending incremental file list

sent 50262 bytes  received 94 bytes  20142.40 bytes/sec
total size is 291009107  speedup is 5779.04
sending incremental file list

sent 19882 bytes  received 78 bytes  4435.56 bytes/sec
total size is 98562242  speedup is 4937.99
sending incremental file list
gofast/CHANTIERS/1_CNP_DELEGATION_Cecile/5_STANDARDS/Projets_MAT_TR_bilan_2sem13_280214.xls
gofast/INFORMATIONS_GENERALES/2_GOFAST_Am_Continue_Generalites_280114.ppt
gofast/INFORMATIONS_GENERALES/4_GOFAST_3principes_280114.ppt
gofast/INFORMATIONS_GENERALES/5_GOFAST_MUDA_280114.ppt

sent 2552260 bytes  received 7096 bytes  81249.40 bytes/sec
total size is 16071858  speedup is 6.28
