Démarrage : mar jan 14 23:00:01 CET 2014
Arrêt     : mar jan 14 23:00:40 CET 2014



Base MySQL sélectionnée: agis
Nombre de serveur(s) Linux concerné(s): 4
Nombre de dossier(s) à mettre à jour: 24

sending incremental file list

sent 5691 bytes  received 45 bytes  3824.00 bytes/sec
total size is 10159163  speedup is 1771.12
sending incremental file list
suivi_investissement/2013-2014/suivi des travaux 2013.xls
suivi_investissement/2013-2014/Pr\#351pa budget invest r\#351vis\#351 2013-2014/Bud invest AVI r\#351vis\#351 2013-2014.xls
suivi_investissement/2013-2014/Pr\#351pa budget invest r\#351vis\#351 2013-2014/Bud invest PFT r\#351vis\#351 2013-2014.xls
suivi_investissement/2013-2014/Pr\#351pa budget invest r\#351vis\#351 2013-2014/Bud invest TAR r\#351vis\#351 2013-2014.xls
suivi_investissement/2014-2015/suivi investissements 2014 2015 avignon.xls

sent 42911 bytes  received 5014 bytes  19170.00 bytes/sec
total size is 11906127  speedup is 248.43
sending incremental file list

sent 63 bytes  received 12 bytes  50.00 bytes/sec
total size is 83456000  speedup is 1112746.67
sending incremental file list

sent 7538 bytes  received 45 bytes  5055.33 bytes/sec
total size is 9253358  speedup is 1220.28
sending incremental file list

sent 7695 bytes  received 20 bytes  5143.33 bytes/sec
total size is 16751789  speedup is 2171.33
sending incremental file list

sent 4308 bytes  received 24 bytes  2888.00 bytes/sec
total size is 6387982  speedup is 1474.60
sending incremental file list
mercuriales/gms/2014/CENTRALES 2014/CASINO 2014.xls
mercuriales/mdd/2014/2014 MERCURIALE AUCHAN.xls
mercuriales/mdd/2014/2014 MERCURIALE CARREFOUR ASIATIQUE.xls
mercuriales/mdd/2014/2014 MERCURIALE PROVERA.xls

sent 48054 bytes  received 6592 bytes  21858.40 bytes/sec
total size is 25699672  speedup is 470.29
sending incremental file list

sent 5047 bytes  received 27 bytes  10148.00 bytes/sec
total size is 39173092  speedup is 7720.36
sending incremental file list
operations_commerciales/DEMANDE ECHANTILLONS CL .xls
operations_commerciales/chrono demande echantillons.xls
operations_commerciales/GMS/2014/A-CENTRALES/GMS AUCHAN 2014-FUTUR MASTER.xls
operations_commerciales/GMS/2014/A-CENTRALES/GMS CASINO 2014-FUTUR MASTER.xls
operations_commerciales/GMS/2014/D-REGIONS/GMS LECLERC 2014-FUTUR MASTER.xls
operations_commerciales/MDD/OP MDD 2012/FUTURMASTER/MDD SYSTEME U 2012 FUTURMASTER.xls
operations_commerciales/MDD/OP MDD 2013/MDD SYSTEME U 2013 FUTURMASTER.xls
operations_commerciales/MDD/OP MDD 2014/MDD SYSTEME U 2014.xls

sent 273812 bytes  received 20320 bytes  65362.67 bytes/sec
total size is 60333523  speedup is 205.12
sending incremental file list

sent 20908 bytes  received 88 bytes  13997.33 bytes/sec
total size is 99120505  speedup is 4720.92
sending incremental file list

sent 7464 bytes  received 13 bytes  4984.67 bytes/sec
total size is 32964096  speedup is 4408.73
sending incremental file list

sent 63 bytes  received 12 bytes  150.00 bytes/sec
total size is 83456000  speedup is 1112746.67
sending incremental file list

sent 7538 bytes  received 45 bytes  15166.00 bytes/sec
total size is 9253358  speedup is 1220.28
sending incremental file list

sent 4308 bytes  received 24 bytes  8664.00 bytes/sec
total size is 6387982  speedup is 1474.60
sending incremental file list

sent 7695 bytes  received 20 bytes  5143.33 bytes/sec
total size is 16751789  speedup is 2171.33
sending incremental file list

sent 85 bytes  received 13 bytes  65.33 bytes/sec
total size is 104853504  speedup is 1069933.71
sending incremental file list
operations_commerciales/DEMANDE ECHANTILLONS CL .xls
operations_commerciales/chrono demande echantillons.xls
operations_commerciales/GMS/2014/A-CENTRALES/GMS AUCHAN 2014-FUTUR MASTER.xls
operations_commerciales/GMS/2014/A-CENTRALES/GMS CASINO 2014-FUTUR MASTER.xls
operations_commerciales/GMS/2014/D-REGIONS/GMS LECLERC 2014-FUTUR MASTER.xls
operations_commerciales/MDD/OP MDD 2012/FUTURMASTER/MDD SYSTEME U 2012 FUTURMASTER.xls
operations_commerciales/MDD/OP MDD 2013/MDD SYSTEME U 2013 FUTURMASTER.xls
operations_commerciales/MDD/OP MDD 2014/MDD SYSTEME U 2014.xls

sent 273812 bytes  received 20320 bytes  117652.80 bytes/sec
total size is 60333523  speedup is 205.12
sending incremental file list
mercuriales/gms/2014/CENTRALES 2014/CASINO 2014.xls
mercuriales/mdd/2014/2014 MERCURIALE AUCHAN.xls
mercuriales/mdd/2014/2014 MERCURIALE CARREFOUR ASIATIQUE.xls
mercuriales/mdd/2014/2014 MERCURIALE PROVERA.xls

sent 48054 bytes  received 6592 bytes  36430.67 bytes/sec
total size is 25699672  speedup is 470.29
sending incremental file list

sent 7464 bytes  received 13 bytes  4984.67 bytes/sec
total size is 32964096  speedup is 4408.73
sending incremental file list

sent 5691 bytes  received 45 bytes  3824.00 bytes/sec
total size is 10159163  speedup is 1771.12
sending incremental file list

sent 5677 bytes  received 23 bytes  3800.00 bytes/sec
total size is 128675317  speedup is 22574.62
sending incremental file list

sent 5353 bytes  received 38 bytes  3594.00 bytes/sec
total size is 56169881  speedup is 10419.20
sending incremental file list
codesoft/Codesoft 7/Codes Produits/79852.bak
codesoft/Codesoft 7/Codes Produits/79852.lab
codesoft/Codesoft 7/Codes Produits/79852_bis.bak
codesoft/Codesoft 7/Codes Produits/79852_bis.lab

sent 101868 bytes  received 2218 bytes  41634.40 bytes/sec
total size is 284640851  speedup is 2734.67
sending incremental file list
