Démarrage : lun sep  9 23:00:02 CEST 2013
Arrêt     : lun sep  9 23:00:51 CEST 2013



Base MySQL sélectionnée: agis
Nombre de serveur(s) Linux concerné(s): 4
Nombre de dossier(s) à mettre à jour: 24

sending incremental file list

sent 7552 bytes  received 20 bytes  5048.00 bytes/sec
total size is 16747404  speedup is 2211.75
sending incremental file list

sent 5440 bytes  received 44 bytes  2193.60 bytes/sec
total size is 9508728  speedup is 1733.90
sending incremental file list
codesoft/Codesoft 7/Codes Produits/nems_banane_chocolat_verso.bak
codesoft/Codesoft 7/Codes Produits/nems_banane_chocolat_verso.lab

sent 55490 bytes  received 1263 bytes  37835.33 bytes/sec
total size is 272007763  speedup is 4792.83
sending incremental file list
suivi_investissement/2013-2014/suivi des travaux 2013.xls

sent 15632 bytes  received 1588 bytes  11480.00 bytes/sec
total size is 11359500  speedup is 659.67
sending incremental file list
erp_data.mdb

sent 83752 bytes  received 61701 bytes  26446.00 bytes/sec
total size is 77592576  speedup is 533.45
sending incremental file list

sent 7538 bytes  received 45 bytes  5055.33 bytes/sec
total size is 9253358  speedup is 1220.28
sending incremental file list

sent 7552 bytes  received 20 bytes  5048.00 bytes/sec
total size is 16747404  speedup is 2211.75
sending incremental file list

sent 4308 bytes  received 24 bytes  2888.00 bytes/sec
total size is 6387982  speedup is 1474.60
sending incremental file list
mercuriales/FZC/FZC 2013/ARGEL 2013.xls
mercuriales/gms/2013/CENTRALES 2013/CARREFOUR MARKET MDD PC PIZZAS 2013.xls
mercuriales/gms/2013/CENTRALES 2013/CARREFOUR MDD PC PIZZAS 2013.xls
mercuriales/gms/2013/REGION 2013/SCHIEVER MERCU MAI 2013.xls
mercuriales/gms/2013/REGION 2013/SU R\#351gion OCT 2013.xls
mercuriales/mdd/2013/2013 MERCURIALE GROUPE AUCHAN.xls

sent 64629 bytes  received 20856 bytes  24424.29 bytes/sec
total size is 31607065  speedup is 369.74
sending incremental file list

sent 5047 bytes  received 27 bytes  3382.67 bytes/sec
total size is 39173092  speedup is 7720.36
sending incremental file list
operations_commerciales/DEMANDE ECHANTILLONS CL .xls
operations_commerciales/chrono demande echantillons.xls
operations_commerciales/FZC/OP FZC 2013/FZC PICARD 2013.xls
operations_commerciales/GMS/2013/D-REGIONS/GMS LECLERC 2013-FUTUR MASTER.xls
operations_commerciales/MDD/MODELES VB/DEM ECHANTILLONS/2013/Chrono396 ALDI.XLS
operations_commerciales/MDD/OP MDD 2013/MDD AUCHAN 2013 FUTUR MASTER.xls

sent 239607 bytes  received 10619 bytes  55605.78 bytes/sec
total size is 92830624  speedup is 370.99
sending incremental file list

sent 18506 bytes  received 80 bytes  7434.40 bytes/sec
total size is 41728031  speedup is 2245.13
sending incremental file list

sent 7502 bytes  received 13 bytes  3006.00 bytes/sec
total size is 33724035  speedup is 4487.56
sending incremental file list
erp_data.mdb

sent 83752 bytes  received 61701 bytes  32322.89 bytes/sec
total size is 77592576  speedup is 533.45
sending incremental file list

sent 7538 bytes  received 45 bytes  5055.33 bytes/sec
total size is 9253358  speedup is 1220.28
sending incremental file list

sent 4308 bytes  received 24 bytes  2888.00 bytes/sec
total size is 6387982  speedup is 1474.60
sending incremental file list

sent 7552 bytes  received 20 bytes  5048.00 bytes/sec
total size is 16747404  speedup is 2211.75
sending incremental file list

sent 85 bytes  received 13 bytes  65.33 bytes/sec
total size is 104853504  speedup is 1069933.71
sending incremental file list
operations_commerciales/DEMANDE ECHANTILLONS CL .xls
operations_commerciales/chrono demande echantillons.xls
operations_commerciales/FZC/OP FZC 2013/FZC PICARD 2013.xls
operations_commerciales/GMS/2013/D-REGIONS/GMS LECLERC 2013-FUTUR MASTER.xls
operations_commerciales/MDD/MODELES VB/DEM ECHANTILLONS/2013/Chrono396 ALDI.XLS
operations_commerciales/MDD/OP MDD 2013/MDD AUCHAN 2013 FUTUR MASTER.xls

sent 239607 bytes  received 10619 bytes  71493.14 bytes/sec
total size is 92830624  speedup is 370.99
sending incremental file list
mercuriales/FZC/FZC 2013/ARGEL 2013.xls
mercuriales/gms/2013/CENTRALES 2013/CARREFOUR MARKET MDD PC PIZZAS 2013.xls
mercuriales/gms/2013/CENTRALES 2013/CARREFOUR MDD PC PIZZAS 2013.xls
mercuriales/gms/2013/REGION 2013/SCHIEVER MERCU MAI 2013.xls
mercuriales/gms/2013/REGION 2013/SU R\#351gion OCT 2013.xls
mercuriales/mdd/2013/2013 MERCURIALE GROUPE AUCHAN.xls

sent 64629 bytes  received 20856 bytes  56990.00 bytes/sec
total size is 31607065  speedup is 369.74
sending incremental file list

sent 5440 bytes  received 44 bytes  3656.00 bytes/sec
total size is 9508728  speedup is 1733.90
sending incremental file list

sent 5645 bytes  received 23 bytes  3778.67 bytes/sec
total size is 128643061  speedup is 22696.38
sending incremental file list

sent 4707 bytes  received 36 bytes  3162.00 bytes/sec
total size is 46318934  speedup is 9765.75
sending incremental file list

sent 18506 bytes  received 80 bytes  12390.67 bytes/sec
total size is 41728031  speedup is 2245.13
