Démarrage : dim jan 26 23:00:02 CET 2014
Arrêt     : dim jan 26 23:00:36 CET 2014



Base MySQL sélectionnée: agis
Nombre de serveur(s) Linux concerné(s): 4
Nombre de dossier(s) à mettre à jour: 24

sending incremental file list

sent 5691 bytes  received 45 bytes  3824.00 bytes/sec
total size is 10159163  speedup is 1771.12
sending incremental file list

sent 5993 bytes  received 37 bytes  4020.00 bytes/sec
total size is 12047230  speedup is 1997.88
sending incremental file list

sent 63 bytes  received 12 bytes  50.00 bytes/sec
total size is 83869696  speedup is 1118262.61
sending incremental file list

sent 7538 bytes  received 45 bytes  5055.33 bytes/sec
total size is 9253358  speedup is 1220.28
sending incremental file list

sent 7695 bytes  received 20 bytes  5143.33 bytes/sec
total size is 16751789  speedup is 2171.33
sending incremental file list

sent 4308 bytes  received 24 bytes  2888.00 bytes/sec
total size is 6387982  speedup is 1474.60
sending incremental file list

sent 6845 bytes  received 60 bytes  4603.33 bytes/sec
total size is 25767275  speedup is 3731.68
sending incremental file list

sent 5047 bytes  received 27 bytes  10148.00 bytes/sec
total size is 39173092  speedup is 7720.36
sending incremental file list

sent 42511 bytes  received 167 bytes  17071.20 bytes/sec
total size is 60127238  speedup is 1408.86
sending incremental file list

sent 19812 bytes  received 78 bytes  13260.00 bytes/sec
total size is 98390370  speedup is 4946.73
sending incremental file list

sent 7705 bytes  received 13 bytes  5145.33 bytes/sec
total size is 33815552  speedup is 4381.39
sending incremental file list

sent 63 bytes  received 12 bytes  50.00 bytes/sec
total size is 83869696  speedup is 1118262.61
sending incremental file list

sent 7538 bytes  received 45 bytes  5055.33 bytes/sec
total size is 9253358  speedup is 1220.28
sending incremental file list

sent 4308 bytes  received 24 bytes  2888.00 bytes/sec
total size is 6387982  speedup is 1474.60
sending incremental file list

sent 7695 bytes  received 20 bytes  5143.33 bytes/sec
total size is 16751789  speedup is 2171.33
sending incremental file list

sent 85 bytes  received 13 bytes  65.33 bytes/sec
total size is 104853504  speedup is 1069933.71
sending incremental file list

sent 42511 bytes  received 167 bytes  28452.00 bytes/sec
total size is 60127238  speedup is 1408.86
sending incremental file list

sent 6845 bytes  received 60 bytes  4603.33 bytes/sec
total size is 25767275  speedup is 3731.68
sending incremental file list

sent 7705 bytes  received 13 bytes  5145.33 bytes/sec
total size is 33815552  speedup is 4381.39
sending incremental file list

sent 5691 bytes  received 45 bytes  3824.00 bytes/sec
total size is 10159163  speedup is 1771.12
sending incremental file list

sent 5677 bytes  received 23 bytes  3800.00 bytes/sec
total size is 128675317  speedup is 22574.62
sending incremental file list

sent 5353 bytes  received 38 bytes  3594.00 bytes/sec
total size is 56169881  speedup is 10419.20
sending incremental file list

sent 49946 bytes  received 94 bytes  20016.00 bytes/sec
total size is 289940563  speedup is 5794.18
sending incremental file list
