Démarrage : jeu fév 20 23:00:01 CET 2014
Arrêt     : jeu fév 20 23:00:52 CET 2014



Base MySQL sélectionnée: agis
Nombre de serveur(s) Linux concerné(s): 4
Nombre de dossier(s) à mettre à jour: 26

sending incremental file list

sent 6293 bytes  received 46 bytes  1811.14 bytes/sec
total size is 11666224  speedup is 1840.39
sending incremental file list

sent 6047 bytes  received 37 bytes  4056.00 bytes/sec
total size is 12177278  speedup is 2001.52
sending incremental file list

sent 63 bytes  received 12 bytes  50.00 bytes/sec
total size is 84160512  speedup is 1122140.16
sending incremental file list

sent 7538 bytes  received 45 bytes  5055.33 bytes/sec
total size is 9253358  speedup is 1220.28
sending incremental file list
batch/gtc-avignon.vnc

sent 8032 bytes  received 51 bytes  3233.20 bytes/sec
total size is 16751789  speedup is 2072.47
sending incremental file list

sent 4308 bytes  received 24 bytes  1237.71 bytes/sec
total size is 6387982  speedup is 1474.60
sending incremental file list
mercuriales/FZC/FZC 2014/ARGEL 2014.xls
mercuriales/FZC/FZC 2014/TOUPARGEL 2014.xls
mercuriales/HD/2014/2014 MERCURIALE NETTO.xls
mercuriales/gms/2014/CENTRALES 2014/AUCHAN 2014.xls
mercuriales/gms/2014/CENTRALES 2014/AUCHAN.FR 2014.xls
mercuriales/gms/2014/CENTRALES 2014/CASINO 2014.xls
mercuriales/gms/2014/CENTRALES 2014/INTERMARCHE 2014.xls
mercuriales/gms/2014/CENTRALES 2014/SIMPLY MARKET 2014.xls
mercuriales/gms/2014/CONTROLE TARIFS 2014/03-MARS/2014 INTERMARCHE GAMME ANIMATION SAMOSSA VOLAILLE.pdf
mercuriales/gms/2014/REGIONS  2014/GALEC REGION MERCU AVRIL 2014.xls
mercuriales/gms/2014/REGIONS  2014/SCHIEVER MERCU 2014.xls
mercuriales/mdd/2014/2014 MERCURIALE AUCHAN.xls
mercuriales/mdd/2014/2014 MERCURIALE CARREFOUR ASIATIQUE.xls
mercuriales/mdd/2014/2014 MERCURIALE CARREFOUR PLATS CUISINES.xls
mercuriales/mdd/2014/2014 MERCURIALE INTERMARCHE.xls

sent 276723 bytes  received 40111 bytes  48743.69 bytes/sec
total size is 27817344  speedup is 87.80
sending incremental file list

sent 5047 bytes  received 27 bytes  3382.67 bytes/sec
total size is 39173092  speedup is 7720.36
sending incremental file list
operations_commerciales/DEMANDE ECHANTILLONS CL .xls
operations_commerciales/chrono demande echantillons.xls
operations_commerciales/GMS/RECAP DEMANDE ET CONFIRMATIONS HEBDO.xls
operations_commerciales/GMS/2014/A-CENTRALES/GMS CASINO 2014-FUTUR MASTER.xls
operations_commerciales/GMS/2014/A-CENTRALES/GMS SYSTEME U 2014-FUTUR MASTER.xls
operations_commerciales/GMS/2014/D-REGIONS/GMS SCHIEVER 2014-FUTUR MASTER.xls
operations_commerciales/MDD/MODELES VB/CONF OPES ITM NETTO/2014/CONFIRMATION OPE_GENERALISTE_JUILLET1.xls
operations_commerciales/MDD/OP MDD 2014/MDD ITM 2014 .xls

sent 243499 bytes  received 19555 bytes  58456.44 bytes/sec
total size is 45968805  speedup is 174.75
sending incremental file list

sent 19842 bytes  received 78 bytes  7968.00 bytes/sec
total size is 98501331  speedup is 4944.85
sending incremental file list

sent 3133 bytes  received 78 bytes  2140.67 bytes/sec
total size is 13716502  speedup is 4271.72
sending incremental file list

sent 8871 bytes  received 13 bytes  5922.67 bytes/sec
total size is 41009664  speedup is 4616.13
sending incremental file list

sent 63 bytes  received 12 bytes  150.00 bytes/sec
total size is 84160512  speedup is 1122140.16
sending incremental file list

sent 7538 bytes  received 45 bytes  15166.00 bytes/sec
total size is 9253358  speedup is 1220.28
sending incremental file list

sent 4308 bytes  received 24 bytes  8664.00 bytes/sec
total size is 6387982  speedup is 1474.60
sending incremental file list
batch/gtc-avignon.vnc

sent 8032 bytes  received 51 bytes  5388.67 bytes/sec
total size is 16751789  speedup is 2072.47
sending incremental file list

sent 85 bytes  received 13 bytes  65.33 bytes/sec
total size is 104853504  speedup is 1069933.71
sending incremental file list
operations_commerciales/DEMANDE ECHANTILLONS CL .xls
operations_commerciales/chrono demande echantillons.xls
operations_commerciales/GMS/RECAP DEMANDE ET CONFIRMATIONS HEBDO.xls
operations_commerciales/GMS/2014/A-CENTRALES/GMS CASINO 2014-FUTUR MASTER.xls
operations_commerciales/GMS/2014/A-CENTRALES/GMS SYSTEME U 2014-FUTUR MASTER.xls
operations_commerciales/GMS/2014/D-REGIONS/GMS SCHIEVER 2014-FUTUR MASTER.xls
operations_commerciales/MDD/MODELES VB/CONF OPES ITM NETTO/2014/CONFIRMATION OPE_GENERALISTE_JUILLET1.xls
operations_commerciales/MDD/OP MDD 2014/MDD ITM 2014 .xls

sent 243499 bytes  received 19555 bytes  105221.60 bytes/sec
total size is 45968805  speedup is 174.75
sending incremental file list
mercuriales/FZC/FZC 2014/ARGEL 2014.xls
mercuriales/FZC/FZC 2014/TOUPARGEL 2014.xls
mercuriales/HD/2014/2014 MERCURIALE NETTO.xls
mercuriales/gms/2014/CENTRALES 2014/AUCHAN 2014.xls
mercuriales/gms/2014/CENTRALES 2014/AUCHAN.FR 2014.xls
mercuriales/gms/2014/CENTRALES 2014/CASINO 2014.xls
mercuriales/gms/2014/CENTRALES 2014/INTERMARCHE 2014.xls
mercuriales/gms/2014/CENTRALES 2014/SIMPLY MARKET 2014.xls
mercuriales/gms/2014/CONTROLE TARIFS 2014/03-MARS/2014 INTERMARCHE GAMME ANIMATION SAMOSSA VOLAILLE.pdf
mercuriales/gms/2014/REGIONS  2014/GALEC REGION MERCU AVRIL 2014.xls
mercuriales/gms/2014/REGIONS  2014/SCHIEVER MERCU 2014.xls
mercuriales/mdd/2014/2014 MERCURIALE AUCHAN.xls
mercuriales/mdd/2014/2014 MERCURIALE CARREFOUR ASIATIQUE.xls
mercuriales/mdd/2014/2014 MERCURIALE CARREFOUR PLATS CUISINES.xls
mercuriales/mdd/2014/2014 MERCURIALE INTERMARCHE.xls

sent 276723 bytes  received 40111 bytes  90524.00 bytes/sec
total size is 27817344  speedup is 87.80
sending incremental file list

sent 8871 bytes  received 13 bytes  5922.67 bytes/sec
total size is 41009664  speedup is 4616.13
sending incremental file list

sent 6293 bytes  received 46 bytes  4226.00 bytes/sec
total size is 11666224  speedup is 1840.39
sending incremental file list

sent 5677 bytes  received 23 bytes  3800.00 bytes/sec
total size is 128675317  speedup is 22574.62
sending incremental file list

sent 5353 bytes  received 38 bytes  3594.00 bytes/sec
total size is 56169881  speedup is 10419.20
sending incremental file list

sent 50190 bytes  received 94 bytes  20113.60 bytes/sec
total size is 290611795  speedup is 5779.41
sending incremental file list

sent 19842 bytes  received 78 bytes  13280.00 bytes/sec
total size is 98501331  speedup is 4944.85
sending incremental file list

sent 3133 bytes  received 78 bytes  2140.67 bytes/sec
total size is 13716502  speedup is 4271.72
