Démarrage : lun jui 28 23:00:01 CEST 2014
Arrêt     : lun jui 28 23:03:48 CEST 2014



Base MySQL sélectionnée: agis
Nombre de serveur(s) Linux concerné(s): 4
Nombre de dossier(s) à mettre à jour: 29

sending incremental file list

sent 7292 bytes  received 49 bytes  4894.00 bytes/sec
total size is 13584181  speedup is 1850.45
sending incremental file list
suivi_investissement/2014-2015/Suivi investissements AVI 2014 2015.xls

sent 15654 bytes  received 2757 bytes  7364.40 bytes/sec
total size is 12444119  speedup is 675.91
sending incremental file list
erp_data.mdb

sent 17234582 bytes  received 66685 bytes  191174.22 bytes/sec
total size is 145690624  speedup is 8.42
sending incremental file list

sent 7593 bytes  received 45 bytes  5092.00 bytes/sec
total size is 9254930  speedup is 1211.70
sending incremental file list
batch/CB-Soft.rdp

sent 8592 bytes  received 39 bytes  3452.40 bytes/sec
total size is 16766350  speedup is 1942.57
sending incremental file list

sent 4308 bytes  received 24 bytes  2888.00 bytes/sec
total size is 6387982  speedup is 1474.60
sending incremental file list
mercuriales/sync.ffs_db

sent 16022 bytes  received 191 bytes  10808.67 bytes/sec
total size is 36413425  speedup is 2245.94
sending incremental file list

sent 5047 bytes  received 27 bytes  3382.67 bytes/sec
total size is 39173092  speedup is 7720.36
sending incremental file list
operations_commerciales/chrono demande echantillons.xls
operations_commerciales/FZC/OP FZC 2014/FZC ARGEL 2014.xls
operations_commerciales/FZC/OP FZC 2014/FZC THIRIET 2014.xls
operations_commerciales/FZC/OP FZC 2014/FZC TOUPARGEL 2014.xls
operations_commerciales/GMS/2014/B-CONFIRMATIONS OPERATIONS/CASINO SM/2014 SM FRAIS PRIX RONDS  LANGUE DE BOEUF.xls
operations_commerciales/GMS/2014/B-CONFIRMATIONS OPERATIONS/INTERMARCHE/2014 INTERMARCHE DECEMBRE FESTIFS COUPE.xls
operations_commerciales/GMS/2014/D-REGIONS/GMS LECLERC 2014-FUTUR MASTER.xls
operations_commerciales/GMS/2014/D-REGIONS/GMS SCHIEVER 2014-FUTUR MASTER.xls
operations_commerciales/GMS/2014/D-REGIONS/GMS SIMPLY MARKET REGIONS  2014-FUTUR MASTER.xls
operations_commerciales/GMS/2014/D-REGIONS/GMS SU REGION  2014-FUTUR MASTER.xls
operations_commerciales/MDD/OP MDD 2014/MDD CORA 2014.xls
operations_commerciales/MDD/OP MDD 2014/MDD MATCH 2014.xls

sent 329161 bytes  received 19418 bytes  99594.00 bytes/sec
total size is 56246431  speedup is 161.36
sending incremental file list

sent 20406 bytes  received 83 bytes  13659.33 bytes/sec
total size is 99360776  speedup is 4849.47
sending incremental file list
gofast/sync.ffs_db
deleting gofast/CHANTIERS/2_FTK_CLIENTS_Mathieu/5_STANDARDS/Besoins_clients_TAR_240714.xls
deleting gofast/CHANTIERS/2_FTK_CLIENTS_Mathieu/5_STANDARDS/Besoins_clients_JESS_240714.xls
deleting gofast/CHANTIERS/2_FTK_CLIENTS_Mathieu/5_STANDARDS/Besoins_clients_250714.xls
gofast/CHANTIERS/2_FTK_CLIENTS_Mathieu/5_STANDARDS/P.HA.002-03 - Charte_qualit\#351_achats_FR MAI 2013.pdf
gofast/CHANTIERS/2_FTK_CLIENTS_Mathieu/5_STANDARDS/D\#351finition des besoins/
gofast/CHANTIERS/2_FTK_CLIENTS_Mathieu/5_STANDARDS/D\#351finition des besoins/Besoins_clients_250714.xls
gofast/CHANTIERS/2_FTK_CLIENTS_Mathieu/5_STANDARDS/D\#351finition des besoins/Besoins_clients_HERB_250714.xls
gofast/CHANTIERS/2_FTK_CLIENTS_Mathieu/5_STANDARDS/D\#351finition des besoins/Besoins_clients_JESS_240714.xls
gofast/CHANTIERS/2_FTK_CLIENTS_Mathieu/5_STANDARDS/D\#351finition des besoins/Besoins_clients_TAR_240714.xls
gofast/CHANTIERS/4_COTATION_Benjamin/5_STANDARDS/PROCEDURE_COTATION_PDT_280714.doc

sent 316400 bytes  received 259 bytes  126663.60 bytes/sec
total size is 52639323  speedup is 166.23
sending incremental file list

sent 8894 bytes  received 13 bytes  5938.00 bytes/sec
total size is 43580416  speedup is 4892.83
sending incremental file list

sent 5781 bytes  received 30 bytes  3874.00 bytes/sec
total size is 92829061  speedup is 15974.71
sending incremental file list
erp_data.mdb

sent 17234582 bytes  received 66685 bytes  189084.89 bytes/sec
total size is 145690624  speedup is 8.42
sending incremental file list

sent 7593 bytes  received 45 bytes  5092.00 bytes/sec
total size is 9254930  speedup is 1211.70
sending incremental file list

sent 4308 bytes  received 24 bytes  2888.00 bytes/sec
total size is 6387982  speedup is 1474.60
sending incremental file list
batch/CB-Soft.rdp

sent 8592 bytes  received 39 bytes  5754.00 bytes/sec
total size is 16766350  speedup is 1942.57
sending incremental file list

sent 85 bytes  received 13 bytes  65.33 bytes/sec
total size is 104853504  speedup is 1069933.71
sending incremental file list
operations_commerciales/chrono demande echantillons.xls
operations_commerciales/FZC/OP FZC 2014/FZC ARGEL 2014.xls
operations_commerciales/FZC/OP FZC 2014/FZC THIRIET 2014.xls
operations_commerciales/FZC/OP FZC 2014/FZC TOUPARGEL 2014.xls
operations_commerciales/GMS/2014/B-CONFIRMATIONS OPERATIONS/CASINO SM/2014 SM FRAIS PRIX RONDS  LANGUE DE BOEUF.xls
operations_commerciales/GMS/2014/B-CONFIRMATIONS OPERATIONS/INTERMARCHE/2014 INTERMARCHE DECEMBRE FESTIFS COUPE.xls
operations_commerciales/GMS/2014/D-REGIONS/GMS LECLERC 2014-FUTUR MASTER.xls
operations_commerciales/GMS/2014/D-REGIONS/GMS SCHIEVER 2014-FUTUR MASTER.xls
operations_commerciales/GMS/2014/D-REGIONS/GMS SIMPLY MARKET REGIONS  2014-FUTUR MASTER.xls
operations_commerciales/GMS/2014/D-REGIONS/GMS SU REGION  2014-FUTUR MASTER.xls
operations_commerciales/MDD/OP MDD 2014/MDD CORA 2014.xls
operations_commerciales/MDD/OP MDD 2014/MDD MATCH 2014.xls

sent 329161 bytes  received 19418 bytes  99594.00 bytes/sec
total size is 56246431  speedup is 161.36
sending incremental file list
mercuriales/sync.ffs_db

sent 16022 bytes  received 191 bytes  10808.67 bytes/sec
total size is 36413425  speedup is 2245.94
sending incremental file list

sent 8894 bytes  received 13 bytes  5938.00 bytes/sec
total size is 43580416  speedup is 4892.83
sending incremental file list

sent 7292 bytes  received 49 bytes  4894.00 bytes/sec
total size is 13584181  speedup is 1850.45
sending incremental file list

sent 5745 bytes  received 23 bytes  3845.33 bytes/sec
total size is 129159129  speedup is 22392.36
sending incremental file list

sent 5610 bytes  received 39 bytes  3766.00 bytes/sec
total size is 59049369  speedup is 10453.07
sending incremental file list

sent 52293 bytes  received 97 bytes  20956.00 bytes/sec
total size is 299707475  speedup is 5720.70
sending incremental file list

sent 20406 bytes  received 83 bytes  13659.33 bytes/sec
total size is 99360776  speedup is 4849.47
sending incremental file list
gofast/sync.ffs_db
deleting gofast/CHANTIERS/2_FTK_CLIENTS_Mathieu/5_STANDARDS/Besoins_clients_TAR_240714.xls
deleting gofast/CHANTIERS/2_FTK_CLIENTS_Mathieu/5_STANDARDS/Besoins_clients_JESS_240714.xls
deleting gofast/CHANTIERS/2_FTK_CLIENTS_Mathieu/5_STANDARDS/Besoins_clients_250714.xls
gofast/CHANTIERS/2_FTK_CLIENTS_Mathieu/5_STANDARDS/P.HA.002-03 - Charte_qualit\#351_achats_FR MAI 2013.pdf
gofast/CHANTIERS/2_FTK_CLIENTS_Mathieu/5_STANDARDS/D\#351finition des besoins/
gofast/CHANTIERS/2_FTK_CLIENTS_Mathieu/5_STANDARDS/D\#351finition des besoins/Besoins_clients_250714.xls
gofast/CHANTIERS/2_FTK_CLIENTS_Mathieu/5_STANDARDS/D\#351finition des besoins/Besoins_clients_HERB_250714.xls
gofast/CHANTIERS/2_FTK_CLIENTS_Mathieu/5_STANDARDS/D\#351finition des besoins/Besoins_clients_JESS_240714.xls
gofast/CHANTIERS/2_FTK_CLIENTS_Mathieu/5_STANDARDS/D\#351finition des besoins/Besoins_clients_TAR_240714.xls
gofast/CHANTIERS/4_COTATION_Benjamin/5_STANDARDS/PROCEDURE_COTATION_PDT_280714.doc

sent 316400 bytes  received 259 bytes  90474.00 bytes/sec
total size is 52639323  speedup is 166.23
sending incremental file list
batch/CB-Soft.rdp

sent 8592 bytes  received 39 bytes  3452.40 bytes/sec
total size is 16766350  speedup is 1942.57
sending incremental file list

sent 7898 bytes  received 20 bytes  5278.67 bytes/sec
total size is 16766350  speedup is 2117.50
