Démarrage : mar aoû  5 23:00:01 CEST 2014
Arrêt     : mar aoû  5 23:01:17 CEST 2014



Base MySQL sélectionnée: agis
Nombre de serveur(s) Linux concerné(s): 4
Nombre de dossier(s) à mettre à jour: 29

sending incremental file list
deleting gestion_crise/Mise \#340 jour 2012/Dociments P\#364le traiteur/P.QT.001_Manuel de Gestion de Crise P\#364le Traiteur.DOC
deleting gestion_crise/Mise \#340 jour 2012/Dociments P\#364le traiteur/I.QT.008 - Membre des cellules de crise POLE TRAITEUR.xls
deleting gestion_crise/Mise \#340 jour 2012/Dociments P\#364le traiteur/I.QT.002-01 - Gestion des Alertes MP et EMB.doc
deleting gestion_crise/Mise \#340 jour 2012/Dociments P\#364le traiteur/I.QT.001 - EVALUATION DES RISQUES.doc
deleting gestion_crise/Mise \#340 jour 2012/Dociments P\#364le traiteur/E.QT.016-01 - Compte rendu Post crise.docx
deleting gestion_crise/Mise \#340 jour 2012/Dociments P\#364le traiteur/E.QT.015-01 _ FICHE APPEL JOURNALISTE.docx
deleting gestion_crise/Mise \#340 jour 2012/Dociments P\#364le traiteur/E.QT.013-01 - Message Clients Retrait Rappels.doc
deleting gestion_crise/Mise \#340 jour 2012/Dociments P\#364le traiteur/E.QT.010-01 - Journal de Bord.xls
deleting gestion_crise/Mise \#340 jour 2012/Dociments P\#364le traiteur/E.QT.001 - CR de situation et ETUDE D_IMPACT.doc
deleting gestion_crise/Mise \#340 jour 2012/Dociments P\#364le traiteur/Annexe 7_P.QT_001_03.pdf
deleting gestion_crise/Mise \#340 jour 2012/Dociments P\#364le traiteur/
deleting gestion_crise/Mise \#340 jour 2012/Contacts ext\#351rieurs site/contact officiel Herbignac.xls
deleting gestion_crise/Mise \#340 jour 2012/Contacts ext\#351rieurs site/Contacts ext\#351rieurs TARARE.doc
deleting gestion_crise/Mise \#340 jour 2012/Contacts ext\#351rieurs site/Contacts EXTERIEURS.AVIGNON.doc
deleting gestion_crise/Mise \#340 jour 2012/Contacts ext\#351rieurs site/
deleting gestion_crise/Mise \#340 jour 2012/Contacts clients/Syst\#351me U/Contrat d'appro.gestion de crise.pdf
deleting gestion_crise/Mise \#340 jour 2012/Contacts clients/Syst\#351me U/
deleting gestion_crise/Mise \#340 jour 2012/Contacts clients/Saprim ( casino)/retrait rappel fournisseur.pdf
deleting gestion_crise/Mise \#340 jour 2012/Contacts clients/Saprim ( casino)/
deleting gestion_crise/Mise \#340 jour 2012/Contacts clients/SIMPLY/Document crise Symply.tarare.pdf
deleting gestion_crise/Mise \#340 jour 2012/Contacts clients/SIMPLY/
deleting gestion_crise/Mise \#340 jour 2012/Contacts clients/ED/GESTION DE CRISE ED MAJ 04.07.11.doc
deleting gestion_crise/Mise \#340 jour 2012/Contacts clients/ED/
deleting gestion_crise/Mise \#340 jour 2012/Contacts clients/doc gestion de crise  TOU\#250PARGEL 2012.pdf
deleting gestion_crise/Mise \#340 jour 2012/Contacts clients/coordonn\#351es gestion de crise. PICARD 2012.pdf
deleting gestion_crise/Mise \#340 jour 2012/Contacts clients/coordonn\#351es gestion de crise ARGEL.pdf
deleting gestion_crise/Mise \#340 jour 2012/Contacts clients/contact gestion crise bofrost.pdf
deleting gestion_crise/Mise \#340 jour 2012/Contacts clients/Procedure alerte ITM compl\#351t\#351.pdf
deleting gestion_crise/Mise \#340 jour 2012/Contacts clients/INTERLOCUTEURS CRISE 2012 GMS .xls
deleting gestion_crise/Mise \#340 jour 2012/Contacts clients/Contacts crises 280212 FZC.xls
deleting gestion_crise/Mise \#340 jour 2012/Contacts clients/COURRIER GESTION CRISE SIMPLY 2012.doc
deleting gestion_crise/Mise \#340 jour 2012/Contacts clients/CONTACTS CLIENT GESTION DE CRISE 280212 MDD HD.xls
deleting gestion_crise/Mise \#340 jour 2012/Contacts clients/Annexe 1 Proc\#351dure dAlerte ITM .doc
deleting gestion_crise/Mise \#340 jour 2012/Contacts clients/
deleting gestion_crise/Mise \#340 jour 2012/QL321C blocage et retrait produit.pdf
deleting gestion_crise/Mise \#340 jour 2012/
gestion_crise/Document type n\#351cessaire pour retrait/E.QT.010-01 - Journal de Bord.xls
gestion_crise/archive contact/Mise \#340 jour 2012/
gestion_crise/archive contact/Mise \#340 jour 2012/QL321C blocage et retrait produit.pdf
gestion_crise/archive contact/Mise \#340 jour 2012/Contacts clients/
gestion_crise/archive contact/Mise \#340 jour 2012/Contacts clients/Annexe 1 Proc\#351dure dAlerte ITM .doc
gestion_crise/archive contact/Mise \#340 jour 2012/Contacts clients/CONTACTS CLIENT GESTION DE CRISE 280212 MDD HD.xls
gestion_crise/archive contact/Mise \#340 jour 2012/Contacts clients/COURRIER GESTION CRISE SIMPLY 2012.doc
gestion_crise/archive contact/Mise \#340 jour 2012/Contacts clients/Contacts crises 280212 FZC.xls
gestion_crise/archive contact/Mise \#340 jour 2012/Contacts clients/INTERLOCUTEURS CRISE 2012 GMS .xls
gestion_crise/archive contact/Mise \#340 jour 2012/Contacts clients/Procedure alerte ITM compl\#351t\#351.pdf
gestion_crise/archive contact/Mise \#340 jour 2012/Contacts clients/contact gestion crise bofrost.pdf
gestion_crise/archive contact/Mise \#340 jour 2012/Contacts clients/coordonn\#351es gestion de crise ARGEL.pdf
gestion_crise/archive contact/Mise \#340 jour 2012/Contacts clients/coordonn\#351es gestion de crise. PICARD 2012.pdf
gestion_crise/archive contact/Mise \#340 jour 2012/Contacts clients/doc gestion de crise  TOU\#250PARGEL 2012.pdf
gestion_crise/archive contact/Mise \#340 jour 2012/Contacts clients/ED/
gestion_crise/archive contact/Mise \#340 jour 2012/Contacts clients/ED/GESTION DE CRISE ED MAJ 04.07.11.doc
gestion_crise/archive contact/Mise \#340 jour 2012/Contacts clients/SIMPLY/
gestion_crise/archive contact/Mise \#340 jour 2012/Contacts clients/SIMPLY/Document crise Symply.tarare.pdf
gestion_crise/archive contact/Mise \#340 jour 2012/Contacts clients/Saprim ( casino)/
gestion_crise/archive contact/Mise \#340 jour 2012/Contacts clients/Saprim ( casino)/retrait rappel fournisseur.pdf
gestion_crise/archive contact/Mise \#340 jour 2012/Contacts clients/Syst\#351me U/
gestion_crise/archive contact/Mise \#340 jour 2012/Contacts clients/Syst\#351me U/Contrat d'appro.gestion de crise.pdf
gestion_crise/archive contact/Mise \#340 jour 2012/Contacts ext\#351rieurs site/
gestion_crise/archive contact/Mise \#340 jour 2012/Contacts ext\#351rieurs site/Contacts EXTERIEURS.AVIGNON.doc
gestion_crise/archive contact/Mise \#340 jour 2012/Contacts ext\#351rieurs site/Contacts ext\#351rieurs TARARE.doc
gestion_crise/archive contact/Mise \#340 jour 2012/Contacts ext\#351rieurs site/contact officiel Herbignac.xls
gestion_crise/archive contact/Mise \#340 jour 2012/Dociments P\#364le traiteur/
gestion_crise/archive contact/Mise \#340 jour 2012/Dociments P\#364le traiteur/Annexe 7_P.QT_001_03.pdf
gestion_crise/archive contact/Mise \#340 jour 2012/Dociments P\#364le traiteur/E.QT.001 - CR de situation et ETUDE D_IMPACT.doc
gestion_crise/archive contact/Mise \#340 jour 2012/Dociments P\#364le traiteur/E.QT.010-01 - Journal de Bord.xls
gestion_crise/archive contact/Mise \#340 jour 2012/Dociments P\#364le traiteur/E.QT.013-01 - Message Clients Retrait Rappels.doc
gestion_crise/archive contact/Mise \#340 jour 2012/Dociments P\#364le traiteur/E.QT.015-01 _ FICHE APPEL JOURNALISTE.docx
gestion_crise/archive contact/Mise \#340 jour 2012/Dociments P\#364le traiteur/E.QT.016-01 - Compte rendu Post crise.docx
gestion_crise/archive contact/Mise \#340 jour 2012/Dociments P\#364le traiteur/I.QT.001 - EVALUATION DES RISQUES.doc
gestion_crise/archive contact/Mise \#340 jour 2012/Dociments P\#364le traiteur/I.QT.002-01 - Gestion des Alertes MP et EMB.doc
gestion_crise/archive contact/Mise \#340 jour 2012/Dociments P\#364le traiteur/I.QT.008 - Membre des cellules de crise POLE TRAITEUR.xls
gestion_crise/archive contact/Mise \#340 jour 2012/Dociments P\#364le traiteur/P.QT.001_Manuel de Gestion de Crise P\#364le Traiteur.DOC

sent 2544631 bytes  received 624 bytes  175534.83 bytes/sec
total size is 13622581  speedup is 5.35
sending incremental file list

sent 6283 bytes  received 38 bytes  4214.00 bytes/sec
total size is 12454871  speedup is 1970.40
sending incremental file list

sent 63 bytes  received 12 bytes  16.67 bytes/sec
total size is 145690624  speedup is 1942541.65
sending incremental file list

sent 7593 bytes  received 45 bytes  5092.00 bytes/sec
total size is 9254930  speedup is 1211.70
sending incremental file list

sent 7905 bytes  received 20 bytes  5283.33 bytes/sec
total size is 16766350  speedup is 2115.63
sending incremental file list

sent 4308 bytes  received 24 bytes  2888.00 bytes/sec
total size is 6387982  speedup is 1474.60
sending incremental file list
deleting mercuriales/gms/
mercuriales/MERCURIALES - AGIS/gms/2014/CENTRALES 2014/CASINO 2014.xls
mercuriales/MERCURIALES - AGIS/gms/2014/CENTRALES 2014/SIMPLY MARKET 2014.xls
deleting mercuriales/MERCURIALES - AGIS/gms/2014/CONTROLE TARIFS 2014/09-SEPTEMBRE/CASINO AU 01.09.14.pdf
mercuriales/MERCURIALES - AGIS/gms/2014/CONTROLE TARIFS 2014/09-SEPTEMBRE/2014 CASINO GRATINS.pdf
mercuriales/MERCURIALES - AGIS/gms/2014/CONTROLE TARIFS 2014/09-SEPTEMBRE/2014 CASINO HAUSSE CREVETTES.pdf
mercuriales/MERCURIALES - AGIS/gms/2014/CONTROLE TARIFS 2014/09-SEPTEMBRE/2014 SIMPLY MARKET GALETTES.pdf
mercuriales/MERCURIALES - AGIS/gms/2014/REGIONS  2014/GALEC REGION MERCU AOUT 2014.xls

sent 154174 bytes  received 16875 bytes  48871.14 bytes/sec
total size is 37321798  speedup is 218.19
sending incremental file list

sent 5047 bytes  received 27 bytes  3382.67 bytes/sec
total size is 39173092  speedup is 7720.36
sending incremental file list
operations_commerciales/GMS/RECAP DEMANDE ET CONFIRMATIONS HEBDO 2014.xls
operations_commerciales/GMS/2014/A-CENTRALES/GMS AUCHAN 2014-FUTUR MASTER.xls
operations_commerciales/GMS/2014/A-CENTRALES/GMS CARREFOUR 2014-FUTUR MASTER.xls
operations_commerciales/GMS/2014/A-CENTRALES/GMS CARREFOUR MARKET 2014-FUTUR MASTER.xls
operations_commerciales/GMS/2014/A-CENTRALES/GMS CASINO 2014-FUTUR MASTER.xls
operations_commerciales/GMS/2014/A-CENTRALES/GMS GALEC 2014-FUTUR MASTER.xls
operations_commerciales/GMS/2014/A-CENTRALES/GMS INTERMARCHE 2014-FUTUR MASTER.xls
operations_commerciales/GMS/2014/A-CENTRALES/GMS PLACE DU MARCHE 2014-FUTUR MASTER.xls
operations_commerciales/GMS/2014/A-CENTRALES/GMS SIMPLY MARKET 2014-FUTUR MASTER.xls
operations_commerciales/GMS/2014/A-CENTRALES/GMS SYSTEME U 2014-FUTUR MASTER.xls
operations_commerciales/GMS/2014/B-CONFIRMATIONS OPERATIONS/PLACE DU MARCHE/2014 PLACE DU MARCHE MENUS.xls
operations_commerciales/GMS/2014/D-REGIONS/GMS CARREFOUR REGIONS 2014-FUTUR MASTER.xls
operations_commerciales/GMS/2014/D-REGIONS/GMS INTERMARCHE REGION 2014-FUTUR MASTER.xls

sent 339170 bytes  received 52933 bytes  87134.00 bytes/sec
total size is 56726198  speedup is 144.67
sending incremental file list

sent 20406 bytes  received 83 bytes  13659.33 bytes/sec
total size is 99360776  speedup is 4849.47
sending incremental file list

sent 6669 bytes  received 93 bytes  2704.80 bytes/sec
total size is 52693702  speedup is 7792.62
sending incremental file list

sent 9043 bytes  received 13 bytes  6037.33 bytes/sec
total size is 44437504  speedup is 4906.97
sending incremental file list

sent 5781 bytes  received 30 bytes  3874.00 bytes/sec
total size is 92829061  speedup is 15974.71
sending incremental file list

sent 63 bytes  received 12 bytes  50.00 bytes/sec
total size is 145690624  speedup is 1942541.65
sending incremental file list

sent 7593 bytes  received 45 bytes  5092.00 bytes/sec
total size is 9254930  speedup is 1211.70
sending incremental file list

sent 4308 bytes  received 24 bytes  2888.00 bytes/sec
total size is 6387982  speedup is 1474.60
sending incremental file list

sent 7905 bytes  received 20 bytes  5283.33 bytes/sec
total size is 16766350  speedup is 2115.63
sending incremental file list

sent 85 bytes  received 13 bytes  65.33 bytes/sec
total size is 104853504  speedup is 1069933.71
sending incremental file list
operations_commerciales/GMS/RECAP DEMANDE ET CONFIRMATIONS HEBDO 2014.xls
operations_commerciales/GMS/2014/A-CENTRALES/GMS AUCHAN 2014-FUTUR MASTER.xls
operations_commerciales/GMS/2014/A-CENTRALES/GMS CARREFOUR 2014-FUTUR MASTER.xls
operations_commerciales/GMS/2014/A-CENTRALES/GMS CARREFOUR MARKET 2014-FUTUR MASTER.xls
operations_commerciales/GMS/2014/A-CENTRALES/GMS CASINO 2014-FUTUR MASTER.xls
operations_commerciales/GMS/2014/A-CENTRALES/GMS GALEC 2014-FUTUR MASTER.xls
operations_commerciales/GMS/2014/A-CENTRALES/GMS INTERMARCHE 2014-FUTUR MASTER.xls
operations_commerciales/GMS/2014/A-CENTRALES/GMS PLACE DU MARCHE 2014-FUTUR MASTER.xls
operations_commerciales/GMS/2014/A-CENTRALES/GMS SIMPLY MARKET 2014-FUTUR MASTER.xls
operations_commerciales/GMS/2014/A-CENTRALES/GMS SYSTEME U 2014-FUTUR MASTER.xls
operations_commerciales/GMS/2014/B-CONFIRMATIONS OPERATIONS/PLACE DU MARCHE/2014 PLACE DU MARCHE MENUS.xls
operations_commerciales/GMS/2014/D-REGIONS/GMS CARREFOUR REGIONS 2014-FUTUR MASTER.xls
operations_commerciales/GMS/2014/D-REGIONS/GMS INTERMARCHE REGION 2014-FUTUR MASTER.xls

sent 339170 bytes  received 52933 bytes  112029.43 bytes/sec
total size is 56726198  speedup is 144.67
sending incremental file list
deleting mercuriales/gms/
mercuriales/MERCURIALES - AGIS/gms/2014/CENTRALES 2014/CASINO 2014.xls
mercuriales/MERCURIALES - AGIS/gms/2014/CENTRALES 2014/SIMPLY MARKET 2014.xls
deleting mercuriales/MERCURIALES - AGIS/gms/2014/CONTROLE TARIFS 2014/09-SEPTEMBRE/CASINO AU 01.09.14.pdf
mercuriales/MERCURIALES - AGIS/gms/2014/CONTROLE TARIFS 2014/09-SEPTEMBRE/2014 CASINO GRATINS.pdf
mercuriales/MERCURIALES - AGIS/gms/2014/CONTROLE TARIFS 2014/09-SEPTEMBRE/2014 CASINO HAUSSE CREVETTES.pdf
mercuriales/MERCURIALES - AGIS/gms/2014/CONTROLE TARIFS 2014/09-SEPTEMBRE/2014 SIMPLY MARKET GALETTES.pdf
mercuriales/MERCURIALES - AGIS/gms/2014/REGIONS  2014/GALEC REGION MERCU AOUT 2014.xls

sent 154174 bytes  received 16875 bytes  68419.60 bytes/sec
total size is 37321798  speedup is 218.19
sending incremental file list

sent 9043 bytes  received 13 bytes  6037.33 bytes/sec
total size is 44437504  speedup is 4906.97
sending incremental file list
deleting gestion_crise/Mise \#340 jour 2012/Dociments P\#364le traiteur/P.QT.001_Manuel de Gestion de Crise P\#364le Traiteur.DOC
deleting gestion_crise/Mise \#340 jour 2012/Dociments P\#364le traiteur/I.QT.008 - Membre des cellules de crise POLE TRAITEUR.xls
deleting gestion_crise/Mise \#340 jour 2012/Dociments P\#364le traiteur/I.QT.002-01 - Gestion des Alertes MP et EMB.doc
deleting gestion_crise/Mise \#340 jour 2012/Dociments P\#364le traiteur/I.QT.001 - EVALUATION DES RISQUES.doc
deleting gestion_crise/Mise \#340 jour 2012/Dociments P\#364le traiteur/E.QT.016-01 - Compte rendu Post crise.docx
deleting gestion_crise/Mise \#340 jour 2012/Dociments P\#364le traiteur/E.QT.015-01 _ FICHE APPEL JOURNALISTE.docx
deleting gestion_crise/Mise \#340 jour 2012/Dociments P\#364le traiteur/E.QT.013-01 - Message Clients Retrait Rappels.doc
deleting gestion_crise/Mise \#340 jour 2012/Dociments P\#364le traiteur/E.QT.010-01 - Journal de Bord.xls
deleting gestion_crise/Mise \#340 jour 2012/Dociments P\#364le traiteur/E.QT.001 - CR de situation et ETUDE D_IMPACT.doc
deleting gestion_crise/Mise \#340 jour 2012/Dociments P\#364le traiteur/Annexe 7_P.QT_001_03.pdf
deleting gestion_crise/Mise \#340 jour 2012/Dociments P\#364le traiteur/
deleting gestion_crise/Mise \#340 jour 2012/Contacts ext\#351rieurs site/contact officiel Herbignac.xls
deleting gestion_crise/Mise \#340 jour 2012/Contacts ext\#351rieurs site/Contacts ext\#351rieurs TARARE.doc
deleting gestion_crise/Mise \#340 jour 2012/Contacts ext\#351rieurs site/Contacts EXTERIEURS.AVIGNON.doc
deleting gestion_crise/Mise \#340 jour 2012/Contacts ext\#351rieurs site/
deleting gestion_crise/Mise \#340 jour 2012/Contacts clients/Syst\#351me U/Contrat d'appro.gestion de crise.pdf
deleting gestion_crise/Mise \#340 jour 2012/Contacts clients/Syst\#351me U/
deleting gestion_crise/Mise \#340 jour 2012/Contacts clients/Saprim ( casino)/retrait rappel fournisseur.pdf
deleting gestion_crise/Mise \#340 jour 2012/Contacts clients/Saprim ( casino)/
deleting gestion_crise/Mise \#340 jour 2012/Contacts clients/SIMPLY/Document crise Symply.tarare.pdf
deleting gestion_crise/Mise \#340 jour 2012/Contacts clients/SIMPLY/
deleting gestion_crise/Mise \#340 jour 2012/Contacts clients/ED/GESTION DE CRISE ED MAJ 04.07.11.doc
deleting gestion_crise/Mise \#340 jour 2012/Contacts clients/ED/
deleting gestion_crise/Mise \#340 jour 2012/Contacts clients/doc gestion de crise  TOU\#250PARGEL 2012.pdf
deleting gestion_crise/Mise \#340 jour 2012/Contacts clients/coordonn\#351es gestion de crise. PICARD 2012.pdf
deleting gestion_crise/Mise \#340 jour 2012/Contacts clients/coordonn\#351es gestion de crise ARGEL.pdf
deleting gestion_crise/Mise \#340 jour 2012/Contacts clients/contact gestion crise bofrost.pdf
deleting gestion_crise/Mise \#340 jour 2012/Contacts clients/Procedure alerte ITM compl\#351t\#351.pdf
deleting gestion_crise/Mise \#340 jour 2012/Contacts clients/INTERLOCUTEURS CRISE 2012 GMS .xls
deleting gestion_crise/Mise \#340 jour 2012/Contacts clients/Contacts crises 280212 FZC.xls
deleting gestion_crise/Mise \#340 jour 2012/Contacts clients/COURRIER GESTION CRISE SIMPLY 2012.doc
deleting gestion_crise/Mise \#340 jour 2012/Contacts clients/CONTACTS CLIENT GESTION DE CRISE 280212 MDD HD.xls
deleting gestion_crise/Mise \#340 jour 2012/Contacts clients/Annexe 1 Proc\#351dure dAlerte ITM .doc
deleting gestion_crise/Mise \#340 jour 2012/Contacts clients/
deleting gestion_crise/Mise \#340 jour 2012/QL321C blocage et retrait produit.pdf
deleting gestion_crise/Mise \#340 jour 2012/
gestion_crise/Document type n\#351cessaire pour retrait/E.QT.010-01 - Journal de Bord.xls
gestion_crise/archive contact/Mise \#340 jour 2012/
gestion_crise/archive contact/Mise \#340 jour 2012/QL321C blocage et retrait produit.pdf
gestion_crise/archive contact/Mise \#340 jour 2012/Contacts clients/
gestion_crise/archive contact/Mise \#340 jour 2012/Contacts clients/Annexe 1 Proc\#351dure dAlerte ITM .doc
gestion_crise/archive contact/Mise \#340 jour 2012/Contacts clients/CONTACTS CLIENT GESTION DE CRISE 280212 MDD HD.xls
gestion_crise/archive contact/Mise \#340 jour 2012/Contacts clients/COURRIER GESTION CRISE SIMPLY 2012.doc
gestion_crise/archive contact/Mise \#340 jour 2012/Contacts clients/Contacts crises 280212 FZC.xls
gestion_crise/archive contact/Mise \#340 jour 2012/Contacts clients/INTERLOCUTEURS CRISE 2012 GMS .xls
gestion_crise/archive contact/Mise \#340 jour 2012/Contacts clients/Procedure alerte ITM compl\#351t\#351.pdf
gestion_crise/archive contact/Mise \#340 jour 2012/Contacts clients/contact gestion crise bofrost.pdf
gestion_crise/archive contact/Mise \#340 jour 2012/Contacts clients/coordonn\#351es gestion de crise ARGEL.pdf
gestion_crise/archive contact/Mise \#340 jour 2012/Contacts clients/coordonn\#351es gestion de crise. PICARD 2012.pdf
gestion_crise/archive contact/Mise \#340 jour 2012/Contacts clients/doc gestion de crise  TOU\#250PARGEL 2012.pdf
gestion_crise/archive contact/Mise \#340 jour 2012/Contacts clients/ED/
gestion_crise/archive contact/Mise \#340 jour 2012/Contacts clients/ED/GESTION DE CRISE ED MAJ 04.07.11.doc
gestion_crise/archive contact/Mise \#340 jour 2012/Contacts clients/SIMPLY/
gestion_crise/archive contact/Mise \#340 jour 2012/Contacts clients/SIMPLY/Document crise Symply.tarare.pdf
gestion_crise/archive contact/Mise \#340 jour 2012/Contacts clients/Saprim ( casino)/
gestion_crise/archive contact/Mise \#340 jour 2012/Contacts clients/Saprim ( casino)/retrait rappel fournisseur.pdf
gestion_crise/archive contact/Mise \#340 jour 2012/Contacts clients/Syst\#351me U/
gestion_crise/archive contact/Mise \#340 jour 2012/Contacts clients/Syst\#351me U/Contrat d'appro.gestion de crise.pdf
gestion_crise/archive contact/Mise \#340 jour 2012/Contacts ext\#351rieurs site/
gestion_crise/archive contact/Mise \#340 jour 2012/Contacts ext\#351rieurs site/Contacts EXTERIEURS.AVIGNON.doc
gestion_crise/archive contact/Mise \#340 jour 2012/Contacts ext\#351rieurs site/Contacts ext\#351rieurs TARARE.doc
gestion_crise/archive contact/Mise \#340 jour 2012/Contacts ext\#351rieurs site/contact officiel Herbignac.xls
gestion_crise/archive contact/Mise \#340 jour 2012/Dociments P\#364le traiteur/
gestion_crise/archive contact/Mise \#340 jour 2012/Dociments P\#364le traiteur/Annexe 7_P.QT_001_03.pdf
gestion_crise/archive contact/Mise \#340 jour 2012/Dociments P\#364le traiteur/E.QT.001 - CR de situation et ETUDE D_IMPACT.doc
gestion_crise/archive contact/Mise \#340 jour 2012/Dociments P\#364le traiteur/E.QT.010-01 - Journal de Bord.xls
gestion_crise/archive contact/Mise \#340 jour 2012/Dociments P\#364le traiteur/E.QT.013-01 - Message Clients Retrait Rappels.doc
gestion_crise/archive contact/Mise \#340 jour 2012/Dociments P\#364le traiteur/E.QT.015-01 _ FICHE APPEL JOURNALISTE.docx
gestion_crise/archive contact/Mise \#340 jour 2012/Dociments P\#364le traiteur/E.QT.016-01 - Compte rendu Post crise.docx
gestion_crise/archive contact/Mise \#340 jour 2012/Dociments P\#364le traiteur/I.QT.001 - EVALUATION DES RISQUES.doc
gestion_crise/archive contact/Mise \#340 jour 2012/Dociments P\#364le traiteur/I.QT.002-01 - Gestion des Alertes MP et EMB.doc
gestion_crise/archive contact/Mise \#340 jour 2012/Dociments P\#364le traiteur/I.QT.008 - Membre des cellules de crise POLE TRAITEUR.xls
gestion_crise/archive contact/Mise \#340 jour 2012/Dociments P\#364le traiteur/P.QT.001_Manuel de Gestion de Crise P\#364le Traiteur.DOC

sent 2544631 bytes  received 624 bytes  188537.41 bytes/sec
total size is 13622581  speedup is 5.35
sending incremental file list

sent 5745 bytes  received 23 bytes  3845.33 bytes/sec
total size is 129159129  speedup is 22392.36
sending incremental file list

sent 5610 bytes  received 39 bytes  3766.00 bytes/sec
total size is 59049369  speedup is 10453.07
sending incremental file list

sent 52293 bytes  received 97 bytes  34926.67 bytes/sec
total size is 299707475  speedup is 5720.70
sending incremental file list

sent 20406 bytes  received 83 bytes  8195.60 bytes/sec
total size is 99360776  speedup is 4849.47
sending incremental file list

sent 6669 bytes  received 93 bytes  4508.00 bytes/sec
total size is 52693702  speedup is 7792.62
sending incremental file list

sent 7905 bytes  received 20 bytes  5283.33 bytes/sec
total size is 16766350  speedup is 2115.63
sending incremental file list

sent 7905 bytes  received 20 bytes  5283.33 bytes/sec
total size is 16766350  speedup is 2115.63
