Démarrage : mer jun 25 23:00:01 CEST 2014
Arrêt     : mer jun 25 23:00:55 CEST 2014



Base MySQL sélectionnée: agis
Nombre de serveur(s) Linux concerné(s): 4
Nombre de dossier(s) à mettre à jour: 29

sending incremental file list

sent 7070 bytes  received 49 bytes  2847.60 bytes/sec
total size is 12774593  speedup is 1794.44
sending incremental file list

sent 6279 bytes  received 38 bytes  4211.33 bytes/sec
total size is 12442583  speedup is 1969.70
sending incremental file list
erp_data.mdb

sent 65937 bytes  received 66685 bytes  29471.56 bytes/sec
total size is 90648576  speedup is 683.51
sending incremental file list

sent 7593 bytes  received 45 bytes  3055.20 bytes/sec
total size is 9254930  speedup is 1211.70
sending incremental file list

sent 7756 bytes  received 20 bytes  5184.00 bytes/sec
total size is 16755943  speedup is 2154.83
sending incremental file list

sent 4308 bytes  received 24 bytes  2888.00 bytes/sec
total size is 6387982  speedup is 1474.60
sending incremental file list
mercuriales/gms/2014/CENTRALES 2014/AUCHAN 2014.xls
mercuriales/gms/2014/CONTROLE TARIFS 2014/07-JUILLET/
mercuriales/gms/2014/CONTROLE TARIFS 2014/07-JUILLET/PDM PC FE AU 01-07-2014.pdf
mercuriales/mdd/2014/2014 MERCURIALE AUCHAN.xls
mercuriales/mdd/2014/2014 MERCURIALE CARREFOUR ASIATIQUE.xls
mercuriales/mdd/2014/2014 MERCURIALE CARREFOUR PLATS CUISINES.xls
mercuriales/mdd/2014/2014 MERCURIALE MONOPRIX .xls

sent 153119 bytes  received 12807 bytes  47407.43 bytes/sec
total size is 33011057  speedup is 198.95
sending incremental file list

sent 5047 bytes  received 27 bytes  3382.67 bytes/sec
total size is 39173092  speedup is 7720.36
sending incremental file list
operations_commerciales/GMS/RECAP DEMANDE ET CONFIRMATIONS HEBDO 2014.xls
operations_commerciales/GMS/2014/A-CENTRALES/GMS AUCHAN 2014-FUTUR MASTER.xls
operations_commerciales/GMS/2014/A-CENTRALES/GMS CASINO 2014-FUTUR MASTER.xls
operations_commerciales/GMS/2014/A-CENTRALES/GMS INTERMARCHE 2014-FUTUR MASTER.xls
deleting operations_commerciales/GMS/2014/B-CONFIRMATIONS OPERATIONS/AUCHAN/2014 AUCHAN OP SEPTEMBRE 2 ASIE.xls
operations_commerciales/GMS/2014/B-CONFIRMATIONS OPERATIONS/AUCHAN/2014 AUCHAN OP SEPTEMBRE 3 ASIE.xls
operations_commerciales/GMS/2014/B-CONFIRMATIONS OPERATIONS/CASINO PROXI/2014 PROXI IRTS 2 SEM 41 PAELLA COUSCOUS SEMOULE.xls
operations_commerciales/GMS/2014/B-CONFIRMATIONS OPERATIONS/INTERMARCHE/2014 INTERMARCHE ANNIVERSAIRE 4 PAELLA COUSCOUS NEM 30G.xls
operations_commerciales/MDD/MODELES CJ/AUCHAN ATAC SCHIEVER/CONF OP/2014/CONFIRMATION OPERATION SCHIEVER JUILLET 2.xls
operations_commerciales/MDD/MODELES CJ/CARREFOUR/CONF OP/CONFIRMATION OPERATION CRF MKT THEMATIQUE PETIT PRIX.xls
operations_commerciales/MDD/MODELES CJ/CARREFOUR/CONF OP/CONFIRMATION OPERATION CRF PLS NON FERME PROMO 35 .xls
operations_commerciales/MDD/OP MDD 2014/MDD CRF 2014.xls
operations_commerciales/MDD/OP MDD 2014/MDD CRF MKT 2014.xls
operations_commerciales/MDD/OP MDD 2014/MDD GROUPE AUCHAN 2014.xls
operations_commerciales/MDD/OP MDD 2014/MDD ITM 2014 .xls

sent 185428 bytes  received 19149 bytes  58450.57 bytes/sec
total size is 53384091  speedup is 260.95
sending incremental file list

sent 20347 bytes  received 83 bytes  13620.00 bytes/sec
total size is 99184091  speedup is 4854.83
sending incremental file list

sent 5243 bytes  received 87 bytes  2132.00 bytes/sec
total size is 38652384  speedup is 7251.85
sending incremental file list

sent 10004 bytes  received 13 bytes  6678.00 bytes/sec
total size is 48314368  speedup is 4823.24
sending incremental file list

sent 5781 bytes  received 30 bytes  3874.00 bytes/sec
total size is 93132165  speedup is 16026.87
sending incremental file list
erp_data.mdb

sent 65937 bytes  received 66685 bytes  29471.56 bytes/sec
total size is 90648576  speedup is 683.51
sending incremental file list

sent 7593 bytes  received 45 bytes  5092.00 bytes/sec
total size is 9254930  speedup is 1211.70
sending incremental file list

sent 4308 bytes  received 24 bytes  2888.00 bytes/sec
total size is 6387982  speedup is 1474.60
sending incremental file list

sent 7756 bytes  received 20 bytes  5184.00 bytes/sec
total size is 16755943  speedup is 2154.83
sending incremental file list

sent 85 bytes  received 13 bytes  65.33 bytes/sec
total size is 104853504  speedup is 1069933.71
sending incremental file list
operations_commerciales/GMS/RECAP DEMANDE ET CONFIRMATIONS HEBDO 2014.xls
operations_commerciales/GMS/2014/A-CENTRALES/GMS AUCHAN 2014-FUTUR MASTER.xls
operations_commerciales/GMS/2014/A-CENTRALES/GMS CASINO 2014-FUTUR MASTER.xls
operations_commerciales/GMS/2014/A-CENTRALES/GMS INTERMARCHE 2014-FUTUR MASTER.xls
deleting operations_commerciales/GMS/2014/B-CONFIRMATIONS OPERATIONS/AUCHAN/2014 AUCHAN OP SEPTEMBRE 2 ASIE.xls
operations_commerciales/GMS/2014/B-CONFIRMATIONS OPERATIONS/AUCHAN/2014 AUCHAN OP SEPTEMBRE 3 ASIE.xls
operations_commerciales/GMS/2014/B-CONFIRMATIONS OPERATIONS/CASINO PROXI/2014 PROXI IRTS 2 SEM 41 PAELLA COUSCOUS SEMOULE.xls
operations_commerciales/GMS/2014/B-CONFIRMATIONS OPERATIONS/INTERMARCHE/2014 INTERMARCHE ANNIVERSAIRE 4 PAELLA COUSCOUS NEM 30G.xls
operations_commerciales/MDD/MODELES CJ/AUCHAN ATAC SCHIEVER/CONF OP/2014/CONFIRMATION OPERATION SCHIEVER JUILLET 2.xls
operations_commerciales/MDD/MODELES CJ/CARREFOUR/CONF OP/CONFIRMATION OPERATION CRF MKT THEMATIQUE PETIT PRIX.xls
operations_commerciales/MDD/MODELES CJ/CARREFOUR/CONF OP/CONFIRMATION OPERATION CRF PLS NON FERME PROMO 35 .xls
operations_commerciales/MDD/OP MDD 2014/MDD CRF 2014.xls
operations_commerciales/MDD/OP MDD 2014/MDD CRF MKT 2014.xls
operations_commerciales/MDD/OP MDD 2014/MDD GROUPE AUCHAN 2014.xls
operations_commerciales/MDD/OP MDD 2014/MDD ITM 2014 .xls

sent 185428 bytes  received 19149 bytes  81830.80 bytes/sec
total size is 53384091  speedup is 260.95
sending incremental file list
mercuriales/gms/2014/CENTRALES 2014/AUCHAN 2014.xls
mercuriales/gms/2014/CONTROLE TARIFS 2014/07-JUILLET/
mercuriales/gms/2014/CONTROLE TARIFS 2014/07-JUILLET/PDM PC FE AU 01-07-2014.pdf
mercuriales/mdd/2014/2014 MERCURIALE AUCHAN.xls
mercuriales/mdd/2014/2014 MERCURIALE CARREFOUR ASIATIQUE.xls
mercuriales/mdd/2014/2014 MERCURIALE CARREFOUR PLATS CUISINES.xls
mercuriales/mdd/2014/2014 MERCURIALE MONOPRIX .xls

sent 153119 bytes  received 12807 bytes  66370.40 bytes/sec
total size is 33011057  speedup is 198.95
sending incremental file list

sent 10004 bytes  received 13 bytes  4006.80 bytes/sec
total size is 48314368  speedup is 4823.24
sending incremental file list

sent 7070 bytes  received 49 bytes  4746.00 bytes/sec
total size is 12774593  speedup is 1794.44
sending incremental file list

sent 5745 bytes  received 23 bytes  2307.20 bytes/sec
total size is 129159129  speedup is 22392.36
sending incremental file list

sent 5610 bytes  received 39 bytes  2259.60 bytes/sec
total size is 59049369  speedup is 10453.07
sending incremental file list

sent 51949 bytes  received 96 bytes  20818.00 bytes/sec
total size is 298268243  speedup is 5730.97
sending incremental file list

sent 20347 bytes  received 83 bytes  8172.00 bytes/sec
total size is 99184091  speedup is 4854.83
sending incremental file list

sent 5243 bytes  received 87 bytes  2132.00 bytes/sec
total size is 38652384  speedup is 7251.85
sending incremental file list

sent 7756 bytes  received 20 bytes  3110.40 bytes/sec
total size is 16755943  speedup is 2154.83
sending incremental file list

sent 7756 bytes  received 20 bytes  5184.00 bytes/sec
total size is 16755943  speedup is 2154.83
