Démarrage : ven aoû 29 23:00:01 CEST 2014
Arrêt     : ven aoû 29 23:02:31 CEST 2014



Base MySQL sélectionnée: agis
Nombre de serveur(s) Linux concerné(s): 4
Nombre de dossier(s) à mettre à jour: 29

sending incremental file list

sent 7305 bytes  received 49 bytes  4902.67 bytes/sec
total size is 13622581  speedup is 1852.40
sending incremental file list

sent 6675 bytes  received 40 bytes  4476.67 bytes/sec
total size is 12850647  speedup is 1913.72
sending incremental file list
erp_data.mdb

sent 8890366 bytes  received 102189 bytes  174612.72 bytes/sec
total size is 212826112  speedup is 23.67
sending incremental file list

sent 7593 bytes  received 45 bytes  5092.00 bytes/sec
total size is 9254930  speedup is 1211.70
sending incremental file list

sent 7938 bytes  received 20 bytes  5305.33 bytes/sec
total size is 16768700  speedup is 2107.15
sending incremental file list

sent 4308 bytes  received 24 bytes  2888.00 bytes/sec
total size is 6387982  speedup is 1474.60
sending incremental file list
mercuriales/MERCURIALES - AGIS/gms/2014/CENTRALES 2014/CASINO 2014.xls
mercuriales/MERCURIALES - AGIS/mdd/2014/2014 MERCURIALE CARREFOUR PLATS CUISINES.xls

sent 55186 bytes  received 9996 bytes  26072.80 bytes/sec
total size is 37744614  speedup is 579.06
sending incremental file list

sent 5047 bytes  received 27 bytes  3382.67 bytes/sec
total size is 39173092  speedup is 7720.36
sending incremental file list
operations_commerciales/DEMANDE ECHANTILLONS CL .xls
operations_commerciales/chrono demande echantillons.xls
operations_commerciales/GMS/2014/A-CENTRALES/GMS CARREFOUR 2014-FUTUR MASTER.xls
operations_commerciales/GMS/2014/A-CENTRALES/GMS CARREFOUR MARKET 2014-FUTUR MASTER.xls
operations_commerciales/GMS/2014/A-CENTRALES/GMS INTERMARCHE 2014-FUTUR MASTER.xls
operations_commerciales/GMS/2014/B-CONFIRMATIONS OPERATIONS/AUCHAN/2014 SCHIEVER.xls

sent 322231 bytes  received 20017 bytes  97785.14 bytes/sec
total size is 62224054  speedup is 181.81
sending incremental file list

sent 20406 bytes  received 83 bytes  13659.33 bytes/sec
total size is 99360776  speedup is 4849.47
sending incremental file list
gofast/sync.ffs_db
deleting gofast/CHANTIERS/6_LANCEMENT_PDTS_Emeline/5_STANDARDS/RECOS_exemples_reunion_280814/reco lancement galette RDP_280814.xls
deleting gofast/CHANTIERS/6_LANCEMENT_PDTS_Emeline/5_STANDARDS/RECOS_exemples_reunion_280814/reco de lancement Hacaos Picard_280814.xls
deleting gofast/CHANTIERS/6_LANCEMENT_PDTS_Emeline/5_STANDARDS/RECOS_exemples_reunion_280814/Reco lancement & bilans gamme th\#351matique 14_07_2014 V2.xls
deleting gofast/CHANTIERS/6_LANCEMENT_PDTS_Emeline/5_STANDARDS/RECOS_exemples_reunion_280814/Reco Lancement & Bilan Lancement pulpe.xls
deleting gofast/CHANTIERS/6_LANCEMENT_PDTS_Emeline/5_STANDARDS/RECOS_exemples_reunion_280814/
deleting gofast/CHANTIERS/6_LANCEMENT_PDTS_Emeline/5_STANDARDS/Reco_lancement_projet_190614.xls
deleting gofast/CHANTIERS/6_LANCEMENT_PDTS_Emeline/5_STANDARDS/Reco_Lct_Bilan_sensas_aperitives_GP_EE_MLF_090714.xls
deleting gofast/CHANTIERS/6_LANCEMENT_PDTS_Emeline/5_STANDARDS/Reco_Lct_Bilan_sensas_aperitives_CL_090714.xls
gofast/CHANTIERS/6_LANCEMENT_PDTS_Emeline/5_STANDARDS/RECO_lancement/
gofast/CHANTIERS/6_LANCEMENT_PDTS_Emeline/5_STANDARDS/RECO_lancement/Reco_Lct_Bilan_sensas_aperitives_CL_090714.xls
gofast/CHANTIERS/6_LANCEMENT_PDTS_Emeline/5_STANDARDS/RECO_lancement/Reco_Lct_Bilan_sensas_aperitives_GP_EE_MLF_090714.xls
gofast/CHANTIERS/6_LANCEMENT_PDTS_Emeline/5_STANDARDS/RECO_lancement/Reco_Lct_EXEMPLE_NOTICE_suite_reunion280814.xls
gofast/CHANTIERS/6_LANCEMENT_PDTS_Emeline/5_STANDARDS/RECO_lancement/Reco_lancement_projet_190614.xls
gofast/CHANTIERS/6_LANCEMENT_PDTS_Emeline/5_STANDARDS/RECO_lancement/RECOS_exemples_reunion_280814/
gofast/CHANTIERS/6_LANCEMENT_PDTS_Emeline/5_STANDARDS/RECO_lancement/RECOS_exemples_reunion_280814/Reco Lancement & Bilan Lancement pulpe.xls
gofast/CHANTIERS/6_LANCEMENT_PDTS_Emeline/5_STANDARDS/RECO_lancement/RECOS_exemples_reunion_280814/Reco lancement & bilans gamme th\#351matique 14_07_2014 V2.xls
gofast/CHANTIERS/6_LANCEMENT_PDTS_Emeline/5_STANDARDS/RECO_lancement/RECOS_exemples_reunion_280814/reco de lancement Hacaos Picard_280814.xls
gofast/CHANTIERS/6_LANCEMENT_PDTS_Emeline/5_STANDARDS/RECO_lancement/RECOS_exemples_reunion_280814/reco lancement galette RDP_280814.xls

sent 648713 bytes  received 309 bytes  118004.00 bytes/sec
total size is 54160765  speedup is 83.45
sending incremental file list

sent 10288 bytes  received 13 bytes  6867.33 bytes/sec
total size is 51878912  speedup is 5036.30
sending incremental file list

sent 5794 bytes  received 30 bytes  3882.67 bytes/sec
total size is 94942597  speedup is 16301.96
sending incremental file list
erp_data.mdb

sent 8890366 bytes  received 102189 bytes  185413.51 bytes/sec
total size is 212826112  speedup is 23.67
sending incremental file list

sent 7593 bytes  received 45 bytes  5092.00 bytes/sec
total size is 9254930  speedup is 1211.70
sending incremental file list

sent 4308 bytes  received 24 bytes  2888.00 bytes/sec
total size is 6387982  speedup is 1474.60
sending incremental file list

sent 7938 bytes  received 20 bytes  5305.33 bytes/sec
total size is 16768700  speedup is 2107.15
sending incremental file list

sent 85 bytes  received 13 bytes  65.33 bytes/sec
total size is 104853504  speedup is 1069933.71
sending incremental file list
operations_commerciales/DEMANDE ECHANTILLONS CL .xls
operations_commerciales/chrono demande echantillons.xls
operations_commerciales/GMS/2014/A-CENTRALES/GMS CARREFOUR 2014-FUTUR MASTER.xls
operations_commerciales/GMS/2014/A-CENTRALES/GMS CARREFOUR MARKET 2014-FUTUR MASTER.xls
operations_commerciales/GMS/2014/A-CENTRALES/GMS INTERMARCHE 2014-FUTUR MASTER.xls
operations_commerciales/GMS/2014/B-CONFIRMATIONS OPERATIONS/AUCHAN/2014 SCHIEVER.xls

sent 322231 bytes  received 20017 bytes  97785.14 bytes/sec
total size is 62224054  speedup is 181.81
sending incremental file list
mercuriales/MERCURIALES - AGIS/gms/2014/CENTRALES 2014/CASINO 2014.xls
mercuriales/MERCURIALES - AGIS/mdd/2014/2014 MERCURIALE CARREFOUR PLATS CUISINES.xls

sent 55186 bytes  received 9996 bytes  26072.80 bytes/sec
total size is 37744614  speedup is 579.06
sending incremental file list

sent 10288 bytes  received 13 bytes  6867.33 bytes/sec
total size is 51878912  speedup is 5036.30
sending incremental file list

sent 7305 bytes  received 49 bytes  4902.67 bytes/sec
total size is 13622581  speedup is 1852.40
sending incremental file list

sent 5745 bytes  received 23 bytes  3845.33 bytes/sec
total size is 129159129  speedup is 22392.36
sending incremental file list

sent 5610 bytes  received 39 bytes  3766.00 bytes/sec
total size is 59049369  speedup is 10453.07
sending incremental file list
codesoft/Codesoft 7/D\#351pannage/82314_verso.bak
codesoft/Codesoft 7/D\#351pannage/82314_verso.lab
codesoft/Codesoft 7/D\#351pannage/82314_verso_UBI.bak
codesoft/Codesoft 7/D\#351pannage/82314_verso_UBI.lab
codesoft/D\#351pannage/Nouveau dossier/

sent 706212 bytes  received 181 bytes  156976.22 bytes/sec
total size is 316197459  speedup is 447.62
sending incremental file list

sent 20406 bytes  received 83 bytes  8195.60 bytes/sec
total size is 99360776  speedup is 4849.47
sending incremental file list
gofast/sync.ffs_db
deleting gofast/CHANTIERS/6_LANCEMENT_PDTS_Emeline/5_STANDARDS/RECOS_exemples_reunion_280814/reco lancement galette RDP_280814.xls
deleting gofast/CHANTIERS/6_LANCEMENT_PDTS_Emeline/5_STANDARDS/RECOS_exemples_reunion_280814/reco de lancement Hacaos Picard_280814.xls
deleting gofast/CHANTIERS/6_LANCEMENT_PDTS_Emeline/5_STANDARDS/RECOS_exemples_reunion_280814/Reco lancement & bilans gamme th\#351matique 14_07_2014 V2.xls
deleting gofast/CHANTIERS/6_LANCEMENT_PDTS_Emeline/5_STANDARDS/RECOS_exemples_reunion_280814/Reco Lancement & Bilan Lancement pulpe.xls
deleting gofast/CHANTIERS/6_LANCEMENT_PDTS_Emeline/5_STANDARDS/RECOS_exemples_reunion_280814/
deleting gofast/CHANTIERS/6_LANCEMENT_PDTS_Emeline/5_STANDARDS/Reco_lancement_projet_190614.xls
deleting gofast/CHANTIERS/6_LANCEMENT_PDTS_Emeline/5_STANDARDS/Reco_Lct_Bilan_sensas_aperitives_GP_EE_MLF_090714.xls
deleting gofast/CHANTIERS/6_LANCEMENT_PDTS_Emeline/5_STANDARDS/Reco_Lct_Bilan_sensas_aperitives_CL_090714.xls
gofast/CHANTIERS/6_LANCEMENT_PDTS_Emeline/5_STANDARDS/RECO_lancement/
gofast/CHANTIERS/6_LANCEMENT_PDTS_Emeline/5_STANDARDS/RECO_lancement/Reco_Lct_Bilan_sensas_aperitives_CL_090714.xls
gofast/CHANTIERS/6_LANCEMENT_PDTS_Emeline/5_STANDARDS/RECO_lancement/Reco_Lct_Bilan_sensas_aperitives_GP_EE_MLF_090714.xls
gofast/CHANTIERS/6_LANCEMENT_PDTS_Emeline/5_STANDARDS/RECO_lancement/Reco_Lct_EXEMPLE_NOTICE_suite_reunion280814.xls
gofast/CHANTIERS/6_LANCEMENT_PDTS_Emeline/5_STANDARDS/RECO_lancement/Reco_lancement_projet_190614.xls
gofast/CHANTIERS/6_LANCEMENT_PDTS_Emeline/5_STANDARDS/RECO_lancement/RECOS_exemples_reunion_280814/
gofast/CHANTIERS/6_LANCEMENT_PDTS_Emeline/5_STANDARDS/RECO_lancement/RECOS_exemples_reunion_280814/Reco Lancement & Bilan Lancement pulpe.xls
gofast/CHANTIERS/6_LANCEMENT_PDTS_Emeline/5_STANDARDS/RECO_lancement/RECOS_exemples_reunion_280814/Reco lancement & bilans gamme th\#351matique 14_07_2014 V2.xls
gofast/CHANTIERS/6_LANCEMENT_PDTS_Emeline/5_STANDARDS/RECO_lancement/RECOS_exemples_reunion_280814/reco de lancement Hacaos Picard_280814.xls
gofast/CHANTIERS/6_LANCEMENT_PDTS_Emeline/5_STANDARDS/RECO_lancement/RECOS_exemples_reunion_280814/reco lancement galette RDP_280814.xls

sent 648713 bytes  received 309 bytes  99849.54 bytes/sec
total size is 54160765  speedup is 83.45
sending incremental file list

sent 7938 bytes  received 20 bytes  5305.33 bytes/sec
total size is 16768700  speedup is 2107.15
sending incremental file list

sent 7938 bytes  received 20 bytes  5305.33 bytes/sec
total size is 16768700  speedup is 2107.15
