Démarrage : mar déc 17 23:00:01 CET 2013
Arrêt     : mar déc 17 23:00:46 CET 2013



Base MySQL sélectionnée: agis
Nombre de serveur(s) Linux concerné(s): 4
Nombre de dossier(s) à mettre à jour: 24

sending incremental file list

sent 5598 bytes  received 45 bytes  3762.00 bytes/sec
total size is 9985067  speedup is 1769.46
sending incremental file list

sent 5788 bytes  received 34 bytes  3881.33 bytes/sec
total size is 11670607  speedup is 2004.57
sending incremental file list

sent 63 bytes  received 12 bytes  50.00 bytes/sec
total size is 81426432  speedup is 1085685.76
sending incremental file list

sent 7538 bytes  received 45 bytes  5055.33 bytes/sec
total size is 9253358  speedup is 1220.28
sending incremental file list

sent 7683 bytes  received 20 bytes  3081.20 bytes/sec
total size is 16751831  speedup is 2174.72
sending incremental file list

sent 4308 bytes  received 24 bytes  2888.00 bytes/sec
total size is 6387982  speedup is 1474.60
sending incremental file list
mercuriales/sync.ffs_db
mercuriales/FZC/FZC 2014/ARGEL 2014.xls
mercuriales/HD/2014/2014 MERCURIALE DIA.xls
mercuriales/gms/2013/REGION 2013/GALEC REGION MERCU OCT 2013.xls
mercuriales/gms/2014/CONTROLE TARIFS 2014/01-JANVIER/2014 CASINO CHIPS CREVETTES.pdf
mercuriales/gms/2014/REGIONS  2014/GALEC REGION MERCU JANVIER 2014.xls
mercuriales/mdd/2014/2014 MERCURIALE AUCHAN.xls
mercuriales/mdd/2014/2014 MERCURIALE MONOPRIX .xls

sent 73943 bytes  received 12824 bytes  24790.57 bytes/sec
total size is 48662832  speedup is 560.84
sending incremental file list

sent 5047 bytes  received 27 bytes  3382.67 bytes/sec
total size is 39173092  speedup is 7720.36
sending incremental file list
operations_commerciales/DEMANDE ECHANTILLONS CL .xls
operations_commerciales/chrono demande echantillons.xls
operations_commerciales/GMS/RECAP DEMANDE ET CONFIRMATIONS HEBDO.xls
operations_commerciales/GMS/2013/A-CENTRALES/GMS CARREFOUR MDD 2013-FUTUR MASTER.xls
operations_commerciales/GMS/2013/D-REGIONS/GMS LECLERC 2013-FUTUR MASTER.xls
operations_commerciales/GMS/2014/A-CENTRALES/GMS CARREFOUR MARKET 2014-FUTUR MASTER.xls
operations_commerciales/GMS/2014/A-CENTRALES/GMS CASINO 2014-FUTUR MASTER.xls
operations_commerciales/GMS/2014/A-CENTRALES/GMS INTERMARCHE 2014-FUTUR MASTER.xls
operations_commerciales/GMS/2014/B-CONFIRMATIONS OPERATIONS/INTERMARCHE/2014 INTERMARCHE AVRIL 1 OP 61030.xls
operations_commerciales/GMS/2014/D-REGIONS/GMS CARREFOUR REGIONS 2014-FUTUR MASTER.xls
operations_commerciales/GMS/2014/D-REGIONS/GMS LECLERC 2014-FUTUR MASTER.xls
operations_commerciales/GMS/2014/D-REGIONS/GMS SCHIEVER 2014-FUTUR MASTER.xls

sent 433033 bytes  received 36426 bytes  85356.18 bytes/sec
total size is 59676939  speedup is 127.12
sending incremental file list

sent 20908 bytes  received 88 bytes  8398.40 bytes/sec
total size is 99120505  speedup is 4720.92
sending incremental file list

sent 7332 bytes  received 13 bytes  4896.67 bytes/sec
total size is 32211968  speedup is 4385.56
sending incremental file list

sent 63 bytes  received 12 bytes  50.00 bytes/sec
total size is 81426432  speedup is 1085685.76
sending incremental file list

sent 7538 bytes  received 45 bytes  5055.33 bytes/sec
total size is 9253358  speedup is 1220.28
sending incremental file list

sent 4308 bytes  received 24 bytes  2888.00 bytes/sec
total size is 6387982  speedup is 1474.60
sending incremental file list

sent 7683 bytes  received 20 bytes  5135.33 bytes/sec
total size is 16751831  speedup is 2174.72
sending incremental file list

sent 85 bytes  received 13 bytes  196.00 bytes/sec
total size is 104853504  speedup is 1069933.71
sending incremental file list
operations_commerciales/DEMANDE ECHANTILLONS CL .xls
operations_commerciales/chrono demande echantillons.xls
operations_commerciales/GMS/RECAP DEMANDE ET CONFIRMATIONS HEBDO.xls
operations_commerciales/GMS/2013/A-CENTRALES/GMS CARREFOUR MDD 2013-FUTUR MASTER.xls
operations_commerciales/GMS/2013/D-REGIONS/GMS LECLERC 2013-FUTUR MASTER.xls
operations_commerciales/GMS/2014/A-CENTRALES/GMS CARREFOUR MARKET 2014-FUTUR MASTER.xls
operations_commerciales/GMS/2014/A-CENTRALES/GMS CASINO 2014-FUTUR MASTER.xls
operations_commerciales/GMS/2014/A-CENTRALES/GMS INTERMARCHE 2014-FUTUR MASTER.xls
operations_commerciales/GMS/2014/B-CONFIRMATIONS OPERATIONS/INTERMARCHE/2014 INTERMARCHE AVRIL 1 OP 61030.xls
operations_commerciales/GMS/2014/D-REGIONS/GMS CARREFOUR REGIONS 2014-FUTUR MASTER.xls
operations_commerciales/GMS/2014/D-REGIONS/GMS LECLERC 2014-FUTUR MASTER.xls
operations_commerciales/GMS/2014/D-REGIONS/GMS SCHIEVER 2014-FUTUR MASTER.xls

sent 433033 bytes  received 36426 bytes  134131.14 bytes/sec
total size is 59676939  speedup is 127.12
sending incremental file list
mercuriales/sync.ffs_db
mercuriales/FZC/FZC 2014/ARGEL 2014.xls
mercuriales/HD/2014/2014 MERCURIALE DIA.xls
mercuriales/gms/2013/REGION 2013/GALEC REGION MERCU OCT 2013.xls
mercuriales/gms/2014/CONTROLE TARIFS 2014/01-JANVIER/2014 CASINO CHIPS CREVETTES.pdf
mercuriales/gms/2014/REGIONS  2014/GALEC REGION MERCU JANVIER 2014.xls
mercuriales/mdd/2014/2014 MERCURIALE AUCHAN.xls
mercuriales/mdd/2014/2014 MERCURIALE MONOPRIX .xls

sent 73943 bytes  received 12824 bytes  57844.67 bytes/sec
total size is 48662832  speedup is 560.84
sending incremental file list

sent 7332 bytes  received 13 bytes  4896.67 bytes/sec
total size is 32211968  speedup is 4385.56
sending incremental file list

sent 5598 bytes  received 45 bytes  3762.00 bytes/sec
total size is 9985067  speedup is 1769.46
sending incremental file list

sent 5677 bytes  received 23 bytes  3800.00 bytes/sec
total size is 128675317  speedup is 22574.62
sending incremental file list

sent 5353 bytes  received 38 bytes  3594.00 bytes/sec
total size is 56169881  speedup is 10419.20
sending incremental file list
codesoft/Codesoft 7/Auchan  Atac/Atac_simply/simply_janv_14/plateau_degustation_verso.bak
codesoft/Codesoft 7/Auchan  Atac/Atac_simply/simply_janv_14/plateau_degustation_verso.lab
codesoft/Codesoft 7/Auchan  Atac/Atac_simply/simply_janv_14/ravioli_verso.bak
codesoft/Codesoft 7/Auchan  Atac/Atac_simply/simply_janv_14/ravioli_verso.lab
deleting codesoft/Codesoft 7/Auchan  Atac/Auchan/Auchan le traiteur/En attente 2014/79185_verso.lab
deleting codesoft/Codesoft 7/Auchan  Atac/Auchan/Auchan le traiteur/En attente 2014/79185_recto.lab
deleting codesoft/Codesoft 7/Auchan  Atac/Auchan/Auchan le traiteur/En attente 2014/79184_verso.lab
deleting codesoft/Codesoft 7/Auchan  Atac/Auchan/Auchan le traiteur/En attente 2014/79184_recto.lab
deleting codesoft/Codesoft 7/Auchan  Atac/Auchan/Auchan le traiteur/En attente 2014/79183_verso.lab
deleting codesoft/Codesoft 7/Auchan  Atac/Auchan/Auchan le traiteur/En attente 2014/79183_recto.lab
deleting codesoft/Codesoft 7/Auchan  Atac/Auchan/Auchan le traiteur/En attente 2014/79182_verso.lab
deleting codesoft/Codesoft 7/Auchan  Atac/Auchan/Auchan le traiteur/En attente 2014/79182_recto.lab
deleting codesoft/Codesoft 7/Auchan  Atac/Auchan/Auchan le traiteur/En attente 2014/79181_verso.lab
deleting codesoft/Codesoft 7/Auchan  Atac/Auchan/Auchan le traiteur/En attente 2014/79181_recto.lab
deleting codesoft/Codesoft 7/Auchan  Atac/Auchan/Auchan le traiteur/En attente 2014/79180_verso.lab
deleting codesoft/Codesoft 7/Auchan  Atac/Auchan/Auchan le traiteur/En attente 2014/79180_recto.lab
deleting codesoft/Codesoft 7/Auchan  Atac/Auchan/Auchan le traiteur/En attente 2014/79179_verso.lab
deleting codesoft/Codesoft 7/Auchan  Atac/Auchan/Auchan le traiteur/En attente 2014/79179_recto.lab
codesoft/Codesoft 7/Auchan  Atac/Auchan/Auchan le traiteur/En attente 2014/AVEC PRIX/
codesoft/Codesoft 7/Auchan  Atac/Auchan/Auchan le traiteur/En attente 2014/AVEC PRIX/79179_recto.bak
codesoft/Codesoft 7/Auchan  Atac/Auchan/Auchan le traiteur/En attente 2014/AVEC PRIX/79179_recto.lab
codesoft/Codesoft 7/Auchan  Atac/Auchan/Auchan le traiteur/En attente 2014/AVEC PRIX/79179_verso.lab
codesoft/Codesoft 7/Auchan  Atac/Auchan/Auchan le traiteur/En attente 2014/AVEC PRIX/79180_recto.bak
codesoft/Codesoft 7/Auchan  Atac/Auchan/Auchan le traiteur/En attente 2014/AVEC PRIX/79180_recto.lab
codesoft/Codesoft 7/Auchan  Atac/Auchan/Auchan le traiteur/En attente 2014/AVEC PRIX/79180_verso.lab
codesoft/Codesoft 7/Auchan  Atac/Auchan/Auchan le traiteur/En attente 2014/AVEC PRIX/79181_recto.bak
codesoft/Codesoft 7/Auchan  Atac/Auchan/Auchan le traiteur/En attente 2014/AVEC PRIX/79181_recto.lab
codesoft/Codesoft 7/Auchan  Atac/Auchan/Auchan le traiteur/En attente 2014/AVEC PRIX/79181_verso.lab
codesoft/Codesoft 7/Auchan  Atac/Auchan/Auchan le traiteur/En attente 2014/AVEC PRIX/79182_recto.bak
codesoft/Codesoft 7/Auchan  Atac/Auchan/Auchan le traiteur/En attente 2014/AVEC PRIX/79182_recto.lab
codesoft/Codesoft 7/Auchan  Atac/Auchan/Auchan le traiteur/En attente 2014/AVEC PRIX/79182_verso.lab
codesoft/Codesoft 7/Auchan  Atac/Auchan/Auchan le traiteur/En attente 2014/AVEC PRIX/79183_recto.bak
codesoft/Codesoft 7/Auchan  Atac/Auchan/Auchan le traiteur/En attente 2014/AVEC PRIX/79183_recto.lab
codesoft/Codesoft 7/Auchan  Atac/Auchan/Auchan le traiteur/En attente 2014/AVEC PRIX/79183_verso.lab
codesoft/Codesoft 7/Auchan  Atac/Auchan/Auchan le traiteur/En attente 2014/AVEC PRIX/79184_recto.bak
codesoft/Codesoft 7/Auchan  Atac/Auchan/Auchan le traiteur/En attente 2014/AVEC PRIX/79184_recto.lab
codesoft/Codesoft 7/Auchan  Atac/Auchan/Auchan le traiteur/En attente 2014/AVEC PRIX/79184_verso.lab
codesoft/Codesoft 7/Auchan  Atac/Auchan/Auchan le traiteur/En attente 2014/AVEC PRIX/79185_recto.bak
codesoft/Codesoft 7/Auchan  Atac/Auchan/Auchan le traiteur/En attente 2014/AVEC PRIX/79185_recto.lab
codesoft/Codesoft 7/Auchan  Atac/Auchan/Auchan le traiteur/En attente 2014/AVEC PRIX/79185_verso.lab
codesoft/Codesoft 7/Auchan  Atac/Auchan/Auchan le traiteur/En attente 2014/SANS PRIX/
codesoft/Codesoft 7/Auchan  Atac/Auchan/Auchan le traiteur/En attente 2014/SANS PRIX/79179_recto.bak
codesoft/Codesoft 7/Auchan  Atac/Auchan/Auchan le traiteur/En attente 2014/SANS PRIX/79179_recto.lab
codesoft/Codesoft 7/Auchan  Atac/Auchan/Auchan le traiteur/En attente 2014/SANS PRIX/79179_verso.lab
codesoft/Codesoft 7/Auchan  Atac/Auchan/Auchan le traiteur/En attente 2014/SANS PRIX/79180_recto.bak
codesoft/Codesoft 7/Auchan  Atac/Auchan/Auchan le traiteur/En attente 2014/SANS PRIX/79180_recto.lab
codesoft/Codesoft 7/Auchan  Atac/Auchan/Auchan le traiteur/En attente 2014/SANS PRIX/79180_verso.lab
codesoft/Codesoft 7/Auchan  Atac/Auchan/Auchan le traiteur/En attente 2014/SANS PRIX/79181_recto.bak
codesoft/Codesoft 7/Auchan  Atac/Auchan/Auchan le traiteur/En attente 2014/SANS PRIX/79181_recto.lab
codesoft/Codesoft 7/Auchan  Atac/Auchan/Auchan le traiteur/En attente 2014/SANS PRIX/79181_verso.lab
codesoft/Codesoft 7/Auchan  Atac/Auchan/Auchan le traiteur/En attente 2014/SANS PRIX/79182_recto.bak
codesoft/Codesoft 7/Auchan  Atac/Auchan/Auchan le traiteur/En attente 2014/SANS PRIX/79182_recto.lab
codesoft/Codesoft 7/Auchan  Atac/Auchan/Auchan le traiteur/En attente 2014/SANS PRIX/79182_verso.lab
codesoft/Codesoft 7/Auchan  Atac/Auchan/Auchan le traiteur/En attente 2014/SANS PRIX/79183_recto.bak
codesoft/Codesoft 7/Auchan  Atac/Auchan/Auchan le traiteur/En attente 2014/SANS PRIX/79183_recto.lab
codesoft/Codesoft 7/Auchan  Atac/Auchan/Auchan le traiteur/En attente 2014/SANS PRIX/79183_verso.lab
codesoft/Codesoft 7/Auchan  Atac/Auchan/Auchan le traiteur/En attente 2014/SANS PRIX/79184_recto.bak
codesoft/Codesoft 7/Auchan  Atac/Auchan/Auchan le traiteur/En attente 2014/SANS PRIX/79184_recto.lab
codesoft/Codesoft 7/Auchan  Atac/Auchan/Auchan le traiteur/En attente 2014/SANS PRIX/79184_verso.lab
codesoft/Codesoft 7/Auchan  Atac/Auchan/Auchan le traiteur/En attente 2014/SANS PRIX/79185_recto.bak
codesoft/Codesoft 7/Auchan  Atac/Auchan/Auchan le traiteur/En attente 2014/SANS PRIX/79185_recto.lab
codesoft/Codesoft 7/Auchan  Atac/Auchan/Auchan le traiteur/En attente 2014/SANS PRIX/79185_verso.lab
codesoft/Codesoft 7/EN_ATTENTE_nems_rang\#351s/43680_verso.bak
codesoft/Codesoft 7/EN_ATTENTE_nems_rang\#351s/43680_verso.lab

sent 411695 bytes  received 5755 bytes  119271.43 bytes/sec
total size is 282598995  speedup is 676.96
sending incremental file list
