Démarrage : ven jui 11 23:00:01 CEST 2014
Arrêt     : ven jui 11 23:02:08 CEST 2014



Base MySQL sélectionnée: agis
Nombre de serveur(s) Linux concerné(s): 4
Nombre de dossier(s) à mettre à jour: 29

sending incremental file list

sent 7280 bytes  received 49 bytes  4886.00 bytes/sec
total size is 13584181  speedup is 1853.48
sending incremental file list

sent 6283 bytes  received 38 bytes  2528.40 bytes/sec
total size is 12444119  speedup is 1968.69
sending incremental file list
erp_data.mdb

sent 8482941 bytes  received 66685 bytes  192126.43 bytes/sec
total size is 90648576  speedup is 10.60
sending incremental file list

sent 7593 bytes  received 45 bytes  5092.00 bytes/sec
total size is 9254930  speedup is 1211.70
sending incremental file list

sent 7814 bytes  received 20 bytes  5222.67 bytes/sec
total size is 16759466  speedup is 2139.32
sending incremental file list

sent 4308 bytes  received 24 bytes  2888.00 bytes/sec
total size is 6387982  speedup is 1474.60
sending incremental file list

sent 11213 bytes  received 80 bytes  7528.67 bytes/sec
total size is 35025962  speedup is 3101.56
sending incremental file list

sent 5047 bytes  received 27 bytes  3382.67 bytes/sec
total size is 39173092  speedup is 7720.36
sending incremental file list
operations_commerciales/GMS/2014/A-CENTRALES/GMS SIMPLY MARKET 2014-FUTUR MASTER.xls
operations_commerciales/MDD/OP MDD 2014/MDD GROUPE AUCHAN 2014.xls

sent 49501 bytes  received 5433 bytes  21973.60 bytes/sec
total size is 54176155  speedup is 986.20
sending incremental file list

sent 20406 bytes  received 83 bytes  13659.33 bytes/sec
total size is 99360776  speedup is 4849.47
sending incremental file list

sent 6276 bytes  received 92 bytes  4245.33 bytes/sec
total size is 52028826  speedup is 8170.36
sending incremental file list

sent 10143 bytes  received 13 bytes  6770.67 bytes/sec
total size is 48979968  speedup is 4822.76
sending incremental file list

sent 5781 bytes  received 30 bytes  3874.00 bytes/sec
total size is 92745093  speedup is 15960.26
sending incremental file list
erp_data.mdb

sent 8482941 bytes  received 66685 bytes  183862.92 bytes/sec
total size is 90648576  speedup is 10.60
sending incremental file list

sent 7593 bytes  received 45 bytes  5092.00 bytes/sec
total size is 9254930  speedup is 1211.70
sending incremental file list

sent 4308 bytes  received 24 bytes  8664.00 bytes/sec
total size is 6387982  speedup is 1474.60
sending incremental file list

sent 7814 bytes  received 20 bytes  5222.67 bytes/sec
total size is 16759466  speedup is 2139.32
sending incremental file list

sent 85 bytes  received 13 bytes  65.33 bytes/sec
total size is 104853504  speedup is 1069933.71
sending incremental file list
operations_commerciales/GMS/2014/A-CENTRALES/GMS SIMPLY MARKET 2014-FUTUR MASTER.xls
operations_commerciales/MDD/OP MDD 2014/MDD GROUPE AUCHAN 2014.xls

sent 49501 bytes  received 5433 bytes  36622.67 bytes/sec
total size is 54176155  speedup is 986.20
sending incremental file list

sent 11213 bytes  received 80 bytes  4517.20 bytes/sec
total size is 35025962  speedup is 3101.56
sending incremental file list

sent 10143 bytes  received 13 bytes  6770.67 bytes/sec
total size is 48979968  speedup is 4822.76
sending incremental file list

sent 7280 bytes  received 49 bytes  4886.00 bytes/sec
total size is 13584181  speedup is 1853.48
sending incremental file list

sent 5745 bytes  received 23 bytes  3845.33 bytes/sec
total size is 129159129  speedup is 22392.36
sending incremental file list

sent 5610 bytes  received 39 bytes  3766.00 bytes/sec
total size is 59049369  speedup is 10453.07
sending incremental file list

sent 52221 bytes  received 96 bytes  34878.00 bytes/sec
total size is 299490387  speedup is 5724.53
sending incremental file list

sent 20406 bytes  received 83 bytes  13659.33 bytes/sec
total size is 99360776  speedup is 4849.47
sending incremental file list

sent 6276 bytes  received 92 bytes  4245.33 bytes/sec
total size is 52028826  speedup is 8170.36
sending incremental file list

sent 7814 bytes  received 20 bytes  5222.67 bytes/sec
total size is 16759466  speedup is 2139.32
sending incremental file list

sent 7814 bytes  received 20 bytes  5222.67 bytes/sec
total size is 16759466  speedup is 2139.32
