Démarrage : ven déc 13 23:00:02 CET 2013
Arrêt     : ven déc 13 23:00:43 CET 2013



Base MySQL sélectionnée: agis
Nombre de serveur(s) Linux concerné(s): 4
Nombre de dossier(s) à mettre à jour: 24

sending incremental file list

sent 5598 bytes  received 45 bytes  2257.20 bytes/sec
total size is 9985067  speedup is 1769.46
sending incremental file list
suivi_investissement/2013-2014/Pr\#351pa budget invest r\#351vis\#351 2013-2014/Bud invest AVI r\#351vis\#351 2013-2014.xls

sent 11843 bytes  received 521 bytes  8242.67 bytes/sec
total size is 11670607  speedup is 943.92
sending incremental file list

sent 63 bytes  received 12 bytes  50.00 bytes/sec
total size is 81426432  speedup is 1085685.76
sending incremental file list

sent 7538 bytes  received 45 bytes  5055.33 bytes/sec
total size is 9253358  speedup is 1220.28
sending incremental file list

sent 7683 bytes  received 20 bytes  5135.33 bytes/sec
total size is 16751831  speedup is 2174.72
sending incremental file list

sent 4308 bytes  received 24 bytes  2888.00 bytes/sec
total size is 6387982  speedup is 1474.60
sending incremental file list
mercuriales/FZC/FZC 2014/ARGEL 2014.xls
mercuriales/FZC/FZC 2014/TOUPARGEL 2014.xls
mercuriales/gms/2013/CENTRALES 2013/AUCHAN 2013.xls
mercuriales/gms/2013/CENTRALES 2013/CASINO 2013.xls
mercuriales/gms/2013/CENTRALES 2013/SIMPLY MARKET 2013.xls
mercuriales/gms/2014/CENTRALES 2014/CASINO 2014.xls
mercuriales/gms/2014/CENTRALES 2014/INTERMARCHE 2014.xls
mercuriales/gms/2014/CENTRALES 2014/SIMPLY MARKET 2014.xls
mercuriales/gms/2014/CENTRALES 2014/SYSTEME U 2014.xls
mercuriales/gms/2014/REGIONS  2014/GALEC REGION MERCU JANVIER 2014.xls
mercuriales/gms/2014/REGIONS  2014/SCHIEVER MERCU JANVIER 2014.xls
mercuriales/gms/2014/REGIONS  2014/SU R\#351gion JANVIER 2014.xls
mercuriales/mdd/2014/2014 MERCURIALE AUCHAN.xls
mercuriales/mdd/2014/2014 MERCURIALE INTERMARCHE.xls

sent 256364 bytes  received 50558 bytes  87692.00 bytes/sec
total size is 48593305  speedup is 158.32
sending incremental file list

sent 5047 bytes  received 27 bytes  3382.67 bytes/sec
total size is 39173092  speedup is 7720.36
sending incremental file list
operations_commerciales/chrono demande echantillons.xls
operations_commerciales/FZC/CONFIRMATIONS/2014/THIRIET/THIRIET_MARS 2014.xls
operations_commerciales/FZC/OP FZC 2014/FZC ARGEL 2014.xls
operations_commerciales/FZC/OP FZC 2014/FZC THIRIET 2014.xls
operations_commerciales/FZC/OP FZC 2014/FZC TOUPARGEL 2014.xls
operations_commerciales/GMS/RECAP DEMANDE ET CONFIRMATIONS HEBDO.xls
operations_commerciales/GMS/2014/A-CENTRALES/GMS AUCHAN 2014-FUTUR MASTER.xls
operations_commerciales/GMS/2014/A-CENTRALES/GMS CASINO 2014-FUTUR MASTER.xls
operations_commerciales/GMS/2014/A-CENTRALES/GMS SIMPLY MARKET 2014-FUTUR MASTER.xls
operations_commerciales/GMS/2014/A-CENTRALES/GMS SYSTEME U 2014-FUTUR MASTER.xls
operations_commerciales/GMS/2014/B-CONFIRMATIONS OPERATIONS/CASINO HM/2014 HM GROS VOLUMES CHANDELEUR NAA HYPER.xls
operations_commerciales/GMS/2014/B-CONFIRMATIONS OPERATIONS/CASINO SM/2014 SM RI+GRATUIT NAC GROS VOLUMES SUPER.xls
operations_commerciales/GMS/2014/B-CONFIRMATIONS OPERATIONS/SYSTEME U/2014 SYSTEME U TRAFIC NAA JANVIER.xls
operations_commerciales/GMS/2014/D-REGIONS/GMS SCHIEVER 2014-FUTUR MASTER.xls
operations_commerciales/GMS/2014/D-REGIONS/GMS SU REGION  2014-FUTUR MASTER.xls
operations_commerciales/MDD/OP MDD 2014/MDD CORA 2014.xls
operations_commerciales/MDD/OP MDD 2014/MDD GROUPE AUCHAN 2014.xls
operations_commerciales/MDD/OP MDD 2014/MDD LE MUTANT 2014.xls

sent 392158 bytes  received 30012 bytes  120620.00 bytes/sec
total size is 58818315  speedup is 139.32
sending incremental file list

sent 20908 bytes  received 88 bytes  8398.40 bytes/sec
total size is 99120505  speedup is 4720.92
sending incremental file list

sent 7332 bytes  received 13 bytes  4896.67 bytes/sec
total size is 32211968  speedup is 4385.56
sending incremental file list

sent 63 bytes  received 12 bytes  50.00 bytes/sec
total size is 81426432  speedup is 1085685.76
sending incremental file list

sent 7538 bytes  received 45 bytes  5055.33 bytes/sec
total size is 9253358  speedup is 1220.28
sending incremental file list

sent 4308 bytes  received 24 bytes  2888.00 bytes/sec
total size is 6387982  speedup is 1474.60
sending incremental file list

sent 7683 bytes  received 20 bytes  5135.33 bytes/sec
total size is 16751831  speedup is 2174.72
sending incremental file list

sent 85 bytes  received 13 bytes  65.33 bytes/sec
total size is 104853504  speedup is 1069933.71
sending incremental file list
operations_commerciales/chrono demande echantillons.xls
operations_commerciales/FZC/CONFIRMATIONS/2014/THIRIET/THIRIET_MARS 2014.xls
operations_commerciales/FZC/OP FZC 2014/FZC ARGEL 2014.xls
operations_commerciales/FZC/OP FZC 2014/FZC THIRIET 2014.xls
operations_commerciales/FZC/OP FZC 2014/FZC TOUPARGEL 2014.xls
operations_commerciales/GMS/RECAP DEMANDE ET CONFIRMATIONS HEBDO.xls
operations_commerciales/GMS/2014/A-CENTRALES/GMS AUCHAN 2014-FUTUR MASTER.xls
operations_commerciales/GMS/2014/A-CENTRALES/GMS CASINO 2014-FUTUR MASTER.xls
operations_commerciales/GMS/2014/A-CENTRALES/GMS SIMPLY MARKET 2014-FUTUR MASTER.xls
operations_commerciales/GMS/2014/A-CENTRALES/GMS SYSTEME U 2014-FUTUR MASTER.xls
operations_commerciales/GMS/2014/B-CONFIRMATIONS OPERATIONS/CASINO HM/2014 HM GROS VOLUMES CHANDELEUR NAA HYPER.xls
operations_commerciales/GMS/2014/B-CONFIRMATIONS OPERATIONS/CASINO SM/2014 SM RI+GRATUIT NAC GROS VOLUMES SUPER.xls
operations_commerciales/GMS/2014/B-CONFIRMATIONS OPERATIONS/SYSTEME U/2014 SYSTEME U TRAFIC NAA JANVIER.xls
operations_commerciales/GMS/2014/D-REGIONS/GMS SCHIEVER 2014-FUTUR MASTER.xls
operations_commerciales/GMS/2014/D-REGIONS/GMS SU REGION  2014-FUTUR MASTER.xls
operations_commerciales/MDD/OP MDD 2014/MDD CORA 2014.xls
operations_commerciales/MDD/OP MDD 2014/MDD GROUPE AUCHAN 2014.xls
operations_commerciales/MDD/OP MDD 2014/MDD LE MUTANT 2014.xls

sent 392158 bytes  received 30012 bytes  120620.00 bytes/sec
total size is 58818315  speedup is 139.32
sending incremental file list
mercuriales/FZC/FZC 2014/ARGEL 2014.xls
mercuriales/FZC/FZC 2014/TOUPARGEL 2014.xls
mercuriales/gms/2013/CENTRALES 2013/AUCHAN 2013.xls
mercuriales/gms/2013/CENTRALES 2013/CASINO 2013.xls
mercuriales/gms/2013/CENTRALES 2013/SIMPLY MARKET 2013.xls
mercuriales/gms/2014/CENTRALES 2014/CASINO 2014.xls
mercuriales/gms/2014/CENTRALES 2014/INTERMARCHE 2014.xls
mercuriales/gms/2014/CENTRALES 2014/SIMPLY MARKET 2014.xls
mercuriales/gms/2014/CENTRALES 2014/SYSTEME U 2014.xls
mercuriales/gms/2014/REGIONS  2014/GALEC REGION MERCU JANVIER 2014.xls
mercuriales/gms/2014/REGIONS  2014/SCHIEVER MERCU JANVIER 2014.xls
mercuriales/gms/2014/REGIONS  2014/SU R\#351gion JANVIER 2014.xls
mercuriales/mdd/2014/2014 MERCURIALE AUCHAN.xls
mercuriales/mdd/2014/2014 MERCURIALE INTERMARCHE.xls

sent 256364 bytes  received 50558 bytes  122768.80 bytes/sec
total size is 48593305  speedup is 158.32
sending incremental file list

sent 7332 bytes  received 13 bytes  4896.67 bytes/sec
total size is 32211968  speedup is 4385.56
sending incremental file list

sent 5598 bytes  received 45 bytes  3762.00 bytes/sec
total size is 9985067  speedup is 1769.46
sending incremental file list

sent 5677 bytes  received 23 bytes  3800.00 bytes/sec
total size is 128675317  speedup is 22574.62
sending incremental file list

sent 5353 bytes  received 38 bytes  3594.00 bytes/sec
total size is 56169881  speedup is 10419.20
sending incremental file list

sent 47569 bytes  received 91 bytes  31773.33 bytes/sec
total size is 279142483  speedup is 5856.96
sending incremental file list
