


Base MySQL sélectionnée: agis
Nombre de serveur(s) Linux concerné(s): 4
Nombre de dossier(s) à mettre à jour: 29

sending incremental file list

sent 7305 bytes  received 49 bytes  4902.67 bytes/sec
total size is 13622581  speedup is 1852.40
sending incremental file list

sent 6675 bytes  received 40 bytes  4476.67 bytes/sec
total size is 12851671  speedup is 1913.88
sending incremental file list

sent 63 bytes  received 12 bytes  50.00 bytes/sec
total size is 212826112  speedup is 2837681.49
sending incremental file list

sent 7593 bytes  received 45 bytes  5092.00 bytes/sec
total size is 9254930  speedup is 1211.70
sending incremental file list

sent 7938 bytes  received 20 bytes  5305.33 bytes/sec
total size is 16768700  speedup is 2107.15
sending incremental file list

sent 4308 bytes  received 24 bytes  2888.00 bytes/sec
total size is 6387982  speedup is 1474.60
sending incremental file list
mercuriales/sync.ffs_db

sent 18032 bytes  received 191 bytes  7289.20 bytes/sec
total size is 38567433  speedup is 2116.42
sending incremental file list

sent 5047 bytes  received 27 bytes  3382.67 bytes/sec
total size is 39173092  speedup is 7720.36
sending incremental file list

sent 44523 bytes  received 143 bytes  29777.33 bytes/sec
total size is 62176138  speedup is 1392.02
sending incremental file list

sent 20586 bytes  received 84 bytes  13780.00 bytes/sec
total size is 99898922  speedup is 4833.04
sending incremental file list

sent 7243 bytes  received 96 bytes  4892.67 bytes/sec
total size is 54177661  speedup is 7382.16
sending incremental file list

sent 10456 bytes  received 13 bytes  6979.33 bytes/sec
total size is 52194304  speedup is 4985.61
sending incremental file list

sent 5794 bytes  received 30 bytes  3882.67 bytes/sec
total size is 94942597  speedup is 16301.96
sending incremental file list

sent 63 bytes  received 12 bytes  50.00 bytes/sec
total size is 212826112  speedup is 2837681.49
sending incremental file list

sent 7593 bytes  received 45 bytes  5092.00 bytes/sec
total size is 9254930  speedup is 1211.70
sending incremental file list

sent 4308 bytes  received 24 bytes  2888.00 bytes/sec
total size is 6387982  speedup is 1474.60
sending incremental file list

sent 7938 bytes  received 20 bytes  3183.20 bytes/sec
total size is 16768700  speedup is 2107.15
sending incremental file list

sent 85 bytes  received 13 bytes  196.00 bytes/sec
total size is 104853504  speedup is 1069933.71
sending incremental file list

sent 44523 bytes  received 143 bytes  29777.33 bytes/sec
total size is 62176138  speedup is 1392.02
sending incremental file list
mercuriales/sync.ffs_db

sent 18032 bytes  received 191 bytes  12148.67 bytes/sec
total size is 38567433  speedup is 2116.42
sending incremental file list

sent 10456 bytes  received 13 bytes  6979.33 bytes/sec
total size is 52194304  speedup is 4985.61
sending incremental file list

sent 7305 bytes  received 49 bytes  14708.00 bytes/sec
total size is 13622581  speedup is 1852.40
sending incremental file list

sent 5745 bytes  received 23 bytes  3845.33 bytes/sec
total size is 129159129  speedup is 22392.36
sending incremental file list

sent 5610 bytes  received 39 bytes  3766.00 bytes/sec
total size is 59049369  speedup is 10453.07
sending incremental file list

sent 52408 bytes  received 98 bytes  35004.00 bytes/sec
total size is 316197459  speedup is 6022.12
sending incremental file list

sent 20586 bytes  received 84 bytes  13780.00 bytes/sec
total size is 99898922  speedup is 4833.04
sending incremental file list

sent 7243 bytes  received 96 bytes  4892.67 bytes/sec
total size is 54177661  speedup is 7382.16
sending incremental file list

sent 7938 bytes  received 20 bytes  3183.20 bytes/sec
total size is 16768700  speedup is 2107.15
sending incremental file list

sent 7938 bytes  received 20 bytes  5305.33 bytes/sec
total size is 16768700  speedup is 2107.15
