Démarrage : mer jui  9 23:00:01 CEST 2014
Arrêt     : mer jui  9 23:00:56 CEST 2014



Base MySQL sélectionnée: agis
Nombre de serveur(s) Linux concerné(s): 4
Nombre de dossier(s) à mettre à jour: 29

sending incremental file list

sent 7280 bytes  received 49 bytes  4886.00 bytes/sec
total size is 13584181  speedup is 1853.48
sending incremental file list

sent 6283 bytes  received 38 bytes  4214.00 bytes/sec
total size is 12444119  speedup is 1968.69
sending incremental file list

sent 63 bytes  received 12 bytes  50.00 bytes/sec
total size is 90648576  speedup is 1208647.68
sending incremental file list

sent 7593 bytes  received 45 bytes  5092.00 bytes/sec
total size is 9254930  speedup is 1211.70
sending incremental file list
batch/DTL043001.vnc
batch/tid043008.vnc
batch/tid043008.vnc~

sent 9535 bytes  received 77 bytes  6408.00 bytes/sec
total size is 16759466  speedup is 1743.60
sending incremental file list

sent 4308 bytes  received 24 bytes  8664.00 bytes/sec
total size is 6387982  speedup is 1474.60
sending incremental file list
mercuriales/MERCURIALES - AGIS/FZC/FZC 2014/ARGEL 2014.xls
mercuriales/MERCURIALES - AGIS/HD/2014/2014 MERCURIALE DIA.xls
mercuriales/MERCURIALES - AGIS/HD/2014/2014 MERCURIALE NORMA.xls

sent 25195 bytes  received 1948 bytes  18095.33 bytes/sec
total size is 34801025  speedup is 1282.14
sending incremental file list

sent 5047 bytes  received 27 bytes  3382.67 bytes/sec
total size is 39173092  speedup is 7720.36
sending incremental file list
operations_commerciales/FZC/CONFIRMATIONS/2014/ARGEL/ARGEL_CONFIRMATION CATALOGUE 12 2014.xls
operations_commerciales/GMS/RECAP DEMANDE ET CONFIRMATIONS HEBDO 2014.xls
operations_commerciales/GMS/2014/A-CENTRALES/GMS CARREFOUR MARKET 2014-FUTUR MASTER.xls
operations_commerciales/GMS/2014/B-CONFIRMATIONS OPERATIONS/CARREFOUR MARKET/2014 CARREFOUR MARKET TRAFIC 39 PC.xls
operations_commerciales/GMS/2014/B-CONFIRMATIONS OPERATIONS/CARREFOUR MARKET/2014 CARREFOUR MARKET TRAFIC 40 CREPES ROULEES.xls
operations_commerciales/GMS/2014/B-CONFIRMATIONS OPERATIONS/CASINO HM/2014 HM-SM FESTIFS COUPE.xls
operations_commerciales/GMS/2014/B-CONFIRMATIONS OPERATIONS/GALEC/2014 GALEC OP DEPENSER MOINS 10.xls
operations_commerciales/GMS/2014/B-CONFIRMATIONS OPERATIONS/SYSTEME U/2014 SYSTEME U FESTIFS.xls

sent 91325 bytes  received 8267 bytes  39836.80 bytes/sec
total size is 54148507  speedup is 543.70
sending incremental file list

sent 20347 bytes  received 83 bytes  13620.00 bytes/sec
total size is 99184091  speedup is 4854.83
sending incremental file list
gofast/sync.ffs_db
gofast/CHANTIERS/6_LANCEMENT_PDTS_Emeline/4_GEMBA/PICARD/
gofast/CHANTIERS/6_LANCEMENT_PDTS_Emeline/4_GEMBA/PICARD/DIRTP00-RetroplanningAgis_Picard_VM_090714.xls
deleting gofast/CHANTIERS/6_LANCEMENT_PDTS_Emeline/5_STANDARDS/Reco_Lct_Bilan_sensas_aperitives_GP_EE_MLF_080914.xls
gofast/CHANTIERS/6_LANCEMENT_PDTS_Emeline/5_STANDARDS/Reco_Lct_Bilan_sensas_aperitives_CL_090714.xls
gofast/CHANTIERS/6_LANCEMENT_PDTS_Emeline/5_STANDARDS/Reco_Lct_Bilan_sensas_aperitives_GP_EE_MLF_090714.xls
gofast/CHANTIERS/6_LANCEMENT_PDTS_Emeline/6_BILAN/Fiche_Am\#260_Av-Ap_LCT_PDT_250614.xls
gofast/CHANTIERS/6_LANCEMENT_PDTS_Emeline/6_BILAN/Fiche_Am\#260_Av-Ap_LCT_PDT_CPf_090714.xls

sent 859205 bytes  received 239 bytes  132222.15 bytes/sec
total size is 52028745  speedup is 60.54
sending incremental file list
modeles/inco_compo_verso-75x110-sato-N.lab

sent 28695 bytes  received 34 bytes  19152.67 bytes/sec
total size is 48464896  speedup is 1686.97
sending incremental file list

sent 5781 bytes  received 30 bytes  3874.00 bytes/sec
total size is 93132165  speedup is 16026.87
sending incremental file list

sent 63 bytes  received 12 bytes  50.00 bytes/sec
total size is 90648576  speedup is 1208647.68
sending incremental file list

sent 7593 bytes  received 45 bytes  5092.00 bytes/sec
total size is 9254930  speedup is 1211.70
sending incremental file list

sent 4308 bytes  received 24 bytes  8664.00 bytes/sec
total size is 6387982  speedup is 1474.60
sending incremental file list
batch/DTL043001.vnc
batch/tid043008.vnc
batch/tid043008.vnc~

sent 9535 bytes  received 77 bytes  6408.00 bytes/sec
total size is 16759466  speedup is 1743.60
sending incremental file list

sent 85 bytes  received 13 bytes  65.33 bytes/sec
total size is 104853504  speedup is 1069933.71
sending incremental file list
operations_commerciales/FZC/CONFIRMATIONS/2014/ARGEL/ARGEL_CONFIRMATION CATALOGUE 12 2014.xls
operations_commerciales/GMS/RECAP DEMANDE ET CONFIRMATIONS HEBDO 2014.xls
operations_commerciales/GMS/2014/A-CENTRALES/GMS CARREFOUR MARKET 2014-FUTUR MASTER.xls
operations_commerciales/GMS/2014/B-CONFIRMATIONS OPERATIONS/CARREFOUR MARKET/2014 CARREFOUR MARKET TRAFIC 39 PC.xls
operations_commerciales/GMS/2014/B-CONFIRMATIONS OPERATIONS/CARREFOUR MARKET/2014 CARREFOUR MARKET TRAFIC 40 CREPES ROULEES.xls
operations_commerciales/GMS/2014/B-CONFIRMATIONS OPERATIONS/CASINO HM/2014 HM-SM FESTIFS COUPE.xls
operations_commerciales/GMS/2014/B-CONFIRMATIONS OPERATIONS/GALEC/2014 GALEC OP DEPENSER MOINS 10.xls
operations_commerciales/GMS/2014/B-CONFIRMATIONS OPERATIONS/SYSTEME U/2014 SYSTEME U FESTIFS.xls

sent 91325 bytes  received 8267 bytes  18107.64 bytes/sec
total size is 54148507  speedup is 543.70
sending incremental file list
mercuriales/MERCURIALES - AGIS/FZC/FZC 2014/ARGEL 2014.xls
mercuriales/MERCURIALES - AGIS/HD/2014/2014 MERCURIALE DIA.xls
mercuriales/MERCURIALES - AGIS/HD/2014/2014 MERCURIALE NORMA.xls

sent 25195 bytes  received 1948 bytes  10857.20 bytes/sec
total size is 34801025  speedup is 1282.14
sending incremental file list
modeles/inco_compo_verso-75x110-sato-N.lab

sent 28695 bytes  received 34 bytes  11491.60 bytes/sec
total size is 48464896  speedup is 1686.97
sending incremental file list

sent 7280 bytes  received 49 bytes  2931.60 bytes/sec
total size is 13584181  speedup is 1853.48
sending incremental file list

sent 5745 bytes  received 23 bytes  3845.33 bytes/sec
total size is 129159129  speedup is 22392.36
sending incremental file list

sent 5610 bytes  received 39 bytes  3766.00 bytes/sec
total size is 59049369  speedup is 10453.07
sending incremental file list

sent 52221 bytes  received 96 bytes  20926.80 bytes/sec
total size is 299490387  speedup is 5724.53
sending incremental file list

sent 20347 bytes  received 83 bytes  8172.00 bytes/sec
total size is 99184091  speedup is 4854.83
sending incremental file list
gofast/sync.ffs_db
gofast/CHANTIERS/6_LANCEMENT_PDTS_Emeline/4_GEMBA/PICARD/
gofast/CHANTIERS/6_LANCEMENT_PDTS_Emeline/4_GEMBA/PICARD/DIRTP00-RetroplanningAgis_Picard_VM_090714.xls
deleting gofast/CHANTIERS/6_LANCEMENT_PDTS_Emeline/5_STANDARDS/Reco_Lct_Bilan_sensas_aperitives_GP_EE_MLF_080914.xls
gofast/CHANTIERS/6_LANCEMENT_PDTS_Emeline/5_STANDARDS/Reco_Lct_Bilan_sensas_aperitives_CL_090714.xls
gofast/CHANTIERS/6_LANCEMENT_PDTS_Emeline/5_STANDARDS/Reco_Lct_Bilan_sensas_aperitives_GP_EE_MLF_090714.xls
gofast/CHANTIERS/6_LANCEMENT_PDTS_Emeline/6_BILAN/Fiche_Am\#260_Av-Ap_LCT_PDT_250614.xls
gofast/CHANTIERS/6_LANCEMENT_PDTS_Emeline/6_BILAN/Fiche_Am\#260_Av-Ap_LCT_PDT_CPf_090714.xls

sent 859205 bytes  received 239 bytes  132222.15 bytes/sec
total size is 52028745  speedup is 60.54
sending incremental file list
batch/DTL043001.vnc
batch/tid043008.vnc
batch/tid043008.vnc~

sent 9535 bytes  received 77 bytes  6408.00 bytes/sec
total size is 16759466  speedup is 1743.60
sending incremental file list

sent 7814 bytes  received 20 bytes  5222.67 bytes/sec
total size is 16759466  speedup is 2139.32
