Démarrage : ven avr 25 23:00:01 CEST 2014
Arrêt     : ven avr 25 23:03:26 CEST 2014



Base MySQL sélectionnée: agis
Nombre de serveur(s) Linux concerné(s): 4
Nombre de dossier(s) à mettre à jour: 27

sending incremental file list

sent 7051 bytes  received 49 bytes  2840.00 bytes/sec
total size is 12693370  speedup is 1787.80
sending incremental file list

sent 6274 bytes  received 38 bytes  4208.00 bytes/sec
total size is 12421591  speedup is 1967.93
sending incremental file list
erp_data.mdb

sent 14888305 bytes  received 64291 bytes  188082.97 bytes/sec
total size is 88092672  speedup is 5.89
sending incremental file list

sent 7538 bytes  received 45 bytes  5055.33 bytes/sec
total size is 9253358  speedup is 1220.28
sending incremental file list

sent 7695 bytes  received 20 bytes  5143.33 bytes/sec
total size is 16751789  speedup is 2171.33
sending incremental file list

sent 4308 bytes  received 24 bytes  2888.00 bytes/sec
total size is 6387982  speedup is 1474.60
sending incremental file list
mercuriales/mdd/2014/2014 MERCURIALE SCAMARK.xls

sent 12753 bytes  received 514 bytes  5306.80 bytes/sec
total size is 31147736  speedup is 2347.76
sending incremental file list

sent 5047 bytes  received 27 bytes  3382.67 bytes/sec
total size is 39173092  speedup is 7720.36
sending incremental file list
operations_commerciales/DEMANDE ECHANTILLONS CL .xls
operations_commerciales/chrono demande echantillons.xls
operations_commerciales/GMS/2014/A-CENTRALES/GMS CASINO 2014-FUTUR MASTER.xls
operations_commerciales/GMS/2014/D-REGIONS/GMS LECLERC 2014-FUTUR MASTER.xls
operations_commerciales/MDD/MODELES CJ/AUCHAN ATAC SCHIEVER/DDE ECHANTILLONS/2014/DEMANDE ECHANTILLONS AUCHAN GRAPHEMES 261.xls

sent 329621 bytes  received 15459 bytes  98594.29 bytes/sec
total size is 49854875  speedup is 144.47
sending incremental file list

sent 20135 bytes  received 80 bytes  13476.67 bytes/sec
total size is 98915848  speedup is 4893.19
sending incremental file list
gofast/sync.ffs_db
gofast/CHANTIERS/6_LANCEMENT_PDTS_Emeline/Chantier lancement produit n\#2601 23.04.14.ppt
gofast/CHANTIERS/6_LANCEMENT_PDTS_Emeline/6_BILAN/Fiche_Am\#260_Av-Ap_LCT_PDT_230414.xls

sent 963749 bytes  received 148 bytes  148291.85 bytes/sec
total size is 22273333  speedup is 23.11
sending incremental file list

sent 9238 bytes  received 13 bytes  6167.33 bytes/sec
total size is 43986432  speedup is 4754.78
sending incremental file list

sent 5781 bytes  received 30 bytes  3874.00 bytes/sec
total size is 93132165  speedup is 16026.87
sending incremental file list
erp_data.mdb

sent 14888305 bytes  received 64291 bytes  190478.93 bytes/sec
total size is 88092672  speedup is 5.89
sending incremental file list

sent 7538 bytes  received 45 bytes  5055.33 bytes/sec
total size is 9253358  speedup is 1220.28
sending incremental file list

sent 4308 bytes  received 24 bytes  2888.00 bytes/sec
total size is 6387982  speedup is 1474.60
sending incremental file list

sent 7695 bytes  received 20 bytes  5143.33 bytes/sec
total size is 16751789  speedup is 2171.33
sending incremental file list

sent 85 bytes  received 13 bytes  196.00 bytes/sec
total size is 104853504  speedup is 1069933.71
sending incremental file list
operations_commerciales/DEMANDE ECHANTILLONS CL .xls
operations_commerciales/chrono demande echantillons.xls
operations_commerciales/GMS/2014/A-CENTRALES/GMS CASINO 2014-FUTUR MASTER.xls
operations_commerciales/GMS/2014/D-REGIONS/GMS LECLERC 2014-FUTUR MASTER.xls
operations_commerciales/MDD/MODELES CJ/AUCHAN ATAC SCHIEVER/DDE ECHANTILLONS/2014/DEMANDE ECHANTILLONS AUCHAN GRAPHEMES 261.xls

sent 329621 bytes  received 15459 bytes  138032.00 bytes/sec
total size is 49854875  speedup is 144.47
sending incremental file list
mercuriales/mdd/2014/2014 MERCURIALE SCAMARK.xls

sent 12753 bytes  received 514 bytes  8844.67 bytes/sec
total size is 31147736  speedup is 2347.76
sending incremental file list

sent 9238 bytes  received 13 bytes  6167.33 bytes/sec
total size is 43986432  speedup is 4754.78
sending incremental file list

sent 7051 bytes  received 49 bytes  4733.33 bytes/sec
total size is 12693370  speedup is 1787.80
sending incremental file list

sent 5732 bytes  received 23 bytes  3836.67 bytes/sec
total size is 129183193  speedup is 22447.12
sending incremental file list

sent 5610 bytes  received 39 bytes  3766.00 bytes/sec
total size is 59049369  speedup is 10453.07
sending incremental file list

sent 51070 bytes  received 95 bytes  34110.00 bytes/sec
total size is 293952595  speedup is 5745.19
sending incremental file list

sent 20135 bytes  received 80 bytes  13476.67 bytes/sec
total size is 98915848  speedup is 4893.19
sending incremental file list
gofast/sync.ffs_db
gofast/CHANTIERS/6_LANCEMENT_PDTS_Emeline/Chantier lancement produit n\#2601 23.04.14.ppt
gofast/CHANTIERS/6_LANCEMENT_PDTS_Emeline/6_BILAN/Fiche_Am\#260_Av-Ap_LCT_PDT_230414.xls

sent 963749 bytes  received 148 bytes  148291.85 bytes/sec
total size is 22273333  speedup is 23.11
