Démarrage : mer nov 13 23:00:01 CET 2013
Arrêt     : mer nov 13 23:00:44 CET 2013



Base MySQL sélectionnée: agis
Nombre de serveur(s) Linux concerné(s): 4
Nombre de dossier(s) à mettre à jour: 24

sending incremental file list

sent 5598 bytes  received 45 bytes  2257.20 bytes/sec
total size is 9985067  speedup is 1769.46
sending incremental file list

sent 5753 bytes  received 34 bytes  3858.00 bytes/sec
total size is 11615823  speedup is 2007.23
sending incremental file list

sent 63 bytes  received 12 bytes  50.00 bytes/sec
total size is 78852096  speedup is 1051361.28
sending incremental file list

sent 7538 bytes  received 45 bytes  15166.00 bytes/sec
total size is 9253358  speedup is 1220.28
sending incremental file list
batch/robox-divergeur.vnc

sent 8199 bytes  received 39 bytes  5492.00 bytes/sec
total size is 16751831  speedup is 2033.48
sending incremental file list

sent 4308 bytes  received 24 bytes  2888.00 bytes/sec
total size is 6387982  speedup is 1474.60
sending incremental file list
mercuriales/sync.ffs_db
mercuriales/HD/2014/2014  MERCURIALE ALDI.xls
mercuriales/HD/2014/2014 MERCURIALE DIA.xls
mercuriales/HD/2014/2014 MERCURIALE LE MUTANT.xls
mercuriales/HD/2014/2014 MERCURIALE NETTO.xls
mercuriales/HD/2014/2014 MERCURIALE NORMA.xls
mercuriales/gms/2013/CENTRALES 2013/CASINO 2013.xls
mercuriales/gms/2013/CENTRALES 2013/SIMPLY MARKET 2013.xls
mercuriales/gms/2014/CENTRALES 2014/AUCHAN 2014.xls
mercuriales/gms/2014/CENTRALES 2014/SIMPLY MARKET 2014.xls
mercuriales/mdd/2013/2013 MERCURIALE CASINO.xls
mercuriales/mdd/2013/2013 MERCURIALE EXPORT.xls
mercuriales/mdd/2013/2013 MERCURIALE GROUPE AUCHAN.xls
mercuriales/mdd/2013/2013 MERCURIALE SCAMARK.xls
mercuriales/mdd/2013/2013 MERCURIALE SYSTEME U.xls
mercuriales/mdd/2014/2014 MERCURIALE AUCHAN.xls
mercuriales/mdd/2014/2014 MERCURIALE CARREFOUR ASIATIQUE.xls
mercuriales/mdd/2014/2014 MERCURIALE CARREFOUR PLATS CUISINES.xls
mercuriales/mdd/2014/2014 MERCURIALE CASINO.xls
mercuriales/mdd/2014/2014 MERCURIALE EXPORT.xls
mercuriales/mdd/2014/2014 MERCURIALE INTERMARCHE.xls
mercuriales/mdd/2014/2014 MERCURIALE PROVERA.xls
mercuriales/mdd/2014/2014 MERCURIALE SCAMARK.xls
mercuriales/mdd/2014/2014 MERCURIALE SYSTEME U.xls

sent 274518 bytes  received 27245 bytes  86218.00 bytes/sec
total size is 42959986  speedup is 142.36
sending incremental file list

sent 5047 bytes  received 27 bytes  3382.67 bytes/sec
total size is 39173092  speedup is 7720.36
sending incremental file list
operations_commerciales/DEMANDE ECHANTILLONS CL .xls
operations_commerciales/chrono demande echantillons.xls
operations_commerciales/sync.ffs_db
operations_commerciales/GMS/2013/A-CENTRALES/GMS CARREFOUR MN ASIE 2013-FUTUR MASTER.xls
operations_commerciales/GMS/2013/A-CENTRALES/GMS INTERMARCHE 2013-FUTUR MASTER.xls
operations_commerciales/GMS/2014/A-CENTRALES/GMS AUCHAN 2014-FUTUR MASTER.xls
operations_commerciales/GMS/2014/A-CENTRALES/GMS CASINO 2014-FUTUR MASTER.xls
operations_commerciales/GMS/2014/B-CONFIRMATIONS OPERATIONS/AUCHAN/2014 AUCHAN OP JANVIER 1 PAELLA.xls
operations_commerciales/GMS/2014/B-CONFIRMATIONS OPERATIONS/AUCHAN/2014 AUCHAN OP JANVIER 2 PIZZAS.xls
operations_commerciales/GMS/2014/B-CONFIRMATIONS OPERATIONS/AUCHAN/2014 AUCHAN OP JANVIER 3 GAMME PC FE.xls
operations_commerciales/GMS/2014/B-CONFIRMATIONS OPERATIONS/AUCHAN/2014 AUCHAN OP JANVIER 4 NAA.xls
operations_commerciales/GMS/2014/B-CONFIRMATIONS OPERATIONS/CARREFOUR MARKET/2014 CARREFOUR MARKET NAA.xls
operations_commerciales/GMS/2014/B-CONFIRMATIONS OPERATIONS/CARREFOUR/2014 CARREFOUR NAA.xls
operations_commerciales/GMS/2014/B-CONFIRMATIONS OPERATIONS/CASINO HM/2014 HM GROS VOLUMES CHANDELEUR NAA HYPER.xls
operations_commerciales/GMS/2014/B-CONFIRMATIONS OPERATIONS/CASINO HM/2014 HM PRIX CHOC S4 PAELLA 2.4KG.xls
operations_commerciales/GMS/2014/B-CONFIRMATIONS OPERATIONS/CASINO PROXI/2014 PROXI ANNIVERSAIRE S9 COUSCOUS.xls
operations_commerciales/GMS/2014/B-CONFIRMATIONS OPERATIONS/CASINO SM/2014 SM DONNE C DONNE S7 TARTIFLETTE PAELLA.xls
operations_commerciales/GMS/2014/B-CONFIRMATIONS OPERATIONS/CASINO SM/2014 SM RI+GRATUIT NAC GROS VOLUMES SUPER.xls
operations_commerciales/GMS/2014/B-CONFIRMATIONS OPERATIONS/CASINO SM/2014 SM SAGA 1 + MECA PRO + ANNIV MDD S9 TARTIFLETTE.xls
operations_commerciales/GMS/2014/B-CONFIRMATIONS OPERATIONS/GALEC/2014 GALEC OP DEPENSER MOINS 2.xls
operations_commerciales/GMS/2014/B-CONFIRMATIONS OPERATIONS/INTERMARCHE/2014 INTERMARCHE FEVRIER 1 OP 61009 CREPES.xls
operations_commerciales/GMS/2014/B-CONFIRMATIONS OPERATIONS/INTERMARCHE/2014 INTERMARCHE FEVRIER 1 OP 61009.xls
operations_commerciales/GMS/2014/B-CONFIRMATIONS OPERATIONS/INTERMARCHE/2014 INTERMARCHE JANVIER 1 OP 61000.xls
operations_commerciales/GMS/2014/B-CONFIRMATIONS OPERATIONS/SYSTEME U/2014 SYSTEME U FIDELISATION JANVIER PAUPIETTES LANGUE.xls
operations_commerciales/GMS/2014/B-CONFIRMATIONS OPERATIONS/SYSTEME U/2014 SYSTEME U TRAFIC NAA JANVIER.xls
operations_commerciales/MDD/MODELES VB/DEM ECHANTILLONS/2013/Chrono 577 CASINO.XLS

sent 313121 bytes  received 29607 bytes  76161.78 bytes/sec
total size is 54350302  speedup is 158.58
sending incremental file list

sent 18506 bytes  received 80 bytes  12390.67 bytes/sec
total size is 41728031  speedup is 2245.13
sending incremental file list
modeles/carton_ean_128_mini-v2013.bak
modeles/carton_ean_128_mini-v2013.lab
modeles/carton_ean_128_mini-v2013_180.bak
modeles/carton_ean_128_mini-v2013_180.lab
modeles/coupelle_compo.lab
modeles/coupelle_compo_180.lab
modeles/coupelle_compo_preimp_180.bak
modeles/coupelle_compo_preimp_180.lab

sent 121116 bytes  received 3111 bytes  49690.80 bytes/sec
total size is 31546368  speedup is 253.94
sending incremental file list

sent 63 bytes  received 12 bytes  50.00 bytes/sec
total size is 78852096  speedup is 1051361.28
sending incremental file list

sent 7538 bytes  received 45 bytes  5055.33 bytes/sec
total size is 9253358  speedup is 1220.28
sending incremental file list

sent 4308 bytes  received 24 bytes  2888.00 bytes/sec
total size is 6387982  speedup is 1474.60
sending incremental file list
batch/robox-divergeur.vnc

sent 8199 bytes  received 39 bytes  5492.00 bytes/sec
total size is 16751831  speedup is 2033.48
sending incremental file list

sent 85 bytes  received 13 bytes  65.33 bytes/sec
total size is 104853504  speedup is 1069933.71
sending incremental file list
operations_commerciales/DEMANDE ECHANTILLONS CL .xls
operations_commerciales/chrono demande echantillons.xls
operations_commerciales/sync.ffs_db
operations_commerciales/GMS/2013/A-CENTRALES/GMS CARREFOUR MN ASIE 2013-FUTUR MASTER.xls
operations_commerciales/GMS/2013/A-CENTRALES/GMS INTERMARCHE 2013-FUTUR MASTER.xls
operations_commerciales/GMS/2014/A-CENTRALES/GMS AUCHAN 2014-FUTUR MASTER.xls
operations_commerciales/GMS/2014/A-CENTRALES/GMS CASINO 2014-FUTUR MASTER.xls
operations_commerciales/GMS/2014/B-CONFIRMATIONS OPERATIONS/AUCHAN/2014 AUCHAN OP JANVIER 1 PAELLA.xls
operations_commerciales/GMS/2014/B-CONFIRMATIONS OPERATIONS/AUCHAN/2014 AUCHAN OP JANVIER 2 PIZZAS.xls
operations_commerciales/GMS/2014/B-CONFIRMATIONS OPERATIONS/AUCHAN/2014 AUCHAN OP JANVIER 3 GAMME PC FE.xls
operations_commerciales/GMS/2014/B-CONFIRMATIONS OPERATIONS/AUCHAN/2014 AUCHAN OP JANVIER 4 NAA.xls
operations_commerciales/GMS/2014/B-CONFIRMATIONS OPERATIONS/CARREFOUR MARKET/2014 CARREFOUR MARKET NAA.xls
operations_commerciales/GMS/2014/B-CONFIRMATIONS OPERATIONS/CARREFOUR/2014 CARREFOUR NAA.xls
operations_commerciales/GMS/2014/B-CONFIRMATIONS OPERATIONS/CASINO HM/2014 HM GROS VOLUMES CHANDELEUR NAA HYPER.xls
operations_commerciales/GMS/2014/B-CONFIRMATIONS OPERATIONS/CASINO HM/2014 HM PRIX CHOC S4 PAELLA 2.4KG.xls
operations_commerciales/GMS/2014/B-CONFIRMATIONS OPERATIONS/CASINO PROXI/2014 PROXI ANNIVERSAIRE S9 COUSCOUS.xls
operations_commerciales/GMS/2014/B-CONFIRMATIONS OPERATIONS/CASINO SM/2014 SM DONNE C DONNE S7 TARTIFLETTE PAELLA.xls
operations_commerciales/GMS/2014/B-CONFIRMATIONS OPERATIONS/CASINO SM/2014 SM RI+GRATUIT NAC GROS VOLUMES SUPER.xls
operations_commerciales/GMS/2014/B-CONFIRMATIONS OPERATIONS/CASINO SM/2014 SM SAGA 1 + MECA PRO + ANNIV MDD S9 TARTIFLETTE.xls
operations_commerciales/GMS/2014/B-CONFIRMATIONS OPERATIONS/GALEC/2014 GALEC OP DEPENSER MOINS 2.xls
operations_commerciales/GMS/2014/B-CONFIRMATIONS OPERATIONS/INTERMARCHE/2014 INTERMARCHE FEVRIER 1 OP 61009 CREPES.xls
operations_commerciales/GMS/2014/B-CONFIRMATIONS OPERATIONS/INTERMARCHE/2014 INTERMARCHE FEVRIER 1 OP 61009.xls
operations_commerciales/GMS/2014/B-CONFIRMATIONS OPERATIONS/INTERMARCHE/2014 INTERMARCHE JANVIER 1 OP 61000.xls
operations_commerciales/GMS/2014/B-CONFIRMATIONS OPERATIONS/SYSTEME U/2014 SYSTEME U FIDELISATION JANVIER PAUPIETTES LANGUE.xls
operations_commerciales/GMS/2014/B-CONFIRMATIONS OPERATIONS/SYSTEME U/2014 SYSTEME U TRAFIC NAA JANVIER.xls
operations_commerciales/MDD/MODELES VB/DEM ECHANTILLONS/2013/Chrono 577 CASINO.XLS

sent 313121 bytes  received 29607 bytes  97922.29 bytes/sec
total size is 54350302  speedup is 158.58
sending incremental file list
mercuriales/sync.ffs_db
mercuriales/HD/2014/2014  MERCURIALE ALDI.xls
mercuriales/HD/2014/2014 MERCURIALE DIA.xls
mercuriales/HD/2014/2014 MERCURIALE LE MUTANT.xls
mercuriales/HD/2014/2014 MERCURIALE NETTO.xls
mercuriales/HD/2014/2014 MERCURIALE NORMA.xls
mercuriales/gms/2013/CENTRALES 2013/CASINO 2013.xls
mercuriales/gms/2013/CENTRALES 2013/SIMPLY MARKET 2013.xls
mercuriales/gms/2014/CENTRALES 2014/AUCHAN 2014.xls
mercuriales/gms/2014/CENTRALES 2014/SIMPLY MARKET 2014.xls
mercuriales/mdd/2013/2013 MERCURIALE CASINO.xls
mercuriales/mdd/2013/2013 MERCURIALE EXPORT.xls
mercuriales/mdd/2013/2013 MERCURIALE GROUPE AUCHAN.xls
mercuriales/mdd/2013/2013 MERCURIALE SCAMARK.xls
mercuriales/mdd/2013/2013 MERCURIALE SYSTEME U.xls
mercuriales/mdd/2014/2014 MERCURIALE AUCHAN.xls
mercuriales/mdd/2014/2014 MERCURIALE CARREFOUR ASIATIQUE.xls
mercuriales/mdd/2014/2014 MERCURIALE CARREFOUR PLATS CUISINES.xls
mercuriales/mdd/2014/2014 MERCURIALE CASINO.xls
mercuriales/mdd/2014/2014 MERCURIALE EXPORT.xls
mercuriales/mdd/2014/2014 MERCURIALE INTERMARCHE.xls
mercuriales/mdd/2014/2014 MERCURIALE PROVERA.xls
mercuriales/mdd/2014/2014 MERCURIALE SCAMARK.xls
mercuriales/mdd/2014/2014 MERCURIALE SYSTEME U.xls

sent 274518 bytes  received 27245 bytes  86218.00 bytes/sec
total size is 42959986  speedup is 142.36
sending incremental file list
modeles/carton_ean_128_mini-v2013.bak
modeles/carton_ean_128_mini-v2013.lab
modeles/carton_ean_128_mini-v2013_180.bak
modeles/carton_ean_128_mini-v2013_180.lab
modeles/coupelle_compo.lab
modeles/coupelle_compo_180.lab
modeles/coupelle_compo_preimp_180.bak
modeles/coupelle_compo_preimp_180.lab

sent 121116 bytes  received 3111 bytes  49690.80 bytes/sec
total size is 31546368  speedup is 253.94
sending incremental file list

sent 5598 bytes  received 45 bytes  11286.00 bytes/sec
total size is 9985067  speedup is 1769.46
sending incremental file list

sent 5677 bytes  received 23 bytes  3800.00 bytes/sec
total size is 128675317  speedup is 22574.62
sending incremental file list

sent 4707 bytes  received 36 bytes  3162.00 bytes/sec
total size is 46318934  speedup is 9765.75
sending incremental file list
codesoft/Codesoft 7/Auchan  Atac/Auchan/Auchan le traiteur/En attente 2014/
codesoft/Codesoft 7/Auchan  Atac/Auchan/Auchan le traiteur/En attente 2014/acras_20g_x_9_recto.lab
codesoft/Codesoft 7/Auchan  Atac/Auchan/Auchan le traiteur/En attente 2014/acras_20g_x_9_verso.bak
codesoft/Codesoft 7/Auchan  Atac/Auchan/Auchan le traiteur/En attente 2014/acras_20g_x_9_verso.lab
codesoft/Codesoft 7/Auchan  Atac/Auchan/Auchan le traiteur/En attente 2014/bcrev_20g_x_6_recto.bak
codesoft/Codesoft 7/Auchan  Atac/Auchan/Auchan le traiteur/En attente 2014/bcrev_20g_x_6_recto.lab
codesoft/Codesoft 7/Auchan  Atac/Auchan/Auchan le traiteur/En attente 2014/bcrev_20g_x_6_verso.bak
codesoft/Codesoft 7/Auchan  Atac/Auchan/Auchan le traiteur/En attente 2014/bcrev_20g_x_6_verso.lab
codesoft/Codesoft 7/Auchan  Atac/Auchan/Auchan le traiteur/En attente 2014/rav_boeuf_25g_x_6_recto.lab
codesoft/Codesoft 7/Auchan  Atac/Auchan/Auchan le traiteur/En attente 2014/rav_boeuf_25g_x_6_verso.bak
codesoft/Codesoft 7/Auchan  Atac/Auchan/Auchan le traiteur/En attente 2014/rav_boeuf_25g_x_6_verso.lab
codesoft/Codesoft 7/Auchan  Atac/Auchan/Auchan le traiteur/En attente 2014/rav_crev_25g_x_6_recto.bak
codesoft/Codesoft 7/Auchan  Atac/Auchan/Auchan le traiteur/En attente 2014/rav_crev_25g_x_6_recto.lab
codesoft/Codesoft 7/Auchan  Atac/Auchan/Auchan le traiteur/En attente 2014/rav_crev_25g_x_6_verso.bak
codesoft/Codesoft 7/Auchan  Atac/Auchan/Auchan le traiteur/En attente 2014/rav_crev_25g_x_6_verso.lab
codesoft/Codesoft 7/Auchan  Atac/Auchan/Auchan le traiteur/En attente 2014/rav_porc_25g_x_6_recto.bak
codesoft/Codesoft 7/Auchan  Atac/Auchan/Auchan le traiteur/En attente 2014/rav_porc_25g_x_6_recto.lab
codesoft/Codesoft 7/Auchan  Atac/Auchan/Auchan le traiteur/En attente 2014/rav_porc_25g_x_6_verso.bak
codesoft/Codesoft 7/Auchan  Atac/Auchan/Auchan le traiteur/En attente 2014/rav_porc_25g_x_6_verso.lab
codesoft/Codesoft 7/Auchan  Atac/Auchan/Auchan le traiteur/En attente 2014/rav_poulet_25g_x_6_recto.bak
codesoft/Codesoft 7/Auchan  Atac/Auchan/Auchan le traiteur/En attente 2014/rav_poulet_25g_x_6_recto.lab
codesoft/Codesoft 7/Auchan  Atac/Auchan/Auchan le traiteur/En attente 2014/rav_poulet_25g_x_6_verso.bak
codesoft/Codesoft 7/Auchan  Atac/Auchan/Auchan le traiteur/En attente 2014/rav_poulet_25g_x_6_verso.lab
codesoft/Codesoft 7/Auchan  Atac/Auchan/Auchan le traiteur/En attente 2014/sam_40g_x4_recto.bak
codesoft/Codesoft 7/Auchan  Atac/Auchan/Auchan le traiteur/En attente 2014/sam_40g_x4_recto.lab
codesoft/Codesoft 7/Auchan  Atac/Auchan/Auchan le traiteur/En attente 2014/sam_40g_x4_verso.bak
codesoft/Codesoft 7/Auchan  Atac/Auchan/Auchan le traiteur/En attente 2014/sam_40g_x4_verso.lab
codesoft/Codesoft 7/Hema/79168 plateau mer verso neerlandais.bak
codesoft/Codesoft 7/Hema/79168 plateau mer verso neerlandais.lab
codesoft/Codesoft 7/Hema/79169 plateau terre verso neerlandais.bak
codesoft/Codesoft 7/Hema/79169 plateau terre verso neerlandais.lab

sent 342416 bytes  received 4780 bytes  99198.86 bytes/sec
total size is 277180499  speedup is 798.34
sending incremental file list
