Démarrage : mar mar 25 23:00:01 CET 2014
Arrêt     : mar mar 25 23:02:21 CET 2014



Base MySQL sélectionnée: agis
Nombre de serveur(s) Linux concerné(s): 4
Nombre de dossier(s) à mettre à jour: 27

sending incremental file list

sent 7051 bytes  received 49 bytes  4733.33 bytes/sec
total size is 12693370  speedup is 1787.80
sending incremental file list

sent 6067 bytes  received 37 bytes  4069.33 bytes/sec
total size is 12258686  speedup is 2008.30
sending incremental file list
erp_data.mdb

sent 8028006 bytes  received 64291 bytes  181849.37 bytes/sec
total size is 84160512  speedup is 10.40
sending incremental file list

sent 7538 bytes  received 45 bytes  5055.33 bytes/sec
total size is 9253358  speedup is 1220.28
sending incremental file list

sent 7695 bytes  received 20 bytes  5143.33 bytes/sec
total size is 16751789  speedup is 2171.33
sending incremental file list

sent 4308 bytes  received 24 bytes  2888.00 bytes/sec
total size is 6387982  speedup is 1474.60
sending incremental file list
mercuriales/sync.ffs_db
mercuriales/FZC/FZC 2014/TOUPARGEL 2014.xls
mercuriales/gms/2014/CENTRALES 2014/AUCHAN 2014.xls
mercuriales/mdd/2014/2014 MERCURIALE AUCHAN.xls
mercuriales/mdd/2014/2014 MERCURIALE CARREFOUR PLATS CUISINES.xls

sent 65220 bytes  received 10288 bytes  13728.73 bytes/sec
total size is 29716440  speedup is 393.55
sending incremental file list

sent 5047 bytes  received 27 bytes  3382.67 bytes/sec
total size is 39173092  speedup is 7720.36
sending incremental file list
operations_commerciales/chrono demande echantillons.xls
operations_commerciales/GMS/2014/D-REGIONS/GMS SU REGION  2014-FUTUR MASTER.xls
operations_commerciales/MDD/MODELES VB/CONF OPE CASINO/2014/CONFIRMATION OPERATION CASINO HM RAMADHAN.xls
operations_commerciales/MDD/MODELES VB/CONF OPE CASINO/2014/CONFIRMATION OPERATION CASINO SM RAMADHAN.xls
operations_commerciales/MDD/MODELES VB/DEM ECHANTILLONS/2014/Chrono 175 CASINO 250314.XLS
operations_commerciales/MDD/OP MDD 2012/FUTURMASTER/MDD CRF 2012 FUTUR MASTER 2012.xls
operations_commerciales/MDD/OP MDD 2012/FUTURMASTER/MDD CRF MKT 2012 FUTUR MASTER.xls
operations_commerciales/MDD/OP MDD 2013/MDD CRF 2013 FUTUR MASTER.xls
operations_commerciales/MDD/OP MDD 2013/MDD CRF MKT 2013 FUTUR MASTER.xls
operations_commerciales/MDD/OP MDD 2014/MDD CASINO 2014.xls
operations_commerciales/MDD/OP MDD 2014/MDD CRF 2014.xls

sent 291768 bytes  received 11189 bytes  55083.09 bytes/sec
total size is 48824322  speedup is 161.16
sending incremental file list

sent 19988 bytes  received 78 bytes  8026.40 bytes/sec
total size is 98797494  speedup is 4923.63
sending incremental file list

sent 3431 bytes  received 79 bytes  1404.00 bytes/sec
total size is 16655550  speedup is 4745.17
sending incremental file list
modeles/carton_ean_128_mini-v2013_180.lab

sent 23417 bytes  received 1292 bytes  5490.89 bytes/sec
total size is 43788288  speedup is 1772.16
sending incremental file list

sent 5781 bytes  received 30 bytes  3874.00 bytes/sec
total size is 93132165  speedup is 16026.87
sending incremental file list
erp_data.mdb

sent 8028006 bytes  received 64291 bytes  186029.82 bytes/sec
total size is 84160512  speedup is 10.40
sending incremental file list

sent 7538 bytes  received 45 bytes  5055.33 bytes/sec
total size is 9253358  speedup is 1220.28
sending incremental file list

sent 4308 bytes  received 24 bytes  2888.00 bytes/sec
total size is 6387982  speedup is 1474.60
sending incremental file list

sent 7695 bytes  received 20 bytes  5143.33 bytes/sec
total size is 16751789  speedup is 2171.33
sending incremental file list

sent 85 bytes  received 13 bytes  196.00 bytes/sec
total size is 104853504  speedup is 1069933.71
sending incremental file list
operations_commerciales/chrono demande echantillons.xls
operations_commerciales/GMS/2014/D-REGIONS/GMS SU REGION  2014-FUTUR MASTER.xls
operations_commerciales/MDD/MODELES VB/CONF OPE CASINO/2014/CONFIRMATION OPERATION CASINO HM RAMADHAN.xls
operations_commerciales/MDD/MODELES VB/CONF OPE CASINO/2014/CONFIRMATION OPERATION CASINO SM RAMADHAN.xls
operations_commerciales/MDD/MODELES VB/DEM ECHANTILLONS/2014/Chrono 175 CASINO 250314.XLS
operations_commerciales/MDD/OP MDD 2012/FUTURMASTER/MDD CRF 2012 FUTUR MASTER 2012.xls
operations_commerciales/MDD/OP MDD 2012/FUTURMASTER/MDD CRF MKT 2012 FUTUR MASTER.xls
operations_commerciales/MDD/OP MDD 2013/MDD CRF 2013 FUTUR MASTER.xls
operations_commerciales/MDD/OP MDD 2013/MDD CRF MKT 2013 FUTUR MASTER.xls
operations_commerciales/MDD/OP MDD 2014/MDD CASINO 2014.xls
operations_commerciales/MDD/OP MDD 2014/MDD CRF 2014.xls

sent 291768 bytes  received 11189 bytes  86559.14 bytes/sec
total size is 48824322  speedup is 161.16
sending incremental file list
mercuriales/sync.ffs_db
mercuriales/FZC/FZC 2014/TOUPARGEL 2014.xls
mercuriales/gms/2014/CENTRALES 2014/AUCHAN 2014.xls
mercuriales/mdd/2014/2014 MERCURIALE AUCHAN.xls
mercuriales/mdd/2014/2014 MERCURIALE CARREFOUR PLATS CUISINES.xls

sent 65220 bytes  received 10288 bytes  30203.20 bytes/sec
total size is 29716440  speedup is 393.55
sending incremental file list
modeles/carton_ean_128_mini-v2013_180.lab

sent 23417 bytes  received 1292 bytes  16472.67 bytes/sec
total size is 43788288  speedup is 1772.16
sending incremental file list

sent 7051 bytes  received 49 bytes  4733.33 bytes/sec
total size is 12693370  speedup is 1787.80
sending incremental file list

sent 5713 bytes  received 23 bytes  2294.40 bytes/sec
total size is 129182681  speedup is 22521.39
sending incremental file list

sent 5610 bytes  received 39 bytes  3766.00 bytes/sec
total size is 59049369  speedup is 10453.07
sending incremental file list

sent 50350 bytes  received 94 bytes  20177.60 bytes/sec
total size is 291459155  speedup is 5777.88
sending incremental file list

sent 19988 bytes  received 78 bytes  8026.40 bytes/sec
total size is 98797494  speedup is 4923.63
sending incremental file list

sent 3431 bytes  received 79 bytes  1404.00 bytes/sec
total size is 16655550  speedup is 4745.17
