Démarrage : mer jui 30 23:00:01 CEST 2014
Arrêt     : mer jui 30 23:00:55 CEST 2014



Base MySQL sélectionnée: agis
Nombre de serveur(s) Linux concerné(s): 4
Nombre de dossier(s) à mettre à jour: 29

sending incremental file list

sent 7292 bytes  received 49 bytes  4894.00 bytes/sec
total size is 13584181  speedup is 1850.45
sending incremental file list

sent 6283 bytes  received 38 bytes  4214.00 bytes/sec
total size is 12444119  speedup is 1968.69
sending incremental file list
erp_data.mdb

sent 107863 bytes  received 84570 bytes  29605.08 bytes/sec
total size is 145690624  speedup is 757.10
sending incremental file list

sent 7593 bytes  received 45 bytes  5092.00 bytes/sec
total size is 9254930  speedup is 1211.70
sending incremental file list

sent 7898 bytes  received 20 bytes  5278.67 bytes/sec
total size is 16766350  speedup is 2117.50
sending incremental file list

sent 4308 bytes  received 24 bytes  2888.00 bytes/sec
total size is 6387982  speedup is 1474.60
sending incremental file list
mercuriales/MERCURIALES - AGIS/FZC/FZC 2014/BOFROST 2014.xls
mercuriales/MERCURIALES - AGIS/FZC/FZC 2014/THIRIET 2014.xls
mercuriales/MERCURIALES - AGIS/FZC/FZC 2014/TOUPARGEL 2014.xls
mercuriales/MERCURIALES - AGIS/gms/2014/CONTROLE TARIFS 2014/10-OCTOBRE/CASINO CREPE AU 01.10.14.pdf
deleting mercuriales/MERCURIALES - AGIS/gms/2014/REGIONS  2014/GALEC REGION MERCU JUIN 2014.xls
mercuriales/MERCURIALES - AGIS/gms/2014/REGIONS  2014/GALEC REGION MERCU AOUT 2014.xls
mercuriales/MERCURIALES - AGIS/gms/2014/REGIONS  2014/SU R\#351gion OCT 2014.xls
mercuriales/MERCURIALES - AGIS/gms/2014/REGIONS  2014/ARCHIVES/GALEC REGION MERCU JUIN 2014.xls
mercuriales/MERCURIALES - AGIS/mdd/2014/2014 MERCURIALE AUCHAN.xls
mercuriales/MERCURIALES - AGIS/mdd/2014/2014 MERCURIALE CARREFOUR PLATS CUISINES.xls

sent 396526 bytes  received 11329 bytes  116530.00 bytes/sec
total size is 37243206  speedup is 91.31
sending incremental file list

sent 5047 bytes  received 27 bytes  10148.00 bytes/sec
total size is 39173092  speedup is 7720.36
sending incremental file list
operations_commerciales/FZC/OP FZC 2014/FZC ARGEL 2014.xls
operations_commerciales/FZC/OP FZC 2014/FZC BOFROST 2014.xls
operations_commerciales/FZC/OP FZC 2014/FZC PICARD 2014.xls
operations_commerciales/FZC/OP FZC 2014/FZC THIRIET 2014.xls
operations_commerciales/FZC/OP FZC 2014/FZC TOUPARGEL 2014.xls
operations_commerciales/GMS/2014/B-CONFIRMATIONS OPERATIONS/INTERMARCHE/2014 INTERMARCHE DECEMBRE FESTIFS COUPE.xls
operations_commerciales/GMS/2014/D-REGIONS/GMS LECLERC 2014-FUTUR MASTER.xls

sent 100033 bytes  received 6505 bytes  71025.33 bytes/sec
total size is 56248479  speedup is 527.97
sending incremental file list

sent 20406 bytes  received 83 bytes  8195.60 bytes/sec
total size is 99360776  speedup is 4849.47
sending incremental file list

sent 6669 bytes  received 93 bytes  4508.00 bytes/sec
total size is 52693674  speedup is 7792.62
sending incremental file list

sent 8894 bytes  received 13 bytes  5938.00 bytes/sec
total size is 43580416  speedup is 4892.83
sending incremental file list

sent 5781 bytes  received 30 bytes  3874.00 bytes/sec
total size is 92829061  speedup is 15974.71
sending incremental file list
erp_data.mdb

sent 107863 bytes  received 84570 bytes  34987.82 bytes/sec
total size is 145690624  speedup is 757.10
sending incremental file list

sent 7593 bytes  received 45 bytes  5092.00 bytes/sec
total size is 9254930  speedup is 1211.70
sending incremental file list

sent 4308 bytes  received 24 bytes  2888.00 bytes/sec
total size is 6387982  speedup is 1474.60
sending incremental file list

sent 7898 bytes  received 20 bytes  5278.67 bytes/sec
total size is 16766350  speedup is 2117.50
sending incremental file list

sent 85 bytes  received 13 bytes  196.00 bytes/sec
total size is 104853504  speedup is 1069933.71
sending incremental file list
operations_commerciales/FZC/OP FZC 2014/FZC ARGEL 2014.xls
operations_commerciales/FZC/OP FZC 2014/FZC BOFROST 2014.xls
operations_commerciales/FZC/OP FZC 2014/FZC PICARD 2014.xls
operations_commerciales/FZC/OP FZC 2014/FZC THIRIET 2014.xls
operations_commerciales/FZC/OP FZC 2014/FZC TOUPARGEL 2014.xls
operations_commerciales/GMS/2014/B-CONFIRMATIONS OPERATIONS/INTERMARCHE/2014 INTERMARCHE DECEMBRE FESTIFS COUPE.xls
operations_commerciales/GMS/2014/D-REGIONS/GMS LECLERC 2014-FUTUR MASTER.xls

sent 100033 bytes  received 6505 bytes  42615.20 bytes/sec
total size is 56248479  speedup is 527.97
sending incremental file list
mercuriales/MERCURIALES - AGIS/FZC/FZC 2014/BOFROST 2014.xls
mercuriales/MERCURIALES - AGIS/FZC/FZC 2014/THIRIET 2014.xls
mercuriales/MERCURIALES - AGIS/FZC/FZC 2014/TOUPARGEL 2014.xls
mercuriales/MERCURIALES - AGIS/gms/2014/CONTROLE TARIFS 2014/10-OCTOBRE/CASINO CREPE AU 01.10.14.pdf
deleting mercuriales/MERCURIALES - AGIS/gms/2014/REGIONS  2014/GALEC REGION MERCU JUIN 2014.xls
mercuriales/MERCURIALES - AGIS/gms/2014/REGIONS  2014/GALEC REGION MERCU AOUT 2014.xls
mercuriales/MERCURIALES - AGIS/gms/2014/REGIONS  2014/SU R\#351gion OCT 2014.xls
mercuriales/MERCURIALES - AGIS/gms/2014/REGIONS  2014/ARCHIVES/GALEC REGION MERCU JUIN 2014.xls
mercuriales/MERCURIALES - AGIS/mdd/2014/2014 MERCURIALE AUCHAN.xls
mercuriales/MERCURIALES - AGIS/mdd/2014/2014 MERCURIALE CARREFOUR PLATS CUISINES.xls

sent 396526 bytes  received 11329 bytes  90634.44 bytes/sec
total size is 37243206  speedup is 91.31
sending incremental file list

sent 8894 bytes  received 13 bytes  5938.00 bytes/sec
total size is 43580416  speedup is 4892.83
sending incremental file list

sent 7292 bytes  received 49 bytes  4894.00 bytes/sec
total size is 13584181  speedup is 1850.45
sending incremental file list

sent 5745 bytes  received 23 bytes  3845.33 bytes/sec
total size is 129159129  speedup is 22392.36
sending incremental file list

sent 5610 bytes  received 39 bytes  3766.00 bytes/sec
total size is 59049369  speedup is 10453.07
sending incremental file list

sent 52293 bytes  received 97 bytes  34926.67 bytes/sec
total size is 299707475  speedup is 5720.70
sending incremental file list

sent 20406 bytes  received 83 bytes  8195.60 bytes/sec
total size is 99360776  speedup is 4849.47
sending incremental file list

sent 6669 bytes  received 93 bytes  2704.80 bytes/sec
total size is 52693674  speedup is 7792.62
sending incremental file list

sent 7898 bytes  received 20 bytes  3167.20 bytes/sec
total size is 16766350  speedup is 2117.50
sending incremental file list

sent 7898 bytes  received 20 bytes  5278.67 bytes/sec
total size is 16766350  speedup is 2117.50
