Démarrage : lun oct 21 23:00:01 CEST 2013
Arrêt     : lun oct 21 23:02:17 CEST 2013



Base MySQL sélectionnée: agis
Nombre de serveur(s) Linux concerné(s): 4
Nombre de dossier(s) à mettre à jour: 24

sending incremental file list

sent 7651 bytes  received 20 bytes  5114.00 bytes/sec
total size is 16750790  speedup is 2183.65
sending incremental file list

sent 5598 bytes  received 45 bytes  2257.20 bytes/sec
total size is 9985067  speedup is 1769.46
sending incremental file list
suivi_investissement/2013-2014/DOSSIER SUBVENTIONS AV.xls
suivi_investissement/2013-2014/suivi des travaux 2013.xls
suivi_investissement/2014-2015/Bud invest AVI 2014 2015.xls

sent 31688 bytes  received 2065 bytes  22502.00 bytes/sec
total size is 11616335  speedup is 344.16
sending incremental file list
erp_data.mdb

sent 7339556 bytes  received 62247 bytes  182760.57 bytes/sec
total size is 78852096  speedup is 10.65
sending incremental file list

sent 7538 bytes  received 45 bytes  5055.33 bytes/sec
total size is 9253358  speedup is 1220.28
sending incremental file list

sent 7651 bytes  received 20 bytes  5114.00 bytes/sec
total size is 16750790  speedup is 2183.65
sending incremental file list

sent 4308 bytes  received 24 bytes  2888.00 bytes/sec
total size is 6387982  speedup is 1474.60
sending incremental file list
mercuriales/HD/2013/2013 MERCURIALE LE MUTANT.xls
mercuriales/gms/2013/CENTRALES 2013/INTERMARCHE 2013.xls
mercuriales/gms/2013/CONTROLE TARIF 2013/11-NOVEMBRE/2013 INTERMARCHE PIZZAS.pdf
mercuriales/gms/2014/CENTRALES 2014/AUCHAN 2014.xls
mercuriales/mdd/2012/2012 PLACE DU MARCHE.xls
mercuriales/mdd/2013/2013 MERCURIALE CARREFOUR PLATS CUISINES.xls

sent 55027 bytes  received 18689 bytes  21061.71 bytes/sec
total size is 36689698  speedup is 497.72
sending incremental file list

sent 5047 bytes  received 27 bytes  3382.67 bytes/sec
total size is 39173092  speedup is 7720.36
sending incremental file list
operations_commerciales/DEMANDE ECHANTILLONS CL .xls
operations_commerciales/chrono demande echantillons.xls
operations_commerciales/GMS/RECAP DEMANDE ET CONFIRMATIONS HEBDO.xls
operations_commerciales/GMS/2013/A-CENTRALES/GMS CARREFOUR MARKET MDD 2013-FUTUR MASTER.xls
operations_commerciales/GMS/2013/A-CENTRALES/GMS CARREFOUR MDD 2013-FUTUR MASTER.xls
operations_commerciales/GMS/2013/B-CONFIRMATIONS OPERATIONS/CONFIRMATIONS CARREFOUR MARKET/2013 CARREFOUR MARKET OP TRAFIC 50.xls
operations_commerciales/GMS/2014/A-CENTRALES/Copie de GMS AUCHAN 2014-FUTUR MASTER.xls
operations_commerciales/GMS/2014/A-CENTRALES/GMS AUCHAN 2014-FUTUR MASTER.xls
operations_commerciales/GMS/2014/A-CENTRALES/GMS CASINO 2014-FUTUR MASTER.xls
operations_commerciales/GMS/2014/B-CONFIRMATIONS OPERATIONS/CASINO SM/2014 SM DONNE C DONNE S7 TARTIFLETTE PAELLA.xls
operations_commerciales/MDD/MODELES CJ/CARREFOUR/DDE ECHANTILLONS/demande \#351chantillons  CRF .XLS
operations_commerciales/MDD/MODELES VB/CONF OPE CASINO/2014/
operations_commerciales/MDD/MODELES VB/CONF OPE CASINO/2014/CONFIRMATION OPERATION CASINO HM NAA 2014.xls
operations_commerciales/MDD/MODELES VB/CONF OPE CASINO/2014/CONFIRMATION OPERATION CASINO PROXI NAA 2014.xls
operations_commerciales/MDD/MODELES VB/CONF OPE CASINO/2014/CONFIRMATION OPERATION CASINO spar NAA 2014.xls
operations_commerciales/MDD/MODELES VB/DEM ECHANTILLONS/2013/Chrono 518 Casino 211013.XLS
deleting operations_commerciales/MDD/OP MDD 2014/MDD MONOPRIX FUTUR MASTER 2014 .xls
deleting operations_commerciales/MDD/OP MDD 2014/MDD ITM FUTUR MASTER 2014 .xls
operations_commerciales/MDD/OP MDD 2014/MDD CASINO 2014.xls
operations_commerciales/MDD/OP MDD 2014/MDD ITM 2014 .xls
operations_commerciales/MDD/OP MDD 2014/MDD MONOPRIX 2014 .xls

sent 482256 bytes  received 25959 bytes  145204.29 bytes/sec
total size is 53876425  speedup is 106.01
sending incremental file list

sent 18506 bytes  received 80 bytes  12390.67 bytes/sec
total size is 41728031  speedup is 2245.13
sending incremental file list
deleting modeles/coupelle_compo.lab.old
deleting modeles/compo_festif_monoportion_pm_75x48.lab.old
deleting modeles/compo_festif_132x72.lab.old
deleting modeles/compo_agis_sans_portion-v2_180.lab
deleting modeles/compo_agis_sans_portion-v2.lab
modeles/compo_festif_132x72.bak
modeles/compo_festif_132x72_180.bak
modeles/compo_festif_132x72_180.lab
modeles/compo_festif_monoportion_pm_75x48_180.bak2
modeles/compo_festif_monoportion_pm_75x48_180.lab
modeles/compo_festif_pc_4_parts_180.bak
modeles/compo_festif_pc_4_parts_180.lab
modeles/coupelle_compo.bak
modeles/coupelle_compo_180.bak
modeles/coupelle_compo_180.lab

sent 208008 bytes  received 5885 bytes  85557.20 bytes/sec
total size is 36502659  speedup is 170.66
sending incremental file list
erp_data.mdb

sent 7339556 bytes  received 62247 bytes  187387.42 bytes/sec
total size is 78852096  speedup is 10.65
sending incremental file list

sent 7538 bytes  received 45 bytes  5055.33 bytes/sec
total size is 9253358  speedup is 1220.28
sending incremental file list

sent 4308 bytes  received 24 bytes  2888.00 bytes/sec
total size is 6387982  speedup is 1474.60
sending incremental file list

sent 7651 bytes  received 20 bytes  5114.00 bytes/sec
total size is 16750790  speedup is 2183.65
sending incremental file list

sent 85 bytes  received 13 bytes  196.00 bytes/sec
total size is 104853504  speedup is 1069933.71
sending incremental file list
operations_commerciales/DEMANDE ECHANTILLONS CL .xls
operations_commerciales/chrono demande echantillons.xls
operations_commerciales/GMS/RECAP DEMANDE ET CONFIRMATIONS HEBDO.xls
operations_commerciales/GMS/2013/A-CENTRALES/GMS CARREFOUR MARKET MDD 2013-FUTUR MASTER.xls
operations_commerciales/GMS/2013/A-CENTRALES/GMS CARREFOUR MDD 2013-FUTUR MASTER.xls
operations_commerciales/GMS/2013/B-CONFIRMATIONS OPERATIONS/CONFIRMATIONS CARREFOUR MARKET/2013 CARREFOUR MARKET OP TRAFIC 50.xls
operations_commerciales/GMS/2014/A-CENTRALES/Copie de GMS AUCHAN 2014-FUTUR MASTER.xls
operations_commerciales/GMS/2014/A-CENTRALES/GMS AUCHAN 2014-FUTUR MASTER.xls
operations_commerciales/GMS/2014/A-CENTRALES/GMS CASINO 2014-FUTUR MASTER.xls
operations_commerciales/GMS/2014/B-CONFIRMATIONS OPERATIONS/CASINO SM/2014 SM DONNE C DONNE S7 TARTIFLETTE PAELLA.xls
operations_commerciales/MDD/MODELES CJ/CARREFOUR/DDE ECHANTILLONS/demande \#351chantillons  CRF .XLS
operations_commerciales/MDD/MODELES VB/CONF OPE CASINO/2014/
operations_commerciales/MDD/MODELES VB/CONF OPE CASINO/2014/CONFIRMATION OPERATION CASINO HM NAA 2014.xls
operations_commerciales/MDD/MODELES VB/CONF OPE CASINO/2014/CONFIRMATION OPERATION CASINO PROXI NAA 2014.xls
operations_commerciales/MDD/MODELES VB/CONF OPE CASINO/2014/CONFIRMATION OPERATION CASINO spar NAA 2014.xls
operations_commerciales/MDD/MODELES VB/DEM ECHANTILLONS/2013/Chrono 518 Casino 211013.XLS
deleting operations_commerciales/MDD/OP MDD 2014/MDD MONOPRIX FUTUR MASTER 2014 .xls
deleting operations_commerciales/MDD/OP MDD 2014/MDD ITM FUTUR MASTER 2014 .xls
operations_commerciales/MDD/OP MDD 2014/MDD CASINO 2014.xls
operations_commerciales/MDD/OP MDD 2014/MDD ITM 2014 .xls
operations_commerciales/MDD/OP MDD 2014/MDD MONOPRIX 2014 .xls

sent 482256 bytes  received 25959 bytes  112936.67 bytes/sec
total size is 53876425  speedup is 106.01
sending incremental file list
mercuriales/HD/2013/2013 MERCURIALE LE MUTANT.xls
mercuriales/gms/2013/CENTRALES 2013/INTERMARCHE 2013.xls
mercuriales/gms/2013/CONTROLE TARIF 2013/11-NOVEMBRE/2013 INTERMARCHE PIZZAS.pdf
mercuriales/gms/2014/CENTRALES 2014/AUCHAN 2014.xls
mercuriales/mdd/2012/2012 PLACE DU MARCHE.xls
mercuriales/mdd/2013/2013 MERCURIALE CARREFOUR PLATS CUISINES.xls

sent 55027 bytes  received 18689 bytes  29486.40 bytes/sec
total size is 36689698  speedup is 497.72
sending incremental file list

sent 5598 bytes  received 45 bytes  3762.00 bytes/sec
total size is 9985067  speedup is 1769.46
sending incremental file list

sent 5677 bytes  received 23 bytes  3800.00 bytes/sec
total size is 128675317  speedup is 22574.62
sending incremental file list

sent 4707 bytes  received 36 bytes  3162.00 bytes/sec
total size is 46318934  speedup is 9765.75
sending incremental file list
codesoft/Codesoft 7/Codes Produits/75372 bis.lab
codesoft/Codesoft 7/Codes Produits/75372.lab

sent 60809 bytes  received 1194 bytes  24801.20 bytes/sec
total size is 274589267  speedup is 4428.64
