Démarrage : mar mai  6 23:00:01 CEST 2014
Arrêt     : mar mai  6 23:02:11 CEST 2014



Base MySQL sélectionnée: agis
Nombre de serveur(s) Linux concerné(s): 4
Nombre de dossier(s) à mettre à jour: 29

sending incremental file list

sent 7051 bytes  received 49 bytes  2840.00 bytes/sec
total size is 12693370  speedup is 1787.80
sending incremental file list
suivi_investissement/2014-2015/Suivi investissements AVI 2014 2015.xls

sent 14913 bytes  received 2577 bytes  11660.00 bytes/sec
total size is 12421591  speedup is 710.21
sending incremental file list
erp_data.mdb

sent 8028918 bytes  received 65747 bytes  177904.73 bytes/sec
total size is 88092672  speedup is 10.88
sending incremental file list

sent 7538 bytes  received 45 bytes  5055.33 bytes/sec
total size is 9253358  speedup is 1220.28
sending incremental file list

sent 7695 bytes  received 20 bytes  5143.33 bytes/sec
total size is 16751789  speedup is 2171.33
sending incremental file list

sent 4308 bytes  received 24 bytes  2888.00 bytes/sec
total size is 6387982  speedup is 1474.60
sending incremental file list
deleting mercuriales/sync.ffs_lock
mercuriales/sync.ffs_db
mercuriales/gms/2014/CENTRALES 2014/SYSTEME U 2014.xls
mercuriales/mdd/2014/2014 MERCURIALE AUCHAN.xls

sent 36888 bytes  received 6796 bytes  17473.60 bytes/sec
total size is 31439956  speedup is 719.71
sending incremental file list

sent 5047 bytes  received 27 bytes  3382.67 bytes/sec
total size is 39173092  speedup is 7720.36
sending incremental file list
operations_commerciales/chrono demande echantillons.xls
operations_commerciales/FZC/CONFIRMATIONS/2014/ARGEL/ARGEL_CONFIRMATION CATALOGUE 9 2014.xls
operations_commerciales/FZC/CONFIRMATIONS/2014/PICARD/PICARD_CONFIRMATION SEPTEMBRE 2014.xls
operations_commerciales/FZC/OP FZC 2014/FZC ARGEL 2014.xls
operations_commerciales/FZC/OP FZC 2014/FZC PICARD 2014.xls
operations_commerciales/GMS/RECAP DEMANDE ET CONFIRMATIONS HEBDO 2014.xls
operations_commerciales/GMS/2014/A-CENTRALES/GMS CARREFOUR 2014-FUTUR MASTER.xls
operations_commerciales/GMS/2014/A-CENTRALES/GMS CASINO 2014-FUTUR MASTER.xls
operations_commerciales/MDD/MODELES CJ/CARREFOUR/DDE ECHANTILLONS/2014/demande \#351chantillons 288.XLS
operations_commerciales/MDD/OP MDD 2013/MDD AUCHAN 2013 FUTUR MASTER.xls
operations_commerciales/MDD/OP MDD 2014/MDD MATCH 2014.xls

sent 280199 bytes  received 18353 bytes  85300.57 bytes/sec
total size is 50230683  speedup is 168.25
sending incremental file list

sent 20167 bytes  received 80 bytes  13498.00 bytes/sec
total size is 98935304  speedup is 4886.42
sending incremental file list

sent 4380 bytes  received 82 bytes  2974.67 bytes/sec
total size is 35609223  speedup is 7980.55
sending incremental file list
modeles/compo_agis_sans_portion-v2.lab
modeles/compo_agis_sans_portion-v2_180.lab

sent 54887 bytes  received 4551 bytes  23775.20 bytes/sec
total size is 45578752  speedup is 766.83
sending incremental file list

sent 5781 bytes  received 30 bytes  3874.00 bytes/sec
total size is 93132165  speedup is 16026.87
sending incremental file list
erp_data.mdb

sent 8028918 bytes  received 65747 bytes  186084.25 bytes/sec
total size is 88092672  speedup is 10.88
sending incremental file list

sent 7538 bytes  received 45 bytes  5055.33 bytes/sec
total size is 9253358  speedup is 1220.28
sending incremental file list

sent 4308 bytes  received 24 bytes  2888.00 bytes/sec
total size is 6387982  speedup is 1474.60
sending incremental file list

sent 7695 bytes  received 20 bytes  5143.33 bytes/sec
total size is 16751789  speedup is 2171.33
sending incremental file list

sent 85 bytes  received 13 bytes  65.33 bytes/sec
total size is 104853504  speedup is 1069933.71
sending incremental file list
operations_commerciales/chrono demande echantillons.xls
operations_commerciales/FZC/CONFIRMATIONS/2014/ARGEL/ARGEL_CONFIRMATION CATALOGUE 9 2014.xls
operations_commerciales/FZC/CONFIRMATIONS/2014/PICARD/PICARD_CONFIRMATION SEPTEMBRE 2014.xls
operations_commerciales/FZC/OP FZC 2014/FZC ARGEL 2014.xls
operations_commerciales/FZC/OP FZC 2014/FZC PICARD 2014.xls
operations_commerciales/GMS/RECAP DEMANDE ET CONFIRMATIONS HEBDO 2014.xls
operations_commerciales/GMS/2014/A-CENTRALES/GMS CARREFOUR 2014-FUTUR MASTER.xls
operations_commerciales/GMS/2014/A-CENTRALES/GMS CASINO 2014-FUTUR MASTER.xls
operations_commerciales/MDD/MODELES CJ/CARREFOUR/DDE ECHANTILLONS/2014/demande \#351chantillons 288.XLS
operations_commerciales/MDD/OP MDD 2013/MDD AUCHAN 2013 FUTUR MASTER.xls
operations_commerciales/MDD/OP MDD 2014/MDD MATCH 2014.xls

sent 280199 bytes  received 18353 bytes  85300.57 bytes/sec
total size is 50230683  speedup is 168.25
sending incremental file list
deleting mercuriales/sync.ffs_lock
mercuriales/sync.ffs_db
mercuriales/gms/2014/CENTRALES 2014/SYSTEME U 2014.xls
mercuriales/mdd/2014/2014 MERCURIALE AUCHAN.xls

sent 36888 bytes  received 6796 bytes  29122.67 bytes/sec
total size is 31439956  speedup is 719.71
sending incremental file list
modeles/compo_agis_sans_portion-v2.lab
modeles/compo_agis_sans_portion-v2_180.lab

sent 54887 bytes  received 4551 bytes  23775.20 bytes/sec
total size is 45578752  speedup is 766.83
sending incremental file list

sent 7051 bytes  received 49 bytes  4733.33 bytes/sec
total size is 12693370  speedup is 1787.80
sending incremental file list

sent 5732 bytes  received 23 bytes  3836.67 bytes/sec
total size is 129183193  speedup is 22447.12
sending incremental file list

sent 5610 bytes  received 39 bytes  3766.00 bytes/sec
total size is 59049369  speedup is 10453.07
sending incremental file list
deleting codesoft/Codesoft 7/Auchan  Atac/Auchan/Auchan le traiteur/79976_verso.lab
deleting codesoft/Codesoft 7/Auchan  Atac/Auchan/Auchan le traiteur/79976_recto.lab
deleting codesoft/Codesoft 7/Auchan  Atac/Auchan/Auchan le traiteur/79975_verso.lab
deleting codesoft/Codesoft 7/Auchan  Atac/Auchan/Auchan le traiteur/79975_recto.lab
codesoft/Codesoft 7/Auchan  Atac/Auchan/Auchan le traiteur/En attente 2014/AVEC PRIX/79975_recto.lab
codesoft/Codesoft 7/Auchan  Atac/Auchan/Auchan le traiteur/En attente 2014/AVEC PRIX/79975_verso.lab
codesoft/Codesoft 7/Auchan  Atac/Auchan/Auchan le traiteur/En attente 2014/AVEC PRIX/79976_recto.lab
codesoft/Codesoft 7/Auchan  Atac/Auchan/Auchan le traiteur/En attente 2014/AVEC PRIX/79976_verso.lab
deleting codesoft/Codesoft 7/Auchan  Atac/Auchan/Auchan le traiteur/En attente 2014/SANS PRIX/79185_verso.lab
deleting codesoft/Codesoft 7/Auchan  Atac/Auchan/Auchan le traiteur/En attente 2014/SANS PRIX/79184_verso.lab
deleting codesoft/Codesoft 7/Auchan  Atac/Auchan/Auchan le traiteur/En attente 2014/SANS PRIX/79183_verso.lab
deleting codesoft/Codesoft 7/Auchan  Atac/Auchan/Auchan le traiteur/En attente 2014/SANS PRIX/79182_verso.lab
deleting codesoft/Codesoft 7/Auchan  Atac/Auchan/Auchan le traiteur/En attente 2014/SANS PRIX/79181_verso.lab
deleting codesoft/Codesoft 7/Auchan  Atac/Auchan/Auchan le traiteur/En attente 2014/SANS PRIX/79180_verso.lab
deleting codesoft/Codesoft 7/Auchan  Atac/Auchan/Auchan le traiteur/En attente 2014/SANS PRIX/79179_verso.lab
codesoft/Codesoft 7/Auchan  Atac/Auchan/Auchan le traiteur/En attente 2014/SANS PRIX/79975_recto.lab
codesoft/Codesoft 7/Auchan  Atac/Auchan/Auchan le traiteur/En attente 2014/SANS PRIX/79976_recto.lab

sent 111923 bytes  received 211 bytes  74756.00 bytes/sec
total size is 293510227  speedup is 2617.50
sending incremental file list

sent 20167 bytes  received 80 bytes  8098.80 bytes/sec
total size is 98935304  speedup is 4886.42
sending incremental file list

sent 4380 bytes  received 82 bytes  2974.67 bytes/sec
total size is 35609223  speedup is 7980.55
sending incremental file list

sent 7695 bytes  received 20 bytes  3086.00 bytes/sec
total size is 16751789  speedup is 2171.33
sending incremental file list

sent 7695 bytes  received 20 bytes  5143.33 bytes/sec
total size is 16751789  speedup is 2171.33
