Démarrage : ven nov 15 23:00:01 CET 2013
Arrêt     : ven nov 15 23:02:13 CET 2013



Base MySQL sélectionnée: agis
Nombre de serveur(s) Linux concerné(s): 4
Nombre de dossier(s) à mettre à jour: 24

sending incremental file list

sent 5598 bytes  received 45 bytes  2257.20 bytes/sec
total size is 9985067  speedup is 1769.46
sending incremental file list
suivi_investissement/2013-2014/Pr\#351pa budget invest r\#351vis\#351 2013-2014/Bud invest AVI r\#351vis\#351 2013-2014.xls
suivi_investissement/2013-2014/Pr\#351pa budget invest r\#351vis\#351 2013-2014/Bud invest PFT r\#351vis\#351 2013-2014.xls

sent 16449 bytes  received 954 bytes  11602.00 bytes/sec
total size is 11615823  speedup is 667.46
sending incremental file list
erp_data.mdb

sent 7586606 bytes  received 62247 bytes  184309.71 bytes/sec
total size is 78852096  speedup is 10.31
sending incremental file list

sent 7538 bytes  received 45 bytes  5055.33 bytes/sec
total size is 9253358  speedup is 1220.28
sending incremental file list

sent 7683 bytes  received 20 bytes  5135.33 bytes/sec
total size is 16751831  speedup is 2174.72
sending incremental file list

sent 4308 bytes  received 24 bytes  2888.00 bytes/sec
total size is 6387982  speedup is 1474.60
sending incremental file list
mercuriales/FZC/FZC 2014/ARGEL 2014.xls
mercuriales/FZC/FZC 2014/PICARD 2014.xls
mercuriales/FZC/FZC 2014/SAROS 2014.xls
mercuriales/FZC/FZC 2014/THIRIET 2014.xls
mercuriales/FZC/FZC 2014/TOUPARGEL 2014.xls
mercuriales/HD/2014/2014  MERCURIALE ALDI.xls
mercuriales/HD/2014/2014 MERCURIALE DIA.xls
mercuriales/HD/2014/2014 MERCURIALE LE MUTANT.xls
mercuriales/HD/2014/2014 MERCURIALE LEADER PRICE.xls
mercuriales/HD/2014/2014 MERCURIALE NETTO.xls
mercuriales/HD/2014/2014 MERCURIALE NORMA.xls
mercuriales/mdd/2013/2013 MERCURIALE CARREFOUR PLATS CUISINES.xls
mercuriales/mdd/2014/2014 MERCURIALE AUCHAN.xls
mercuriales/mdd/2014/2014 MERCURIALE CARREFOUR ASIATIQUE.xls
mercuriales/mdd/2014/2014 MERCURIALE CARREFOUR PLATS CUISINES.xls
mercuriales/mdd/2014/2014 MERCURIALE CASINO.xls
mercuriales/mdd/2014/2014 MERCURIALE EXPORT.xls
mercuriales/mdd/2014/2014 MERCURIALE INTERMARCHE.xls
mercuriales/mdd/2014/2014 MERCURIALE MONOPRIX .xls
mercuriales/mdd/2014/2014 MERCURIALE PROVERA.xls
mercuriales/mdd/2014/2014 MERCURIALE SCAMARK.xls
mercuriales/mdd/2014/2014 MERCURIALE SYSTEME U.xls

sent 159288 bytes  received 17613 bytes  39311.33 bytes/sec
total size is 42775666  speedup is 241.81
sending incremental file list

sent 5047 bytes  received 27 bytes  3382.67 bytes/sec
total size is 39173092  speedup is 7720.36
sending incremental file list
operations_commerciales/DEMANDE ECHANTILLONS CL .xls
operations_commerciales/chrono demande echantillons.xls
operations_commerciales/GMS/RECAP DEMANDE ET CONFIRMATIONS HEBDO.xls
operations_commerciales/GMS/2013/A-CENTRALES/GMS CASINO 2013-FUTUR MASTER.xls
operations_commerciales/GMS/2013/D-REGIONS/GMS LECLERC 2013-FUTUR MASTER.xls
operations_commerciales/GMS/2013/D-REGIONS/GMS SCHIEVER 2013-FUTUR MASTER.xls
operations_commerciales/GMS/2014/A-CENTRALES/Copie de GMS AUCHAN 2014-FUTUR MASTER.xls
operations_commerciales/GMS/2014/A-CENTRALES/Copie de GMS CARREFOUR 2014-FUTUR MASTER.xls
operations_commerciales/GMS/2014/A-CENTRALES/Copie de GMS CARREFOUR MARKET 2014-FUTUR MASTER.xls
operations_commerciales/GMS/2014/A-CENTRALES/Copie de GMS CASINO 2014-FUTUR MASTER.xls
operations_commerciales/GMS/2014/A-CENTRALES/Copie de GMS GALEC 2014-FUTUR MASTER.xls
operations_commerciales/GMS/2014/A-CENTRALES/Copie de GMS INTERMARCHE 2014-FUTUR MASTER.xls
operations_commerciales/GMS/2014/A-CENTRALES/Copie de GMS SIMPLY MARKET 2014-FUTUR MASTER.xls
operations_commerciales/GMS/2014/A-CENTRALES/Copie de GMS SYSTEME U 2014-FUTUR MASTER.xls
operations_commerciales/GMS/2014/A-CENTRALES/GMS CASINO 2014-FUTUR MASTER.xls
operations_commerciales/GMS/2014/D-REGIONS/GMS LECLERC 2014-FUTUR MASTER.xls
operations_commerciales/MDD/MODELES CJ/AUCHAN ATAC SCHIEVER/CONF OP/2013/CONFIRMATION OPERATION SIMPLY NAA 2014.xls
operations_commerciales/MDD/MODELES CJ/AUCHAN ATAC SCHIEVER/CONF OP/2014/
operations_commerciales/MDD/MODELES CJ/AUCHAN ATAC SCHIEVER/CONF OP/2014/CONFIRMATION OPERATION AUCHAN  JANVIER 4 PNT.xls
operations_commerciales/MDD/MODELES CJ/AUCHAN ATAC SCHIEVER/CONF OP/2014/CONFIRMATION OPERATION AUCHAN NAA 2014 REASSORT.xls
operations_commerciales/MDD/MODELES CJ/AUCHAN ATAC SCHIEVER/DDE ECHANTILLONS/DEMANDE ECHANTILLONS AUCHAN 625.xls
operations_commerciales/MDD/MODELES CJ/CARREFOUR/DDE ECHANTILLONS/demande \#351chantillons GUTENBERG.XLS
operations_commerciales/MDD/OP MDD 2014/MDD MATCH 2014 FUTUR MASTER.xls

sent 1299939 bytes  received 27784 bytes  126449.81 bytes/sec
total size is 58904542  speedup is 44.37
sending incremental file list

sent 18506 bytes  received 80 bytes  12390.67 bytes/sec
total size is 41728031  speedup is 2245.13
sending incremental file list
modeles/compo_pc_double_bas-v2_180.lab

sent 14064 bytes  received 1688 bytes  10501.33 bytes/sec
total size is 31547392  speedup is 2002.75
sending incremental file list
erp_data.mdb

sent 7586606 bytes  received 62247 bytes  193641.85 bytes/sec
total size is 78852096  speedup is 10.31
sending incremental file list

sent 7538 bytes  received 45 bytes  5055.33 bytes/sec
total size is 9253358  speedup is 1220.28
sending incremental file list

sent 4308 bytes  received 24 bytes  2888.00 bytes/sec
total size is 6387982  speedup is 1474.60
sending incremental file list

sent 7683 bytes  received 20 bytes  5135.33 bytes/sec
total size is 16751831  speedup is 2174.72
sending incremental file list

sent 85 bytes  received 13 bytes  65.33 bytes/sec
total size is 104853504  speedup is 1069933.71
sending incremental file list
operations_commerciales/DEMANDE ECHANTILLONS CL .xls
operations_commerciales/chrono demande echantillons.xls
operations_commerciales/GMS/RECAP DEMANDE ET CONFIRMATIONS HEBDO.xls
operations_commerciales/GMS/2013/A-CENTRALES/GMS CASINO 2013-FUTUR MASTER.xls
operations_commerciales/GMS/2013/D-REGIONS/GMS LECLERC 2013-FUTUR MASTER.xls
operations_commerciales/GMS/2013/D-REGIONS/GMS SCHIEVER 2013-FUTUR MASTER.xls
operations_commerciales/GMS/2014/A-CENTRALES/Copie de GMS AUCHAN 2014-FUTUR MASTER.xls
operations_commerciales/GMS/2014/A-CENTRALES/Copie de GMS CARREFOUR 2014-FUTUR MASTER.xls
operations_commerciales/GMS/2014/A-CENTRALES/Copie de GMS CARREFOUR MARKET 2014-FUTUR MASTER.xls
operations_commerciales/GMS/2014/A-CENTRALES/Copie de GMS CASINO 2014-FUTUR MASTER.xls
operations_commerciales/GMS/2014/A-CENTRALES/Copie de GMS GALEC 2014-FUTUR MASTER.xls
operations_commerciales/GMS/2014/A-CENTRALES/Copie de GMS INTERMARCHE 2014-FUTUR MASTER.xls
operations_commerciales/GMS/2014/A-CENTRALES/Copie de GMS SIMPLY MARKET 2014-FUTUR MASTER.xls
operations_commerciales/GMS/2014/A-CENTRALES/Copie de GMS SYSTEME U 2014-FUTUR MASTER.xls
operations_commerciales/GMS/2014/A-CENTRALES/GMS CASINO 2014-FUTUR MASTER.xls
operations_commerciales/GMS/2014/D-REGIONS/GMS LECLERC 2014-FUTUR MASTER.xls
operations_commerciales/MDD/MODELES CJ/AUCHAN ATAC SCHIEVER/CONF OP/2013/CONFIRMATION OPERATION SIMPLY NAA 2014.xls
operations_commerciales/MDD/MODELES CJ/AUCHAN ATAC SCHIEVER/CONF OP/2014/
operations_commerciales/MDD/MODELES CJ/AUCHAN ATAC SCHIEVER/CONF OP/2014/CONFIRMATION OPERATION AUCHAN  JANVIER 4 PNT.xls
operations_commerciales/MDD/MODELES CJ/AUCHAN ATAC SCHIEVER/CONF OP/2014/CONFIRMATION OPERATION AUCHAN NAA 2014 REASSORT.xls
operations_commerciales/MDD/MODELES CJ/AUCHAN ATAC SCHIEVER/DDE ECHANTILLONS/DEMANDE ECHANTILLONS AUCHAN 625.xls
operations_commerciales/MDD/MODELES CJ/CARREFOUR/DDE ECHANTILLONS/demande \#351chantillons GUTENBERG.XLS
operations_commerciales/MDD/OP MDD 2014/MDD MATCH 2014 FUTUR MASTER.xls

sent 1299939 bytes  received 27784 bytes  156202.71 bytes/sec
total size is 58904542  speedup is 44.37
sending incremental file list
mercuriales/FZC/FZC 2014/ARGEL 2014.xls
mercuriales/FZC/FZC 2014/PICARD 2014.xls
mercuriales/FZC/FZC 2014/SAROS 2014.xls
mercuriales/FZC/FZC 2014/THIRIET 2014.xls
mercuriales/FZC/FZC 2014/TOUPARGEL 2014.xls
mercuriales/HD/2014/2014  MERCURIALE ALDI.xls
mercuriales/HD/2014/2014 MERCURIALE DIA.xls
mercuriales/HD/2014/2014 MERCURIALE LE MUTANT.xls
mercuriales/HD/2014/2014 MERCURIALE LEADER PRICE.xls
mercuriales/HD/2014/2014 MERCURIALE NETTO.xls
mercuriales/HD/2014/2014 MERCURIALE NORMA.xls
mercuriales/mdd/2013/2013 MERCURIALE CARREFOUR PLATS CUISINES.xls
mercuriales/mdd/2014/2014 MERCURIALE AUCHAN.xls
mercuriales/mdd/2014/2014 MERCURIALE CARREFOUR ASIATIQUE.xls
mercuriales/mdd/2014/2014 MERCURIALE CARREFOUR PLATS CUISINES.xls
mercuriales/mdd/2014/2014 MERCURIALE CASINO.xls
mercuriales/mdd/2014/2014 MERCURIALE EXPORT.xls
mercuriales/mdd/2014/2014 MERCURIALE INTERMARCHE.xls
mercuriales/mdd/2014/2014 MERCURIALE MONOPRIX .xls
mercuriales/mdd/2014/2014 MERCURIALE PROVERA.xls
mercuriales/mdd/2014/2014 MERCURIALE SCAMARK.xls
mercuriales/mdd/2014/2014 MERCURIALE SYSTEME U.xls

sent 159288 bytes  received 17613 bytes  70760.40 bytes/sec
total size is 42775666  speedup is 241.81
sending incremental file list
modeles/compo_pc_double_bas-v2_180.lab

sent 14064 bytes  received 1688 bytes  10501.33 bytes/sec
total size is 31547392  speedup is 2002.75
sending incremental file list

sent 5598 bytes  received 45 bytes  3762.00 bytes/sec
total size is 9985067  speedup is 1769.46
sending incremental file list

sent 5677 bytes  received 23 bytes  3800.00 bytes/sec
total size is 128675317  speedup is 22574.62
sending incremental file list

sent 5161 bytes  received 37 bytes  3465.33 bytes/sec
total size is 52194646  speedup is 10041.29
sending incremental file list

sent 46961 bytes  received 87 bytes  18819.20 bytes/sec
total size is 277663827  speedup is 5901.71
sending incremental file list
