Démarrage : jeu jun 19 23:00:01 CEST 2014
Arrêt     : jeu jun 19 23:00:51 CEST 2014



Base MySQL sélectionnée: agis
Nombre de serveur(s) Linux concerné(s): 4
Nombre de dossier(s) à mettre à jour: 29

sending incremental file list

sent 7070 bytes  received 49 bytes  2847.60 bytes/sec
total size is 12774593  speedup is 1794.44
sending incremental file list

sent 6279 bytes  received 38 bytes  4211.33 bytes/sec
total size is 12442583  speedup is 1969.70
sending incremental file list

sent 63 bytes  received 12 bytes  50.00 bytes/sec
total size is 90068992  speedup is 1200919.89
sending incremental file list

sent 7593 bytes  received 45 bytes  5092.00 bytes/sec
total size is 9254930  speedup is 1211.70
sending incremental file list

sent 7756 bytes  received 20 bytes  3110.40 bytes/sec
total size is 16755943  speedup is 2154.83
sending incremental file list

sent 4308 bytes  received 24 bytes  2888.00 bytes/sec
total size is 6387982  speedup is 1474.60
sending incremental file list
mercuriales/sync.ffs_db
mercuriales/gms/2014/CENTRALES 2014/PLACE DU MARCHE 2014.xls

sent 24997 bytes  received 4723 bytes  4572.31 bytes/sec
total size is 32886277  speedup is 1106.54
sending incremental file list

sent 5047 bytes  received 27 bytes  3382.67 bytes/sec
total size is 39173092  speedup is 7720.36
sending incremental file list
operations_commerciales/DEMANDE ECHANTILLONS CL .xls
operations_commerciales/chrono demande echantillons.xls
operations_commerciales/GMS/RECAP DEMANDE ET CONFIRMATIONS HEBDO 2014.xls
operations_commerciales/GMS/2014/A-CENTRALES/GMS CARREFOUR MARKET 2014-FUTUR MASTER.xls
operations_commerciales/GMS/2014/A-CENTRALES/GMS CASINO 2014-FUTUR MASTER.xls
operations_commerciales/GMS/2014/A-CENTRALES/GMS PLACE DU MARCHE 2014-FUTUR MASTER.xls
operations_commerciales/GMS/2014/B-CONFIRMATIONS OPERATIONS/PLACE DU MARCHE/2014 PLACE DU MARCHE CYCLE 05.xls
operations_commerciales/MDD/OP MDD 2013/MDD ITM FUTUR MASTER 2013 .xls
operations_commerciales/MDD/OP MDD 2013/MDD SIMPLY MARKET 2013 FUTUR MASTER.xls

sent 306215 bytes  received 22779 bytes  93998.29 bytes/sec
total size is 52002715  speedup is 158.07
sending incremental file list

sent 20347 bytes  received 83 bytes  8172.00 bytes/sec
total size is 99184091  speedup is 4854.83
sending incremental file list
gofast/CHANTIERS/6_LANCEMENT_PDTS_Emeline/5_STANDARDS/Reco_lancement_projet_190614.xls

sent 12335 bytes  received 106 bytes  8294.00 bytes/sec
total size is 38638007  speedup is 3105.70
sending incremental file list

sent 10004 bytes  received 13 bytes  6678.00 bytes/sec
total size is 48314368  speedup is 4823.24
sending incremental file list

sent 5781 bytes  received 30 bytes  3874.00 bytes/sec
total size is 93132165  speedup is 16026.87
sending incremental file list

sent 63 bytes  received 12 bytes  50.00 bytes/sec
total size is 90068992  speedup is 1200919.89
sending incremental file list

sent 7593 bytes  received 45 bytes  5092.00 bytes/sec
total size is 9254930  speedup is 1211.70
sending incremental file list

sent 4308 bytes  received 24 bytes  2888.00 bytes/sec
total size is 6387982  speedup is 1474.60
sending incremental file list

sent 7756 bytes  received 20 bytes  5184.00 bytes/sec
total size is 16755943  speedup is 2154.83
sending incremental file list

sent 85 bytes  received 13 bytes  65.33 bytes/sec
total size is 104853504  speedup is 1069933.71
sending incremental file list
operations_commerciales/DEMANDE ECHANTILLONS CL .xls
operations_commerciales/chrono demande echantillons.xls
operations_commerciales/GMS/RECAP DEMANDE ET CONFIRMATIONS HEBDO 2014.xls
operations_commerciales/GMS/2014/A-CENTRALES/GMS CARREFOUR MARKET 2014-FUTUR MASTER.xls
operations_commerciales/GMS/2014/A-CENTRALES/GMS CASINO 2014-FUTUR MASTER.xls
operations_commerciales/GMS/2014/A-CENTRALES/GMS PLACE DU MARCHE 2014-FUTUR MASTER.xls
operations_commerciales/GMS/2014/B-CONFIRMATIONS OPERATIONS/PLACE DU MARCHE/2014 PLACE DU MARCHE CYCLE 05.xls
operations_commerciales/MDD/OP MDD 2013/MDD ITM FUTUR MASTER 2013 .xls
operations_commerciales/MDD/OP MDD 2013/MDD SIMPLY MARKET 2013 FUTUR MASTER.xls

sent 306215 bytes  received 22779 bytes  93998.29 bytes/sec
total size is 52002715  speedup is 158.07
sending incremental file list
mercuriales/sync.ffs_db
mercuriales/gms/2014/CENTRALES 2014/PLACE DU MARCHE 2014.xls

sent 24997 bytes  received 4723 bytes  11888.00 bytes/sec
total size is 32886277  speedup is 1106.54
sending incremental file list

sent 10004 bytes  received 13 bytes  6678.00 bytes/sec
total size is 48314368  speedup is 4823.24
sending incremental file list

sent 7070 bytes  received 49 bytes  4746.00 bytes/sec
total size is 12774593  speedup is 1794.44
sending incremental file list

sent 5745 bytes  received 23 bytes  3845.33 bytes/sec
total size is 129159129  speedup is 22392.36
sending incremental file list

sent 5610 bytes  received 39 bytes  3766.00 bytes/sec
total size is 59049369  speedup is 10453.07
sending incremental file list

sent 51949 bytes  received 96 bytes  20818.00 bytes/sec
total size is 298268243  speedup is 5730.97
sending incremental file list

sent 20347 bytes  received 83 bytes  13620.00 bytes/sec
total size is 99184091  speedup is 4854.83
sending incremental file list
gofast/CHANTIERS/6_LANCEMENT_PDTS_Emeline/5_STANDARDS/Reco_lancement_projet_190614.xls

sent 12335 bytes  received 106 bytes  4976.40 bytes/sec
total size is 38638007  speedup is 3105.70
sending incremental file list

sent 7756 bytes  received 20 bytes  5184.00 bytes/sec
total size is 16755943  speedup is 2154.83
sending incremental file list

sent 7756 bytes  received 20 bytes  3110.40 bytes/sec
total size is 16755943  speedup is 2154.83
