Démarrage : mar mar 18 23:00:01 CET 2014
Arrêt     : mar mar 18 23:02:07 CET 2014



Base MySQL sélectionnée: agis
Nombre de serveur(s) Linux concerné(s): 4
Nombre de dossier(s) à mettre à jour: 27

sending incremental file list

sent 6426 bytes  received 46 bytes  4314.67 bytes/sec
total size is 11793414  speedup is 1822.22
sending incremental file list

sent 6067 bytes  received 37 bytes  4069.33 bytes/sec
total size is 12258686  speedup is 2008.30
sending incremental file list
erp_data.mdb

sent 8023730 bytes  received 64291 bytes  177758.70 bytes/sec
total size is 84160512  speedup is 10.41
sending incremental file list

sent 7538 bytes  received 45 bytes  5055.33 bytes/sec
total size is 9253358  speedup is 1220.28
sending incremental file list

sent 7695 bytes  received 20 bytes  5143.33 bytes/sec
total size is 16751789  speedup is 2171.33
sending incremental file list

sent 4308 bytes  received 24 bytes  2888.00 bytes/sec
total size is 6387982  speedup is 1474.60
sending incremental file list
mercuriales/MDD SURG/2014/2014 LDP SURGELE.xls
mercuriales/gms/2014/REGIONS  2014/SU R\#351gion AVRIL 2014.xls
mercuriales/mdd/2014/2014 MERCURIALE PROVERA.xls

sent 13324 bytes  received 5234 bytes  3374.18 bytes/sec
total size is 29511708  speedup is 1590.24
sending incremental file list

sent 5047 bytes  received 27 bytes  10148.00 bytes/sec
total size is 39173092  speedup is 7720.36
sending incremental file list
operations_commerciales/GMS/RECAP DEMANDE ET CONFIRMATIONS HEBDO.xls
operations_commerciales/MDD/OP MDD 2014/MDD CRF MKT 2014.xls

sent 49946 bytes  received 3872 bytes  15376.57 bytes/sec
total size is 47642626  speedup is 885.25
sending incremental file list

sent 19909 bytes  received 78 bytes  7994.80 bytes/sec
total size is 98672054  speedup is 4936.81
sending incremental file list

sent 3431 bytes  received 79 bytes  2340.00 bytes/sec
total size is 16655550  speedup is 4745.17
sending incremental file list

sent 9125 bytes  received 13 bytes  6092.00 bytes/sec
total size is 43767808  speedup is 4789.65
sending incremental file list

sent 5781 bytes  received 30 bytes  3874.00 bytes/sec
total size is 93132165  speedup is 16026.87
sending incremental file list
erp_data.mdb

sent 8023730 bytes  received 64291 bytes  190306.38 bytes/sec
total size is 84160512  speedup is 10.41
sending incremental file list

sent 7538 bytes  received 45 bytes  5055.33 bytes/sec
total size is 9253358  speedup is 1220.28
sending incremental file list

sent 4308 bytes  received 24 bytes  2888.00 bytes/sec
total size is 6387982  speedup is 1474.60
sending incremental file list

sent 7695 bytes  received 20 bytes  5143.33 bytes/sec
total size is 16751789  speedup is 2171.33
sending incremental file list

sent 85 bytes  received 13 bytes  65.33 bytes/sec
total size is 104853504  speedup is 1069933.71
sending incremental file list
operations_commerciales/GMS/RECAP DEMANDE ET CONFIRMATIONS HEBDO.xls
operations_commerciales/MDD/OP MDD 2014/MDD CRF MKT 2014.xls

sent 49946 bytes  received 3872 bytes  35878.67 bytes/sec
total size is 47642626  speedup is 885.25
sending incremental file list
mercuriales/MDD SURG/2014/2014 LDP SURGELE.xls
mercuriales/gms/2014/REGIONS  2014/SU R\#351gion AVRIL 2014.xls
mercuriales/mdd/2014/2014 MERCURIALE PROVERA.xls

sent 13324 bytes  received 5234 bytes  12372.00 bytes/sec
total size is 29511708  speedup is 1590.24
sending incremental file list

sent 9125 bytes  received 13 bytes  6092.00 bytes/sec
total size is 43767808  speedup is 4789.65
sending incremental file list

sent 6426 bytes  received 46 bytes  12944.00 bytes/sec
total size is 11793414  speedup is 1822.22
sending incremental file list

sent 5684 bytes  received 23 bytes  3804.67 bytes/sec
total size is 129152473  speedup is 22630.54
sending incremental file list

sent 5610 bytes  received 39 bytes  3766.00 bytes/sec
total size is 59049369  speedup is 10453.07
sending incremental file list

sent 50342 bytes  received 94 bytes  33624.00 bytes/sec
total size is 291345491  speedup is 5776.54
sending incremental file list

sent 19909 bytes  received 78 bytes  13324.67 bytes/sec
total size is 98672054  speedup is 4936.81
sending incremental file list

sent 3431 bytes  received 79 bytes  2340.00 bytes/sec
total size is 16655550  speedup is 4745.17
