Démarrage : mer oct  9 23:00:01 CEST 2013
Arrêt     : mer oct  9 23:00:43 CEST 2013



Base MySQL sélectionnée: agis
Nombre de serveur(s) Linux concerné(s): 4
Nombre de dossier(s) à mettre à jour: 24

sending incremental file list

sent 7598 bytes  received 20 bytes  15236.00 bytes/sec
total size is 16749755  speedup is 2198.71
sending incremental file list

sent 5555 bytes  received 45 bytes  3733.33 bytes/sec
total size is 9704312  speedup is 1732.91
sending incremental file list

sent 5686 bytes  received 34 bytes  3813.33 bytes/sec
total size is 11410700  speedup is 1994.88
sending incremental file list

sent 63 bytes  received 12 bytes  50.00 bytes/sec
total size is 78852096  speedup is 1051361.28
sending incremental file list

sent 7538 bytes  received 45 bytes  5055.33 bytes/sec
total size is 9253358  speedup is 1220.28
sending incremental file list

sent 7598 bytes  received 20 bytes  5078.67 bytes/sec
total size is 16749755  speedup is 2198.71
sending incremental file list

sent 4308 bytes  received 24 bytes  2888.00 bytes/sec
total size is 6387982  speedup is 1474.60
sending incremental file list
mercuriales/FZC/FZC 2013/THIRIET 2013.xls
mercuriales/gms/2013/CENTRALES 2013/CARREFOUR MN 2013.xls
mercuriales/gms/2013/CENTRALES 2013/INTERMARCHE 2013.xls
mercuriales/gms/2013/CENTRALES 2013/SIMPLY MARKET 2013.xls
mercuriales/gms/2014/
mercuriales/gms/2014/CENTRALES 2014/
mercuriales/gms/2014/CENTRALES 2014/INTERMARCHE 2014.xls
mercuriales/gms/2014/CENTRALES 2014/PLACE DU MARCHE 2014.xls
mercuriales/gms/2014/CENTRALES 2014/SIMPLY MARKET 2014.xls
mercuriales/gms/2014/CONTROLE TARIFS 2014/
mercuriales/gms/2014/REGIONS  2014/
mercuriales/mdd/2013/2013 MERCURIALE CARREFOUR ASIATIQUE.xls
mercuriales/mdd/2013/2013 MERCURIALE SCAMARK.xls

sent 405570 bytes  received 17030 bytes  93911.11 bytes/sec
total size is 34477687  speedup is 81.58
sending incremental file list

sent 5047 bytes  received 27 bytes  3382.67 bytes/sec
total size is 39173092  speedup is 7720.36
sending incremental file list
operations_commerciales/DEMANDE ECHANTILLONS CL .xls
operations_commerciales/chrono demande echantillons.xls
operations_commerciales/FZC/OP FZC 2013/FZC THIRIET 2013.xls
operations_commerciales/GMS/2014/A-CENTRALES/Copie de GMS GALEC 2014-FUTUR MASTER.xls
operations_commerciales/GMS/2014/A-CENTRALES/GMS AUCHAN 2014-FUTUR MASTER.xls
operations_commerciales/GMS/2014/A-CENTRALES/GMS CARREFOUR MARKET MN 2014-FUTUR MASTER.xls
operations_commerciales/GMS/2014/A-CENTRALES/GMS CARREFOUR MN 2014-FUTUR MASTER.xls
operations_commerciales/GMS/2014/A-CENTRALES/GMS CARREFOUR MN ASIE 2014-FUTUR MASTER.xls
operations_commerciales/GMS/2014/A-CENTRALES/GMS CASINO 2014-FUTUR MASTER.xls
operations_commerciales/GMS/2014/A-CENTRALES/GMS GALEC 2014-FUTUR MASTER.xls
operations_commerciales/GMS/2014/A-CENTRALES/GMS INTERMARCHE 2014-FUTUR MASTER.xls
operations_commerciales/GMS/2014/A-CENTRALES/GMS SIMPLY MARKET 2014-FUTUR MASTER.xls
operations_commerciales/GMS/2014/A-CENTRALES/GMS SYSTEME U 2014-FUTUR MASTER.xls
operations_commerciales/MDD/OP MDD 2013/MDD CRF MKT 2013 FUTUR MASTER.xls

sent 334074 bytes  received 45915 bytes  84442.00 bytes/sec
total size is 52208277  speedup is 137.39
sending incremental file list

sent 18506 bytes  received 80 bytes  12390.67 bytes/sec
total size is 41728031  speedup is 2245.13
sending incremental file list

sent 7556 bytes  received 13 bytes  5046.00 bytes/sec
total size is 34205315  speedup is 4519.13
sending incremental file list

sent 63 bytes  received 12 bytes  50.00 bytes/sec
total size is 78852096  speedup is 1051361.28
sending incremental file list

sent 7538 bytes  received 45 bytes  5055.33 bytes/sec
total size is 9253358  speedup is 1220.28
sending incremental file list

sent 4308 bytes  received 24 bytes  2888.00 bytes/sec
total size is 6387982  speedup is 1474.60
sending incremental file list

sent 7598 bytes  received 20 bytes  5078.67 bytes/sec
total size is 16749755  speedup is 2198.71
sending incremental file list

sent 85 bytes  received 13 bytes  65.33 bytes/sec
total size is 104853504  speedup is 1069933.71
sending incremental file list
operations_commerciales/DEMANDE ECHANTILLONS CL .xls
operations_commerciales/chrono demande echantillons.xls
operations_commerciales/FZC/OP FZC 2013/FZC THIRIET 2013.xls
operations_commerciales/GMS/2014/A-CENTRALES/Copie de GMS GALEC 2014-FUTUR MASTER.xls
operations_commerciales/GMS/2014/A-CENTRALES/GMS AUCHAN 2014-FUTUR MASTER.xls
operations_commerciales/GMS/2014/A-CENTRALES/GMS CARREFOUR MARKET MN 2014-FUTUR MASTER.xls
operations_commerciales/GMS/2014/A-CENTRALES/GMS CARREFOUR MN 2014-FUTUR MASTER.xls
operations_commerciales/GMS/2014/A-CENTRALES/GMS CARREFOUR MN ASIE 2014-FUTUR MASTER.xls
operations_commerciales/GMS/2014/A-CENTRALES/GMS CASINO 2014-FUTUR MASTER.xls
operations_commerciales/GMS/2014/A-CENTRALES/GMS GALEC 2014-FUTUR MASTER.xls
operations_commerciales/GMS/2014/A-CENTRALES/GMS INTERMARCHE 2014-FUTUR MASTER.xls
operations_commerciales/GMS/2014/A-CENTRALES/GMS SIMPLY MARKET 2014-FUTUR MASTER.xls
operations_commerciales/GMS/2014/A-CENTRALES/GMS SYSTEME U 2014-FUTUR MASTER.xls
operations_commerciales/MDD/OP MDD 2013/MDD CRF MKT 2013 FUTUR MASTER.xls

sent 334074 bytes  received 45915 bytes  108568.29 bytes/sec
total size is 52208277  speedup is 137.39
sending incremental file list
mercuriales/FZC/FZC 2013/THIRIET 2013.xls
mercuriales/gms/2013/CENTRALES 2013/CARREFOUR MN 2013.xls
mercuriales/gms/2013/CENTRALES 2013/INTERMARCHE 2013.xls
mercuriales/gms/2013/CENTRALES 2013/SIMPLY MARKET 2013.xls
mercuriales/gms/2014/
mercuriales/gms/2014/CENTRALES 2014/
mercuriales/gms/2014/CENTRALES 2014/INTERMARCHE 2014.xls
mercuriales/gms/2014/CENTRALES 2014/PLACE DU MARCHE 2014.xls
mercuriales/gms/2014/CENTRALES 2014/SIMPLY MARKET 2014.xls
mercuriales/gms/2014/CONTROLE TARIFS 2014/
mercuriales/gms/2014/REGIONS  2014/
mercuriales/mdd/2013/2013 MERCURIALE CARREFOUR ASIATIQUE.xls
mercuriales/mdd/2013/2013 MERCURIALE SCAMARK.xls

sent 405570 bytes  received 17030 bytes  93911.11 bytes/sec
total size is 34477687  speedup is 81.58
sending incremental file list

sent 5555 bytes  received 45 bytes  11200.00 bytes/sec
total size is 9704312  speedup is 1732.91
sending incremental file list

sent 5618 bytes  received 23 bytes  3760.67 bytes/sec
total size is 128644085  speedup is 22805.19
sending incremental file list

sent 4707 bytes  received 36 bytes  3162.00 bytes/sec
total size is 46318934  speedup is 9765.75
sending incremental file list

sent 46046 bytes  received 86 bytes  30754.67 bytes/sec
total size is 274282579  speedup is 5945.60
sending incremental file list
