Démarrage : mar fév 11 23:00:01 CET 2014
Arrêt     : mar fév 11 23:02:47 CET 2014



Base MySQL sélectionnée: agis
Nombre de serveur(s) Linux concerné(s): 4
Nombre de dossier(s) à mettre à jour: 26

sending incremental file list

sent 5876 bytes  received 45 bytes  2368.40 bytes/sec
total size is 11123363  speedup is 1878.63
sending incremental file list

sent 5991 bytes  received 37 bytes  4018.67 bytes/sec
total size is 12050302  speedup is 1999.05
sending incremental file list
erp_data.mdb

sent 7806130 bytes  received 64291 bytes  176863.39 bytes/sec
total size is 84160512  speedup is 10.69
sending incremental file list

sent 7538 bytes  received 45 bytes  5055.33 bytes/sec
total size is 9253358  speedup is 1220.28
sending incremental file list

sent 7695 bytes  received 20 bytes  3086.00 bytes/sec
total size is 16751789  speedup is 2171.33
sending incremental file list

sent 4308 bytes  received 24 bytes  2888.00 bytes/sec
total size is 6387982  speedup is 1474.60
sending incremental file list
mercuriales/FZC/FZC 2014/PICARD 2014.xls
mercuriales/FZC/FZC 2014/THIRIET 2014.xls
mercuriales/HD/2014/2014 MERCURIALE DIA.xls
mercuriales/mdd/2014/2014 MERCURIALE AUCHAN.xls

sent 32212 bytes  received 2546 bytes  3658.74 bytes/sec
total size is 27325032  speedup is 786.15
sending incremental file list

sent 5047 bytes  received 27 bytes  3382.67 bytes/sec
total size is 39173092  speedup is 7720.36
sending incremental file list
operations_commerciales/chrono demande echantillons.xls
operations_commerciales/FZC/OP FZC 2014/FZC THIRIET 2014.xls
operations_commerciales/MDD/MODELES CJ/AUCHAN ATAC SCHIEVER/CONF OP/2014/CONFIRMATION OPERATION AUCHAN AVRIL 1 T2.xls
operations_commerciales/MDD/MODELES CJ/AUCHAN ATAC SCHIEVER/CONF OP/2014/CONFIRMATION OPERATION AUCHAN AVRIL 3 T2.xls
operations_commerciales/MDD/MODELES CJ/AUCHAN ATAC SCHIEVER/CONF OP/2014/CONFIRMATION OPERATION AUCHAN MAI 3 T2.xls
operations_commerciales/MDD/MODELES CJ/AUCHAN ATAC SCHIEVER/DDE ECHANTILLONS/2014/DEMANDE ECHANTILLONS AUCHAN 70.xls
operations_commerciales/MDD/MODELES CJ/PROVERA/Chrono 71 AGENCE EPSILON.XLS
operations_commerciales/MDD/MODELES CJ/PROVERA/Chrono 72 AGENCE EPSILON.XLS
operations_commerciales/MDD/MODELES CJ/PROVERA/Chrono 75 MATCH.XLS
operations_commerciales/MDD/MODELES CJ/PROVERA/Chrono 76 MATCH.XLS
operations_commerciales/MDD/MODELES CJ/PROVERA/Chrono 77 MATCH.XLS
operations_commerciales/MDD/MODELES CJ/PROVERA/CONF OPES CORA MATCH/2013/MATCH/CONFIRMATION 2014-20 JUSQU'\#300 100% REMBOURSE SUR LE 2D.xls
operations_commerciales/MDD/MODELES CJ/PROVERA/CONF OPES CORA MATCH/2014/CORA/CONFIRMATION OPERATION_CORA2014-21-10975-FOIRE BIERETRAFICMDD 2EME 50% bis.xls
operations_commerciales/MDD/MODELES CJ/PROVERA/CONF OPES CORA MATCH/2014/CORA/CONFIRMATION OPERATION_CORA2014-21-10975-FOIRE BIERETRAFICMDD 2EME 50%.xls
operations_commerciales/MDD/MODELES CJ/PROVERA/CONF OPES CORA MATCH/2014/MATCH/CONFIRMATION 2014-20 JUSQU'\#300 100% REMBOURSE SUR LE 2D.xls
operations_commerciales/MDD/MODELES CJ/PROVERA/CONF OPES CORA MATCH/2014/MATCH/CONFIRMATION 2014-2999 SUPERMAG MAI.xls
operations_commerciales/MDD/MODELES CJ/PROVERA/CONF OPES CORA MATCH/2014/MATCH/CONFIRMATION OPERATION_MATCH 2014-3037-SUPERMAG JUIN.xls
operations_commerciales/MDD/OP MDD 2014/MDD CORA 2014.xls
operations_commerciales/MDD/OP MDD 2014/MDD GROUPE AUCHAN 2014.xls
operations_commerciales/MDD/OP MDD 2014/MDD MATCH 2014.xls

sent 368301 bytes  received 7297 bytes  44188.00 bytes/sec
total size is 45556645  speedup is 121.29
sending incremental file list

sent 19821 bytes  received 78 bytes  13266.00 bytes/sec
total size is 98390370  speedup is 4944.49
sending incremental file list
gofast/CHANTIERS/1_CNP_DELEGATION_Cecile/CNP_fonctionnement_CR_030214.doc
gofast/CHANTIERS/1_CNP_DELEGATION_Cecile/1_EQUIPE/Equipe_200114.JPG
gofast/CHANTIERS/1_CNP_DELEGATION_Cecile/4_GEMBA/Bilan_CNP_1ersem13.doc
gofast/CHANTIERS/1_CNP_DELEGATION_Cecile/DDD/DDD_ESPRI_CABILLAUD.doc
gofast/CHANTIERS/1_CNP_DELEGATION_Cecile/NOTATION_DDD/NOTATION_DDD_310114.xls
gofast/CHANTIERS/1_CNP_DELEGATION_Cecile/PLANNING_DVPT/
gofast/CHANTIERS/2_FTK_CLIENTS_Mathieu/1_EQUIPE/
gofast/CHANTIERS/2_FTK_CLIENTS_Mathieu/2_DEFIS/
gofast/CHANTIERS/2_FTK_CLIENTS_Mathieu/3_OBJECTIFS/
gofast/CHANTIERS/2_FTK_CLIENTS_Mathieu/4_GEMBA/
gofast/CHANTIERS/2_FTK_CLIENTS_Mathieu/5_STANDARDS/
gofast/CHANTIERS/2_FTK_CLIENTS_Mathieu/6_BILAN/
gofast/CHANTIERS/3_FTA_Boris/1_EQUIPE/
gofast/CHANTIERS/3_FTA_Boris/2_DEFIS/
gofast/CHANTIERS/3_FTA_Boris/3_OBJECTIFS/
gofast/CHANTIERS/3_FTA_Boris/4_GEMBA/
gofast/CHANTIERS/3_FTA_Boris/5_STANDARDS/
gofast/CHANTIERS/3_FTA_Boris/6_BILAN/
gofast/CHANTIERS/4_COTATION_Benjamin/1_EQUIPE/
gofast/CHANTIERS/4_COTATION_Benjamin/2_DEFIS/
gofast/CHANTIERS/4_COTATION_Benjamin/3_OBJECTIFS/
gofast/CHANTIERS/4_COTATION_Benjamin/4_GEMBA/
gofast/CHANTIERS/4_COTATION_Benjamin/5_STANDARDS/
gofast/CHANTIERS/4_COTATION_Benjamin/6_BILAN/
gofast/CHANTIERS/5_PROCESS_Vincent/1_EQUIPE/
gofast/CHANTIERS/5_PROCESS_Vincent/2_DEFIS/
gofast/CHANTIERS/5_PROCESS_Vincent/3_OBJECTIFS/
gofast/CHANTIERS/5_PROCESS_Vincent/4_GEMBA/
gofast/CHANTIERS/5_PROCESS_Vincent/5_STANDARDS/
gofast/CHANTIERS/5_PROCESS_Vincent/6_BILAN/
gofast/CHANTIERS/6_LANCEMENT_PDTS_Emeline/1_EQUIPE/
gofast/CHANTIERS/6_LANCEMENT_PDTS_Emeline/2_DEFIS/
gofast/CHANTIERS/6_LANCEMENT_PDTS_Emeline/3_OBJECTIFS/
gofast/CHANTIERS/6_LANCEMENT_PDTS_Emeline/4_GEMBA/
gofast/CHANTIERS/6_LANCEMENT_PDTS_Emeline/5_STANDARDS/
gofast/CHANTIERS/6_LANCEMENT_PDTS_Emeline/6_BILAN/
gofast/CHANTIERS/7_DONNEES_R&D_Morgane/1_EQUIPE/
gofast/CHANTIERS/7_DONNEES_R&D_Morgane/2_DEFIS/
gofast/CHANTIERS/7_DONNEES_R&D_Morgane/3_OBJECTIFS/
gofast/CHANTIERS/7_DONNEES_R&D_Morgane/4_GEMBA/
gofast/CHANTIERS/7_DONNEES_R&D_Morgane/5_STANDARDS/
gofast/CHANTIERS/7_DONNEES_R&D_Morgane/6_BILAN/
gofast/CHANTIERS/8_ADVITIUM_Cecile/1_EQUIPE/
gofast/CHANTIERS/8_ADVITIUM_Cecile/2_DEFIS/
gofast/CHANTIERS/8_ADVITIUM_Cecile/3_OBJECTIFS/
gofast/CHANTIERS/8_ADVITIUM_Cecile/4_GEMBA/
gofast/CHANTIERS/8_ADVITIUM_Cecile/5_STANDARDS/
gofast/CHANTIERS/8_ADVITIUM_Cecile/6_BILAN/
gofast/INFORMATIONS_GENERALES/1_GOFAST_pres_projet_280114.ppt
gofast/INFORMATIONS_GENERALES/MEMO_chantier_100114.doc
gofast/INFORMATIONS_GENERALES/5S_exemples_AGIS/
gofast/PLANNING_GENERAL/Planning_equipes_GOFAST_valide.xls

sent 4956507 bytes  received 361 bytes  187051.62 bytes/sec
total size is 7488812  speedup is 1.51
sending incremental file list
modeles/compo_agis_sans_portion-v1.lab
modeles/compo_agis_sans_portion-v1_180.lab
modeles/compo_pc_individuel_fef-2014_180.lab
modeles/compo_pc_top_chef_auchan.lab
modeles/compo_pc_top_chef_auchan_180.lab

sent 61972 bytes  received 8184 bytes  20044.57 bytes/sec
total size is 33674752  speedup is 480.00
sending incremental file list
erp_data.mdb

sent 7806130 bytes  received 64291 bytes  185186.38 bytes/sec
total size is 84160512  speedup is 10.69
sending incremental file list

sent 7538 bytes  received 45 bytes  5055.33 bytes/sec
total size is 9253358  speedup is 1220.28
sending incremental file list

sent 4308 bytes  received 24 bytes  2888.00 bytes/sec
total size is 6387982  speedup is 1474.60
sending incremental file list

sent 7695 bytes  received 20 bytes  5143.33 bytes/sec
total size is 16751789  speedup is 2171.33
sending incremental file list

sent 85 bytes  received 13 bytes  65.33 bytes/sec
total size is 104853504  speedup is 1069933.71
sending incremental file list
operations_commerciales/chrono demande echantillons.xls
operations_commerciales/FZC/OP FZC 2014/FZC THIRIET 2014.xls
operations_commerciales/MDD/MODELES CJ/AUCHAN ATAC SCHIEVER/CONF OP/2014/CONFIRMATION OPERATION AUCHAN AVRIL 1 T2.xls
operations_commerciales/MDD/MODELES CJ/AUCHAN ATAC SCHIEVER/CONF OP/2014/CONFIRMATION OPERATION AUCHAN AVRIL 3 T2.xls
operations_commerciales/MDD/MODELES CJ/AUCHAN ATAC SCHIEVER/CONF OP/2014/CONFIRMATION OPERATION AUCHAN MAI 3 T2.xls
operations_commerciales/MDD/MODELES CJ/AUCHAN ATAC SCHIEVER/DDE ECHANTILLONS/2014/DEMANDE ECHANTILLONS AUCHAN 70.xls
operations_commerciales/MDD/MODELES CJ/PROVERA/Chrono 71 AGENCE EPSILON.XLS
operations_commerciales/MDD/MODELES CJ/PROVERA/Chrono 72 AGENCE EPSILON.XLS
operations_commerciales/MDD/MODELES CJ/PROVERA/Chrono 75 MATCH.XLS
operations_commerciales/MDD/MODELES CJ/PROVERA/Chrono 76 MATCH.XLS
operations_commerciales/MDD/MODELES CJ/PROVERA/Chrono 77 MATCH.XLS
operations_commerciales/MDD/MODELES CJ/PROVERA/CONF OPES CORA MATCH/2013/MATCH/CONFIRMATION 2014-20 JUSQU'\#300 100% REMBOURSE SUR LE 2D.xls
operations_commerciales/MDD/MODELES CJ/PROVERA/CONF OPES CORA MATCH/2014/CORA/CONFIRMATION OPERATION_CORA2014-21-10975-FOIRE BIERETRAFICMDD 2EME 50% bis.xls
operations_commerciales/MDD/MODELES CJ/PROVERA/CONF OPES CORA MATCH/2014/CORA/CONFIRMATION OPERATION_CORA2014-21-10975-FOIRE BIERETRAFICMDD 2EME 50%.xls
operations_commerciales/MDD/MODELES CJ/PROVERA/CONF OPES CORA MATCH/2014/MATCH/CONFIRMATION 2014-20 JUSQU'\#300 100% REMBOURSE SUR LE 2D.xls
operations_commerciales/MDD/MODELES CJ/PROVERA/CONF OPES CORA MATCH/2014/MATCH/CONFIRMATION 2014-2999 SUPERMAG MAI.xls
operations_commerciales/MDD/MODELES CJ/PROVERA/CONF OPES CORA MATCH/2014/MATCH/CONFIRMATION OPERATION_MATCH 2014-3037-SUPERMAG JUIN.xls
operations_commerciales/MDD/OP MDD 2014/MDD CORA 2014.xls
operations_commerciales/MDD/OP MDD 2014/MDD GROUPE AUCHAN 2014.xls
operations_commerciales/MDD/OP MDD 2014/MDD MATCH 2014.xls

sent 368301 bytes  received 7297 bytes  83466.22 bytes/sec
total size is 45556645  speedup is 121.29
sending incremental file list
mercuriales/FZC/FZC 2014/PICARD 2014.xls
mercuriales/FZC/FZC 2014/THIRIET 2014.xls
mercuriales/HD/2014/2014 MERCURIALE DIA.xls
mercuriales/mdd/2014/2014 MERCURIALE AUCHAN.xls

sent 32212 bytes  received 2546 bytes  23172.00 bytes/sec
total size is 27325032  speedup is 786.15
sending incremental file list
modeles/compo_agis_sans_portion-v1.lab
modeles/compo_agis_sans_portion-v1_180.lab
modeles/compo_pc_individuel_fef-2014_180.lab
modeles/compo_pc_top_chef_auchan.lab
modeles/compo_pc_top_chef_auchan_180.lab

sent 61972 bytes  received 8184 bytes  46770.67 bytes/sec
total size is 33674752  speedup is 480.00
sending incremental file list

sent 5876 bytes  received 45 bytes  3947.33 bytes/sec
total size is 11123363  speedup is 1878.63
sending incremental file list

sent 5677 bytes  received 23 bytes  11400.00 bytes/sec
total size is 128675317  speedup is 22574.62
sending incremental file list

sent 5353 bytes  received 38 bytes  3594.00 bytes/sec
total size is 56169881  speedup is 10419.20
sending incremental file list

sent 50143 bytes  received 94 bytes  33491.33 bytes/sec
total size is 290468947  speedup is 5781.97
sending incremental file list

sent 19821 bytes  received 78 bytes  7959.60 bytes/sec
total size is 98390370  speedup is 4944.49
sending incremental file list

sent 2645 bytes  received 77 bytes  1814.67 bytes/sec
total size is 7488812  speedup is 2751.22
