Démarrage : jeu jui 31 23:00:01 CEST 2014
Arrêt     : jeu jui 31 23:00:50 CEST 2014



Base MySQL sélectionnée: agis
Nombre de serveur(s) Linux concerné(s): 4
Nombre de dossier(s) à mettre à jour: 29

sending incremental file list

sent 7292 bytes  received 49 bytes  4894.00 bytes/sec
total size is 13584181  speedup is 1850.45
sending incremental file list
suivi_investissement/2014-2015/Suivi investissements AVI 2014 2015.xls

sent 17583 bytes  received 2757 bytes  13560.00 bytes/sec
total size is 12454871  speedup is 612.33
sending incremental file list

sent 63 bytes  received 12 bytes  50.00 bytes/sec
total size is 145690624  speedup is 1942541.65
sending incremental file list

sent 7593 bytes  received 45 bytes  5092.00 bytes/sec
total size is 9254930  speedup is 1211.70
sending incremental file list

sent 7898 bytes  received 20 bytes  5278.67 bytes/sec
total size is 16766350  speedup is 2117.50
sending incremental file list

sent 4308 bytes  received 24 bytes  8664.00 bytes/sec
total size is 6387982  speedup is 1474.60
sending incremental file list
mercuriales/MERCURIALES - AGIS/gms/2014/REGIONS  2014/GALEC REGION MERCU AOUT 2014.xls
mercuriales/MERCURIALES - AGIS/gms/2014/REGIONS  2014/SCHIEVER MERCU 2014.xls
mercuriales/MERCURIALES - MARIE/2014/2014 MERCURIALES AUCHAN MARIE.xls

sent 27586 bytes  received 11475 bytes  26040.67 bytes/sec
total size is 37243206  speedup is 953.46
sending incremental file list

sent 5047 bytes  received 27 bytes  3382.67 bytes/sec
total size is 39173092  speedup is 7720.36
sending incremental file list
operations_commerciales/chrono demande echantillons.xls
operations_commerciales/GMS/2014/B-CONFIRMATIONS OPERATIONS/AUCHAN/2014 AUCHAN OP 25 JOURS 1.xls
operations_commerciales/GMS/2014/B-CONFIRMATIONS OPERATIONS/AUCHAN/2014 AUCHAN OP 25 JOURS 2.xls
operations_commerciales/GMS/2014/B-CONFIRMATIONS OPERATIONS/AUCHAN/2014 AUCHAN OP NOVEMBRE 5.xls
operations_commerciales/GMS/2014/B-CONFIRMATIONS OPERATIONS/AUCHAN/AUCHAN OP 25 JOURS 1 du 29.10 au 04.11.14.pdf
operations_commerciales/GMS/2014/B-CONFIRMATIONS OPERATIONS/AUCHAN/AUCHAN OP 25 JOURS 2 du 5 au 11.11.14.pdf
operations_commerciales/GMS/2014/B-CONFIRMATIONS OPERATIONS/AUCHAN/AUCHAN OP NOVEMBRE 5 du 26.11 au 02.12.14.pdf
operations_commerciales/GMS/2014/D-REGIONS/GMS LECLERC 2014-FUTUR MASTER.xls
operations_commerciales/GMS/2014/D-REGIONS/GMS SCHIEVER 2014-FUTUR MASTER.xls
operations_commerciales/MDD/OP MDD 2014/HD NETTO 2014.xls
operations_commerciales/MDD/OP MDD 2014/MDD CASINO 2014.xls
operations_commerciales/MDD/OP MDD 2014/MDD ITM 2014 .xls
operations_commerciales/MDD/OP MDD 2014/MDD PLACE DU MARCHE 2014.xls

sent 557680 bytes  received 12429 bytes  126690.89 bytes/sec
total size is 56652982  speedup is 99.37
sending incremental file list

sent 20406 bytes  received 83 bytes  13659.33 bytes/sec
total size is 99360776  speedup is 4849.47
sending incremental file list
gofast/sync.ffs_db

sent 9574 bytes  received 148 bytes  6481.33 bytes/sec
total size is 52693702  speedup is 5420.05
sending incremental file list

sent 8894 bytes  received 13 bytes  5938.00 bytes/sec
total size is 43580416  speedup is 4892.83
sending incremental file list

sent 5781 bytes  received 30 bytes  3874.00 bytes/sec
total size is 92829061  speedup is 15974.71
sending incremental file list

sent 63 bytes  received 12 bytes  150.00 bytes/sec
total size is 145690624  speedup is 1942541.65
sending incremental file list

sent 7593 bytes  received 45 bytes  15276.00 bytes/sec
total size is 9254930  speedup is 1211.70
sending incremental file list

sent 4308 bytes  received 24 bytes  8664.00 bytes/sec
total size is 6387982  speedup is 1474.60
sending incremental file list

sent 7898 bytes  received 20 bytes  5278.67 bytes/sec
total size is 16766350  speedup is 2117.50
sending incremental file list

sent 85 bytes  received 13 bytes  65.33 bytes/sec
total size is 104853504  speedup is 1069933.71
sending incremental file list
operations_commerciales/chrono demande echantillons.xls
operations_commerciales/GMS/2014/B-CONFIRMATIONS OPERATIONS/AUCHAN/2014 AUCHAN OP 25 JOURS 1.xls
operations_commerciales/GMS/2014/B-CONFIRMATIONS OPERATIONS/AUCHAN/2014 AUCHAN OP 25 JOURS 2.xls
operations_commerciales/GMS/2014/B-CONFIRMATIONS OPERATIONS/AUCHAN/2014 AUCHAN OP NOVEMBRE 5.xls
operations_commerciales/GMS/2014/B-CONFIRMATIONS OPERATIONS/AUCHAN/AUCHAN OP 25 JOURS 1 du 29.10 au 04.11.14.pdf
operations_commerciales/GMS/2014/B-CONFIRMATIONS OPERATIONS/AUCHAN/AUCHAN OP 25 JOURS 2 du 5 au 11.11.14.pdf
operations_commerciales/GMS/2014/B-CONFIRMATIONS OPERATIONS/AUCHAN/AUCHAN OP NOVEMBRE 5 du 26.11 au 02.12.14.pdf
operations_commerciales/GMS/2014/D-REGIONS/GMS LECLERC 2014-FUTUR MASTER.xls
operations_commerciales/GMS/2014/D-REGIONS/GMS SCHIEVER 2014-FUTUR MASTER.xls
operations_commerciales/MDD/OP MDD 2014/HD NETTO 2014.xls
operations_commerciales/MDD/OP MDD 2014/MDD CASINO 2014.xls
operations_commerciales/MDD/OP MDD 2014/MDD ITM 2014 .xls
operations_commerciales/MDD/OP MDD 2014/MDD PLACE DU MARCHE 2014.xls

sent 557680 bytes  received 12429 bytes  126690.89 bytes/sec
total size is 56652982  speedup is 99.37
sending incremental file list
mercuriales/MERCURIALES - AGIS/gms/2014/REGIONS  2014/GALEC REGION MERCU AOUT 2014.xls
mercuriales/MERCURIALES - AGIS/gms/2014/REGIONS  2014/SCHIEVER MERCU 2014.xls
mercuriales/MERCURIALES - MARIE/2014/2014 MERCURIALES AUCHAN MARIE.xls

sent 27586 bytes  received 11475 bytes  26040.67 bytes/sec
total size is 37243206  speedup is 953.46
sending incremental file list

sent 8894 bytes  received 13 bytes  5938.00 bytes/sec
total size is 43580416  speedup is 4892.83
sending incremental file list

sent 7292 bytes  received 49 bytes  14682.00 bytes/sec
total size is 13584181  speedup is 1850.45
sending incremental file list

sent 5745 bytes  received 23 bytes  3845.33 bytes/sec
total size is 129159129  speedup is 22392.36
sending incremental file list

sent 5610 bytes  received 39 bytes  3766.00 bytes/sec
total size is 59049369  speedup is 10453.07
sending incremental file list

sent 52293 bytes  received 97 bytes  34926.67 bytes/sec
total size is 299707475  speedup is 5720.70
sending incremental file list

sent 20406 bytes  received 83 bytes  8195.60 bytes/sec
total size is 99360776  speedup is 4849.47
sending incremental file list
gofast/sync.ffs_db

sent 9574 bytes  received 148 bytes  2777.71 bytes/sec
total size is 52693702  speedup is 5420.05
sending incremental file list

sent 7898 bytes  received 20 bytes  3167.20 bytes/sec
total size is 16766350  speedup is 2117.50
sending incremental file list

sent 7898 bytes  received 20 bytes  5278.67 bytes/sec
total size is 16766350  speedup is 2117.50
