Démarrage : mar mai 27 23:00:01 CEST 2014
Arrêt     : mar mai 27 23:02:30 CEST 2014



Base MySQL sélectionnée: agis
Nombre de serveur(s) Linux concerné(s): 4
Nombre de dossier(s) à mettre à jour: 29

sending incremental file list

sent 7070 bytes  received 49 bytes  4746.00 bytes/sec
total size is 12774593  speedup is 1794.44
sending incremental file list

sent 6279 bytes  received 38 bytes  1804.86 bytes/sec
total size is 12442583  speedup is 1969.70
sending incremental file list
erp_data.mdb

sent 8207478 bytes  received 65747 bytes  170581.96 bytes/sec
total size is 88092672  speedup is 10.65
sending incremental file list

sent 7538 bytes  received 45 bytes  5055.33 bytes/sec
total size is 9253358  speedup is 1220.28
sending incremental file list

sent 7756 bytes  received 20 bytes  3110.40 bytes/sec
total size is 16755943  speedup is 2154.83
sending incremental file list

sent 4308 bytes  received 24 bytes  2888.00 bytes/sec
total size is 6387982  speedup is 1474.60
sending incremental file list
deleting mercuriales/sync.ffs_lock
mercuriales/sync.ffs_db
mercuriales/FZC/FZC 2014/ARGEL 2014.xls
mercuriales/FZC/FZC 2014/TOUPARGEL 2014.xls
mercuriales/HD/2014/2014  MERCURIALE ALDI.xls
mercuriales/gms/2014/REGIONS  2014/GALEC REGION MERCU JUIN 2014.xls
mercuriales/mdd/2014/2014 MERCURIALE CARREFOUR ASIATIQUE.xls

sent 43371 bytes  received 7667 bytes  7852.00 bytes/sec
total size is 32513055  speedup is 637.04
sending incremental file list

sent 5047 bytes  received 27 bytes  3382.67 bytes/sec
total size is 39173092  speedup is 7720.36
sending incremental file list
operations_commerciales/chrono demande echantillons.xls

sent 211509 bytes  received 5511 bytes  28936.00 bytes/sec
total size is 51245467  speedup is 236.13
sending incremental file list

sent 20296 bytes  received 83 bytes  5822.57 bytes/sec
total size is 99065320  speedup is 4861.15
sending incremental file list

sent 4380 bytes  received 82 bytes  1784.80 bytes/sec
total size is 35609223  speedup is 7980.55
sending incremental file list
modeles/compo_pc_saveur_minute_recto_180_surgele.lab
modeles/compo_pc_saveur_minute_verso_180_surgele.lab

sent 34054 bytes  received 2523 bytes  14630.80 bytes/sec
total size is 48242176  speedup is 1318.92
sending incremental file list

sent 5781 bytes  received 30 bytes  3874.00 bytes/sec
total size is 93132165  speedup is 16026.87
sending incremental file list
erp_data.mdb

sent 8207478 bytes  received 65747 bytes  185915.17 bytes/sec
total size is 88092672  speedup is 10.65
sending incremental file list

sent 7538 bytes  received 45 bytes  5055.33 bytes/sec
total size is 9253358  speedup is 1220.28
sending incremental file list

sent 4308 bytes  received 24 bytes  2888.00 bytes/sec
total size is 6387982  speedup is 1474.60
sending incremental file list

sent 7756 bytes  received 20 bytes  5184.00 bytes/sec
total size is 16755943  speedup is 2154.83
sending incremental file list

sent 85 bytes  received 13 bytes  65.33 bytes/sec
total size is 104853504  speedup is 1069933.71
sending incremental file list
operations_commerciales/chrono demande echantillons.xls

sent 211509 bytes  received 5511 bytes  62005.71 bytes/sec
total size is 51245467  speedup is 236.13
sending incremental file list
deleting mercuriales/sync.ffs_lock
mercuriales/sync.ffs_db
mercuriales/FZC/FZC 2014/ARGEL 2014.xls
mercuriales/FZC/FZC 2014/TOUPARGEL 2014.xls
mercuriales/HD/2014/2014  MERCURIALE ALDI.xls
mercuriales/gms/2014/REGIONS  2014/GALEC REGION MERCU JUIN 2014.xls
mercuriales/mdd/2014/2014 MERCURIALE CARREFOUR ASIATIQUE.xls

sent 43371 bytes  received 7667 bytes  34025.33 bytes/sec
total size is 32513055  speedup is 637.04
sending incremental file list
modeles/compo_asia_plateau_aperitif_verso.lab
modeles/compo_pc_saveur_minute_recto_180_surgele.lab
modeles/compo_pc_saveur_minute_verso_180_surgele.lab

sent 76980 bytes  received 4270 bytes  54166.67 bytes/sec
total size is 48242176  speedup is 593.75
sending incremental file list

sent 7070 bytes  received 49 bytes  4746.00 bytes/sec
total size is 12774593  speedup is 1794.44
sending incremental file list

sent 5729 bytes  received 23 bytes  3834.67 bytes/sec
total size is 129159129  speedup is 22454.65
sending incremental file list

sent 5610 bytes  received 39 bytes  3766.00 bytes/sec
total size is 59049369  speedup is 10453.07
sending incremental file list
codesoft/Codesoft 7/Codes Produits/79964_recto.bak
codesoft/Codesoft 7/Codes Produits/79964_recto.lab
codesoft/Codesoft 7/Codes Produits/79964_verso.bak.bak
codesoft/Codesoft 7/Codes Produits/79964_verso.bak.lab
codesoft/Codesoft 7/Codes Produits/79965_recto.bak
codesoft/Codesoft 7/Codes Produits/79965_recto.lab
codesoft/Codesoft 7/Codes Produits/79965_verso.bak
codesoft/Codesoft 7/Codes Produits/79965_verso.lab
codesoft/Codesoft 7/Codes Produits/79966_recto.bak
codesoft/Codesoft 7/Codes Produits/79966_recto.lab
codesoft/Codesoft 7/Codes Produits/79966_verso.bak
codesoft/Codesoft 7/Codes Produits/79966_verso.lab
codesoft/Codesoft 7/Codes Produits/79979_recto.bak
codesoft/Codesoft 7/Codes Produits/79979_recto.lab
codesoft/Codesoft 7/Codes Produits/79979_verso.bak
codesoft/Codesoft 7/Codes Produits/79979_verso.lab

sent 285269 bytes  received 401 bytes  114268.00 bytes/sec
total size is 296409683  speedup is 1037.59
sending incremental file list

sent 20296 bytes  received 83 bytes  8151.60 bytes/sec
total size is 99065320  speedup is 4861.15
sending incremental file list

sent 4380 bytes  received 82 bytes  1784.80 bytes/sec
total size is 35609223  speedup is 7980.55
sending incremental file list

sent 7756 bytes  received 20 bytes  5184.00 bytes/sec
total size is 16755943  speedup is 2154.83
sending incremental file list

sent 7756 bytes  received 20 bytes  5184.00 bytes/sec
total size is 16755943  speedup is 2154.83
