Démarrage : lun jui 21 23:00:01 CEST 2014
Arrêt     : lun jui 21 23:02:20 CEST 2014



Base MySQL sélectionnée: agis
Nombre de serveur(s) Linux concerné(s): 4
Nombre de dossier(s) à mettre à jour: 29

sending incremental file list

sent 7280 bytes  received 49 bytes  4886.00 bytes/sec
total size is 13584181  speedup is 1853.48
sending incremental file list

sent 6283 bytes  received 38 bytes  4214.00 bytes/sec
total size is 12444119  speedup is 1968.69
sending incremental file list

sent 63 bytes  received 12 bytes  50.00 bytes/sec
total size is 90648576  speedup is 1208647.68
sending incremental file list

sent 7593 bytes  received 45 bytes  5092.00 bytes/sec
total size is 9254930  speedup is 1211.70
sending incremental file list

sent 7814 bytes  received 20 bytes  5222.67 bytes/sec
total size is 16759466  speedup is 2139.32
sending incremental file list

sent 4308 bytes  received 24 bytes  8664.00 bytes/sec
total size is 6387982  speedup is 1474.60
sending incremental file list
mercuriales/Nouveau Document texte.txt
mercuriales/sync.ffs_db
mercuriales/sync.ffs_lock
mercuriales/EXPORT/
mercuriales/EXPORT/2014/
mercuriales/EXPORT/2014/CLIENTS/
mercuriales/EXPORT/2014/CLIENTS/MATCH BELUX 2014.xls
mercuriales/EXPORT/2014/CONTROLE DES TARIFS/
mercuriales/EXPORT/2014/CONTROLE DES TARIFS/MATCH BELUX 12-05-2014.pdf
mercuriales/EXPORT/2014/CONTROLE DES TARIFS/MATCH BELUX PRODUITS MDD.pdf
mercuriales/EXPORT/X-ARCHIVES/
mercuriales/EXPORT/X-ARCHIVES/2010/
mercuriales/EXPORT/X-ARCHIVES/2010/ALVILARDAN 2010.xls
mercuriales/EXPORT/X-ARCHIVES/2010/CHAMPION MESTDAGH 2010.xls
mercuriales/EXPORT/X-ARCHIVES/2010/HEMA 2010.xls
mercuriales/EXPORT/X-ARCHIVES/2010/PHENE 2010.xls
mercuriales/EXPORT/X-ARCHIVES/2010/PROVERA BELUX 2010.xls
mercuriales/EXPORT/X-ARCHIVES/2010/SANTA MARIA 2010.xls
mercuriales/EXPORT/X-ARCHIVES/2011/
mercuriales/EXPORT/X-ARCHIVES/2011/ALVILARDAN 2011.xls
mercuriales/EXPORT/X-ARCHIVES/2011/HEMA 2011.xls
mercuriales/EXPORT/X-ARCHIVES/2011/MATCH BELUX 2011.xls
mercuriales/EXPORT/X-ARCHIVES/2011/PHENE 2011.xls
mercuriales/EXPORT/X-ARCHIVES/2011/SANTA MARIA 2011.xls
mercuriales/EXPORT/X-ARCHIVES/2012/
mercuriales/EXPORT/X-ARCHIVES/2012/ALVILARDAN 2012.xls
mercuriales/EXPORT/X-ARCHIVES/2012/MATCH BELUX 2012.xls
mercuriales/EXPORT/X-ARCHIVES/2012/PHENE 2012.xls
mercuriales/EXPORT/X-ARCHIVES/2012/CONTROLE TARIF/
mercuriales/EXPORT/X-ARCHIVES/2012/CONTROLE TARIF/ALVILARDAN 02-04-2012 .doc
mercuriales/EXPORT/X-ARCHIVES/2012/CONTROLE TARIF/PHENE 02-04-2012.doc
mercuriales/EXPORT/X-ARCHIVES/2012/CONTROLE TARIF/TOP SAVEURS 02-04-2012.doc
mercuriales/EXPORT/X-ARCHIVES/2013/
mercuriales/EXPORT/X-ARCHIVES/2013/controle tarif/
mercuriales/EXPORT/X-ARCHIVES/2013/controle tarif/2013 ALVILARDAN TARIF AU 01-01-2013.pdf
mercuriales/FZC/
mercuriales/FZC/FZC 2009/
mercuriales/FZC/FZC 2009/FREEZER CENTER 2009.xls
mercuriales/FZC/FZC 2010/
mercuriales/FZC/FZC 2010/FREEZER CENTER 2010.xls
mercuriales/FZC/FZC 2011/
mercuriales/FZC/FZC 2011/ARGEL 2011.xls
mercuriales/FZC/FZC 2011/BOFROST 2011.xls
mercuriales/FZC/FZC 2011/BOFROST BELGIQUE 2011.xls
mercuriales/FZC/FZC 2011/EISMANN 2011.xls
mercuriales/FZC/FZC 2011/FREEZER CENTER 2011.xls
mercuriales/FZC/FZC 2011/PICARD 2011.xls
mercuriales/FZC/FZC 2011/THIRIET 2011.xls
mercuriales/FZC/FZC 2011/TOUPARGEL 2011.xls
mercuriales/FZC/FZC 2012/
mercuriales/FZC/FZC 2012/ARGEL 2012.xls
mercuriales/FZC/FZC 2012/BOFROST 2012.xls
mercuriales/FZC/FZC 2012/PICARD 2012.xls
mercuriales/FZC/FZC 2012/THIRIET 2012.xls
mercuriales/FZC/FZC 2012/TOUPARGEL 2012.xls
mercuriales/FZC/FZC 2013/
mercuriales/FZC/FZC 2013/ARGEL 2013.xls
mercuriales/FZC/FZC 2013/BOFROST 2013.xls
mercuriales/FZC/FZC 2013/PICARD 2013.xls
mercuriales/FZC/FZC 2013/SAROS 2013.xls
mercuriales/FZC/FZC 2013/THIRIET 2013.xls
mercuriales/FZC/FZC 2013/TOUPARGEL 2013.xls
mercuriales/FZC/FZC 2014/
mercuriales/FZC/FZC 2014/ARGEL 2014.xls
mercuriales/FZC/FZC 2014/BOFROST 2014.xls
mercuriales/FZC/FZC 2014/PICARD 2014.xls
mercuriales/FZC/FZC 2014/SAROS 2014.xls
mercuriales/FZC/FZC 2014/THIRIET 2014.xls
mercuriales/FZC/FZC 2014/TOUPARGEL 2014.xls
mercuriales/HD/
mercuriales/HD/2009/
mercuriales/HD/2009/2009 MERCURIALE ED.xls
mercuriales/HD/2009/2009 MERCURIALE LEADER PRICE.xls
mercuriales/HD/2009/2009 MERCURIALE NORMA.xls
mercuriales/HD/2010/
mercuriales/HD/2010/2010 MERCURIALE ALDI.xls
mercuriales/HD/2010/2010 MERCURIALE ED.xls
mercuriales/HD/2010/2010 MERCURIALE LEADER PRICE.xls
mercuriales/HD/2010/2010 MERCURIALE LIDL 2010.xls
mercuriales/HD/2010/2010 MERCURIALE NORMA.xls
mercuriales/HD/2010/2013 MERCURIALE LEADER PRICE.xls
mercuriales/HD/2011/
mercuriales/HD/2011/2011  MERCURIALE ALDI.xls
mercuriales/HD/2011/2011 MERCURIALE AUCHAN SD.xls
mercuriales/HD/2011/2011 MERCURIALE ED.xls
mercuriales/HD/2011/2011 MERCURIALE LEADER PRICE.xls
mercuriales/HD/2011/2011 MERCURIALE LIDL 2010.xls
mercuriales/HD/2011/2011 MERCURIALE LIDL.xls
mercuriales/HD/2011/2011 MERCURIALE NETTO.xls
mercuriales/HD/2011/2011 MERCURIALE NORMA.xls
mercuriales/HD/2012/
mercuriales/HD/2012/2012  MERCURIALE ALDI.xls
mercuriales/HD/2012/2012 MERCURIALE ED.xls
mercuriales/HD/2012/2012 MERCURIALE LEADER PRICE.xls
mercuriales/HD/2012/2012 MERCURIALE LIDL.xls
mercuriales/HD/2012/2012 MERCURIALE NETTO.xls
mercuriales/HD/2012/2012 MERCURIALE NORMA.xls
mercuriales/HD/2013/
mercuriales/HD/2013/2013  MERCURIALE ALDI.xls
mercuriales/HD/2013/2013 MERCURIALE DIA.xls
mercuriales/HD/2013/2013 MERCURIALE LE MUTANT.xls
mercuriales/HD/2013/2013 MERCURIALE NETTO.xls
mercuriales/HD/2013/2013 MERCURIALE NORMA.xls
mercuriales/HD/2014/
mercuriales/HD/2014/2014  MERCURIALE ALDI.xls
mercuriales/HD/2014/2014 MERCURIALE DIA.xls
mercuriales/HD/2014/2014 MERCURIALE LE MUTANT.xls
mercuriales/HD/2014/2014 MERCURIALE LEADER PRICE.xls
mercuriales/HD/2014/2014 MERCURIALE LIDL.xls
mercuriales/HD/2014/2014 MERCURIALE NETTO.xls
mercuriales/HD/2014/2014 MERCURIALE NORMA.xls
mercuriales/MDD SURG/
mercuriales/MDD SURG/2009/
mercuriales/MDD SURG/2009/MDD SURG 2009.xls
mercuriales/MDD SURG/2010/
mercuriales/MDD SURG/2010/MDD SURG 2010.xls
mercuriales/MDD SURG/2011/
mercuriales/MDD SURG/2011/2011 CRF SURGELE.xls
mercuriales/MDD SURG/2011/2011 LDP SURGELE.xls
mercuriales/MDD SURG/2012/
mercuriales/MDD SURG/2012/2012 CRF SURGELE.xls
mercuriales/MDD SURG/2012/2012 LDP SURGELE.xls
mercuriales/MDD SURG/2013/
mercuriales/MDD SURG/2013/2013 LDP SURGELE.xls
mercuriales/MDD SURG/2014/
mercuriales/MDD SURG/2014/2014 LDP SURGELE.xls
mercuriales/MERCURIALES - AGIS/FZC/FZC 2014/ARGEL 2014.xls
mercuriales/MERCURIALES - AGIS/HD/2014/2014 MERCURIALE NETTO.xls
mercuriales/MERCURIALES - AGIS/gms/2014/CONTROLE TARIFS 2014/09-SEPTEMBRE/CASINO AU 01.09.14.pdf
mercuriales/MERCURIALES - AGIS/gms/2014/CONTROLE TARIFS 2014/10-OCTOBRE/
mercuriales/MERCURIALES - AGIS/gms/2014/CONTROLE TARIFS 2014/10-OCTOBRE/CASINO AU 01.10.14.pdf
mercuriales/MERCURIALES - AGIS/mdd/2014/2014 MERCURIALE CASINO.xls
mercuriales/MERCURIALES - AGIS/mdd/2014/2014 MERCURIALE MONOPRIX .xls
mercuriales/RDS RHF/
mercuriales/RDS RHF/2009/
mercuriales/RDS RHF/2009/SAROS 2009.xls
mercuriales/RDS RHF/2010/
mercuriales/RDS RHF/2010/SAROS 2010.xls
mercuriales/RDS RHF/2011/
mercuriales/RDS RHF/2011/2011 SAROS.xls
mercuriales/RDS RHF/2012/
mercuriales/RDS RHF/2012/2012 SAROS.xls
mercuriales/RHF ET SOUS  TRAITANCE/
mercuriales/RHF ET SOUS  TRAITANCE/MARIE 2010.xls
mercuriales/gms/
mercuriales/gms/2014/
mercuriales/gms/2014/CENTRALES 2014/
mercuriales/gms/2014/CENTRALES 2014/AUCHAN 2014.xls
mercuriales/gms/2014/CENTRALES 2014/AUCHAN.FR 2014.xls
mercuriales/gms/2014/CENTRALES 2014/CARREFOUR 2014.xls
mercuriales/gms/2014/CENTRALES 2014/CARREFOUR MARKET 2014.xls
mercuriales/gms/2014/CENTRALES 2014/CASINO 2014.xls
mercuriales/gms/2014/CENTRALES 2014/INTERMARCHE 2014.xls
mercuriales/gms/2014/CENTRALES 2014/PLACE DU MARCHE 2014.xls
mercuriales/gms/2014/CENTRALES 2014/SIMPLY MARKET 2014.xls
mercuriales/gms/2014/CENTRALES 2014/SYSTEME U 2014.xls
mercuriales/gms/2014/CONTROLE TARIFS 2014/
mercuriales/gms/2014/CONTROLE TARIFS 2014/01-JANVIER/
mercuriales/gms/2014/CONTROLE TARIFS 2014/01-JANVIER/2014 AUCHAN NOUVEAUX PRODUITS ASIE GAMME PC.pdf
mercuriales/gms/2014/CONTROLE TARIFS 2014/01-JANVIER/2014 AUCHAN.FR.pdf
mercuriales/gms/2014/CONTROLE TARIFS 2014/01-JANVIER/2014 CARREFOUR MARKET PRIX 2013 PROLONGES 28-03-2014.pdf
mercuriales/gms/2014/CONTROLE TARIFS 2014/01-JANVIER/2014 CARREFOUR PRIX 2013 PROLONGES AU 28-02-2014.pdf
mercuriales/gms/2014/CONTROLE TARIFS 2014/01-JANVIER/2014 CASINO CHIPS CREVETTES.pdf
mercuriales/gms/2014/CONTROLE TARIFS 2014/01-JANVIER/2014 CASINO NOUVEAUX PC ASIE.pdf
mercuriales/gms/2014/CONTROLE TARIFS 2014/01-JANVIER/2014 CASINO PRIX 2013 PROLONGES AU 28-02-2014.pdf
mercuriales/gms/2014/CONTROLE TARIFS 2014/01-JANVIER/2014 GALEC FOND DE RAYON 06-01-2014.pdf
mercuriales/gms/2014/CONTROLE TARIFS 2014/01-JANVIER/2014 GALEC NOUVEAUX PRIX.pdf
mercuriales/gms/2014/CONTROLE TARIFS 2014/01-JANVIER/2014 GALEC PLAN PROMO 06-01-2014.pdf
mercuriales/gms/2014/CONTROLE TARIFS 2014/01-JANVIER/2014 INTERMARCHE PRIX 2013 PROLONGES AU 28-02-2014.pdf
mercuriales/gms/2014/CONTROLE TARIFS 2014/01-JANVIER/2014 PLACE DU MARCHE NOUVEAUX PRODUITS 01-01-2014.pdf
mercuriales/gms/2014/CONTROLE TARIFS 2014/01-JANVIER/2014 SIMPLY MARKET PRIX 2013 PROLONGES AU 28-02-2014.pdf
mercuriales/gms/2014/CONTROLE TARIFS 2014/01-JANVIER/2014 SYSTEME U PRIX 2013 PROLONGES AU 28-02-2014.pdf
mercuriales/gms/2014/CONTROLE TARIFS 2014/02-FEVRIER/
mercuriales/gms/2014/CONTROLE TARIFS 2014/02-FEVRIER/2014 AUCHAN GAMME TOP CHEF.pdf
mercuriales/gms/2014/CONTROLE TARIFS 2014/02-FEVRIER/2014 AUCHAN.FR GAMME TOP CHEF.pdf
mercuriales/gms/2014/CONTROLE TARIFS 2014/02-FEVRIER/2014 GALEC TARIF CONJONCTUREL.pdf
mercuriales/gms/2014/CONTROLE TARIFS 2014/02-FEVRIER/2014 INTERMARCHE GAMME DRIVE ET PC.pdf
mercuriales/gms/2014/CONTROLE TARIFS 2014/03-MARS/
mercuriales/gms/2014/CONTROLE TARIFS 2014/03-MARS/2014 AUCHAN ASIE MN RETOUR ANCIENS PRIX.pdf
mercuriales/gms/2014/CONTROLE TARIFS 2014/03-MARS/2014 AUCHAN DIRECT.pdf
mercuriales/gms/2014/CONTROLE TARIFS 2014/03-MARS/2014 AUCHAN ET .FR HAUSSE CONJONCTURELLE.pdf
mercuriales/gms/2014/CONTROLE TARIFS 2014/03-MARS/2014 AUCHAN GAMME ANIMATION.pdf
mercuriales/gms/2014/CONTROLE TARIFS 2014/03-MARS/2014 AUCHAN NOUVEAUX PLATEAUX.pdf
mercuriales/gms/2014/CONTROLE TARIFS 2014/03-MARS/2014 AUCHAN NOUVEAUX PRIX 17-03 SANS RPP 5%.pdf
mercuriales/gms/2014/CONTROLE TARIFS 2014/03-MARS/2014 AUCHAN NOUVEAUX PRIX ASIE MEN 17-03-2014.pdf
mercuriales/gms/2014/CONTROLE TARIFS 2014/03-MARS/2014 AUCHAN NOUVEAUX PRIX AU 01-03.pdf
mercuriales/gms/2014/CONTROLE TARIFS 2014/03-MARS/2014 AUCHAN NOUVEAUX PRIX AU 17-03-2014.pdf
mercuriales/gms/2014/CONTROLE TARIFS 2014/03-MARS/2014 AUCHAN NOUVEAUX PRIX TOP CHEF 31-03.pdf
mercuriales/gms/2014/CONTROLE TARIFS 2014/03-MARS/2014 AUCHAN VILLARS OP COUSCOUS PAELLA.pdf
mercuriales/gms/2014/CONTROLE TARIFS 2014/03-MARS/2014 AUCHAN.FR NOUVEAUX PRIX.pdf
mercuriales/gms/2014/CONTROLE TARIFS 2014/03-MARS/2014 AUCHAN.FR NOUVEAUX PRODUITS.pdf
mercuriales/gms/2014/CONTROLE TARIFS 2014/03-MARS/2014 CARREFOUR DIRECT ANIMATIONS.pdf
mercuriales/gms/2014/CONTROLE TARIFS 2014/03-MARS/2014 CARREFOUR MARKET CREPES.pdf
mercuriales/gms/2014/CONTROLE TARIFS 2014/03-MARS/2014 CASINO PRIX NOUVEAUX CODES.pdf
mercuriales/gms/2014/CONTROLE TARIFS 2014/03-MARS/2014 GALEC ANIMATIONS.pdf
mercuriales/gms/2014/CONTROLE TARIFS 2014/03-MARS/2014 INTERMARCHE GAMME ANIMATION SAMOSSA VOLAILLE.pdf
mercuriales/gms/2014/CONTROLE TARIFS 2014/03-MARS/2014 INTERMARCHE GAMME ANIMATION.pdf
mercuriales/gms/2014/CONTROLE TARIFS 2014/03-MARS/2014 INTERMARCHE NOUVEAUX PRIX.pdf
mercuriales/gms/2014/CONTROLE TARIFS 2014/03-MARS/2014 SIMPLY MARKET HAUSSE CONJONCTURELLE.pdf
mercuriales/gms/2014/CONTROLE TARIFS 2014/03-MARS/2014 SYSTEME U PRIX PROLONGES AU 31-03-2014.pdf
mercuriales/gms/2014/CONTROLE TARIFS 2014/04-AVRIL/
mercuriales/gms/2014/CONTROLE TARIFS 2014/04-AVRIL/2014 AUCHAN NOUVEAUX PC FE.pdf
mercuriales/gms/2014/CONTROLE TARIFS 2014/04-AVRIL/2014 AUCHAN ROULEAUX PRINTEMPS CRABE.pdf
mercuriales/gms/2014/CONTROLE TARIFS 2014/04-AVRIL/2014 AUCHAN SAUCE AIGRE DOUCE NUOC MAM.pdf
mercuriales/gms/2014/CONTROLE TARIFS 2014/04-AVRIL/2014 AUCHAN.FR NOUVEAUX PC.pdf
mercuriales/gms/2014/CONTROLE TARIFS 2014/04-AVRIL/2014 CARREFOUR MARKET NOUVEAUX PRIX.pdf
mercuriales/gms/2014/CONTROLE TARIFS 2014/04-AVRIL/2014 CARREFOUR NOUVEAUX PRIX.pdf
mercuriales/gms/2014/CONTROLE TARIFS 2014/04-AVRIL/2014 CARREFOUR ROUILLE GARDIANNE.pdf
mercuriales/gms/2014/CONTROLE TARIFS 2014/04-AVRIL/2014 CASINO NOUVEAUX PRIX.pdf
mercuriales/gms/2014/CONTROLE TARIFS 2014/04-AVRIL/2014 GALEC INNO SAUF RP CRABE.pdf
mercuriales/gms/2014/CONTROLE TARIFS 2014/04-AVRIL/2014 GALEC RP CRABE.pdf
mercuriales/gms/2014/CONTROLE TARIFS 2014/04-AVRIL/2014 INTERMARCHE GAMME PC FE.pdf
mercuriales/gms/2014/CONTROLE TARIFS 2014/04-AVRIL/2014 INTERMARCHE GAMME PC REGIONALES.pdf
mercuriales/gms/2014/CONTROLE TARIFS 2014/04-AVRIL/2014 INTERMARCHE GAMME PIZZAS 420G.pdf
mercuriales/gms/2014/CONTROLE TARIFS 2014/04-AVRIL/2014 INTERMARCHE RP CRABE.pdf
mercuriales/gms/2014/CONTROLE TARIFS 2014/04-AVRIL/2014 SIMPLY MARKET VIANDES.pdf
mercuriales/gms/2014/CONTROLE TARIFS 2014/04-AVRIL/2014 SYSTEME U ANIMATIONS DIRECT.pdf
mercuriales/gms/2014/CONTROLE TARIFS 2014/04-AVRIL/2014 SYSTEME U NOUVEAUX PRIX.pdf
mercuriales/gms/2014/CONTROLE TARIFS 2014/04-AVRIL/AUCHAN GAMME R5 R6 PC.pdf
mercuriales/gms/2014/CONTROLE TARIFS 2014/05-MAI/
mercuriales/gms/2014/CONTROLE TARIFS 2014/05-MAI/AFFILIES RP.pdf
mercuriales/gms/2014/CONTROLE TARIFS 2014/05-MAI/CARREFOUR MARKET RP.pdf
mercuriales/gms/2014/CONTROLE TARIFS 2014/05-MAI/CARREFOUR RP.pdf
mercuriales/gms/2014/CONTROLE TARIFS 2014/05-MAI/CASINO GAMME ASIE FE.pdf
mercuriales/gms/2014/CONTROLE TARIFS 2014/05-MAI/CASINO RAVIOLIS CHINOIS COUPE.pdf
mercuriales/gms/2014/CONTROLE TARIFS 2014/05-MAI/INTERMARCHE NOUVEAUX PRIX CREVETTES.pdf
mercuriales/gms/2014/CONTROLE TARIFS 2014/06-JUIN/
mercuriales/gms/2014/CONTROLE TARIFS 2014/06-JUIN/2014 AFFILIES LB PV NOUVELLES REMISES.pdf
mercuriales/gms/2014/CONTROLE TARIFS 2014/06-JUIN/2014 AFFILIES PLATEAUX.pdf
mercuriales/gms/2014/CONTROLE TARIFS 2014/06-JUIN/2014 AUCHAN.FR PLATEAUX.pdf
mercuriales/gms/2014/CONTROLE TARIFS 2014/06-JUIN/2014 CARREFOUR LB PV NOUVELLES REMISES.pdf
mercuriales/gms/2014/CONTROLE TARIFS 2014/06-JUIN/2014 CARREFOUR MARKET LB PV NOUVELLES REMISES.pdf
mercuriales/gms/2014/CONTROLE TARIFS 2014/06-JUIN/2014 CARREFOUR MARKET PLATEAUX.pdf
mercuriales/gms/2014/CONTROLE TARIFS 2014/06-JUIN/2014 CARREFOUR PLATEAUX.pdf
mercuriales/gms/2014/CONTROLE TARIFS 2014/06-JUIN/2014 CASINO PLATEAUX APERITIFS.pdf
mercuriales/gms/2014/CONTROLE TARIFS 2014/06-JUIN/2014 GALEC PLATEAUX.pdf
mercuriales/gms/2014/CONTROLE TARIFS 2014/06-JUIN/2014 INTERMARCHE PLATEAUX.pdf
mercuriales/gms/2014/CONTROLE TARIFS 2014/06-JUIN/2014 SIMPLY MARKET PLATEAUX.pdf
mercuriales/gms/2014/CONTROLE TARIFS 2014/06-JUIN/2014 SYSTEME U PLATEAUX.pdf
mercuriales/gms/2014/CONTROLE TARIFS 2014/06-JUIN/2014 SYSTEME U ROSBEEF NATIONAL.pdf
mercuriales/gms/2014/CONTROLE TARIFS 2014/07-JUILLET/
mercuriales/gms/2014/CONTROLE TARIFS 2014/07-JUILLET/AUCHAN ROUILLE SETOISE R5.pdf
mercuriales/gms/2014/CONTROLE TARIFS 2014/07-JUILLET/PDM PC FE AU 01-07-2014.pdf
mercuriales/gms/2014/CONTROLE TARIFS 2014/09-SEPTEMBRE/
mercuriales/gms/2014/CONTROLE TARIFS 2014/09-SEPTEMBRE/2014 AUCHAN OPERATION NEM X2.pdf
mercuriales/gms/2014/CONTROLE TARIFS 2014/09-SEPTEMBRE/2014 GALEC PLATEAUX SANS REM LANCEMENT.pdf
mercuriales/gms/2014/REGIONS  2014/
mercuriales/gms/2014/REGIONS  2014/GALEC REGION MERCU JUIN 2014.xls
mercuriales/gms/2014/REGIONS  2014/SCHIEVER MERCU 2014.xls
mercuriales/gms/2014/REGIONS  2014/SEGUREL JANVIER 2014.xls
mercuriales/gms/2014/REGIONS  2014/SIMPLY ENTREPOT JANV 2014.xls
mercuriales/gms/2014/REGIONS  2014/SU R\#351gion JUIN 2014.xls
mercuriales/gms/2014/REGIONS  2014/ARCHIVES/
mercuriales/gms/2014/REGIONS  2014/ARCHIVES/GALEC REGION MERCU AVRIL 2014.xls
mercuriales/gms/2014/REGIONS  2014/ARCHIVES/GALEC REGION MERCU JANVIER 2014.xls
mercuriales/gms/2014/REGIONS  2014/ARCHIVES/SU R\#351gion JANVIER 2014.xls
mercuriales/mdd/
mercuriales/mdd/2009/
mercuriales/mdd/2009/2009 MERCURIALE CASINO.xls
mercuriales/mdd/2009/2009 MERCURIALE FRANCAP.xls
mercuriales/mdd/2009/2009 MERCURIALE GROUPE AUCHAN.xls
mercuriales/mdd/2009/2009 MERCURIALE GROUPE CARREFOUR.xls
mercuriales/mdd/2009/2009 MERCURIALE INTERMARCHE.xls
mercuriales/mdd/2009/2009 MERCURIALE MONOPRIX.xls
mercuriales/mdd/2009/2009 MERCURIALE NETTO.xls
mercuriales/mdd/2009/2009 MERCURIALE PROVERA.xls
mercuriales/mdd/2009/2009 MERCURIALE SCAMARK.xls
mercuriales/mdd/2009/2009 MERCURIALE SYSTEME U.xls
mercuriales/mdd/2010/
mercuriales/mdd/2010/2010 MERCURIALE CASINO.xls
mercuriales/mdd/2010/2010 MERCURIALE GROUPE AUCHAN.xls
mercuriales/mdd/2010/2010 MERCURIALE GROUPE CARREFOUR.xls
mercuriales/mdd/2010/2010 MERCURIALE INTERMARCHE.xls
mercuriales/mdd/2010/2010 MERCURIALE MONOPRIX .xls
mercuriales/mdd/2010/2010 MERCURIALE NETTO.xls
mercuriales/mdd/2010/2010 MERCURIALE PROVERA.xls
mercuriales/mdd/2010/2010 MERCURIALE SCAMARK.xls
mercuriales/mdd/2010/2010 MERCURIALE SYSTEME U.xls
mercuriales/mdd/2010/2010 PLACE DU MARCHE.xls
mercuriales/mdd/2011/
mercuriales/mdd/2011/2011 MERCURIALE CASINO.xls
mercuriales/mdd/2011/2011 MERCURIALE EXPORT.xls
mercuriales/mdd/2011/2011 MERCURIALE GROUPE AUCHAN.xls
mercuriales/mdd/2011/2011 MERCURIALE GROUPE CARREFOUR.xls
mercuriales/mdd/2011/2011 MERCURIALE INTERMARCHE.xls
mercuriales/mdd/2011/2011 MERCURIALE METRO.xls
mercuriales/mdd/2011/2011 MERCURIALE MONOPRIX .xls
mercuriales/mdd/2011/2011 MERCURIALE PROVERA.xls
mercuriales/mdd/2011/2011 MERCURIALE SCAMARK.xls
mercuriales/mdd/2011/2011 MERCURIALE SYSTEME U.xls
mercuriales/mdd/2011/2011 PLACE DU MARCHE.xls
mercuriales/mdd/2012/
mercuriales/mdd/2012/2012 MERCURIALE CASINO.xls
mercuriales/mdd/2012/2012 MERCURIALE DAILY MONOP.xls
mercuriales/mdd/2012/2012 MERCURIALE EXPORT.xls
mercuriales/mdd/2012/2012 MERCURIALE GROUPE AUCHAN.xls
mercuriales/mdd/2012/2012 MERCURIALE GROUPE CARREFOUR.xls
mercuriales/mdd/2012/2012 MERCURIALE INTERMARCHE.xls
mercuriales/mdd/2012/2012 MERCURIALE METRO.xls
mercuriales/mdd/2012/2012 MERCURIALE MONOPRIX .xls
mercuriales/mdd/2012/2012 MERCURIALE PROVERA.xls
mercuriales/mdd/2012/2012 MERCURIALE SCAMARK.xls
mercuriales/mdd/2012/2012 MERCURIALE SYSTEME U.xls
mercuriales/mdd/2012/2012 PLACE DU MARCHE.xls
mercuriales/mdd/2013/
mercuriales/mdd/2013/2013 MERCURIALE CARREFOUR ASIATIQUE.xls
mercuriales/mdd/2013/2013 MERCURIALE CARREFOUR PLATS CUISINES.xls
mercuriales/mdd/2013/2013 MERCURIALE CASINO.xls
mercuriales/mdd/2013/2013 MERCURIALE DAILY MONOP.xls
mercuriales/mdd/2013/2013 MERCURIALE EXPORT.xls
mercuriales/mdd/2013/2013 MERCURIALE GROUPE AUCHAN.xls
mercuriales/mdd/2013/2013 MERCURIALE INTERMARCHE.xls
mercuriales/mdd/2013/2013 MERCURIALE METRO.xls
mercuriales/mdd/2013/2013 MERCURIALE MONOPRIX .xls
mercuriales/mdd/2013/2013 MERCURIALE PROVERA.xls
mercuriales/mdd/2013/2013 MERCURIALE SCAMARK.xls
mercuriales/mdd/2013/2013 MERCURIALE SYSTEME U.xls
mercuriales/mdd/2013/2013 PLACE DU MARCHE.xls
mercuriales/mdd/2014/
mercuriales/mdd/2014/2014 MERCURIALE AUCHAN.xls
mercuriales/mdd/2014/2014 MERCURIALE CARREFOUR ASIATIQUE.xls
mercuriales/mdd/2014/2014 MERCURIALE CARREFOUR BELGIQUE.xls
mercuriales/mdd/2014/2014 MERCURIALE CARREFOUR PLATS CUISINES.xls
mercuriales/mdd/2014/2014 MERCURIALE CASINO.xls
mercuriales/mdd/2014/2014 MERCURIALE EXPORT.xls
mercuriales/mdd/2014/2014 MERCURIALE FRANCAP.xls
mercuriales/mdd/2014/2014 MERCURIALE INTERMARCHE.xls
mercuriales/mdd/2014/2014 MERCURIALE MONOPRIX .xls
mercuriales/mdd/2014/2014 MERCURIALE PROVERA.xls
mercuriales/mdd/2014/2014 MERCURIALE SCAMARK.xls
mercuriales/mdd/2014/2014 MERCURIALE SYSTEME U.xls

sent 9335210 bytes  received 7683 bytes  192636.97 bytes/sec
total size is 68903603  speedup is 7.37
sending incremental file list

sent 5047 bytes  received 27 bytes  3382.67 bytes/sec
total size is 39173092  speedup is 7720.36
sending incremental file list
operations_commerciales/chrono demande echantillons.xls
operations_commerciales/FZC/CONFIRMATIONS/2014/TOUPARGEL/TOUPARGEL_CYCLE 12_2014.xls
operations_commerciales/FZC/OP FZC 2014/FZC TOUPARGEL 2014.xls
operations_commerciales/GMS/2014/B-CONFIRMATIONS OPERATIONS/CARREFOUR MARKET/2014 CARREFOUR MARKET TRAFIC 50-51 FESTIFS.xls
operations_commerciales/GMS/2014/B-CONFIRMATIONS OPERATIONS/CARREFOUR/2014 CARREFOUR OP FESTIFS.xls
operations_commerciales/MDD/MODELES CJ/CARREFOUR/DDE ECHANTILLONS/demande \#351chantillons KLEE STUDIO.XLS
operations_commerciales/MDD/OP MDD 2015/
operations_commerciales/MDD/OP MDD 2015/MDD GROUPE AUCHAN 2015.xls

sent 254575 bytes  received 6762 bytes  74667.71 bytes/sec
total size is 55505567  speedup is 212.39
sending incremental file list

sent 20406 bytes  received 83 bytes  13659.33 bytes/sec
total size is 99360776  speedup is 4849.47
sending incremental file list
gofast/sync.ffs_db
gofast/CHANTIERS/2_FTK_CLIENTS_Mathieu/5_STANDARDS/Besoins_clients_150714.xls

sent 14929 bytes  received 448 bytes  10251.33 bytes/sec
total size is 52063160  speedup is 3385.78
sending incremental file list
modeles/compo_pc_double_bas-v3.lab

sent 36422 bytes  received 32 bytes  24302.67 bytes/sec
total size is 42695680  speedup is 1171.22
sending incremental file list

sent 5781 bytes  received 30 bytes  3874.00 bytes/sec
total size is 92829061  speedup is 15974.71
sending incremental file list

sent 63 bytes  received 12 bytes  50.00 bytes/sec
total size is 90648576  speedup is 1208647.68
sending incremental file list

sent 7593 bytes  received 45 bytes  5092.00 bytes/sec
total size is 9254930  speedup is 1211.70
sending incremental file list

sent 4308 bytes  received 24 bytes  2888.00 bytes/sec
total size is 6387982  speedup is 1474.60
sending incremental file list

sent 7814 bytes  received 20 bytes  5222.67 bytes/sec
total size is 16759466  speedup is 2139.32
sending incremental file list

sent 85 bytes  received 13 bytes  65.33 bytes/sec
total size is 104853504  speedup is 1069933.71
sending incremental file list
operations_commerciales/chrono demande echantillons.xls
operations_commerciales/FZC/CONFIRMATIONS/2014/TOUPARGEL/TOUPARGEL_CYCLE 12_2014.xls
operations_commerciales/FZC/OP FZC 2014/FZC TOUPARGEL 2014.xls
operations_commerciales/GMS/2014/B-CONFIRMATIONS OPERATIONS/CARREFOUR MARKET/2014 CARREFOUR MARKET TRAFIC 50-51 FESTIFS.xls
operations_commerciales/GMS/2014/B-CONFIRMATIONS OPERATIONS/CARREFOUR/2014 CARREFOUR OP FESTIFS.xls
operations_commerciales/MDD/MODELES CJ/CARREFOUR/DDE ECHANTILLONS/demande \#351chantillons KLEE STUDIO.XLS
operations_commerciales/MDD/OP MDD 2015/
operations_commerciales/MDD/OP MDD 2015/MDD GROUPE AUCHAN 2015.xls

sent 254575 bytes  received 6762 bytes  74667.71 bytes/sec
total size is 55505567  speedup is 212.39
sending incremental file list
mercuriales/Nouveau Document texte.txt
mercuriales/sync.ffs_db
mercuriales/sync.ffs_lock
mercuriales/EXPORT/
mercuriales/EXPORT/2014/
mercuriales/EXPORT/2014/CLIENTS/
mercuriales/EXPORT/2014/CLIENTS/MATCH BELUX 2014.xls
mercuriales/EXPORT/2014/CONTROLE DES TARIFS/
mercuriales/EXPORT/2014/CONTROLE DES TARIFS/MATCH BELUX 12-05-2014.pdf
mercuriales/EXPORT/2014/CONTROLE DES TARIFS/MATCH BELUX PRODUITS MDD.pdf
mercuriales/EXPORT/X-ARCHIVES/
mercuriales/EXPORT/X-ARCHIVES/2010/
mercuriales/EXPORT/X-ARCHIVES/2010/ALVILARDAN 2010.xls
mercuriales/EXPORT/X-ARCHIVES/2010/CHAMPION MESTDAGH 2010.xls
mercuriales/EXPORT/X-ARCHIVES/2010/HEMA 2010.xls
mercuriales/EXPORT/X-ARCHIVES/2010/PHENE 2010.xls
mercuriales/EXPORT/X-ARCHIVES/2010/PROVERA BELUX 2010.xls
mercuriales/EXPORT/X-ARCHIVES/2010/SANTA MARIA 2010.xls
mercuriales/EXPORT/X-ARCHIVES/2011/
mercuriales/EXPORT/X-ARCHIVES/2011/ALVILARDAN 2011.xls
mercuriales/EXPORT/X-ARCHIVES/2011/HEMA 2011.xls
mercuriales/EXPORT/X-ARCHIVES/2011/MATCH BELUX 2011.xls
mercuriales/EXPORT/X-ARCHIVES/2011/PHENE 2011.xls
mercuriales/EXPORT/X-ARCHIVES/2011/SANTA MARIA 2011.xls
mercuriales/EXPORT/X-ARCHIVES/2012/
mercuriales/EXPORT/X-ARCHIVES/2012/ALVILARDAN 2012.xls
mercuriales/EXPORT/X-ARCHIVES/2012/MATCH BELUX 2012.xls
mercuriales/EXPORT/X-ARCHIVES/2012/PHENE 2012.xls
mercuriales/EXPORT/X-ARCHIVES/2012/CONTROLE TARIF/
mercuriales/EXPORT/X-ARCHIVES/2012/CONTROLE TARIF/ALVILARDAN 02-04-2012 .doc
mercuriales/EXPORT/X-ARCHIVES/2012/CONTROLE TARIF/PHENE 02-04-2012.doc
mercuriales/EXPORT/X-ARCHIVES/2012/CONTROLE TARIF/TOP SAVEURS 02-04-2012.doc
mercuriales/EXPORT/X-ARCHIVES/2013/
mercuriales/EXPORT/X-ARCHIVES/2013/controle tarif/
mercuriales/EXPORT/X-ARCHIVES/2013/controle tarif/2013 ALVILARDAN TARIF AU 01-01-2013.pdf
mercuriales/FZC/
mercuriales/FZC/FZC 2009/
mercuriales/FZC/FZC 2009/FREEZER CENTER 2009.xls
mercuriales/FZC/FZC 2010/
mercuriales/FZC/FZC 2010/FREEZER CENTER 2010.xls
mercuriales/FZC/FZC 2011/
mercuriales/FZC/FZC 2011/ARGEL 2011.xls
mercuriales/FZC/FZC 2011/BOFROST 2011.xls
mercuriales/FZC/FZC 2011/BOFROST BELGIQUE 2011.xls
mercuriales/FZC/FZC 2011/EISMANN 2011.xls
mercuriales/FZC/FZC 2011/FREEZER CENTER 2011.xls
mercuriales/FZC/FZC 2011/PICARD 2011.xls
mercuriales/FZC/FZC 2011/THIRIET 2011.xls
mercuriales/FZC/FZC 2011/TOUPARGEL 2011.xls
mercuriales/FZC/FZC 2012/
mercuriales/FZC/FZC 2012/ARGEL 2012.xls
mercuriales/FZC/FZC 2012/BOFROST 2012.xls
mercuriales/FZC/FZC 2012/PICARD 2012.xls
mercuriales/FZC/FZC 2012/THIRIET 2012.xls
mercuriales/FZC/FZC 2012/TOUPARGEL 2012.xls
mercuriales/FZC/FZC 2013/
mercuriales/FZC/FZC 2013/ARGEL 2013.xls
mercuriales/FZC/FZC 2013/BOFROST 2013.xls
mercuriales/FZC/FZC 2013/PICARD 2013.xls
mercuriales/FZC/FZC 2013/SAROS 2013.xls
mercuriales/FZC/FZC 2013/THIRIET 2013.xls
mercuriales/FZC/FZC 2013/TOUPARGEL 2013.xls
mercuriales/FZC/FZC 2014/
mercuriales/FZC/FZC 2014/ARGEL 2014.xls
mercuriales/FZC/FZC 2014/BOFROST 2014.xls
mercuriales/FZC/FZC 2014/PICARD 2014.xls
mercuriales/FZC/FZC 2014/SAROS 2014.xls
mercuriales/FZC/FZC 2014/THIRIET 2014.xls
mercuriales/FZC/FZC 2014/TOUPARGEL 2014.xls
mercuriales/HD/
mercuriales/HD/2009/
mercuriales/HD/2009/2009 MERCURIALE ED.xls
mercuriales/HD/2009/2009 MERCURIALE LEADER PRICE.xls
mercuriales/HD/2009/2009 MERCURIALE NORMA.xls
mercuriales/HD/2010/
mercuriales/HD/2010/2010 MERCURIALE ALDI.xls
mercuriales/HD/2010/2010 MERCURIALE ED.xls
mercuriales/HD/2010/2010 MERCURIALE LEADER PRICE.xls
mercuriales/HD/2010/2010 MERCURIALE LIDL 2010.xls
mercuriales/HD/2010/2010 MERCURIALE NORMA.xls
mercuriales/HD/2010/2013 MERCURIALE LEADER PRICE.xls
mercuriales/HD/2011/
mercuriales/HD/2011/2011  MERCURIALE ALDI.xls
mercuriales/HD/2011/2011 MERCURIALE AUCHAN SD.xls
mercuriales/HD/2011/2011 MERCURIALE ED.xls
mercuriales/HD/2011/2011 MERCURIALE LEADER PRICE.xls
mercuriales/HD/2011/2011 MERCURIALE LIDL 2010.xls
mercuriales/HD/2011/2011 MERCURIALE LIDL.xls
mercuriales/HD/2011/2011 MERCURIALE NETTO.xls
mercuriales/HD/2011/2011 MERCURIALE NORMA.xls
mercuriales/HD/2012/
mercuriales/HD/2012/2012  MERCURIALE ALDI.xls
mercuriales/HD/2012/2012 MERCURIALE ED.xls
mercuriales/HD/2012/2012 MERCURIALE LEADER PRICE.xls
mercuriales/HD/2012/2012 MERCURIALE LIDL.xls
mercuriales/HD/2012/2012 MERCURIALE NETTO.xls
mercuriales/HD/2012/2012 MERCURIALE NORMA.xls
mercuriales/HD/2013/
mercuriales/HD/2013/2013  MERCURIALE ALDI.xls
mercuriales/HD/2013/2013 MERCURIALE DIA.xls
mercuriales/HD/2013/2013 MERCURIALE LE MUTANT.xls
mercuriales/HD/2013/2013 MERCURIALE NETTO.xls
mercuriales/HD/2013/2013 MERCURIALE NORMA.xls
mercuriales/HD/2014/
mercuriales/HD/2014/2014  MERCURIALE ALDI.xls
mercuriales/HD/2014/2014 MERCURIALE DIA.xls
mercuriales/HD/2014/2014 MERCURIALE LE MUTANT.xls
mercuriales/HD/2014/2014 MERCURIALE LEADER PRICE.xls
mercuriales/HD/2014/2014 MERCURIALE LIDL.xls
mercuriales/HD/2014/2014 MERCURIALE NETTO.xls
mercuriales/HD/2014/2014 MERCURIALE NORMA.xls
mercuriales/MDD SURG/
mercuriales/MDD SURG/2009/
mercuriales/MDD SURG/2009/MDD SURG 2009.xls
mercuriales/MDD SURG/2010/
mercuriales/MDD SURG/2010/MDD SURG 2010.xls
mercuriales/MDD SURG/2011/
mercuriales/MDD SURG/2011/2011 CRF SURGELE.xls
mercuriales/MDD SURG/2011/2011 LDP SURGELE.xls
mercuriales/MDD SURG/2012/
mercuriales/MDD SURG/2012/2012 CRF SURGELE.xls
mercuriales/MDD SURG/2012/2012 LDP SURGELE.xls
mercuriales/MDD SURG/2013/
mercuriales/MDD SURG/2013/2013 LDP SURGELE.xls
mercuriales/MDD SURG/2014/
mercuriales/MDD SURG/2014/2014 LDP SURGELE.xls
mercuriales/MERCURIALES - AGIS/FZC/FZC 2014/ARGEL 2014.xls
mercuriales/MERCURIALES - AGIS/HD/2014/2014 MERCURIALE NETTO.xls
mercuriales/MERCURIALES - AGIS/gms/2014/CONTROLE TARIFS 2014/09-SEPTEMBRE/CASINO AU 01.09.14.pdf
mercuriales/MERCURIALES - AGIS/gms/2014/CONTROLE TARIFS 2014/10-OCTOBRE/
mercuriales/MERCURIALES - AGIS/gms/2014/CONTROLE TARIFS 2014/10-OCTOBRE/CASINO AU 01.10.14.pdf
mercuriales/MERCURIALES - AGIS/mdd/2014/2014 MERCURIALE CASINO.xls
mercuriales/MERCURIALES - AGIS/mdd/2014/2014 MERCURIALE MONOPRIX .xls
mercuriales/RDS RHF/
mercuriales/RDS RHF/2009/
mercuriales/RDS RHF/2009/SAROS 2009.xls
mercuriales/RDS RHF/2010/
mercuriales/RDS RHF/2010/SAROS 2010.xls
mercuriales/RDS RHF/2011/
mercuriales/RDS RHF/2011/2011 SAROS.xls
mercuriales/RDS RHF/2012/
mercuriales/RDS RHF/2012/2012 SAROS.xls
mercuriales/RHF ET SOUS  TRAITANCE/
mercuriales/RHF ET SOUS  TRAITANCE/MARIE 2010.xls
mercuriales/gms/
mercuriales/gms/2014/
mercuriales/gms/2014/CENTRALES 2014/
mercuriales/gms/2014/CENTRALES 2014/AUCHAN 2014.xls
mercuriales/gms/2014/CENTRALES 2014/AUCHAN.FR 2014.xls
mercuriales/gms/2014/CENTRALES 2014/CARREFOUR 2014.xls
mercuriales/gms/2014/CENTRALES 2014/CARREFOUR MARKET 2014.xls
mercuriales/gms/2014/CENTRALES 2014/CASINO 2014.xls
mercuriales/gms/2014/CENTRALES 2014/INTERMARCHE 2014.xls
mercuriales/gms/2014/CENTRALES 2014/PLACE DU MARCHE 2014.xls
mercuriales/gms/2014/CENTRALES 2014/SIMPLY MARKET 2014.xls
mercuriales/gms/2014/CENTRALES 2014/SYSTEME U 2014.xls
mercuriales/gms/2014/CONTROLE TARIFS 2014/
mercuriales/gms/2014/CONTROLE TARIFS 2014/01-JANVIER/
mercuriales/gms/2014/CONTROLE TARIFS 2014/01-JANVIER/2014 AUCHAN NOUVEAUX PRODUITS ASIE GAMME PC.pdf
mercuriales/gms/2014/CONTROLE TARIFS 2014/01-JANVIER/2014 AUCHAN.FR.pdf
mercuriales/gms/2014/CONTROLE TARIFS 2014/01-JANVIER/2014 CARREFOUR MARKET PRIX 2013 PROLONGES 28-03-2014.pdf
mercuriales/gms/2014/CONTROLE TARIFS 2014/01-JANVIER/2014 CARREFOUR PRIX 2013 PROLONGES AU 28-02-2014.pdf
mercuriales/gms/2014/CONTROLE TARIFS 2014/01-JANVIER/2014 CASINO CHIPS CREVETTES.pdf
mercuriales/gms/2014/CONTROLE TARIFS 2014/01-JANVIER/2014 CASINO NOUVEAUX PC ASIE.pdf
mercuriales/gms/2014/CONTROLE TARIFS 2014/01-JANVIER/2014 CASINO PRIX 2013 PROLONGES AU 28-02-2014.pdf
mercuriales/gms/2014/CONTROLE TARIFS 2014/01-JANVIER/2014 GALEC FOND DE RAYON 06-01-2014.pdf
mercuriales/gms/2014/CONTROLE TARIFS 2014/01-JANVIER/2014 GALEC NOUVEAUX PRIX.pdf
mercuriales/gms/2014/CONTROLE TARIFS 2014/01-JANVIER/2014 GALEC PLAN PROMO 06-01-2014.pdf
mercuriales/gms/2014/CONTROLE TARIFS 2014/01-JANVIER/2014 INTERMARCHE PRIX 2013 PROLONGES AU 28-02-2014.pdf
mercuriales/gms/2014/CONTROLE TARIFS 2014/01-JANVIER/2014 PLACE DU MARCHE NOUVEAUX PRODUITS 01-01-2014.pdf
mercuriales/gms/2014/CONTROLE TARIFS 2014/01-JANVIER/2014 SIMPLY MARKET PRIX 2013 PROLONGES AU 28-02-2014.pdf
mercuriales/gms/2014/CONTROLE TARIFS 2014/01-JANVIER/2014 SYSTEME U PRIX 2013 PROLONGES AU 28-02-2014.pdf
mercuriales/gms/2014/CONTROLE TARIFS 2014/02-FEVRIER/
mercuriales/gms/2014/CONTROLE TARIFS 2014/02-FEVRIER/2014 AUCHAN GAMME TOP CHEF.pdf
mercuriales/gms/2014/CONTROLE TARIFS 2014/02-FEVRIER/2014 AUCHAN.FR GAMME TOP CHEF.pdf
mercuriales/gms/2014/CONTROLE TARIFS 2014/02-FEVRIER/2014 GALEC TARIF CONJONCTUREL.pdf
mercuriales/gms/2014/CONTROLE TARIFS 2014/02-FEVRIER/2014 INTERMARCHE GAMME DRIVE ET PC.pdf
mercuriales/gms/2014/CONTROLE TARIFS 2014/03-MARS/
mercuriales/gms/2014/CONTROLE TARIFS 2014/03-MARS/2014 AUCHAN ASIE MN RETOUR ANCIENS PRIX.pdf
mercuriales/gms/2014/CONTROLE TARIFS 2014/03-MARS/2014 AUCHAN DIRECT.pdf
mercuriales/gms/2014/CONTROLE TARIFS 2014/03-MARS/2014 AUCHAN ET .FR HAUSSE CONJONCTURELLE.pdf
mercuriales/gms/2014/CONTROLE TARIFS 2014/03-MARS/2014 AUCHAN GAMME ANIMATION.pdf
mercuriales/gms/2014/CONTROLE TARIFS 2014/03-MARS/2014 AUCHAN NOUVEAUX PLATEAUX.pdf
mercuriales/gms/2014/CONTROLE TARIFS 2014/03-MARS/2014 AUCHAN NOUVEAUX PRIX 17-03 SANS RPP 5%.pdf
mercuriales/gms/2014/CONTROLE TARIFS 2014/03-MARS/2014 AUCHAN NOUVEAUX PRIX ASIE MEN 17-03-2014.pdf
mercuriales/gms/2014/CONTROLE TARIFS 2014/03-MARS/2014 AUCHAN NOUVEAUX PRIX AU 01-03.pdf
mercuriales/gms/2014/CONTROLE TARIFS 2014/03-MARS/2014 AUCHAN NOUVEAUX PRIX AU 17-03-2014.pdf
mercuriales/gms/2014/CONTROLE TARIFS 2014/03-MARS/2014 AUCHAN NOUVEAUX PRIX TOP CHEF 31-03.pdf
mercuriales/gms/2014/CONTROLE TARIFS 2014/03-MARS/2014 AUCHAN VILLARS OP COUSCOUS PAELLA.pdf
mercuriales/gms/2014/CONTROLE TARIFS 2014/03-MARS/2014 AUCHAN.FR NOUVEAUX PRIX.pdf
mercuriales/gms/2014/CONTROLE TARIFS 2014/03-MARS/2014 AUCHAN.FR NOUVEAUX PRODUITS.pdf
mercuriales/gms/2014/CONTROLE TARIFS 2014/03-MARS/2014 CARREFOUR DIRECT ANIMATIONS.pdf
mercuriales/gms/2014/CONTROLE TARIFS 2014/03-MARS/2014 CARREFOUR MARKET CREPES.pdf
mercuriales/gms/2014/CONTROLE TARIFS 2014/03-MARS/2014 CASINO PRIX NOUVEAUX CODES.pdf
mercuriales/gms/2014/CONTROLE TARIFS 2014/03-MARS/2014 GALEC ANIMATIONS.pdf
mercuriales/gms/2014/CONTROLE TARIFS 2014/03-MARS/2014 INTERMARCHE GAMME ANIMATION SAMOSSA VOLAILLE.pdf
mercuriales/gms/2014/CONTROLE TARIFS 2014/03-MARS/2014 INTERMARCHE GAMME ANIMATION.pdf
mercuriales/gms/2014/CONTROLE TARIFS 2014/03-MARS/2014 INTERMARCHE NOUVEAUX PRIX.pdf
mercuriales/gms/2014/CONTROLE TARIFS 2014/03-MARS/2014 SIMPLY MARKET HAUSSE CONJONCTURELLE.pdf
mercuriales/gms/2014/CONTROLE TARIFS 2014/03-MARS/2014 SYSTEME U PRIX PROLONGES AU 31-03-2014.pdf
mercuriales/gms/2014/CONTROLE TARIFS 2014/04-AVRIL/
mercuriales/gms/2014/CONTROLE TARIFS 2014/04-AVRIL/2014 AUCHAN NOUVEAUX PC FE.pdf
mercuriales/gms/2014/CONTROLE TARIFS 2014/04-AVRIL/2014 AUCHAN ROULEAUX PRINTEMPS CRABE.pdf
mercuriales/gms/2014/CONTROLE TARIFS 2014/04-AVRIL/2014 AUCHAN SAUCE AIGRE DOUCE NUOC MAM.pdf
mercuriales/gms/2014/CONTROLE TARIFS 2014/04-AVRIL/2014 AUCHAN.FR NOUVEAUX PC.pdf
mercuriales/gms/2014/CONTROLE TARIFS 2014/04-AVRIL/2014 CARREFOUR MARKET NOUVEAUX PRIX.pdf
mercuriales/gms/2014/CONTROLE TARIFS 2014/04-AVRIL/2014 CARREFOUR NOUVEAUX PRIX.pdf
mercuriales/gms/2014/CONTROLE TARIFS 2014/04-AVRIL/2014 CARREFOUR ROUILLE GARDIANNE.pdf
mercuriales/gms/2014/CONTROLE TARIFS 2014/04-AVRIL/2014 CASINO NOUVEAUX PRIX.pdf
mercuriales/gms/2014/CONTROLE TARIFS 2014/04-AVRIL/2014 GALEC INNO SAUF RP CRABE.pdf
mercuriales/gms/2014/CONTROLE TARIFS 2014/04-AVRIL/2014 GALEC RP CRABE.pdf
mercuriales/gms/2014/CONTROLE TARIFS 2014/04-AVRIL/2014 INTERMARCHE GAMME PC FE.pdf
mercuriales/gms/2014/CONTROLE TARIFS 2014/04-AVRIL/2014 INTERMARCHE GAMME PC REGIONALES.pdf
mercuriales/gms/2014/CONTROLE TARIFS 2014/04-AVRIL/2014 INTERMARCHE GAMME PIZZAS 420G.pdf
mercuriales/gms/2014/CONTROLE TARIFS 2014/04-AVRIL/2014 INTERMARCHE RP CRABE.pdf
mercuriales/gms/2014/CONTROLE TARIFS 2014/04-AVRIL/2014 SIMPLY MARKET VIANDES.pdf
mercuriales/gms/2014/CONTROLE TARIFS 2014/04-AVRIL/2014 SYSTEME U ANIMATIONS DIRECT.pdf
mercuriales/gms/2014/CONTROLE TARIFS 2014/04-AVRIL/2014 SYSTEME U NOUVEAUX PRIX.pdf
mercuriales/gms/2014/CONTROLE TARIFS 2014/04-AVRIL/AUCHAN GAMME R5 R6 PC.pdf
mercuriales/gms/2014/CONTROLE TARIFS 2014/05-MAI/
mercuriales/gms/2014/CONTROLE TARIFS 2014/05-MAI/AFFILIES RP.pdf
mercuriales/gms/2014/CONTROLE TARIFS 2014/05-MAI/CARREFOUR MARKET RP.pdf
mercuriales/gms/2014/CONTROLE TARIFS 2014/05-MAI/CARREFOUR RP.pdf
mercuriales/gms/2014/CONTROLE TARIFS 2014/05-MAI/CASINO GAMME ASIE FE.pdf
mercuriales/gms/2014/CONTROLE TARIFS 2014/05-MAI/CASINO RAVIOLIS CHINOIS COUPE.pdf
mercuriales/gms/2014/CONTROLE TARIFS 2014/05-MAI/INTERMARCHE NOUVEAUX PRIX CREVETTES.pdf
mercuriales/gms/2014/CONTROLE TARIFS 2014/06-JUIN/
mercuriales/gms/2014/CONTROLE TARIFS 2014/06-JUIN/2014 AFFILIES LB PV NOUVELLES REMISES.pdf
mercuriales/gms/2014/CONTROLE TARIFS 2014/06-JUIN/2014 AFFILIES PLATEAUX.pdf
mercuriales/gms/2014/CONTROLE TARIFS 2014/06-JUIN/2014 AUCHAN.FR PLATEAUX.pdf
mercuriales/gms/2014/CONTROLE TARIFS 2014/06-JUIN/2014 CARREFOUR LB PV NOUVELLES REMISES.pdf
mercuriales/gms/2014/CONTROLE TARIFS 2014/06-JUIN/2014 CARREFOUR MARKET LB PV NOUVELLES REMISES.pdf
mercuriales/gms/2014/CONTROLE TARIFS 2014/06-JUIN/2014 CARREFOUR MARKET PLATEAUX.pdf
mercuriales/gms/2014/CONTROLE TARIFS 2014/06-JUIN/2014 CARREFOUR PLATEAUX.pdf
mercuriales/gms/2014/CONTROLE TARIFS 2014/06-JUIN/2014 CASINO PLATEAUX APERITIFS.pdf
mercuriales/gms/2014/CONTROLE TARIFS 2014/06-JUIN/2014 GALEC PLATEAUX.pdf
mercuriales/gms/2014/CONTROLE TARIFS 2014/06-JUIN/2014 INTERMARCHE PLATEAUX.pdf
mercuriales/gms/2014/CONTROLE TARIFS 2014/06-JUIN/2014 SIMPLY MARKET PLATEAUX.pdf
mercuriales/gms/2014/CONTROLE TARIFS 2014/06-JUIN/2014 SYSTEME U PLATEAUX.pdf
mercuriales/gms/2014/CONTROLE TARIFS 2014/06-JUIN/2014 SYSTEME U ROSBEEF NATIONAL.pdf
mercuriales/gms/2014/CONTROLE TARIFS 2014/07-JUILLET/
mercuriales/gms/2014/CONTROLE TARIFS 2014/07-JUILLET/AUCHAN ROUILLE SETOISE R5.pdf
mercuriales/gms/2014/CONTROLE TARIFS 2014/07-JUILLET/PDM PC FE AU 01-07-2014.pdf
mercuriales/gms/2014/CONTROLE TARIFS 2014/09-SEPTEMBRE/
mercuriales/gms/2014/CONTROLE TARIFS 2014/09-SEPTEMBRE/2014 AUCHAN OPERATION NEM X2.pdf
mercuriales/gms/2014/CONTROLE TARIFS 2014/09-SEPTEMBRE/2014 GALEC PLATEAUX SANS REM LANCEMENT.pdf
mercuriales/gms/2014/REGIONS  2014/
mercuriales/gms/2014/REGIONS  2014/GALEC REGION MERCU JUIN 2014.xls
mercuriales/gms/2014/REGIONS  2014/SCHIEVER MERCU 2014.xls
mercuriales/gms/2014/REGIONS  2014/SEGUREL JANVIER 2014.xls
mercuriales/gms/2014/REGIONS  2014/SIMPLY ENTREPOT JANV 2014.xls
mercuriales/gms/2014/REGIONS  2014/SU R\#351gion JUIN 2014.xls
mercuriales/gms/2014/REGIONS  2014/ARCHIVES/
mercuriales/gms/2014/REGIONS  2014/ARCHIVES/GALEC REGION MERCU AVRIL 2014.xls
mercuriales/gms/2014/REGIONS  2014/ARCHIVES/GALEC REGION MERCU JANVIER 2014.xls
mercuriales/gms/2014/REGIONS  2014/ARCHIVES/SU R\#351gion JANVIER 2014.xls
mercuriales/mdd/
mercuriales/mdd/2009/
mercuriales/mdd/2009/2009 MERCURIALE CASINO.xls
mercuriales/mdd/2009/2009 MERCURIALE FRANCAP.xls
mercuriales/mdd/2009/2009 MERCURIALE GROUPE AUCHAN.xls
mercuriales/mdd/2009/2009 MERCURIALE GROUPE CARREFOUR.xls
mercuriales/mdd/2009/2009 MERCURIALE INTERMARCHE.xls
mercuriales/mdd/2009/2009 MERCURIALE MONOPRIX.xls
mercuriales/mdd/2009/2009 MERCURIALE NETTO.xls
mercuriales/mdd/2009/2009 MERCURIALE PROVERA.xls
mercuriales/mdd/2009/2009 MERCURIALE SCAMARK.xls
mercuriales/mdd/2009/2009 MERCURIALE SYSTEME U.xls
mercuriales/mdd/2010/
mercuriales/mdd/2010/2010 MERCURIALE CASINO.xls
mercuriales/mdd/2010/2010 MERCURIALE GROUPE AUCHAN.xls
mercuriales/mdd/2010/2010 MERCURIALE GROUPE CARREFOUR.xls
mercuriales/mdd/2010/2010 MERCURIALE INTERMARCHE.xls
mercuriales/mdd/2010/2010 MERCURIALE MONOPRIX .xls
mercuriales/mdd/2010/2010 MERCURIALE NETTO.xls
mercuriales/mdd/2010/2010 MERCURIALE PROVERA.xls
mercuriales/mdd/2010/2010 MERCURIALE SCAMARK.xls
mercuriales/mdd/2010/2010 MERCURIALE SYSTEME U.xls
mercuriales/mdd/2010/2010 PLACE DU MARCHE.xls
mercuriales/mdd/2011/
mercuriales/mdd/2011/2011 MERCURIALE CASINO.xls
mercuriales/mdd/2011/2011 MERCURIALE EXPORT.xls
mercuriales/mdd/2011/2011 MERCURIALE GROUPE AUCHAN.xls
mercuriales/mdd/2011/2011 MERCURIALE GROUPE CARREFOUR.xls
mercuriales/mdd/2011/2011 MERCURIALE INTERMARCHE.xls
mercuriales/mdd/2011/2011 MERCURIALE METRO.xls
mercuriales/mdd/2011/2011 MERCURIALE MONOPRIX .xls
mercuriales/mdd/2011/2011 MERCURIALE PROVERA.xls
mercuriales/mdd/2011/2011 MERCURIALE SCAMARK.xls
mercuriales/mdd/2011/2011 MERCURIALE SYSTEME U.xls
mercuriales/mdd/2011/2011 PLACE DU MARCHE.xls
mercuriales/mdd/2012/
mercuriales/mdd/2012/2012 MERCURIALE CASINO.xls
mercuriales/mdd/2012/2012 MERCURIALE DAILY MONOP.xls
mercuriales/mdd/2012/2012 MERCURIALE EXPORT.xls
mercuriales/mdd/2012/2012 MERCURIALE GROUPE AUCHAN.xls
mercuriales/mdd/2012/2012 MERCURIALE GROUPE CARREFOUR.xls
mercuriales/mdd/2012/2012 MERCURIALE INTERMARCHE.xls
mercuriales/mdd/2012/2012 MERCURIALE METRO.xls
mercuriales/mdd/2012/2012 MERCURIALE MONOPRIX .xls
mercuriales/mdd/2012/2012 MERCURIALE PROVERA.xls
mercuriales/mdd/2012/2012 MERCURIALE SCAMARK.xls
mercuriales/mdd/2012/2012 MERCURIALE SYSTEME U.xls
mercuriales/mdd/2012/2012 PLACE DU MARCHE.xls
mercuriales/mdd/2013/
mercuriales/mdd/2013/2013 MERCURIALE CARREFOUR ASIATIQUE.xls
mercuriales/mdd/2013/2013 MERCURIALE CARREFOUR PLATS CUISINES.xls
mercuriales/mdd/2013/2013 MERCURIALE CASINO.xls
mercuriales/mdd/2013/2013 MERCURIALE DAILY MONOP.xls
mercuriales/mdd/2013/2013 MERCURIALE EXPORT.xls
mercuriales/mdd/2013/2013 MERCURIALE GROUPE AUCHAN.xls
mercuriales/mdd/2013/2013 MERCURIALE INTERMARCHE.xls
mercuriales/mdd/2013/2013 MERCURIALE METRO.xls
mercuriales/mdd/2013/2013 MERCURIALE MONOPRIX .xls
mercuriales/mdd/2013/2013 MERCURIALE PROVERA.xls
mercuriales/mdd/2013/2013 MERCURIALE SCAMARK.xls
mercuriales/mdd/2013/2013 MERCURIALE SYSTEME U.xls
mercuriales/mdd/2013/2013 PLACE DU MARCHE.xls
mercuriales/mdd/2014/
mercuriales/mdd/2014/2014 MERCURIALE AUCHAN.xls
mercuriales/mdd/2014/2014 MERCURIALE CARREFOUR ASIATIQUE.xls
mercuriales/mdd/2014/2014 MERCURIALE CARREFOUR BELGIQUE.xls
mercuriales/mdd/2014/2014 MERCURIALE CARREFOUR PLATS CUISINES.xls
mercuriales/mdd/2014/2014 MERCURIALE CASINO.xls
mercuriales/mdd/2014/2014 MERCURIALE EXPORT.xls
mercuriales/mdd/2014/2014 MERCURIALE FRANCAP.xls
mercuriales/mdd/2014/2014 MERCURIALE INTERMARCHE.xls
mercuriales/mdd/2014/2014 MERCURIALE MONOPRIX .xls
mercuriales/mdd/2014/2014 MERCURIALE PROVERA.xls
mercuriales/mdd/2014/2014 MERCURIALE SCAMARK.xls
mercuriales/mdd/2014/2014 MERCURIALE SYSTEME U.xls

sent 9335210 bytes  received 7683 bytes  185007.78 bytes/sec
total size is 68903616  speedup is 7.37
sending incremental file list
modeles/compo_pc_double_bas-v3.lab

sent 36422 bytes  received 32 bytes  24302.67 bytes/sec
total size is 42695680  speedup is 1171.22
sending incremental file list

sent 7280 bytes  received 49 bytes  4886.00 bytes/sec
total size is 13584181  speedup is 1853.48
sending incremental file list

sent 5745 bytes  received 23 bytes  3845.33 bytes/sec
total size is 129159129  speedup is 22392.36
sending incremental file list

sent 5610 bytes  received 39 bytes  3766.00 bytes/sec
total size is 59049369  speedup is 10453.07
sending incremental file list

sent 52221 bytes  received 96 bytes  34878.00 bytes/sec
total size is 299490387  speedup is 5724.53
sending incremental file list

sent 20406 bytes  received 83 bytes  8195.60 bytes/sec
total size is 99360776  speedup is 4849.47
sending incremental file list
gofast/sync.ffs_db
gofast/CHANTIERS/2_FTK_CLIENTS_Mathieu/5_STANDARDS/Besoins_clients_150714.xls

sent 14929 bytes  received 448 bytes  10251.33 bytes/sec
total size is 52063160  speedup is 3385.78
sending incremental file list

sent 7814 bytes  received 20 bytes  3133.60 bytes/sec
total size is 16759466  speedup is 2139.32
sending incremental file list

sent 7814 bytes  received 20 bytes  5222.67 bytes/sec
total size is 16759466  speedup is 2139.32
