Démarrage : dim sep  8 23:00:04 CEST 2013
Arrêt     : dim sep  8 23:00:47 CEST 2013



Base MySQL sélectionnée: agis
Nombre de serveur(s) Linux concerné(s): 4
Nombre de dossier(s) à mettre à jour: 24

sending incremental file list

sent 7552 bytes  received 20 bytes  5048.00 bytes/sec
total size is 16747404  speedup is 2211.75
sending incremental file list

sent 5440 bytes  received 44 bytes  1566.86 bytes/sec
total size is 9508728  speedup is 1733.90
sending incremental file list

sent 45548 bytes  received 83 bytes  13037.43 bytes/sec
total size is 272007251  speedup is 5961.02
sending incremental file list

sent 5589 bytes  received 33 bytes  3748.00 bytes/sec
total size is 11358988  speedup is 2020.45
sending incremental file list

sent 63 bytes  received 12 bytes  150.00 bytes/sec
total size is 77592576  speedup is 1034567.68
sending incremental file list

sent 7538 bytes  received 45 bytes  5055.33 bytes/sec
total size is 9253358  speedup is 1220.28
sending incremental file list

sent 7552 bytes  received 20 bytes  5048.00 bytes/sec
total size is 16747404  speedup is 2211.75
sending incremental file list

sent 4308 bytes  received 24 bytes  2888.00 bytes/sec
total size is 6387982  speedup is 1474.60
sending incremental file list

sent 8884 bytes  received 66 bytes  3580.00 bytes/sec
total size is 31607577  speedup is 3531.57
sending incremental file list

sent 5047 bytes  received 27 bytes  3382.67 bytes/sec
total size is 39173092  speedup is 7720.36
sending incremental file list

sent 47570 bytes  received 149 bytes  8676.18 bytes/sec
total size is 92777888  speedup is 1944.25
sending incremental file list

sent 18506 bytes  received 80 bytes  7434.40 bytes/sec
total size is 41728031  speedup is 2245.13
sending incremental file list

sent 7502 bytes  received 13 bytes  3006.00 bytes/sec
total size is 33724035  speedup is 4487.56
sending incremental file list

sent 63 bytes  received 12 bytes  50.00 bytes/sec
total size is 77592576  speedup is 1034567.68
sending incremental file list

sent 7538 bytes  received 45 bytes  5055.33 bytes/sec
total size is 9253358  speedup is 1220.28
sending incremental file list

sent 4308 bytes  received 24 bytes  2888.00 bytes/sec
total size is 6387982  speedup is 1474.60
sending incremental file list

sent 7552 bytes  received 20 bytes  5048.00 bytes/sec
total size is 16747404  speedup is 2211.75
sending incremental file list

sent 85 bytes  received 13 bytes  65.33 bytes/sec
total size is 104853504  speedup is 1069933.71
sending incremental file list

sent 47570 bytes  received 149 bytes  31812.67 bytes/sec
total size is 92777888  speedup is 1944.25
sending incremental file list

sent 8884 bytes  received 66 bytes  3580.00 bytes/sec
total size is 31607577  speedup is 3531.57
sending incremental file list

sent 5440 bytes  received 44 bytes  3656.00 bytes/sec
total size is 9508728  speedup is 1733.90
sending incremental file list

sent 5645 bytes  received 23 bytes  3778.67 bytes/sec
total size is 128643061  speedup is 22696.38
sending incremental file list

sent 4707 bytes  received 36 bytes  3162.00 bytes/sec
total size is 46318934  speedup is 9765.75
sending incremental file list

sent 18506 bytes  received 80 bytes  12390.67 bytes/sec
total size is 41728031  speedup is 2245.13
