Démarrage : lun déc  2 23:00:01 CET 2013
Arrêt     : lun déc  2 23:00:44 CET 2013



Base MySQL sélectionnée: agis
Nombre de serveur(s) Linux concerné(s): 4
Nombre de dossier(s) à mettre à jour: 24

sending incremental file list

sent 5598 bytes  received 45 bytes  3762.00 bytes/sec
total size is 9985067  speedup is 1769.46
sending incremental file list

sent 5788 bytes  received 34 bytes  3881.33 bytes/sec
total size is 11670607  speedup is 2004.57
sending incremental file list

sent 63 bytes  received 12 bytes  50.00 bytes/sec
total size is 81426432  speedup is 1085685.76
sending incremental file list

sent 7538 bytes  received 45 bytes  5055.33 bytes/sec
total size is 9253358  speedup is 1220.28
sending incremental file list

sent 7683 bytes  received 20 bytes  5135.33 bytes/sec
total size is 16751831  speedup is 2174.72
sending incremental file list

sent 4308 bytes  received 24 bytes  2888.00 bytes/sec
total size is 6387982  speedup is 1474.60
sending incremental file list
mercuriales/sync.ffs_db
mercuriales/gms/2013/CENTRALES 2013/SYSTEME U 2013.xls
mercuriales/gms/2014/CENTRALES 2014/AUCHAN.FR 2014.xls
mercuriales/gms/2014/CENTRALES 2014/CASINO 2014.xls
mercuriales/gms/2014/CENTRALES 2014/PLACE DU MARCHE 2014.xls
mercuriales/gms/2014/REGIONS  2014/SCHIEVER MERCU JANVIER 2014.xls
mercuriales/mdd/2014/2014 MERCURIALE CARREFOUR PLATS CUISINES.xls

sent 92745 bytes  received 23928 bytes  33335.14 bytes/sec
total size is 47971754  speedup is 411.16
sending incremental file list

sent 5047 bytes  received 27 bytes  3382.67 bytes/sec
total size is 39173092  speedup is 7720.36
sending incremental file list
operations_commerciales/DEMANDE ECHANTILLONS CL .xls
operations_commerciales/chrono demande echantillons.xls
operations_commerciales/GMS/2013/B-CONFIRMATIONS OPERATIONS/CONFIRMATIONS AUCHAN/2013 AUCHAN FESTIF.xls
operations_commerciales/GMS/2013/C-CONTROLES PRIX/CARREFOUR MARKET/2013 CSD MENU FESTIFS.pdf
operations_commerciales/MDD/MODELES CJ/CARREFOUR/DDE ECHANTILLONS/Fiche LIVRAISON ECHANTILLON 6105.doc
operations_commerciales/MDD/MODELES CJ/CARREFOUR/DDE ECHANTILLONS/demande \#351chantillons CRF GUERIN.XLS
operations_commerciales/MDD/MODELES CJ/CARREFOUR/DDE ECHANTILLONS/demande \#351chantillons GUTENBERG.XLS
operations_commerciales/MDD/OP MDD 2014/MDD CRF 2014 FUTUR MASTER.xls
operations_commerciales/MDD/OP MDD 2014/MDD CRF MKT 2014 FUTUR MASTER.xls

sent 296152 bytes  received 7467 bytes  55203.45 bytes/sec
total size is 57880607  speedup is 190.64
sending incremental file list

sent 20778 bytes  received 88 bytes  8346.40 bytes/sec
total size is 98751548  speedup is 4732.65
sending incremental file list

sent 7156 bytes  received 13 bytes  4779.33 bytes/sec
total size is 31676928  speedup is 4418.60
sending incremental file list

sent 63 bytes  received 12 bytes  50.00 bytes/sec
total size is 81426432  speedup is 1085685.76
sending incremental file list

sent 7538 bytes  received 45 bytes  5055.33 bytes/sec
total size is 9253358  speedup is 1220.28
sending incremental file list

sent 4308 bytes  received 24 bytes  2888.00 bytes/sec
total size is 6387982  speedup is 1474.60
sending incremental file list

sent 7683 bytes  received 20 bytes  5135.33 bytes/sec
total size is 16751831  speedup is 2174.72
sending incremental file list

sent 85 bytes  received 13 bytes  196.00 bytes/sec
total size is 104853504  speedup is 1069933.71
sending incremental file list
operations_commerciales/DEMANDE ECHANTILLONS CL .xls
operations_commerciales/chrono demande echantillons.xls
operations_commerciales/GMS/2013/B-CONFIRMATIONS OPERATIONS/CONFIRMATIONS AUCHAN/2013 AUCHAN FESTIF.xls
operations_commerciales/GMS/2013/C-CONTROLES PRIX/CARREFOUR MARKET/2013 CSD MENU FESTIFS.pdf
operations_commerciales/MDD/MODELES CJ/CARREFOUR/DDE ECHANTILLONS/Fiche LIVRAISON ECHANTILLON 6105.doc
operations_commerciales/MDD/MODELES CJ/CARREFOUR/DDE ECHANTILLONS/demande \#351chantillons CRF GUERIN.XLS
operations_commerciales/MDD/MODELES CJ/CARREFOUR/DDE ECHANTILLONS/demande \#351chantillons GUTENBERG.XLS
operations_commerciales/MDD/OP MDD 2014/MDD CRF 2014 FUTUR MASTER.xls
operations_commerciales/MDD/OP MDD 2014/MDD CRF MKT 2014 FUTUR MASTER.xls

sent 296152 bytes  received 7467 bytes  86748.29 bytes/sec
total size is 57880607  speedup is 190.64
sending incremental file list
mercuriales/sync.ffs_db
mercuriales/gms/2013/CENTRALES 2013/SYSTEME U 2013.xls
mercuriales/gms/2014/CENTRALES 2014/AUCHAN.FR 2014.xls
mercuriales/gms/2014/CENTRALES 2014/CASINO 2014.xls
mercuriales/gms/2014/CENTRALES 2014/PLACE DU MARCHE 2014.xls
mercuriales/gms/2014/REGIONS  2014/SCHIEVER MERCU JANVIER 2014.xls
mercuriales/mdd/2014/2014 MERCURIALE CARREFOUR PLATS CUISINES.xls

sent 92745 bytes  received 23928 bytes  46669.20 bytes/sec
total size is 47971754  speedup is 411.16
sending incremental file list

sent 7156 bytes  received 13 bytes  2867.60 bytes/sec
total size is 31676928  speedup is 4418.60
sending incremental file list

sent 5598 bytes  received 45 bytes  3762.00 bytes/sec
total size is 9985067  speedup is 1769.46
sending incremental file list

sent 5677 bytes  received 23 bytes  3800.00 bytes/sec
total size is 128675317  speedup is 22574.62
sending incremental file list

sent 5161 bytes  received 37 bytes  3465.33 bytes/sec
total size is 52194646  speedup is 10041.29
sending incremental file list
deleting codesoft/Codesoft 7/Auchan  Atac/Atac_simply/simply_janv_14/plateau_ass_asia_verso.lab
deleting codesoft/Codesoft 7/Auchan  Atac/Atac_simply/simply_janv_14/plateau_ass_asia_verso.bak
deleting codesoft/Codesoft 7/Auchan  Atac/Atac_simply/simply_janv_14/plateau_ass_asia_recto.lab
deleting codesoft/Codesoft 7/Auchan  Atac/Atac_simply/simply_janv_14/plateau_ass_asia_recto.bak
deleting codesoft/Codesoft 7/Auchan  Atac/Atac_simply/simply_janv_14/plateau_asia_verso.lab
deleting codesoft/Codesoft 7/Auchan  Atac/Atac_simply/simply_janv_14/plateau_asia_verso.bak
deleting codesoft/Codesoft 7/Auchan  Atac/Atac_simply/simply_janv_14/plateau_asia_recto.lab
deleting codesoft/Codesoft 7/Auchan  Atac/Atac_simply/simply_janv_14/plateau_asia_recto.bak
deleting codesoft/Codesoft 7/Auchan  Atac/Atac_simply/simply_janv_14/crev_pan\#351es_verso.lab
deleting codesoft/Codesoft 7/Auchan  Atac/Atac_simply/simply_janv_14/crev_pan\#351es_verso.bak
deleting codesoft/Codesoft 7/Auchan  Atac/Atac_simply/simply_janv_14/crev_pan\#351es_recto.lab
deleting codesoft/Codesoft 7/Auchan  Atac/Atac_simply/simply_janv_14/crev_pan\#351es_recto.bak
deleting codesoft/Codesoft 7/Auchan  Atac/Atac_simply/simply_janv_14/acras_verso.lab
deleting codesoft/Codesoft 7/Auchan  Atac/Atac_simply/simply_janv_14/acras_verso.bak
deleting codesoft/Codesoft 7/Auchan  Atac/Atac_simply/simply_janv_14/acras_recto.lab
deleting codesoft/Codesoft 7/Auchan  Atac/Atac_simply/simply_janv_14/acras_recto.bak
codesoft/Codesoft 7/Auchan  Atac/Atac_simply/simply_janv_14/79861_recto.bak
codesoft/Codesoft 7/Auchan  Atac/Atac_simply/simply_janv_14/79861_recto.lab
codesoft/Codesoft 7/Auchan  Atac/Atac_simply/simply_janv_14/79861_verso.bak
codesoft/Codesoft 7/Auchan  Atac/Atac_simply/simply_janv_14/79861_verso.lab
codesoft/Codesoft 7/Auchan  Atac/Atac_simply/simply_janv_14/79862_recto.bak
codesoft/Codesoft 7/Auchan  Atac/Atac_simply/simply_janv_14/79862_recto.lab
codesoft/Codesoft 7/Auchan  Atac/Atac_simply/simply_janv_14/79862_verso.bak
codesoft/Codesoft 7/Auchan  Atac/Atac_simply/simply_janv_14/79862_verso.lab
codesoft/Codesoft 7/Auchan  Atac/Atac_simply/simply_janv_14/79863_recto.bak
codesoft/Codesoft 7/Auchan  Atac/Atac_simply/simply_janv_14/79863_recto.lab
codesoft/Codesoft 7/Auchan  Atac/Atac_simply/simply_janv_14/79863_verso.bak
codesoft/Codesoft 7/Auchan  Atac/Atac_simply/simply_janv_14/79863_verso.lab
codesoft/Codesoft 7/Auchan  Atac/Atac_simply/simply_janv_14/79864_recto.bak
codesoft/Codesoft 7/Auchan  Atac/Atac_simply/simply_janv_14/79864_recto.lab
codesoft/Codesoft 7/Auchan  Atac/Atac_simply/simply_janv_14/79864_verso.bak
codesoft/Codesoft 7/Auchan  Atac/Atac_simply/simply_janv_14/79864_verso.lab
codesoft/Codesoft 7/Codes Produits/79852.bak
codesoft/Codesoft 7/Codes Produits/79852.lab

sent 218746 bytes  received 2501 bytes  88498.80 bytes/sec
total size is 279111251  speedup is 1261.54
sending incremental file list
