Démarrage : jeu mai 22 23:00:01 CEST 2014
Arrêt     : jeu mai 22 23:02:25 CEST 2014



Base MySQL sélectionnée: agis
Nombre de serveur(s) Linux concerné(s): 4
Nombre de dossier(s) à mettre à jour: 29

sending incremental file list

sent 7051 bytes  received 49 bytes  4733.33 bytes/sec
total size is 12693370  speedup is 1787.80
sending incremental file list
suivi_investissement/2014-2015/Suivi investissements AVI 2014 2015.xls

sent 16655 bytes  received 2667 bytes  7728.80 bytes/sec
total size is 12442583  speedup is 643.96
sending incremental file list
erp_data.mdb

sent 8238021 bytes  received 65747 bytes  182500.40 bytes/sec
total size is 88092672  speedup is 10.61
sending incremental file list

sent 7538 bytes  received 45 bytes  5055.33 bytes/sec
total size is 9253358  speedup is 1220.28
sending incremental file list

sent 7756 bytes  received 20 bytes  5184.00 bytes/sec
total size is 16755943  speedup is 2154.83
sending incremental file list

sent 4308 bytes  received 24 bytes  2888.00 bytes/sec
total size is 6387982  speedup is 1474.60
sending incremental file list
mercuriales/sync.ffs_db
mercuriales/FZC/FZC 2014/PICARD 2014.xls
mercuriales/mdd/2014/2014 MERCURIALE AUCHAN.xls

sent 36583 bytes  received 2494 bytes  6011.85 bytes/sec
total size is 32499737  speedup is 831.68
sending incremental file list

sent 5047 bytes  received 27 bytes  3382.67 bytes/sec
total size is 39173092  speedup is 7720.36
sending incremental file list
operations_commerciales/DEMANDE ECHANTILLONS CL .xls
operations_commerciales/chrono demande echantillons.xls
operations_commerciales/FZC/DEM ECHANTILLONS/Chrono 321 ARGEL 220514.XLS
operations_commerciales/GMS/RECAP DEMANDE ET CONFIRMATIONS HEBDO 2014.xls
operations_commerciales/GMS/2014/A-CENTRALES/GMS AUCHAN 2014-FUTUR MASTER.xls
operations_commerciales/GMS/2014/A-CENTRALES/GMS CARREFOUR 2014-FUTUR MASTER.xls
operations_commerciales/GMS/2014/A-CENTRALES/GMS GALEC 2014-FUTUR MASTER.xls
operations_commerciales/GMS/2014/A-CENTRALES/GMS SYSTEME U 2014-FUTUR MASTER.xls

sent 290135 bytes  received 25972 bytes  57474.00 bytes/sec
total size is 51029403  speedup is 161.43
sending incremental file list

sent 20296 bytes  received 83 bytes  5822.57 bytes/sec
total size is 99065320  speedup is 4861.15
sending incremental file list

sent 4380 bytes  received 82 bytes  1274.86 bytes/sec
total size is 35609223  speedup is 7980.55
sending incremental file list

sent 9956 bytes  received 13 bytes  6646.00 bytes/sec
total size is 48043520  speedup is 4819.29
sending incremental file list

sent 5781 bytes  received 30 bytes  3874.00 bytes/sec
total size is 93132165  speedup is 16026.87
sending incremental file list
erp_data.mdb

sent 8238021 bytes  received 65747 bytes  186601.53 bytes/sec
total size is 88092672  speedup is 10.61
sending incremental file list

sent 7538 bytes  received 45 bytes  5055.33 bytes/sec
total size is 9253358  speedup is 1220.28
sending incremental file list

sent 4308 bytes  received 24 bytes  2888.00 bytes/sec
total size is 6387982  speedup is 1474.60
sending incremental file list

sent 7756 bytes  received 20 bytes  5184.00 bytes/sec
total size is 16755943  speedup is 2154.83
sending incremental file list

sent 85 bytes  received 13 bytes  65.33 bytes/sec
total size is 104853504  speedup is 1069933.71
sending incremental file list
operations_commerciales/DEMANDE ECHANTILLONS CL .xls
operations_commerciales/chrono demande echantillons.xls
operations_commerciales/FZC/DEM ECHANTILLONS/Chrono 321 ARGEL 220514.XLS
operations_commerciales/GMS/RECAP DEMANDE ET CONFIRMATIONS HEBDO 2014.xls
operations_commerciales/GMS/2014/A-CENTRALES/GMS AUCHAN 2014-FUTUR MASTER.xls
operations_commerciales/GMS/2014/A-CENTRALES/GMS CARREFOUR 2014-FUTUR MASTER.xls
operations_commerciales/GMS/2014/A-CENTRALES/GMS GALEC 2014-FUTUR MASTER.xls
operations_commerciales/GMS/2014/A-CENTRALES/GMS SYSTEME U 2014-FUTUR MASTER.xls

sent 290135 bytes  received 25972 bytes  90316.29 bytes/sec
total size is 51029403  speedup is 161.43
sending incremental file list
mercuriales/sync.ffs_db
mercuriales/FZC/FZC 2014/PICARD 2014.xls
mercuriales/mdd/2014/2014 MERCURIALE AUCHAN.xls

sent 36583 bytes  received 2494 bytes  26051.33 bytes/sec
total size is 32499737  speedup is 831.68
sending incremental file list

sent 9956 bytes  received 13 bytes  6646.00 bytes/sec
total size is 48043520  speedup is 4819.29
sending incremental file list

sent 7051 bytes  received 49 bytes  4733.33 bytes/sec
total size is 12693370  speedup is 1787.80
sending incremental file list

sent 5732 bytes  received 23 bytes  3836.67 bytes/sec
total size is 129183193  speedup is 22447.12
sending incremental file list

sent 5610 bytes  received 39 bytes  11298.00 bytes/sec
total size is 59049369  speedup is 10453.07
sending incremental file list
codesoft/Codesoft 7/Codes Produits/micro_nems_destockage.bak
codesoft/Codesoft 7/Codes Produits/micro_nems_destockage.lab

sent 87745 bytes  received 135 bytes  35152.00 bytes/sec
total size is 293774419  speedup is 3342.90
sending incremental file list

sent 20296 bytes  received 83 bytes  8151.60 bytes/sec
total size is 99065320  speedup is 4861.15
sending incremental file list

sent 4380 bytes  received 82 bytes  2974.67 bytes/sec
total size is 35609223  speedup is 7980.55
sending incremental file list

sent 7756 bytes  received 20 bytes  5184.00 bytes/sec
total size is 16755943  speedup is 2154.83
sending incremental file list

sent 7756 bytes  received 20 bytes  5184.00 bytes/sec
total size is 16755943  speedup is 2154.83
