Démarrage : mer sep 25 23:00:01 CEST 2013
Arrêt     : mer sep 25 23:00:40 CEST 2013



Base MySQL sélectionnée: agis
Nombre de serveur(s) Linux concerné(s): 4
Nombre de dossier(s) à mettre à jour: 24

sending incremental file list

sent 7552 bytes  received 20 bytes  15144.00 bytes/sec
total size is 16747405  speedup is 2211.75
sending incremental file list

sent 5440 bytes  received 44 bytes  3656.00 bytes/sec
total size is 9508728  speedup is 1733.90
sending incremental file list

sent 45768 bytes  received 84 bytes  18340.80 bytes/sec
total size is 272851027  speedup is 5950.69
sending incremental file list
suivi_investissement/2014-2015/Bud invest AVI 2014 2015.xls

sent 10607 bytes  received 485 bytes  4436.80 bytes/sec
total size is 11410188  speedup is 1028.69
sending incremental file list

sent 63 bytes  received 12 bytes  50.00 bytes/sec
total size is 77592576  speedup is 1034567.68
sending incremental file list

sent 7538 bytes  received 45 bytes  5055.33 bytes/sec
total size is 9253358  speedup is 1220.28
sending incremental file list

sent 7552 bytes  received 20 bytes  5048.00 bytes/sec
total size is 16747405  speedup is 2211.75
sending incremental file list

sent 4308 bytes  received 24 bytes  2888.00 bytes/sec
total size is 6387982  speedup is 1474.60
sending incremental file list
mercuriales/FZC/FZC 2013/TOUPARGEL 2013.xls
mercuriales/gms/2013/CENTRALES 2013/CARREFOUR MARKET MDD PC PIZZAS 2013.xls
mercuriales/gms/2013/CENTRALES 2013/CARREFOUR MDD PC PIZZAS 2013.xls
mercuriales/gms/2013/CENTRALES 2013/INTERMARCHE 2013.xls
mercuriales/gms/2013/CONTROLE TARIF 2013/10-OCTOBRE/GALEC PROMO PERM 10%.pdf
mercuriales/mdd/2013/2013 MERCURIALE GROUPE AUCHAN.xls

sent 62534 bytes  received 17886 bytes  53613.33 bytes/sec
total size is 32734979  speedup is 407.05
sending incremental file list

sent 5047 bytes  received 27 bytes  3382.67 bytes/sec
total size is 39173092  speedup is 7720.36
sending incremental file list
operations_commerciales/DEMANDE ECHANTILLONS CL .xls
operations_commerciales/chrono demande echantillons.xls
operations_commerciales/GMS/2013/RECAP DEMANDE ET CONFIRMATIONS HEBDO.xls
operations_commerciales/GMS/2013/A-CENTRALES/GMS CARREFOUR MARKET MDD 2013-FUTUR MASTER.xls
operations_commerciales/GMS/2013/A-CENTRALES/GMS CASINO 2013-FUTUR MASTER.xls
operations_commerciales/GMS/2013/B-CONFIRMATIONS OPERATIONS/CONFIRMATIONS CARREFOUR MARKET/2013 CARREFOUR MARKET OP TRAFIC 45.xls
operations_commerciales/GMS/2014/A-CENTRALES/GMS CASINO 2014-FUTUR MASTER.xls
operations_commerciales/GMS/2014/B-CONFIRMATIONS OPERATIONS/CASINO HM/
operations_commerciales/GMS/2014/B-CONFIRMATIONS OPERATIONS/CASINO HM/2014 HM PRIX CHOC S4 PAELLA 2.4KG.xls
operations_commerciales/MDD/OP MDD 2013/MDD AUCHAN 2013 FUTUR MASTER.xls
operations_commerciales/MDD/OP MDD 2013/MDD CRF MKT 2013 FUTUR MASTER.xls

sent 237387 bytes  received 21918 bytes  74087.14 bytes/sec
total size is 93963671  speedup is 362.37
sending incremental file list

sent 18506 bytes  received 80 bytes  12390.67 bytes/sec
total size is 41728031  speedup is 2245.13
sending incremental file list

sent 7502 bytes  received 13 bytes  5010.00 bytes/sec
total size is 33724035  speedup is 4487.56
sending incremental file list

sent 63 bytes  received 12 bytes  50.00 bytes/sec
total size is 77592576  speedup is 1034567.68
sending incremental file list

sent 7538 bytes  received 45 bytes  15166.00 bytes/sec
total size is 9253358  speedup is 1220.28
sending incremental file list

sent 4308 bytes  received 24 bytes  2888.00 bytes/sec
total size is 6387982  speedup is 1474.60
sending incremental file list

sent 7552 bytes  received 20 bytes  5048.00 bytes/sec
total size is 16747405  speedup is 2211.75
sending incremental file list

sent 85 bytes  received 13 bytes  65.33 bytes/sec
total size is 104853504  speedup is 1069933.71
sending incremental file list
operations_commerciales/DEMANDE ECHANTILLONS CL .xls
operations_commerciales/chrono demande echantillons.xls
operations_commerciales/GMS/2013/RECAP DEMANDE ET CONFIRMATIONS HEBDO.xls
operations_commerciales/GMS/2013/A-CENTRALES/GMS CARREFOUR MARKET MDD 2013-FUTUR MASTER.xls
operations_commerciales/GMS/2013/A-CENTRALES/GMS CASINO 2013-FUTUR MASTER.xls
operations_commerciales/GMS/2013/B-CONFIRMATIONS OPERATIONS/CONFIRMATIONS CARREFOUR MARKET/2013 CARREFOUR MARKET OP TRAFIC 45.xls
operations_commerciales/GMS/2014/A-CENTRALES/GMS CASINO 2014-FUTUR MASTER.xls
operations_commerciales/GMS/2014/B-CONFIRMATIONS OPERATIONS/CASINO HM/
operations_commerciales/GMS/2014/B-CONFIRMATIONS OPERATIONS/CASINO HM/2014 HM PRIX CHOC S4 PAELLA 2.4KG.xls
operations_commerciales/MDD/OP MDD 2013/MDD AUCHAN 2013 FUTUR MASTER.xls
operations_commerciales/MDD/OP MDD 2013/MDD CRF MKT 2013 FUTUR MASTER.xls

sent 237387 bytes  received 21918 bytes  74087.14 bytes/sec
total size is 93963671  speedup is 362.37
sending incremental file list
mercuriales/FZC/FZC 2013/TOUPARGEL 2013.xls
mercuriales/gms/2013/CENTRALES 2013/CARREFOUR MARKET MDD PC PIZZAS 2013.xls
mercuriales/gms/2013/CENTRALES 2013/CARREFOUR MDD PC PIZZAS 2013.xls
mercuriales/gms/2013/CENTRALES 2013/INTERMARCHE 2013.xls
mercuriales/gms/2013/CONTROLE TARIF 2013/10-OCTOBRE/GALEC PROMO PERM 10%.pdf
mercuriales/mdd/2013/2013 MERCURIALE GROUPE AUCHAN.xls

sent 62534 bytes  received 17886 bytes  53613.33 bytes/sec
total size is 32734979  speedup is 407.05
sending incremental file list

sent 5440 bytes  received 44 bytes  3656.00 bytes/sec
total size is 9508728  speedup is 1733.90
sending incremental file list

sent 5618 bytes  received 23 bytes  3760.67 bytes/sec
total size is 128643573  speedup is 22805.10
sending incremental file list

sent 4707 bytes  received 36 bytes  9486.00 bytes/sec
total size is 46318934  speedup is 9765.75
sending incremental file list

sent 18506 bytes  received 80 bytes  12390.67 bytes/sec
total size is 41728031  speedup is 2245.13
