Démarrage : jeu fév 27 23:00:01 CET 2014
Arrêt     : jeu fév 27 23:00:57 CET 2014



Base MySQL sélectionnée: agis
Nombre de serveur(s) Linux concerné(s): 4
Nombre de dossier(s) à mettre à jour: 26

sending incremental file list

sent 6345 bytes  received 46 bytes  4260.67 bytes/sec
total size is 11731248  speedup is 1835.59
sending incremental file list

sent 6047 bytes  received 37 bytes  2433.60 bytes/sec
total size is 12258174  speedup is 2014.82
sending incremental file list

sent 63 bytes  received 12 bytes  50.00 bytes/sec
total size is 84160512  speedup is 1122140.16
sending incremental file list

sent 7538 bytes  received 45 bytes  5055.33 bytes/sec
total size is 9253358  speedup is 1220.28
sending incremental file list

sent 7695 bytes  received 20 bytes  5143.33 bytes/sec
total size is 16751789  speedup is 2171.33
sending incremental file list

sent 4308 bytes  received 24 bytes  2888.00 bytes/sec
total size is 6387982  speedup is 1474.60
sending incremental file list
mercuriales/gms/2014/CENTRALES 2014/AUCHAN 2014.xls
mercuriales/gms/2014/CENTRALES 2014/CASINO 2014.xls
mercuriales/mdd/2014/2014 MERCURIALE CARREFOUR PLATS CUISINES.xls

sent 67037 bytes  received 12200 bytes  22639.14 bytes/sec
total size is 28895795  speedup is 364.68
sending incremental file list

sent 5047 bytes  received 27 bytes  2029.60 bytes/sec
total size is 39173092  speedup is 7720.36
sending incremental file list
operations_commerciales/DEMANDE ECHANTILLONS GB.xls
operations_commerciales/chrono demande echantillons.xls
operations_commerciales/GMS/2014/D-REGIONS/GMS LECLERC 2014-FUTUR MASTER.xls
operations_commerciales/GMS/2014/D-REGIONS/GMS SU REGION  2014-FUTUR MASTER.xls

sent 233504 bytes  received 11222 bytes  32630.13 bytes/sec
total size is 46645669  speedup is 190.60
sending incremental file list

sent 19882 bytes  received 78 bytes  5702.86 bytes/sec
total size is 98562242  speedup is 4937.99
sending incremental file list

sent 3133 bytes  received 78 bytes  2140.67 bytes/sec
total size is 13716658  speedup is 4271.77
sending incremental file list

sent 9005 bytes  received 13 bytes  6012.00 bytes/sec
total size is 43125248  speedup is 4782.13
sending incremental file list

sent 63 bytes  received 12 bytes  50.00 bytes/sec
total size is 84160512  speedup is 1122140.16
sending incremental file list

sent 7538 bytes  received 45 bytes  5055.33 bytes/sec
total size is 9253358  speedup is 1220.28
sending incremental file list

sent 4308 bytes  received 24 bytes  2888.00 bytes/sec
total size is 6387982  speedup is 1474.60
sending incremental file list

sent 7695 bytes  received 20 bytes  5143.33 bytes/sec
total size is 16751789  speedup is 2171.33
sending incremental file list

sent 85 bytes  received 13 bytes  196.00 bytes/sec
total size is 104853504  speedup is 1069933.71
sending incremental file list
operations_commerciales/DEMANDE ECHANTILLONS GB.xls
operations_commerciales/chrono demande echantillons.xls
operations_commerciales/GMS/2014/D-REGIONS/GMS LECLERC 2014-FUTUR MASTER.xls
operations_commerciales/GMS/2014/D-REGIONS/GMS SU REGION  2014-FUTUR MASTER.xls

sent 233504 bytes  received 11222 bytes  97890.40 bytes/sec
total size is 46645669  speedup is 190.60
sending incremental file list
mercuriales/gms/2014/CENTRALES 2014/AUCHAN 2014.xls
mercuriales/gms/2014/CENTRALES 2014/CASINO 2014.xls
mercuriales/mdd/2014/2014 MERCURIALE CARREFOUR PLATS CUISINES.xls

sent 67037 bytes  received 12200 bytes  31694.80 bytes/sec
total size is 28895795  speedup is 364.68
sending incremental file list

sent 9005 bytes  received 13 bytes  6012.00 bytes/sec
total size is 43125248  speedup is 4782.13
sending incremental file list

sent 6345 bytes  received 46 bytes  4260.67 bytes/sec
total size is 11731248  speedup is 1835.59
sending incremental file list

sent 5718 bytes  received 23 bytes  11482.00 bytes/sec
total size is 129153497  speedup is 22496.69
sending incremental file list
qualite/REVUE DE DIRECTION/REVUE 66 21.02.14/
qualite/REVUE DE DIRECTION/REVUE 66 21.02.14/R66_AMELIORATION_CONTINUE.ppt
qualite/REVUE DE DIRECTION/REVUE 66 21.02.14/R66_AUDITS.ppt
qualite/REVUE DE DIRECTION/REVUE 66 21.02.14/R66_CROISSANCE_RENTABLE.ppt
qualite/REVUE DE DIRECTION/REVUE 66 21.02.14/R66_ENVIRONNEMENT.ppt
qualite/REVUE DE DIRECTION/REVUE 66 21.02.14/R66_QUALITE.ppt
qualite/REVUE DE DIRECTION/REVUE 66 21.02.14/R66_SECURITE_ALIMENTAIRE.ppt
qualite/REVUE DE DIRECTION/REVUE 66 21.02.14/R66_SOCIAL.ppt
qualite/REVUE DE DIRECTION/REVUE 66 21.02.14/R66_\#351vo_ip.ppt

sent 1535855 bytes  received 194 bytes  161689.37 bytes/sec
total size is 59049369  speedup is 38.44
sending incremental file list

sent 50262 bytes  received 94 bytes  33570.67 bytes/sec
total size is 291009107  speedup is 5779.04
sending incremental file list

sent 19882 bytes  received 78 bytes  7984.00 bytes/sec
total size is 98562242  speedup is 4937.99
sending incremental file list

sent 3133 bytes  received 78 bytes  2140.67 bytes/sec
total size is 13716658  speedup is 4271.77
