Démarrage : mer jan 29 23:00:01 CET 2014
Arrêt     : mer jan 29 23:02:31 CET 2014



Base MySQL sélectionnée: agis
Nombre de serveur(s) Linux concerné(s): 4
Nombre de dossier(s) à mettre à jour: 24

sending incremental file list
deleting gestion_crise/mise \#340 jour 2013/TOUPARGEL/doc gestion de crise 2013.pdf
deleting gestion_crise/mise \#340 jour 2013/TOUPARGEL/doc crise Toupargel compl\#351t\#351 Tarare .pdf
deleting gestion_crise/mise \#340 jour 2013/TOUPARGEL/Retour courrier MAJ gestion de crise 2013 (3).docx
deleting gestion_crise/mise \#340 jour 2013/TOUPARGEL/Mail ccor_crise_ toupargel _03.13.pdf
deleting gestion_crise/mise \#340 jour 2013/TOUPARGEL/Document crise Toupargel compl\#351t\#351 Agis Tarare .doc
deleting gestion_crise/mise \#340 jour 2013/TOUPARGEL/
deleting gestion_crise/mise \#340 jour 2013/THIRIET/mail contacts Thiriet 2013.pdf
deleting gestion_crise/mise \#340 jour 2013/THIRIET/
deleting gestion_crise/mise \#340 jour 2013/Systeme U/_ Mail coordonn\#351_crise_SU.03.2013.pdf
deleting gestion_crise/mise \#340 jour 2013/Systeme U/DR 42 L Coordonn\#351es SU en cas de crise et alerte.doc
deleting gestion_crise/mise \#340 jour 2013/Systeme U/DR 41 FICHE FOURNISEUR ALERTE PRODUIT al+nonal.doc
deleting gestion_crise/mise \#340 jour 2013/Systeme U/
deleting gestion_crise/mise \#340 jour 2013/Simply/mail coor_crise_Simply.2013.pdf
deleting gestion_crise/mise \#340 jour 2013/Simply/Document Simply Agis Tarare.pdf
deleting gestion_crise/mise \#340 jour 2013/Simply/Courrier Gestion de crise SIMPLY.doc
deleting gestion_crise/mise \#340 jour 2013/Simply/
deleting gestion_crise/mise \#340 jour 2013/Scamarck/Mail ccor-crise- scamrck_03.13.pdf
deleting gestion_crise/mise \#340 jour 2013/Scamarck/Conditions_d_achat_2014_GALEC.pdf
deleting gestion_crise/mise \#340 jour 2013/Scamarck/
deleting gestion_crise/mise \#340 jour 2013/PROVERA/Mail. coor_crise_Provera.03.13.pdf
deleting gestion_crise/mise \#340 jour 2013/PROVERA/
deleting gestion_crise/mise \#340 jour 2013/PICARD/fiche gestion de crise .xls
deleting gestion_crise/mise \#340 jour 2013/PICARD/
deleting gestion_crise/mise \#340 jour 2013/Norma/mail_coord_crise _Norma_03.13.pdf
deleting gestion_crise/mise \#340 jour 2013/Norma/
deleting gestion_crise/mise \#340 jour 2013/ITM/mail coordon_crise_ITM.Netto.03.013.pdf
deleting gestion_crise/mise \#340 jour 2013/ITM/
deleting gestion_crise/mise \#340 jour 2013/ED/mail  coordonn\#351e_crise_ Ed_03.13.pdf
deleting gestion_crise/mise \#340 jour 2013/ED/GESTION DE CRISE Dia France MAJ 01.10.12.doc
deleting gestion_crise/mise \#340 jour 2013/ED/
deleting gestion_crise/mise \#340 jour 2013/Carrefour/mail_coor_crise _carrfeour.03.13.pdf
deleting gestion_crise/mise \#340 jour 2013/Carrefour/Changement d'interlocuteur carrefour 07.13.pdf
deleting gestion_crise/mise \#340 jour 2013/Carrefour/
deleting gestion_crise/mise \#340 jour 2013/CASINO/mail _ccor_crise_casino_03.13.pdf
deleting gestion_crise/mise \#340 jour 2013/CASINO/contacts retrait-rappel .pdf
deleting gestion_crise/mise \#340 jour 2013/CASINO/PR  ALERTE METIERS COUPE TEL BUREAU.doc
deleting gestion_crise/mise \#340 jour 2013/CASINO/3. QUAL - Retrait rappel - Courrier fournisseurs interlocuteurs crise EMC 122011.doc
deleting gestion_crise/mise \#340 jour 2013/CASINO/
deleting gestion_crise/mise \#340 jour 2013/BOFROST/mail _coor_crise _bofrost-03.13.pdf
deleting gestion_crise/mise \#340 jour 2013/BOFROST/
deleting gestion_crise/mise \#340 jour 2013/ARGEL/lail_coor_crise _argel.03.13.pdf
deleting gestion_crise/mise \#340 jour 2013/ARGEL/Contact en cas de crise Even Distribution.doc
deleting gestion_crise/mise \#340 jour 2013/ARGEL/
deleting gestion_crise/mise \#340 jour 2013/ALDI/envie coordonn\#351s Agis \#340 aldi .pdf
deleting gestion_crise/mise \#340 jour 2013/ALDI/Tr _ R\#351p. _ coordonn\#351es qualit\#351 AlDi.pdf
deleting gestion_crise/mise \#340 jour 2013/ALDI/Proc\#351dure ALDI .pdf
deleting gestion_crise/mise \#340 jour 2013/ALDI/Coordonn\#351es ALDI .pdf
deleting gestion_crise/mise \#340 jour 2013/ALDI/
deleting gestion_crise/mise \#340 jour 2013/INTERLOCUTEURS CRISE  coupe et FE 2013.xls
deleting gestion_crise/mise \#340 jour 2013/Contacts crises 09032013 FZC.xls
deleting gestion_crise/mise \#340 jour 2013/CONTACTS CLIENT GESTION DE CRISE 080313 MDD HD.xls
deleting gestion_crise/mise \#340 jour 2013/
gestion_crise/mise \#340 jour 2014/
gestion_crise/mise \#340 jour 2014/CONTACTS CLIENT GESTION DE CRISE 080313 MDD HD.xls
gestion_crise/mise \#340 jour 2014/Clients Entrepots REGATE avec Tourn\#351es.xls
gestion_crise/mise \#340 jour 2014/Contacts crises 09032013 FZC.xls
gestion_crise/mise \#340 jour 2014/INTERLOCUTEURS CRISE  coupe et FE 2013.xls
gestion_crise/mise \#340 jour 2014/exemple receherche \#351quivalence.pdf
gestion_crise/mise \#340 jour 2014/exemple recherche adresse client sur Regate.doc
gestion_crise/mise \#340 jour 2014/ALDI/
gestion_crise/mise \#340 jour 2014/ALDI/Coordonn\#351es ALDI .pdf
gestion_crise/mise \#340 jour 2014/ALDI/Proc\#351dure ALDI .pdf
gestion_crise/mise \#340 jour 2014/ALDI/Tr _ R\#351p. _ coordonn\#351es qualit\#351 AlDi.pdf
gestion_crise/mise \#340 jour 2014/ALDI/envie coordonn\#351s Agis \#340 aldi .pdf
gestion_crise/mise \#340 jour 2014/ARGEL/
gestion_crise/mise \#340 jour 2014/ARGEL/Contact en cas de crise Even Distribution.doc
gestion_crise/mise \#340 jour 2014/ARGEL/lail_coor_crise _argel.03.13.pdf
gestion_crise/mise \#340 jour 2014/BOFROST/
gestion_crise/mise \#340 jour 2014/BOFROST/mail _coor_crise _bofrost-03.13.pdf
gestion_crise/mise \#340 jour 2014/CASINO/
gestion_crise/mise \#340 jour 2014/CASINO/3. QUAL - Retrait rappel - Courrier fournisseurs interlocuteurs crise EMC 122011.doc
gestion_crise/mise \#340 jour 2014/CASINO/PR  ALERTE METIERS COUPE TEL BUREAU.doc
gestion_crise/mise \#340 jour 2014/CASINO/contacts retrait-rappel .pdf
gestion_crise/mise \#340 jour 2014/CASINO/mail _ccor_crise_casino_03.13.pdf
gestion_crise/mise \#340 jour 2014/Carrefour/
gestion_crise/mise \#340 jour 2014/Carrefour/Changement d'interlocuteur carrefour 07.13.pdf
gestion_crise/mise \#340 jour 2014/Carrefour/mail_coor_crise _carrfeour.03.13.pdf
gestion_crise/mise \#340 jour 2014/ED/
gestion_crise/mise \#340 jour 2014/ED/GESTION DE CRISE Dia France MAJ 01.10.12.doc
gestion_crise/mise \#340 jour 2014/ED/mail  coordonn\#351e_crise_ Ed_03.13.pdf
gestion_crise/mise \#340 jour 2014/ITM/
gestion_crise/mise \#340 jour 2014/ITM/mail coordon_crise_ITM.Netto.03.013.pdf
gestion_crise/mise \#340 jour 2014/Norma/
gestion_crise/mise \#340 jour 2014/Norma/mail_coord_crise _Norma_03.13.pdf
gestion_crise/mise \#340 jour 2014/PICARD/
gestion_crise/mise \#340 jour 2014/PICARD/fiche gestion de crise .xls
gestion_crise/mise \#340 jour 2014/PROVERA/
gestion_crise/mise \#340 jour 2014/PROVERA/Mail. coor_crise_Provera.03.13.pdf
gestion_crise/mise \#340 jour 2014/Scamarck/
gestion_crise/mise \#340 jour 2014/Scamarck/Conditions_d_achat_2014_GALEC.pdf
gestion_crise/mise \#340 jour 2014/Scamarck/Mail ccor-crise- scamrck_03.13.pdf
gestion_crise/mise \#340 jour 2014/Simply/
gestion_crise/mise \#340 jour 2014/Simply/Courrier Gestion de crise SIMPLY.doc
gestion_crise/mise \#340 jour 2014/Simply/Document Simply Agis Tarare.pdf
gestion_crise/mise \#340 jour 2014/Simply/mail coor_crise_Simply.2013.pdf
gestion_crise/mise \#340 jour 2014/Systeme U/
gestion_crise/mise \#340 jour 2014/Systeme U/DR 41 FICHE FOURNISEUR ALERTE PRODUIT al+nonal.doc
gestion_crise/mise \#340 jour 2014/Systeme U/DR 42 L Coordonn\#351es SU en cas de crise et alerte.doc
gestion_crise/mise \#340 jour 2014/Systeme U/_ Mail coordonn\#351_crise_SU.03.2013.pdf
gestion_crise/mise \#340 jour 2014/THIRIET/
gestion_crise/mise \#340 jour 2014/THIRIET/mail contacts Thiriet 2013.pdf
gestion_crise/mise \#340 jour 2014/TOUPARGEL/
gestion_crise/mise \#340 jour 2014/TOUPARGEL/Document crise Toupargel compl\#351t\#351 Agis Tarare .doc
gestion_crise/mise \#340 jour 2014/TOUPARGEL/Mail ccor_crise_ toupargel _03.13.pdf
gestion_crise/mise \#340 jour 2014/TOUPARGEL/Retour courrier MAJ gestion de crise 2013 (3).docx
gestion_crise/mise \#340 jour 2014/TOUPARGEL/doc crise Toupargel compl\#351t\#351 Tarare .pdf
gestion_crise/mise \#340 jour 2014/TOUPARGEL/doc gestion de crise 2013.pdf

sent 4181759 bytes  received 834 bytes  185893.02 bytes/sec
total size is 11123363  speedup is 2.66
sending incremental file list

sent 5993 bytes  received 37 bytes  2412.00 bytes/sec
total size is 12047230  speedup is 1997.88
sending incremental file list
erp_data.mdb

sent 6592918 bytes  received 64291 bytes  187527.01 bytes/sec
total size is 84160512  speedup is 12.64
sending incremental file list

sent 7538 bytes  received 45 bytes  3033.20 bytes/sec
total size is 9253358  speedup is 1220.28
sending incremental file list

sent 7695 bytes  received 20 bytes  5143.33 bytes/sec
total size is 16751789  speedup is 2171.33
sending incremental file list

sent 4308 bytes  received 24 bytes  2888.00 bytes/sec
total size is 6387982  speedup is 1474.60
sending incremental file list
mercuriales/sync.ffs_db
mercuriales/gms/2014/CENTRALES 2014/AUCHAN 2014.xls
mercuriales/gms/2014/CENTRALES 2014/AUCHAN.FR 2014.xls
mercuriales/gms/2014/CENTRALES 2014/SIMPLY MARKET 2014.xls
deleting mercuriales/gms/2014/CONTROLE TARIFS 2014/02-FEVRIER/02 FEVRIER GAMME DRIVE ET PC.pdf
mercuriales/gms/2014/CONTROLE TARIFS 2014/02-FEVRIER/02 FEVRIER GALEC TARIF CONJONCTUREL.pdf
mercuriales/gms/2014/CONTROLE TARIFS 2014/02-FEVRIER/02 FEVRIER INTERMARCHE GAMME DRIVE ET PC.pdf
mercuriales/gms/2014/REGIONS  2014/GALEC REGION MERCU JANVIER-FEVRIER 2014.xls
mercuriales/mdd/2013/2013 MERCURIALE CARREFOUR PLATS CUISINES.xls
mercuriales/mdd/2014/2014 MERCURIALE CARREFOUR PLATS CUISINES.xls

sent 162288 bytes  received 26063 bytes  53814.57 bytes/sec
total size is 26098066  speedup is 138.56
sending incremental file list

sent 5047 bytes  received 27 bytes  3382.67 bytes/sec
total size is 39173092  speedup is 7720.36
sending incremental file list
operations_commerciales/DEMANDE ECHANTILLONS CL .xls
operations_commerciales/chrono demande echantillons.xls
operations_commerciales/MDD/MODELES VB/DEM ECHANTILLONS/2014/Chrono 41 Casino 290114.XLS

sent 224833 bytes  received 5998 bytes  65951.71 bytes/sec
total size is 60225030  speedup is 260.91
sending incremental file list

sent 19812 bytes  received 78 bytes  13260.00 bytes/sec
total size is 98390370  speedup is 4946.73
sending incremental file list

sent 7705 bytes  received 13 bytes  3087.20 bytes/sec
total size is 33815552  speedup is 4381.39
sending incremental file list
erp_data.mdb

sent 6592918 bytes  received 64291 bytes  187527.01 bytes/sec
total size is 84160512  speedup is 12.64
sending incremental file list

sent 7538 bytes  received 45 bytes  5055.33 bytes/sec
total size is 9253358  speedup is 1220.28
sending incremental file list

sent 4308 bytes  received 24 bytes  2888.00 bytes/sec
total size is 6387982  speedup is 1474.60
sending incremental file list

sent 7695 bytes  received 20 bytes  5143.33 bytes/sec
total size is 16751789  speedup is 2171.33
sending incremental file list

sent 85 bytes  received 13 bytes  65.33 bytes/sec
total size is 104853504  speedup is 1069933.71
sending incremental file list
operations_commerciales/DEMANDE ECHANTILLONS CL .xls
operations_commerciales/chrono demande echantillons.xls
operations_commerciales/MDD/MODELES VB/DEM ECHANTILLONS/2014/Chrono 41 Casino 290114.XLS

sent 224833 bytes  received 5998 bytes  92332.40 bytes/sec
total size is 60225030  speedup is 260.91
sending incremental file list
mercuriales/sync.ffs_db
mercuriales/gms/2014/CENTRALES 2014/AUCHAN 2014.xls
mercuriales/gms/2014/CENTRALES 2014/AUCHAN.FR 2014.xls
mercuriales/gms/2014/CENTRALES 2014/SIMPLY MARKET 2014.xls
deleting mercuriales/gms/2014/CONTROLE TARIFS 2014/02-FEVRIER/02 FEVRIER GAMME DRIVE ET PC.pdf
mercuriales/gms/2014/CONTROLE TARIFS 2014/02-FEVRIER/02 FEVRIER GALEC TARIF CONJONCTUREL.pdf
mercuriales/gms/2014/CONTROLE TARIFS 2014/02-FEVRIER/02 FEVRIER INTERMARCHE GAMME DRIVE ET PC.pdf
mercuriales/gms/2014/REGIONS  2014/GALEC REGION MERCU JANVIER-FEVRIER 2014.xls
mercuriales/mdd/2013/2013 MERCURIALE CARREFOUR PLATS CUISINES.xls
mercuriales/mdd/2014/2014 MERCURIALE CARREFOUR PLATS CUISINES.xls

sent 162288 bytes  received 26063 bytes  75340.40 bytes/sec
total size is 26098066  speedup is 138.56
sending incremental file list

sent 7705 bytes  received 13 bytes  5145.33 bytes/sec
total size is 33815552  speedup is 4381.39
sending incremental file list
deleting gestion_crise/mise \#340 jour 2013/TOUPARGEL/doc gestion de crise 2013.pdf
deleting gestion_crise/mise \#340 jour 2013/TOUPARGEL/doc crise Toupargel compl\#351t\#351 Tarare .pdf
deleting gestion_crise/mise \#340 jour 2013/TOUPARGEL/Retour courrier MAJ gestion de crise 2013 (3).docx
deleting gestion_crise/mise \#340 jour 2013/TOUPARGEL/Mail ccor_crise_ toupargel _03.13.pdf
deleting gestion_crise/mise \#340 jour 2013/TOUPARGEL/Document crise Toupargel compl\#351t\#351 Agis Tarare .doc
deleting gestion_crise/mise \#340 jour 2013/TOUPARGEL/
deleting gestion_crise/mise \#340 jour 2013/THIRIET/mail contacts Thiriet 2013.pdf
deleting gestion_crise/mise \#340 jour 2013/THIRIET/
deleting gestion_crise/mise \#340 jour 2013/Systeme U/_ Mail coordonn\#351_crise_SU.03.2013.pdf
deleting gestion_crise/mise \#340 jour 2013/Systeme U/DR 42 L Coordonn\#351es SU en cas de crise et alerte.doc
deleting gestion_crise/mise \#340 jour 2013/Systeme U/DR 41 FICHE FOURNISEUR ALERTE PRODUIT al+nonal.doc
deleting gestion_crise/mise \#340 jour 2013/Systeme U/
deleting gestion_crise/mise \#340 jour 2013/Simply/mail coor_crise_Simply.2013.pdf
deleting gestion_crise/mise \#340 jour 2013/Simply/Document Simply Agis Tarare.pdf
deleting gestion_crise/mise \#340 jour 2013/Simply/Courrier Gestion de crise SIMPLY.doc
deleting gestion_crise/mise \#340 jour 2013/Simply/
deleting gestion_crise/mise \#340 jour 2013/Scamarck/Mail ccor-crise- scamrck_03.13.pdf
deleting gestion_crise/mise \#340 jour 2013/Scamarck/Conditions_d_achat_2014_GALEC.pdf
deleting gestion_crise/mise \#340 jour 2013/Scamarck/
deleting gestion_crise/mise \#340 jour 2013/PROVERA/Mail. coor_crise_Provera.03.13.pdf
deleting gestion_crise/mise \#340 jour 2013/PROVERA/
deleting gestion_crise/mise \#340 jour 2013/PICARD/fiche gestion de crise .xls
deleting gestion_crise/mise \#340 jour 2013/PICARD/
deleting gestion_crise/mise \#340 jour 2013/Norma/mail_coord_crise _Norma_03.13.pdf
deleting gestion_crise/mise \#340 jour 2013/Norma/
deleting gestion_crise/mise \#340 jour 2013/ITM/mail coordon_crise_ITM.Netto.03.013.pdf
deleting gestion_crise/mise \#340 jour 2013/ITM/
deleting gestion_crise/mise \#340 jour 2013/ED/mail  coordonn\#351e_crise_ Ed_03.13.pdf
deleting gestion_crise/mise \#340 jour 2013/ED/GESTION DE CRISE Dia France MAJ 01.10.12.doc
deleting gestion_crise/mise \#340 jour 2013/ED/
deleting gestion_crise/mise \#340 jour 2013/Carrefour/mail_coor_crise _carrfeour.03.13.pdf
deleting gestion_crise/mise \#340 jour 2013/Carrefour/Changement d'interlocuteur carrefour 07.13.pdf
deleting gestion_crise/mise \#340 jour 2013/Carrefour/
deleting gestion_crise/mise \#340 jour 2013/CASINO/mail _ccor_crise_casino_03.13.pdf
deleting gestion_crise/mise \#340 jour 2013/CASINO/contacts retrait-rappel .pdf
deleting gestion_crise/mise \#340 jour 2013/CASINO/PR  ALERTE METIERS COUPE TEL BUREAU.doc
deleting gestion_crise/mise \#340 jour 2013/CASINO/3. QUAL - Retrait rappel - Courrier fournisseurs interlocuteurs crise EMC 122011.doc
deleting gestion_crise/mise \#340 jour 2013/CASINO/
deleting gestion_crise/mise \#340 jour 2013/BOFROST/mail _coor_crise _bofrost-03.13.pdf
deleting gestion_crise/mise \#340 jour 2013/BOFROST/
deleting gestion_crise/mise \#340 jour 2013/ARGEL/lail_coor_crise _argel.03.13.pdf
deleting gestion_crise/mise \#340 jour 2013/ARGEL/Contact en cas de crise Even Distribution.doc
deleting gestion_crise/mise \#340 jour 2013/ARGEL/
deleting gestion_crise/mise \#340 jour 2013/ALDI/envie coordonn\#351s Agis \#340 aldi .pdf
deleting gestion_crise/mise \#340 jour 2013/ALDI/Tr _ R\#351p. _ coordonn\#351es qualit\#351 AlDi.pdf
deleting gestion_crise/mise \#340 jour 2013/ALDI/Proc\#351dure ALDI .pdf
deleting gestion_crise/mise \#340 jour 2013/ALDI/Coordonn\#351es ALDI .pdf
deleting gestion_crise/mise \#340 jour 2013/ALDI/
deleting gestion_crise/mise \#340 jour 2013/INTERLOCUTEURS CRISE  coupe et FE 2013.xls
deleting gestion_crise/mise \#340 jour 2013/Contacts crises 09032013 FZC.xls
deleting gestion_crise/mise \#340 jour 2013/CONTACTS CLIENT GESTION DE CRISE 080313 MDD HD.xls
deleting gestion_crise/mise \#340 jour 2013/
gestion_crise/mise \#340 jour 2014/
gestion_crise/mise \#340 jour 2014/CONTACTS CLIENT GESTION DE CRISE 080313 MDD HD.xls
gestion_crise/mise \#340 jour 2014/Clients Entrepots REGATE avec Tourn\#351es.xls
gestion_crise/mise \#340 jour 2014/Contacts crises 09032013 FZC.xls
gestion_crise/mise \#340 jour 2014/INTERLOCUTEURS CRISE  coupe et FE 2013.xls
gestion_crise/mise \#340 jour 2014/exemple receherche \#351quivalence.pdf
gestion_crise/mise \#340 jour 2014/exemple recherche adresse client sur Regate.doc
gestion_crise/mise \#340 jour 2014/ALDI/
gestion_crise/mise \#340 jour 2014/ALDI/Coordonn\#351es ALDI .pdf
gestion_crise/mise \#340 jour 2014/ALDI/Proc\#351dure ALDI .pdf
gestion_crise/mise \#340 jour 2014/ALDI/Tr _ R\#351p. _ coordonn\#351es qualit\#351 AlDi.pdf
gestion_crise/mise \#340 jour 2014/ALDI/envie coordonn\#351s Agis \#340 aldi .pdf
gestion_crise/mise \#340 jour 2014/ARGEL/
gestion_crise/mise \#340 jour 2014/ARGEL/Contact en cas de crise Even Distribution.doc
gestion_crise/mise \#340 jour 2014/ARGEL/lail_coor_crise _argel.03.13.pdf
gestion_crise/mise \#340 jour 2014/BOFROST/
gestion_crise/mise \#340 jour 2014/BOFROST/mail _coor_crise _bofrost-03.13.pdf
gestion_crise/mise \#340 jour 2014/CASINO/
gestion_crise/mise \#340 jour 2014/CASINO/3. QUAL - Retrait rappel - Courrier fournisseurs interlocuteurs crise EMC 122011.doc
gestion_crise/mise \#340 jour 2014/CASINO/PR  ALERTE METIERS COUPE TEL BUREAU.doc
gestion_crise/mise \#340 jour 2014/CASINO/contacts retrait-rappel .pdf
gestion_crise/mise \#340 jour 2014/CASINO/mail _ccor_crise_casino_03.13.pdf
gestion_crise/mise \#340 jour 2014/Carrefour/
gestion_crise/mise \#340 jour 2014/Carrefour/Changement d'interlocuteur carrefour 07.13.pdf
gestion_crise/mise \#340 jour 2014/Carrefour/mail_coor_crise _carrfeour.03.13.pdf
gestion_crise/mise \#340 jour 2014/ED/
gestion_crise/mise \#340 jour 2014/ED/GESTION DE CRISE Dia France MAJ 01.10.12.doc
gestion_crise/mise \#340 jour 2014/ED/mail  coordonn\#351e_crise_ Ed_03.13.pdf
gestion_crise/mise \#340 jour 2014/ITM/
gestion_crise/mise \#340 jour 2014/ITM/mail coordon_crise_ITM.Netto.03.013.pdf
gestion_crise/mise \#340 jour 2014/Norma/
gestion_crise/mise \#340 jour 2014/Norma/mail_coord_crise _Norma_03.13.pdf
gestion_crise/mise \#340 jour 2014/PICARD/
gestion_crise/mise \#340 jour 2014/PICARD/fiche gestion de crise .xls
gestion_crise/mise \#340 jour 2014/PROVERA/
gestion_crise/mise \#340 jour 2014/PROVERA/Mail. coor_crise_Provera.03.13.pdf
gestion_crise/mise \#340 jour 2014/Scamarck/
gestion_crise/mise \#340 jour 2014/Scamarck/Conditions_d_achat_2014_GALEC.pdf
gestion_crise/mise \#340 jour 2014/Scamarck/Mail ccor-crise- scamrck_03.13.pdf
gestion_crise/mise \#340 jour 2014/Simply/
gestion_crise/mise \#340 jour 2014/Simply/Courrier Gestion de crise SIMPLY.doc
gestion_crise/mise \#340 jour 2014/Simply/Document Simply Agis Tarare.pdf
gestion_crise/mise \#340 jour 2014/Simply/mail coor_crise_Simply.2013.pdf
gestion_crise/mise \#340 jour 2014/Systeme U/
gestion_crise/mise \#340 jour 2014/Systeme U/DR 41 FICHE FOURNISEUR ALERTE PRODUIT al+nonal.doc
gestion_crise/mise \#340 jour 2014/Systeme U/DR 42 L Coordonn\#351es SU en cas de crise et alerte.doc
gestion_crise/mise \#340 jour 2014/Systeme U/_ Mail coordonn\#351_crise_SU.03.2013.pdf
gestion_crise/mise \#340 jour 2014/THIRIET/
gestion_crise/mise \#340 jour 2014/THIRIET/mail contacts Thiriet 2013.pdf
gestion_crise/mise \#340 jour 2014/TOUPARGEL/
gestion_crise/mise \#340 jour 2014/TOUPARGEL/Document crise Toupargel compl\#351t\#351 Agis Tarare .doc
gestion_crise/mise \#340 jour 2014/TOUPARGEL/Mail ccor_crise_ toupargel _03.13.pdf
gestion_crise/mise \#340 jour 2014/TOUPARGEL/Retour courrier MAJ gestion de crise 2013 (3).docx
gestion_crise/mise \#340 jour 2014/TOUPARGEL/doc crise Toupargel compl\#351t\#351 Tarare .pdf
gestion_crise/mise \#340 jour 2014/TOUPARGEL/doc gestion de crise 2013.pdf

sent 4181759 bytes  received 834 bytes  185893.02 bytes/sec
total size is 11123363  speedup is 2.66
sending incremental file list

sent 5677 bytes  received 23 bytes  3800.00 bytes/sec
total size is 128675317  speedup is 22574.62
sending incremental file list

sent 5353 bytes  received 38 bytes  3594.00 bytes/sec
total size is 56169881  speedup is 10419.20
sending incremental file list

sent 49946 bytes  received 94 bytes  33360.00 bytes/sec
total size is 289940563  speedup is 5794.18
sending incremental file list
