Démarrage : mer nov  6 23:00:01 CET 2013
Arrêt     : mer nov  6 23:02:22 CET 2013



Base MySQL sélectionnée: agis
Nombre de serveur(s) Linux concerné(s): 4
Nombre de dossier(s) à mettre à jour: 25

sending incremental file list

sent 7651 bytes  received 20 bytes  5114.00 bytes/sec
total size is 16750795  speedup is 2183.65
sending incremental file list

sent 5598 bytes  received 45 bytes  3762.00 bytes/sec
total size is 9985067  speedup is 1769.46
sending incremental file list

sent 5753 bytes  received 34 bytes  3858.00 bytes/sec
total size is 11615823  speedup is 2007.23
sending incremental file list
erp_data.mdb

sent 10250762 bytes  received 62247 bytes  189229.52 bytes/sec
total size is 78852096  speedup is 7.65
sending incremental file list

sent 7538 bytes  received 45 bytes  5055.33 bytes/sec
total size is 9253358  speedup is 1220.28
sending incremental file list

sent 7651 bytes  received 20 bytes  5114.00 bytes/sec
total size is 16750795  speedup is 2183.65
sending incremental file list

sent 4308 bytes  received 24 bytes  8664.00 bytes/sec
total size is 6387982  speedup is 1474.60
sending incremental file list
mercuriales/gms/2013/CENTRALES 2013/AUCHAN 2013.xls
mercuriales/mdd/2013/2013 MERCURIALE CARREFOUR PLATS CUISINES.xls

sent 24395 bytes  received 10999 bytes  23596.00 bytes/sec
total size is 42381441  speedup is 1197.42
sending incremental file list

sent 5047 bytes  received 27 bytes  3382.67 bytes/sec
total size is 39173092  speedup is 7720.36
sending incremental file list
operations_commerciales/FZC/CONFIRMATIONS/2014/TOUPARGEL/
operations_commerciales/FZC/CONFIRMATIONS/2014/TOUPARGEL/TOUPARGEL_CYCLE1_2014.xls
operations_commerciales/FZC/OP FZC 2013/FZC PICARD 2013.xls
operations_commerciales/FZC/OP FZC 2014/FZC TOUPARGEL 2014.xls
operations_commerciales/GMS/2014/A-CENTRALES/GMS AUCHAN 2014-FUTUR MASTER.xls
operations_commerciales/GMS/2014/A-CENTRALES/GMS INTERMARCHE 2014-FUTUR MASTER.xls
operations_commerciales/MDD/OP MDD 2013/MDD CASINO 2013 FUTUR MASTER.xls

sent 67572 bytes  received 10068 bytes  31056.00 bytes/sec
total size is 54271443  speedup is 699.01
sending incremental file list

sent 18506 bytes  received 80 bytes  12390.67 bytes/sec
total size is 41728031  speedup is 2245.13
sending incremental file list
modeles/compo_pc_double_bas-v2_180.lab

sent 25302 bytes  received 1688 bytes  10796.00 bytes/sec
total size is 30342144  speedup is 1124.20
sending incremental file list
erp_data.mdb

sent 10250762 bytes  received 62247 bytes  192766.52 bytes/sec
total size is 78852096  speedup is 7.65
sending incremental file list

sent 7538 bytes  received 45 bytes  5055.33 bytes/sec
total size is 9253358  speedup is 1220.28
sending incremental file list

sent 4308 bytes  received 24 bytes  2888.00 bytes/sec
total size is 6387982  speedup is 1474.60
sending incremental file list

sent 7651 bytes  received 20 bytes  5114.00 bytes/sec
total size is 16750795  speedup is 2183.65
sending incremental file list

sent 85 bytes  received 13 bytes  65.33 bytes/sec
total size is 104853504  speedup is 1069933.71
sending incremental file list
operations_commerciales/FZC/CONFIRMATIONS/2014/TOUPARGEL/
operations_commerciales/FZC/CONFIRMATIONS/2014/TOUPARGEL/TOUPARGEL_CYCLE1_2014.xls
operations_commerciales/FZC/OP FZC 2013/FZC PICARD 2013.xls
operations_commerciales/FZC/OP FZC 2014/FZC TOUPARGEL 2014.xls
operations_commerciales/GMS/2014/A-CENTRALES/GMS AUCHAN 2014-FUTUR MASTER.xls
operations_commerciales/GMS/2014/A-CENTRALES/GMS INTERMARCHE 2014-FUTUR MASTER.xls
operations_commerciales/MDD/OP MDD 2013/MDD CASINO 2013 FUTUR MASTER.xls

sent 67572 bytes  received 10068 bytes  31056.00 bytes/sec
total size is 54271443  speedup is 699.01
sending incremental file list
mercuriales/gms/2013/CENTRALES 2013/AUCHAN 2013.xls
mercuriales/mdd/2013/2013 MERCURIALE CARREFOUR PLATS CUISINES.xls

sent 24395 bytes  received 10999 bytes  23596.00 bytes/sec
total size is 42381441  speedup is 1197.42
sending incremental file list
modeles/compo_pc_double_bas-v2_180.lab

sent 25302 bytes  received 1688 bytes  17993.33 bytes/sec
total size is 30342144  speedup is 1124.20
sending incremental file list

sent 5598 bytes  received 45 bytes  11286.00 bytes/sec
total size is 9985067  speedup is 1769.46
sending incremental file list

sent 5677 bytes  received 23 bytes  3800.00 bytes/sec
total size is 128675317  speedup is 22574.62
sending incremental file list

sent 4707 bytes  received 36 bytes  3162.00 bytes/sec
total size is 46318934  speedup is 9765.75
sending incremental file list

sent 46162 bytes  received 86 bytes  30832.00 bytes/sec
total size is 275068499  speedup is 5947.68
sending incremental file list
