Démarrage : mar jan 21 23:00:02 CET 2014
Arrêt     : mar jan 21 23:00:44 CET 2014



Base MySQL sélectionnée: agis
Nombre de serveur(s) Linux concerné(s): 4
Nombre de dossier(s) à mettre à jour: 24

sending incremental file list

sent 5691 bytes  received 45 bytes  3824.00 bytes/sec
total size is 10159163  speedup is 1771.12
sending incremental file list

sent 5977 bytes  received 37 bytes  2405.60 bytes/sec
total size is 12047230  speedup is 2003.20
sending incremental file list

sent 63 bytes  received 12 bytes  50.00 bytes/sec
total size is 83869696  speedup is 1118262.61
sending incremental file list

sent 7538 bytes  received 45 bytes  5055.33 bytes/sec
total size is 9253358  speedup is 1220.28
sending incremental file list

sent 7695 bytes  received 20 bytes  5143.33 bytes/sec
total size is 16751789  speedup is 2171.33
sending incremental file list

sent 4308 bytes  received 24 bytes  2888.00 bytes/sec
total size is 6387982  speedup is 1474.60
sending incremental file list
mercuriales/sync.ffs_db
mercuriales/FZC/FZC 2014/TOUPARGEL 2014.xls
mercuriales/mdd/2013/2013 MERCURIALE CARREFOUR PLATS CUISINES.xls
mercuriales/mdd/2014/2014 MERCURIALE EXPORT.xls
mercuriales/mdd/2014/2014 MERCURIALE PROVERA.xls

sent 52867 bytes  received 6389 bytes  23702.40 bytes/sec
total size is 25766751  speedup is 434.84
sending incremental file list

sent 5047 bytes  received 27 bytes  3382.67 bytes/sec
total size is 39173092  speedup is 7720.36
sending incremental file list
operations_commerciales/DEMANDE ECHANTILLONS CL .xls
operations_commerciales/chrono demande echantillons.xls
operations_commerciales/sync.ffs_db
operations_commerciales/GMS/2013/A-CENTRALES/GMS AUCHAN 2013-FUTUR MASTER.xls
operations_commerciales/GMS/2013/A-CENTRALES/GMS AUCHAN.FR 2013-FUTUR MASTER.xls
operations_commerciales/GMS/2013/A-CENTRALES/GMS CARREFOUR MARKET MN 2013-FUTUR MASTER.xls
operations_commerciales/GMS/2013/A-CENTRALES/GMS CARREFOUR MDD 2013-FUTUR MASTER.xls
operations_commerciales/GMS/2013/A-CENTRALES/GMS CARREFOUR MN ASIE 2013-FUTUR MASTER.xls
operations_commerciales/GMS/2013/A-CENTRALES/GMS CASINO 2013-FUTUR MASTER.xls
operations_commerciales/GMS/2013/A-CENTRALES/GMS GALEC 2013-FUTUR MASTER.xls
operations_commerciales/GMS/2013/A-CENTRALES/GMS INTERMARCHE 2013-FUTUR MASTER.xls
operations_commerciales/GMS/2013/A-CENTRALES/GMS SIMPLY MARKET 2013-FUTUR MASTER.xls
operations_commerciales/GMS/2013/A-CENTRALES/GMS SYSTEME U 2013-FUTUR MASTER.xls
operations_commerciales/GMS/2014/A-CENTRALES/GMS AUCHAN 2014-FUTUR MASTER.xls
operations_commerciales/GMS/2014/A-CENTRALES/GMS CASINO 2014-FUTUR MASTER.xls
operations_commerciales/MDD/OP MDD 2014/MDD ITM 2014 .xls

sent 362057 bytes  received 60788 bytes  76880.91 bytes/sec
total size is 60581998  speedup is 143.27
sending incremental file list

sent 19775 bytes  received 78 bytes  7941.20 bytes/sec
total size is 98318654  speedup is 4952.33
sending incremental file list
modeles/compo_ITM_gamme_permanente.lab
modeles/compo_ITM_gamme_permanente_180.lab

sent 37302 bytes  received 2211 bytes  15805.20 bytes/sec
total size is 33255424  speedup is 841.63
sending incremental file list

sent 63 bytes  received 12 bytes  50.00 bytes/sec
total size is 83869696  speedup is 1118262.61
sending incremental file list

sent 7538 bytes  received 45 bytes  5055.33 bytes/sec
total size is 9253358  speedup is 1220.28
sending incremental file list

sent 4308 bytes  received 24 bytes  2888.00 bytes/sec
total size is 6387982  speedup is 1474.60
sending incremental file list

sent 7695 bytes  received 20 bytes  5143.33 bytes/sec
total size is 16751789  speedup is 2171.33
sending incremental file list

sent 85 bytes  received 13 bytes  65.33 bytes/sec
total size is 104853504  speedup is 1069933.71
sending incremental file list
operations_commerciales/DEMANDE ECHANTILLONS CL .xls
operations_commerciales/chrono demande echantillons.xls
operations_commerciales/sync.ffs_db
operations_commerciales/GMS/2013/A-CENTRALES/GMS AUCHAN 2013-FUTUR MASTER.xls
operations_commerciales/GMS/2013/A-CENTRALES/GMS AUCHAN.FR 2013-FUTUR MASTER.xls
operations_commerciales/GMS/2013/A-CENTRALES/GMS CARREFOUR MARKET MN 2013-FUTUR MASTER.xls
operations_commerciales/GMS/2013/A-CENTRALES/GMS CARREFOUR MDD 2013-FUTUR MASTER.xls
operations_commerciales/GMS/2013/A-CENTRALES/GMS CARREFOUR MN ASIE 2013-FUTUR MASTER.xls
operations_commerciales/GMS/2013/A-CENTRALES/GMS CASINO 2013-FUTUR MASTER.xls
operations_commerciales/GMS/2013/A-CENTRALES/GMS GALEC 2013-FUTUR MASTER.xls
operations_commerciales/GMS/2013/A-CENTRALES/GMS INTERMARCHE 2013-FUTUR MASTER.xls
operations_commerciales/GMS/2013/A-CENTRALES/GMS SIMPLY MARKET 2013-FUTUR MASTER.xls
operations_commerciales/GMS/2013/A-CENTRALES/GMS SYSTEME U 2013-FUTUR MASTER.xls
operations_commerciales/GMS/2014/A-CENTRALES/GMS AUCHAN 2014-FUTUR MASTER.xls
operations_commerciales/GMS/2014/A-CENTRALES/GMS CASINO 2014-FUTUR MASTER.xls
operations_commerciales/MDD/OP MDD 2014/MDD ITM 2014 .xls

sent 362057 bytes  received 60788 bytes  120812.86 bytes/sec
total size is 60581998  speedup is 143.27
sending incremental file list
mercuriales/sync.ffs_db
mercuriales/FZC/FZC 2014/TOUPARGEL 2014.xls
mercuriales/mdd/2013/2013 MERCURIALE CARREFOUR PLATS CUISINES.xls
mercuriales/mdd/2014/2014 MERCURIALE EXPORT.xls
mercuriales/mdd/2014/2014 MERCURIALE PROVERA.xls

sent 52867 bytes  received 6389 bytes  23702.40 bytes/sec
total size is 25766751  speedup is 434.84
sending incremental file list
modeles/compo_ITM_gamme_permanente.lab
modeles/compo_ITM_gamme_permanente_180.lab

sent 37302 bytes  received 2211 bytes  26342.00 bytes/sec
total size is 33255424  speedup is 841.63
sending incremental file list

sent 5691 bytes  received 45 bytes  3824.00 bytes/sec
total size is 10159163  speedup is 1771.12
sending incremental file list

sent 5677 bytes  received 23 bytes  3800.00 bytes/sec
total size is 128675317  speedup is 22574.62
sending incremental file list

sent 5353 bytes  received 38 bytes  3594.00 bytes/sec
total size is 56169881  speedup is 10419.20
sending incremental file list
codesoft/Codesoft 7/Auchan  Atac/Auchan/Auchan le traiteur/AUCHAN COUPE/79186.bak
codesoft/Codesoft 7/Auchan  Atac/Auchan/Auchan le traiteur/AUCHAN COUPE/79186.lab
codesoft/Codesoft 7/Auchan  Atac/Auchan/Auchan le traiteur/AUCHAN COUPE/79188.bak
codesoft/Codesoft 7/Auchan  Atac/Auchan/Auchan le traiteur/AUCHAN COUPE/79188.lab
codesoft/Codesoft 7/Auchan  Atac/Auchan/Auchan le traiteur/En attente 2014/AVEC PRIX/79179_verso.bak
codesoft/Codesoft 7/Auchan  Atac/Auchan/Auchan le traiteur/En attente 2014/AVEC PRIX/79179_verso.lab
codesoft/Codesoft 7/Auchan  Atac/Auchan/Auchan le traiteur/En attente 2014/AVEC PRIX/79180_verso.bak
codesoft/Codesoft 7/Auchan  Atac/Auchan/Auchan le traiteur/En attente 2014/AVEC PRIX/79180_verso.lab
codesoft/Codesoft 7/Auchan  Atac/Auchan/Auchan le traiteur/En attente 2014/AVEC PRIX/79181_verso.bak
codesoft/Codesoft 7/Auchan  Atac/Auchan/Auchan le traiteur/En attente 2014/AVEC PRIX/79181_verso.lab
codesoft/Codesoft 7/Auchan  Atac/Auchan/Auchan le traiteur/En attente 2014/AVEC PRIX/79184_verso.bak
codesoft/Codesoft 7/Auchan  Atac/Auchan/Auchan le traiteur/En attente 2014/AVEC PRIX/79184_verso.lab

sent 145189 bytes  received 7146 bytes  60934.00 bytes/sec
total size is 289759827  speedup is 1902.12
sending incremental file list
