Démarrage : mar jan 28 23:00:02 CET 2014
Arrêt     : mar jan 28 23:03:21 CET 2014



Base MySQL sélectionnée: agis
Nombre de serveur(s) Linux concerné(s): 4
Nombre de dossier(s) à mettre à jour: 24

sending incremental file list

sent 5691 bytes  received 45 bytes  2294.40 bytes/sec
total size is 10159163  speedup is 1771.12
sending incremental file list

sent 5993 bytes  received 37 bytes  2412.00 bytes/sec
total size is 12047230  speedup is 1997.88
sending incremental file list
erp_data.mdb

sent 15283318 bytes  received 64186 bytes  193050.36 bytes/sec
total size is 84160512  speedup is 5.48
sending incremental file list

sent 7538 bytes  received 45 bytes  5055.33 bytes/sec
total size is 9253358  speedup is 1220.28
sending incremental file list

sent 7695 bytes  received 20 bytes  5143.33 bytes/sec
total size is 16751789  speedup is 2171.33
sending incremental file list

sent 4308 bytes  received 24 bytes  2888.00 bytes/sec
total size is 6387982  speedup is 1474.60
sending incremental file list
mercuriales/sync.ffs_db
mercuriales/FZC/FZC 2014/ARGEL 2014.xls
mercuriales/HD/2013/2013 MERCURIALE DIA.xls
mercuriales/HD/2014/2014 MERCURIALE DIA.xls
mercuriales/gms/2014/CENTRALES 2014/AUCHAN 2014.xls
mercuriales/gms/2014/CENTRALES 2014/CASINO 2014.xls
mercuriales/gms/2014/CENTRALES 2014/INTERMARCHE 2014.xls
mercuriales/gms/2014/CONTROLE TARIFS 2014/02-FEVRIER/
mercuriales/gms/2014/CONTROLE TARIFS 2014/02-FEVRIER/02 FEVRIER GAMME DRIVE ET PC.pdf
deleting mercuriales/gms/2014/REGIONS  2014/GALEC REGION MERCU JANVIER 2014.xls
mercuriales/gms/2014/REGIONS  2014/GALEC REGION MERCU JANVIER-FEVRIER 2014.xls
mercuriales/gms/2014/REGIONS  2014/ARCHIVES/
mercuriales/mdd/2014/2014 MERCURIALE AUCHAN.xls
mercuriales/mdd/2014/2014 MERCURIALE CARREFOUR PLATS CUISINES.xls
mercuriales/mdd/2014/2014 MERCURIALE INTERMARCHE.xls

sent 292697 bytes  received 19556 bytes  89215.14 bytes/sec
total size is 25910961  speedup is 82.98
sending incremental file list

sent 5047 bytes  received 27 bytes  3382.67 bytes/sec
total size is 39173092  speedup is 7720.36
sending incremental file list
operations_commerciales/DEMANDE ECHANTILLONS CL .xls
operations_commerciales/chrono demande echantillons.xls
operations_commerciales/GMS/RECAP DEMANDE ET CONFIRMATIONS HEBDO.xls
operations_commerciales/GMS/2014/A-CENTRALES/GMS INTERMARCHE 2014-FUTUR MASTER.xls
operations_commerciales/GMS/2014/B-CONFIRMATIONS OPERATIONS/INTERMARCHE/2014 INTERMARCHE JUIN EURO 2 OP 61048.xls
operations_commerciales/GMS/2014/D-REGIONS/GMS SCHIEVER 2014-FUTUR MASTER.xls

sent 251977 bytes  received 14439 bytes  59203.56 bytes/sec
total size is 60171782  speedup is 225.86
sending incremental file list

sent 19812 bytes  received 78 bytes  7956.00 bytes/sec
total size is 98390370  speedup is 4946.73
sending incremental file list

sent 7705 bytes  received 13 bytes  5145.33 bytes/sec
total size is 33815552  speedup is 4381.39
sending incremental file list
erp_data.mdb

sent 15283318 bytes  received 64186 bytes  193050.36 bytes/sec
total size is 84160512  speedup is 5.48
sending incremental file list

sent 7538 bytes  received 45 bytes  5055.33 bytes/sec
total size is 9253358  speedup is 1220.28
sending incremental file list

sent 4308 bytes  received 24 bytes  2888.00 bytes/sec
total size is 6387982  speedup is 1474.60
sending incremental file list

sent 7695 bytes  received 20 bytes  5143.33 bytes/sec
total size is 16751789  speedup is 2171.33
sending incremental file list

sent 85 bytes  received 13 bytes  65.33 bytes/sec
total size is 104853504  speedup is 1069933.71
sending incremental file list
operations_commerciales/DEMANDE ECHANTILLONS CL .xls
operations_commerciales/chrono demande echantillons.xls
operations_commerciales/GMS/RECAP DEMANDE ET CONFIRMATIONS HEBDO.xls
operations_commerciales/GMS/2014/A-CENTRALES/GMS INTERMARCHE 2014-FUTUR MASTER.xls
operations_commerciales/GMS/2014/B-CONFIRMATIONS OPERATIONS/INTERMARCHE/2014 INTERMARCHE JUIN EURO 2 OP 61048.xls
operations_commerciales/GMS/2014/D-REGIONS/GMS SCHIEVER 2014-FUTUR MASTER.xls

sent 251977 bytes  received 14439 bytes  76118.86 bytes/sec
total size is 60171782  speedup is 225.86
sending incremental file list
mercuriales/sync.ffs_db
mercuriales/FZC/FZC 2014/ARGEL 2014.xls
mercuriales/HD/2013/2013 MERCURIALE DIA.xls
mercuriales/HD/2014/2014 MERCURIALE DIA.xls
mercuriales/gms/2014/CENTRALES 2014/AUCHAN 2014.xls
mercuriales/gms/2014/CENTRALES 2014/CASINO 2014.xls
mercuriales/gms/2014/CENTRALES 2014/INTERMARCHE 2014.xls
mercuriales/gms/2014/CONTROLE TARIFS 2014/02-FEVRIER/
mercuriales/gms/2014/CONTROLE TARIFS 2014/02-FEVRIER/02 FEVRIER GAMME DRIVE ET PC.pdf
deleting mercuriales/gms/2014/REGIONS  2014/GALEC REGION MERCU JANVIER 2014.xls
mercuriales/gms/2014/REGIONS  2014/GALEC REGION MERCU JANVIER-FEVRIER 2014.xls
mercuriales/gms/2014/REGIONS  2014/ARCHIVES/
mercuriales/mdd/2014/2014 MERCURIALE AUCHAN.xls
mercuriales/mdd/2014/2014 MERCURIALE CARREFOUR PLATS CUISINES.xls
mercuriales/mdd/2014/2014 MERCURIALE INTERMARCHE.xls

sent 292697 bytes  received 19556 bytes  124901.20 bytes/sec
total size is 25910961  speedup is 82.98
sending incremental file list

sent 7705 bytes  received 13 bytes  5145.33 bytes/sec
total size is 33815552  speedup is 4381.39
sending incremental file list

sent 5691 bytes  received 45 bytes  11472.00 bytes/sec
total size is 10159163  speedup is 1771.12
sending incremental file list

sent 5677 bytes  received 23 bytes  3800.00 bytes/sec
total size is 128675317  speedup is 22574.62
sending incremental file list

sent 5353 bytes  received 38 bytes  3594.00 bytes/sec
total size is 56169881  speedup is 10419.20
sending incremental file list

sent 49946 bytes  received 94 bytes  33360.00 bytes/sec
total size is 289940563  speedup is 5794.18
sending incremental file list
