Démarrage : mar aoû 19 23:00:02 CEST 2014
Arrêt     : mar aoû 19 23:00:46 CEST 2014



Base MySQL sélectionnée: agis
Nombre de serveur(s) Linux concerné(s): 4
Nombre de dossier(s) à mettre à jour: 29

sending incremental file list

sent 7305 bytes  received 49 bytes  4902.67 bytes/sec
total size is 13622581  speedup is 1852.40
sending incremental file list
suivi_investissement/2014-2015/R\#351alis\#351 bud invest 2014-2015/Bud invest PFT 2014-2015.xls
suivi_investissement/2014-2015/R\#351alis\#351 bud invest 2014-2015/Bud invest TAR 2014-2015xls.xls
suivi_investissement/2014-2015/R\#351alis\#351 bud invest r\#351vis\#351 2014-2015/Bud invest r\#351vis\#351 AVI 2014 2015.xls
suivi_investissement/2014-2015/R\#351alis\#351 bud invest r\#351vis\#351 2014-2015/Bud invest r\#351vis\#351 HER 2014-2015.xls
suivi_investissement/2014-2015/R\#351alis\#351 bud invest r\#351vis\#351 2014-2015/Bud invest r\#351vis\#351 PFT 2014-2015.xls
suivi_investissement/2014-2015/R\#351alis\#351 bud invest r\#351vis\#351 2014-2015/Bud invest r\#351vis\#351 TAR 2014-2015xls.xls

sent 58931 bytes  received 1870 bytes  40534.00 bytes/sec
total size is 12849623  speedup is 211.34
sending incremental file list

sent 63 bytes  received 12 bytes  50.00 bytes/sec
total size is 212826112  speedup is 2837681.49
sending incremental file list

sent 7593 bytes  received 45 bytes  5092.00 bytes/sec
total size is 9254930  speedup is 1211.70
sending incremental file list

sent 7938 bytes  received 20 bytes  5305.33 bytes/sec
total size is 16768700  speedup is 2107.15
sending incremental file list

sent 4308 bytes  received 24 bytes  2888.00 bytes/sec
total size is 6387982  speedup is 1474.60
sending incremental file list
mercuriales/MERCURIALES - AGIS/mdd/2014/2014 MERCURIALE CARREFOUR PLATS CUISINES.xls
mercuriales/MERCURIALES - MARIE/2014/2014 MERCURIALES CARREFOUR MARIE.xls

sent 34357 bytes  received 4089 bytes  25630.67 bytes/sec
total size is 38241376  speedup is 994.68
sending incremental file list

sent 5047 bytes  received 27 bytes  10148.00 bytes/sec
total size is 39173092  speedup is 7720.36
sending incremental file list
operations_commerciales/DEMANDE ECHANTILLONS CL .xls
operations_commerciales/chrono demande echantillons.xls
operations_commerciales/GMS/RECAP DEMANDE ET CONFIRMATIONS HEBDO 2014.xls
operations_commerciales/GMS/2014/A-CENTRALES/GMS AUCHAN 2014-FUTUR MASTER.xls
operations_commerciales/GMS/2014/A-CENTRALES/GMS CARREFOUR 2014-FUTUR MASTER.xls
operations_commerciales/GMS/2014/A-CENTRALES/GMS CASINO 2014-FUTUR MASTER.xls
operations_commerciales/GMS/2014/A-CENTRALES/GMS INTERMARCHE 2014-FUTUR MASTER.xls
operations_commerciales/GMS/2014/B-CONFIRMATIONS OPERATIONS/AUCHAN.FR/2014 AUCHAN.FR FESTIFS.xls
operations_commerciales/GMS/2014/B-CONFIRMATIONS OPERATIONS/AUCHAN/2014 AUCHAN FESTIFS.xls
operations_commerciales/GMS/2014/B-CONFIRMATIONS OPERATIONS/CARREFOUR/2014 CARREFOUR FESTIFS.xls
operations_commerciales/GMS/2014/B-CONFIRMATIONS OPERATIONS/INTERMARCHE/2014 INTERMARCHE DECEMBRE FESTIFS COUPE.xls
operations_commerciales/GMS/2014/B-CONFIRMATIONS OPERATIONS/SYSTEME U/2014 SYSTEME U OUEST FESTIFS MONO.xls

sent 319241 bytes  received 30030 bytes  139708.40 bytes/sec
total size is 57265334  speedup is 163.96
sending incremental file list

sent 20406 bytes  received 83 bytes  13659.33 bytes/sec
total size is 99360776  speedup is 4849.47
sending incremental file list

sent 6737 bytes  received 93 bytes  4553.33 bytes/sec
total size is 53070050  speedup is 7770.14
sending incremental file list

sent 9529 bytes  received 13 bytes  6361.33 bytes/sec
total size is 46518272  speedup is 4875.11
sending incremental file list

sent 5781 bytes  received 30 bytes  3874.00 bytes/sec
total size is 92829061  speedup is 15974.71
sending incremental file list

sent 63 bytes  received 12 bytes  50.00 bytes/sec
total size is 212826112  speedup is 2837681.49
sending incremental file list

sent 7593 bytes  received 45 bytes  5092.00 bytes/sec
total size is 9254930  speedup is 1211.70
sending incremental file list

sent 4308 bytes  received 24 bytes  2888.00 bytes/sec
total size is 6387982  speedup is 1474.60
sending incremental file list

sent 7938 bytes  received 20 bytes  5305.33 bytes/sec
total size is 16768700  speedup is 2107.15
sending incremental file list

sent 85 bytes  received 13 bytes  65.33 bytes/sec
total size is 104853504  speedup is 1069933.71
sending incremental file list
operations_commerciales/DEMANDE ECHANTILLONS CL .xls
operations_commerciales/chrono demande echantillons.xls
operations_commerciales/GMS/RECAP DEMANDE ET CONFIRMATIONS HEBDO 2014.xls
operations_commerciales/GMS/2014/A-CENTRALES/GMS AUCHAN 2014-FUTUR MASTER.xls
operations_commerciales/GMS/2014/A-CENTRALES/GMS CARREFOUR 2014-FUTUR MASTER.xls
operations_commerciales/GMS/2014/A-CENTRALES/GMS CASINO 2014-FUTUR MASTER.xls
operations_commerciales/GMS/2014/A-CENTRALES/GMS INTERMARCHE 2014-FUTUR MASTER.xls
operations_commerciales/GMS/2014/B-CONFIRMATIONS OPERATIONS/AUCHAN.FR/2014 AUCHAN.FR FESTIFS.xls
operations_commerciales/GMS/2014/B-CONFIRMATIONS OPERATIONS/AUCHAN/2014 AUCHAN FESTIFS.xls
operations_commerciales/GMS/2014/B-CONFIRMATIONS OPERATIONS/CARREFOUR/2014 CARREFOUR FESTIFS.xls
operations_commerciales/GMS/2014/B-CONFIRMATIONS OPERATIONS/INTERMARCHE/2014 INTERMARCHE DECEMBRE FESTIFS COUPE.xls
operations_commerciales/GMS/2014/B-CONFIRMATIONS OPERATIONS/SYSTEME U/2014 SYSTEME U OUEST FESTIFS MONO.xls

sent 319241 bytes  received 30030 bytes  99791.71 bytes/sec
total size is 57265334  speedup is 163.96
sending incremental file list
mercuriales/MERCURIALES - AGIS/mdd/2014/2014 MERCURIALE CARREFOUR PLATS CUISINES.xls
mercuriales/MERCURIALES - MARIE/2014/2014 MERCURIALES CARREFOUR MARIE.xls

sent 34357 bytes  received 4089 bytes  25630.67 bytes/sec
total size is 38241376  speedup is 994.68
sending incremental file list

sent 9529 bytes  received 13 bytes  6361.33 bytes/sec
total size is 46518272  speedup is 4875.11
sending incremental file list

sent 7305 bytes  received 49 bytes  4902.67 bytes/sec
total size is 13622581  speedup is 1852.40
sending incremental file list

sent 5745 bytes  received 23 bytes  3845.33 bytes/sec
total size is 129159129  speedup is 22392.36
sending incremental file list

sent 5610 bytes  received 39 bytes  3766.00 bytes/sec
total size is 59049369  speedup is 10453.07
sending incremental file list

sent 52293 bytes  received 97 bytes  20956.00 bytes/sec
total size is 299707475  speedup is 5720.70
sending incremental file list

sent 20406 bytes  received 83 bytes  13659.33 bytes/sec
total size is 99360776  speedup is 4849.47
sending incremental file list

sent 6737 bytes  received 93 bytes  2732.00 bytes/sec
total size is 53070050  speedup is 7770.14
sending incremental file list

sent 7938 bytes  received 20 bytes  5305.33 bytes/sec
total size is 16768700  speedup is 2107.15
sending incremental file list

sent 7938 bytes  received 20 bytes  5305.33 bytes/sec
total size is 16768700  speedup is 2107.15
