Démarrage : lun mai 12 23:00:01 CEST 2014
Arrêt     : lun mai 12 23:01:35 CEST 2014



Base MySQL sélectionnée: agis
Nombre de serveur(s) Linux concerné(s): 4
Nombre de dossier(s) à mettre à jour: 29

sending incremental file list

sent 7051 bytes  received 49 bytes  4733.33 bytes/sec
total size is 12693370  speedup is 1787.80
sending incremental file list

sent 6274 bytes  received 38 bytes  2524.80 bytes/sec
total size is 12421591  speedup is 1967.93
sending incremental file list

sent 63 bytes  received 12 bytes  50.00 bytes/sec
total size is 88092672  speedup is 1174568.96
sending incremental file list

sent 7538 bytes  received 45 bytes  3033.20 bytes/sec
total size is 9253358  speedup is 1220.28
sending incremental file list

sent 7695 bytes  received 20 bytes  5143.33 bytes/sec
total size is 16751789  speedup is 2171.33
sending incremental file list

sent 4308 bytes  received 24 bytes  2888.00 bytes/sec
total size is 6387982  speedup is 1474.60
sending incremental file list
mercuriales/sync.ffs_lock
deleting mercuriales/EXPORT/2013/controle tarif/2013 ALVILARDAN TARIF AU 01-01-2013.pdf
deleting mercuriales/EXPORT/2013/controle tarif/
deleting mercuriales/EXPORT/2013/
deleting mercuriales/EXPORT/2012/CONTROLE TARIF/TOP SAVEURS 02-04-2012.doc
deleting mercuriales/EXPORT/2012/CONTROLE TARIF/PHENE 02-04-2012.doc
deleting mercuriales/EXPORT/2012/CONTROLE TARIF/ALVILARDAN 02-04-2012 .doc
deleting mercuriales/EXPORT/2012/CONTROLE TARIF/
deleting mercuriales/EXPORT/2012/PHENE 2012.xls
deleting mercuriales/EXPORT/2012/MATCH BELUX 2012.xls
deleting mercuriales/EXPORT/2012/ALVILARDAN 2012.xls
deleting mercuriales/EXPORT/2012/
deleting mercuriales/EXPORT/2011/SANTA MARIA 2011.xls
deleting mercuriales/EXPORT/2011/PHENE 2011.xls
deleting mercuriales/EXPORT/2011/MATCH BELUX 2011.xls
deleting mercuriales/EXPORT/2011/HEMA 2011.xls
deleting mercuriales/EXPORT/2011/ALVILARDAN 2011.xls
deleting mercuriales/EXPORT/2011/
deleting mercuriales/EXPORT/2010/SANTA MARIA 2010.xls
deleting mercuriales/EXPORT/2010/PROVERA BELUX 2010.xls
deleting mercuriales/EXPORT/2010/PHENE 2010.xls
deleting mercuriales/EXPORT/2010/HEMA 2010.xls
deleting mercuriales/EXPORT/2010/CHAMPION MESTDAGH 2010.xls
deleting mercuriales/EXPORT/2010/ALVILARDAN 2010.xls
deleting mercuriales/EXPORT/2010/
mercuriales/EXPORT/2014/
mercuriales/EXPORT/2014/CLIENTS/
mercuriales/EXPORT/2014/CLIENTS/MATCH BELUX 2014.xls
mercuriales/EXPORT/2014/CONTROLE DES TARIFS/
mercuriales/EXPORT/2014/CONTROLE DES TARIFS/MATCH BELUX 12-05-2014.pdf
mercuriales/EXPORT/2014/CONTROLE DES TARIFS/MATCH BELUX PRODUITS MDD.pdf
mercuriales/EXPORT/X-ARCHIVES/
mercuriales/EXPORT/X-ARCHIVES/2010/
mercuriales/EXPORT/X-ARCHIVES/2010/ALVILARDAN 2010.xls
mercuriales/EXPORT/X-ARCHIVES/2010/CHAMPION MESTDAGH 2010.xls
mercuriales/EXPORT/X-ARCHIVES/2010/HEMA 2010.xls
mercuriales/EXPORT/X-ARCHIVES/2010/PHENE 2010.xls
mercuriales/EXPORT/X-ARCHIVES/2010/PROVERA BELUX 2010.xls
mercuriales/EXPORT/X-ARCHIVES/2010/SANTA MARIA 2010.xls
mercuriales/EXPORT/X-ARCHIVES/2011/
mercuriales/EXPORT/X-ARCHIVES/2011/ALVILARDAN 2011.xls
mercuriales/EXPORT/X-ARCHIVES/2011/HEMA 2011.xls
mercuriales/EXPORT/X-ARCHIVES/2011/MATCH BELUX 2011.xls
mercuriales/EXPORT/X-ARCHIVES/2011/PHENE 2011.xls
mercuriales/EXPORT/X-ARCHIVES/2011/SANTA MARIA 2011.xls
mercuriales/EXPORT/X-ARCHIVES/2012/
mercuriales/EXPORT/X-ARCHIVES/2012/ALVILARDAN 2012.xls
mercuriales/EXPORT/X-ARCHIVES/2012/MATCH BELUX 2012.xls
mercuriales/EXPORT/X-ARCHIVES/2012/PHENE 2012.xls
mercuriales/EXPORT/X-ARCHIVES/2012/CONTROLE TARIF/
mercuriales/EXPORT/X-ARCHIVES/2012/CONTROLE TARIF/ALVILARDAN 02-04-2012 .doc
mercuriales/EXPORT/X-ARCHIVES/2012/CONTROLE TARIF/PHENE 02-04-2012.doc
mercuriales/EXPORT/X-ARCHIVES/2012/CONTROLE TARIF/TOP SAVEURS 02-04-2012.doc
mercuriales/EXPORT/X-ARCHIVES/2013/
mercuriales/EXPORT/X-ARCHIVES/2013/controle tarif/
mercuriales/EXPORT/X-ARCHIVES/2013/controle tarif/2013 ALVILARDAN TARIF AU 01-01-2013.pdf
mercuriales/HD/2014/2014 MERCURIALE DIA.xls
mercuriales/gms/2014/CENTRALES 2014/AUCHAN 2014.xls
mercuriales/mdd/2014/2014 MERCURIALE AUCHAN.xls
mercuriales/mdd/2014/2014 MERCURIALE CARREFOUR PLATS CUISINES.xls
mercuriales/mdd/2014/2014 MERCURIALE FRANCAP.xls
mercuriales/mdd/2014/2014 MERCURIALE INTERMARCHE.xls
mercuriales/mdd/2014/2014 MERCURIALE PROVERA.xls

sent 1503901 bytes  received 13330 bytes  46684.03 bytes/sec
total size is 32256317  speedup is 21.26
sending incremental file list

sent 5047 bytes  received 27 bytes  3382.67 bytes/sec
total size is 39173092  speedup is 7720.36
sending incremental file list
operations_commerciales/GMS/2014/A-CENTRALES/GMS SYSTEME U 2014-FUTUR MASTER.xls
operations_commerciales/GMS/2014/D-REGIONS/GMS CARREFOUR REGIONS 2014-FUTUR MASTER.xls
operations_commerciales/GMS/2014/D-REGIONS/GMS LECLERC 2014-FUTUR MASTER.xls
operations_commerciales/MDD/OP MDD 2014/MDD GROUPE AUCHAN 2014.xls

sent 196014 bytes  received 13996 bytes  60002.86 bytes/sec
total size is 50327963  speedup is 239.65
sending incremental file list

sent 20296 bytes  received 83 bytes  13586.00 bytes/sec
total size is 99065320  speedup is 4861.15
sending incremental file list

sent 4380 bytes  received 82 bytes  2974.67 bytes/sec
total size is 35609223  speedup is 7980.55
sending incremental file list
deleting modeles/test_surface_impression.lab
modeles/compo_pc_saveur_minute_recto.lab
modeles/compo_pc_saveur_minute_recto_180.lab
modeles/compo_pc_saveur_minute_recto_180_surgele.lab
modeles/compo_pc_saveur_minute_recto_surgele.lab
modeles/compo_pc_saveur_minute_verso.bak
modeles/compo_pc_saveur_minute_verso.lab
modeles/compo_pc_saveur_minute_verso_180.lab
modeles/compo_pc_saveur_minute_verso_180_surgele.lab
modeles/compo_pc_saveur_minute_verso_surgele.lab

sent 154239 bytes  received 184 bytes  61769.20 bytes/sec
total size is 46510592  speedup is 301.19
sending incremental file list

sent 5781 bytes  received 30 bytes  3874.00 bytes/sec
total size is 93132165  speedup is 16026.87
sending incremental file list

sent 63 bytes  received 12 bytes  50.00 bytes/sec
total size is 88092672  speedup is 1174568.96
sending incremental file list

sent 7538 bytes  received 45 bytes  5055.33 bytes/sec
total size is 9253358  speedup is 1220.28
sending incremental file list

sent 4308 bytes  received 24 bytes  2888.00 bytes/sec
total size is 6387982  speedup is 1474.60
sending incremental file list

sent 7695 bytes  received 20 bytes  5143.33 bytes/sec
total size is 16751789  speedup is 2171.33
sending incremental file list

sent 85 bytes  received 13 bytes  65.33 bytes/sec
total size is 104853504  speedup is 1069933.71
sending incremental file list
operations_commerciales/GMS/2014/A-CENTRALES/GMS SYSTEME U 2014-FUTUR MASTER.xls
operations_commerciales/GMS/2014/D-REGIONS/GMS CARREFOUR REGIONS 2014-FUTUR MASTER.xls
operations_commerciales/GMS/2014/D-REGIONS/GMS LECLERC 2014-FUTUR MASTER.xls
operations_commerciales/MDD/OP MDD 2014/MDD GROUPE AUCHAN 2014.xls

sent 196014 bytes  received 13996 bytes  84004.00 bytes/sec
total size is 50327963  speedup is 239.65
sending incremental file list
mercuriales/sync.ffs_lock
deleting mercuriales/EXPORT/2013/controle tarif/2013 ALVILARDAN TARIF AU 01-01-2013.pdf
deleting mercuriales/EXPORT/2013/controle tarif/
deleting mercuriales/EXPORT/2013/
deleting mercuriales/EXPORT/2012/CONTROLE TARIF/TOP SAVEURS 02-04-2012.doc
deleting mercuriales/EXPORT/2012/CONTROLE TARIF/PHENE 02-04-2012.doc
deleting mercuriales/EXPORT/2012/CONTROLE TARIF/ALVILARDAN 02-04-2012 .doc
deleting mercuriales/EXPORT/2012/CONTROLE TARIF/
deleting mercuriales/EXPORT/2012/PHENE 2012.xls
deleting mercuriales/EXPORT/2012/MATCH BELUX 2012.xls
deleting mercuriales/EXPORT/2012/ALVILARDAN 2012.xls
deleting mercuriales/EXPORT/2012/
deleting mercuriales/EXPORT/2011/SANTA MARIA 2011.xls
deleting mercuriales/EXPORT/2011/PHENE 2011.xls
deleting mercuriales/EXPORT/2011/MATCH BELUX 2011.xls
deleting mercuriales/EXPORT/2011/HEMA 2011.xls
deleting mercuriales/EXPORT/2011/ALVILARDAN 2011.xls
deleting mercuriales/EXPORT/2011/
deleting mercuriales/EXPORT/2010/SANTA MARIA 2010.xls
deleting mercuriales/EXPORT/2010/PROVERA BELUX 2010.xls
deleting mercuriales/EXPORT/2010/PHENE 2010.xls
deleting mercuriales/EXPORT/2010/HEMA 2010.xls
deleting mercuriales/EXPORT/2010/CHAMPION MESTDAGH 2010.xls
deleting mercuriales/EXPORT/2010/ALVILARDAN 2010.xls
deleting mercuriales/EXPORT/2010/
mercuriales/EXPORT/2014/
mercuriales/EXPORT/2014/CLIENTS/
mercuriales/EXPORT/2014/CLIENTS/MATCH BELUX 2014.xls
mercuriales/EXPORT/2014/CONTROLE DES TARIFS/
mercuriales/EXPORT/2014/CONTROLE DES TARIFS/MATCH BELUX 12-05-2014.pdf
mercuriales/EXPORT/2014/CONTROLE DES TARIFS/MATCH BELUX PRODUITS MDD.pdf
mercuriales/EXPORT/X-ARCHIVES/
mercuriales/EXPORT/X-ARCHIVES/2010/
mercuriales/EXPORT/X-ARCHIVES/2010/ALVILARDAN 2010.xls
mercuriales/EXPORT/X-ARCHIVES/2010/CHAMPION MESTDAGH 2010.xls
mercuriales/EXPORT/X-ARCHIVES/2010/HEMA 2010.xls
mercuriales/EXPORT/X-ARCHIVES/2010/PHENE 2010.xls
mercuriales/EXPORT/X-ARCHIVES/2010/PROVERA BELUX 2010.xls
mercuriales/EXPORT/X-ARCHIVES/2010/SANTA MARIA 2010.xls
mercuriales/EXPORT/X-ARCHIVES/2011/
mercuriales/EXPORT/X-ARCHIVES/2011/ALVILARDAN 2011.xls
mercuriales/EXPORT/X-ARCHIVES/2011/HEMA 2011.xls
mercuriales/EXPORT/X-ARCHIVES/2011/MATCH BELUX 2011.xls
mercuriales/EXPORT/X-ARCHIVES/2011/PHENE 2011.xls
mercuriales/EXPORT/X-ARCHIVES/2011/SANTA MARIA 2011.xls
mercuriales/EXPORT/X-ARCHIVES/2012/
mercuriales/EXPORT/X-ARCHIVES/2012/ALVILARDAN 2012.xls
mercuriales/EXPORT/X-ARCHIVES/2012/MATCH BELUX 2012.xls
mercuriales/EXPORT/X-ARCHIVES/2012/PHENE 2012.xls
mercuriales/EXPORT/X-ARCHIVES/2012/CONTROLE TARIF/
mercuriales/EXPORT/X-ARCHIVES/2012/CONTROLE TARIF/ALVILARDAN 02-04-2012 .doc
mercuriales/EXPORT/X-ARCHIVES/2012/CONTROLE TARIF/PHENE 02-04-2012.doc
mercuriales/EXPORT/X-ARCHIVES/2012/CONTROLE TARIF/TOP SAVEURS 02-04-2012.doc
mercuriales/EXPORT/X-ARCHIVES/2013/
mercuriales/EXPORT/X-ARCHIVES/2013/controle tarif/
mercuriales/EXPORT/X-ARCHIVES/2013/controle tarif/2013 ALVILARDAN TARIF AU 01-01-2013.pdf
mercuriales/HD/2014/2014 MERCURIALE DIA.xls
mercuriales/gms/2014/CENTRALES 2014/AUCHAN 2014.xls
mercuriales/mdd/2014/2014 MERCURIALE AUCHAN.xls
mercuriales/mdd/2014/2014 MERCURIALE CARREFOUR PLATS CUISINES.xls
mercuriales/mdd/2014/2014 MERCURIALE FRANCAP.xls
mercuriales/mdd/2014/2014 MERCURIALE INTERMARCHE.xls
mercuriales/mdd/2014/2014 MERCURIALE PROVERA.xls

sent 1503901 bytes  received 13330 bytes  159708.53 bytes/sec
total size is 32256326  speedup is 21.26
sending incremental file list
deleting modeles/test_surface_impression.lab
modeles/compo_pc_saveur_minute_recto.lab
modeles/compo_pc_saveur_minute_recto_180.lab
modeles/compo_pc_saveur_minute_recto_180_surgele.lab
modeles/compo_pc_saveur_minute_recto_surgele.lab
modeles/compo_pc_saveur_minute_verso.bak
modeles/compo_pc_saveur_minute_verso.lab
modeles/compo_pc_saveur_minute_verso_180.lab
modeles/compo_pc_saveur_minute_verso_180_surgele.lab
modeles/compo_pc_saveur_minute_verso_surgele.lab

sent 154239 bytes  received 184 bytes  61769.20 bytes/sec
total size is 46510592  speedup is 301.19
sending incremental file list

sent 7051 bytes  received 49 bytes  14200.00 bytes/sec
total size is 12693370  speedup is 1787.80
sending incremental file list

sent 5732 bytes  received 23 bytes  3836.67 bytes/sec
total size is 129183193  speedup is 22447.12
sending incremental file list

sent 5610 bytes  received 39 bytes  2259.60 bytes/sec
total size is 59049369  speedup is 10453.07
sending incremental file list

sent 50984 bytes  received 95 bytes  20431.60 bytes/sec
total size is 293510227  speedup is 5746.20
sending incremental file list

sent 20296 bytes  received 83 bytes  5822.57 bytes/sec
total size is 99065320  speedup is 4861.15
sending incremental file list

sent 4380 bytes  received 82 bytes  1274.86 bytes/sec
total size is 35609223  speedup is 7980.55
sending incremental file list

sent 7695 bytes  received 20 bytes  2204.29 bytes/sec
total size is 16751789  speedup is 2171.33
sending incremental file list

sent 7695 bytes  received 20 bytes  1714.44 bytes/sec
total size is 16751789  speedup is 2171.33
