Démarrage : mer jan  8 23:00:02 CET 2014
Arrêt     : mer jan  8 23:00:46 CET 2014



Base MySQL sélectionnée: agis
Nombre de serveur(s) Linux concerné(s): 4
Nombre de dossier(s) à mettre à jour: 24

sending incremental file list

sent 5691 bytes  received 45 bytes  3824.00 bytes/sec
total size is 10159163  speedup is 1771.12
sending incremental file list
suivi_investissement/2013-2014/suivi des travaux 2013.xls
suivi_investissement/2014-2015/Bud invest AVI r\#351vis\#351 2013-2014.xls

sent 25737 bytes  received 2077 bytes  18542.67 bytes/sec
total size is 11674703  speedup is 419.74
sending incremental file list
erp_data.mdb

sent 66552 bytes  received 64032 bytes  29018.67 bytes/sec
total size is 83456000  speedup is 639.10
sending incremental file list

sent 7538 bytes  received 45 bytes  5055.33 bytes/sec
total size is 9253358  speedup is 1220.28
sending incremental file list

sent 7695 bytes  received 20 bytes  3086.00 bytes/sec
total size is 16751789  speedup is 2171.33
sending incremental file list

sent 4308 bytes  received 24 bytes  2888.00 bytes/sec
total size is 6387982  speedup is 1474.60
sending incremental file list
mercuriales/sync.ffs_db
mercuriales/HD/2014/2014 MERCURIALE DIA.xls
mercuriales/gms/2014/CENTRALES 2014/AUCHAN.FR 2014.xls
mercuriales/mdd/2014/2014 MERCURIALE AUCHAN.xls

sent 28603 bytes  received 6154 bytes  23171.33 bytes/sec
total size is 25565010  speedup is 735.54
sending incremental file list

sent 5047 bytes  received 27 bytes  10148.00 bytes/sec
total size is 39173092  speedup is 7720.36
sending incremental file list
operations_commerciales/DEMANDE ECHANTILLONS CL .xls
operations_commerciales/chrono demande echantillons.xls
operations_commerciales/sync.ffs_db
operations_commerciales/FZC/OP FZC 2014/FZC TOUPARGEL 2014.xls
operations_commerciales/MDD/OP MDD 2013/MDD ITM FUTUR MASTER 2013 .xls
operations_commerciales/MDD/OP MDD 2014/MDD SYSTEME U 2014.xls

sent 239882 bytes  received 7219 bytes  70600.29 bytes/sec
total size is 60637139  speedup is 245.39
sending incremental file list

sent 20908 bytes  received 88 bytes  8398.40 bytes/sec
total size is 99120505  speedup is 4720.92
sending incremental file list

sent 7378 bytes  received 13 bytes  4927.33 bytes/sec
total size is 32486400  speedup is 4395.40
sending incremental file list
erp_data.mdb

sent 66552 bytes  received 64032 bytes  37309.71 bytes/sec
total size is 83456000  speedup is 639.10
sending incremental file list

sent 7538 bytes  received 45 bytes  5055.33 bytes/sec
total size is 9253358  speedup is 1220.28
sending incremental file list

sent 4308 bytes  received 24 bytes  2888.00 bytes/sec
total size is 6387982  speedup is 1474.60
sending incremental file list

sent 7695 bytes  received 20 bytes  5143.33 bytes/sec
total size is 16751789  speedup is 2171.33
sending incremental file list

sent 85 bytes  received 13 bytes  196.00 bytes/sec
total size is 104853504  speedup is 1069933.71
sending incremental file list
operations_commerciales/DEMANDE ECHANTILLONS CL .xls
operations_commerciales/chrono demande echantillons.xls
operations_commerciales/sync.ffs_db
operations_commerciales/FZC/OP FZC 2014/FZC TOUPARGEL 2014.xls
operations_commerciales/MDD/OP MDD 2013/MDD ITM FUTUR MASTER 2013 .xls
operations_commerciales/MDD/OP MDD 2014/MDD SYSTEME U 2014.xls

sent 239882 bytes  received 7219 bytes  70600.29 bytes/sec
total size is 60637139  speedup is 245.39
sending incremental file list
mercuriales/sync.ffs_db
mercuriales/HD/2014/2014 MERCURIALE DIA.xls
mercuriales/gms/2014/CENTRALES 2014/AUCHAN.FR 2014.xls
mercuriales/mdd/2014/2014 MERCURIALE AUCHAN.xls

sent 28603 bytes  received 6154 bytes  23171.33 bytes/sec
total size is 25565010  speedup is 735.54
sending incremental file list

sent 7378 bytes  received 13 bytes  4927.33 bytes/sec
total size is 32486400  speedup is 4395.40
sending incremental file list

sent 5691 bytes  received 45 bytes  3824.00 bytes/sec
total size is 10159163  speedup is 1771.12
sending incremental file list

sent 5677 bytes  received 23 bytes  3800.00 bytes/sec
total size is 128675317  speedup is 22574.62
sending incremental file list

sent 5353 bytes  received 38 bytes  2156.40 bytes/sec
total size is 56169881  speedup is 10419.20
sending incremental file list
codesoft/gencod_chips.bak
codesoft/gencod_chips.lab
codesoft/Codesoft 7/Agis FE/75293_recto.bak
codesoft/Codesoft 7/Agis FE/75293_recto.lab
codesoft/Codesoft 7/Agis FE/79103_verso_UBI.lab
codesoft/Codesoft 7/Agis FE/79132_verso.lab
codesoft/Codesoft 7/Agis FE/79852.lab
deleting codesoft/Codesoft 7/Codes Produits/79132_verso.bak
codesoft/Codesoft 7/Codes Produits/79132_verso.lab

sent 134175 bytes  received 2456 bytes  91087.33 bytes/sec
total size is 284019283  speedup is 2078.73
sending incremental file list
