Démarrage : jeu oct 24 23:00:01 CEST 2013
Arrêt     : jeu oct 24 23:01:54 CEST 2013



Base MySQL sélectionnée: agis
Nombre de serveur(s) Linux concerné(s): 4
Nombre de dossier(s) à mettre à jour: 24

sending incremental file list

sent 7651 bytes  received 20 bytes  15342.00 bytes/sec
total size is 16750790  speedup is 2183.65
sending incremental file list

sent 5598 bytes  received 45 bytes  3762.00 bytes/sec
total size is 9985067  speedup is 1769.46
sending incremental file list

sent 5753 bytes  received 34 bytes  3858.00 bytes/sec
total size is 11616335  speedup is 2007.32
sending incremental file list
erp_data.mdb

sent 7296013 bytes  received 62247 bytes  186285.06 bytes/sec
total size is 78852096  speedup is 10.72
sending incremental file list

sent 7538 bytes  received 45 bytes  5055.33 bytes/sec
total size is 9253358  speedup is 1220.28
sending incremental file list

sent 7651 bytes  received 20 bytes  3068.40 bytes/sec
total size is 16750790  speedup is 2183.65
sending incremental file list

sent 4308 bytes  received 24 bytes  2888.00 bytes/sec
total size is 6387982  speedup is 1474.60
sending incremental file list
deleting mercuriales/gms/2011/REGION/SU REGION/SU R\#351gion 2011 MARS 2011.xls
deleting mercuriales/gms/2011/REGION/SU REGION/SU R\#351gion 2011 JANVIER 2011.xls
deleting mercuriales/gms/2011/REGION/SU REGION/
deleting mercuriales/gms/2011/REGION/SCA LECLERC/GALEC MERCU MARS 2011.xls
deleting mercuriales/gms/2011/REGION/SCA LECLERC/GALEC MERCU JANVIER 2011.xls
deleting mercuriales/gms/2011/REGION/SCA LECLERC/
deleting mercuriales/gms/2011/REGION/SEGUREL 2011.xls
deleting mercuriales/gms/2011/REGION/SCHIEVER 2011.xls
deleting mercuriales/gms/2011/REGION/
deleting mercuriales/gms/2011/CENTRALES/XDISTRIBORG  2011.xls
deleting mercuriales/gms/2011/CENTRALES/SYSTEME U 2011.xls
deleting mercuriales/gms/2011/CENTRALES/SIMPLY MARKET 2011.xls
deleting mercuriales/gms/2011/CENTRALES/MONOPRIX 2011.xls
deleting mercuriales/gms/2011/CENTRALES/INTERMARCHE 2011.xls
deleting mercuriales/gms/2011/CENTRALES/CASINO 2011.xls
deleting mercuriales/gms/2011/CENTRALES/CARREFOUR PROXI MN 2011.xls
deleting mercuriales/gms/2011/CENTRALES/CARREFOUR MN PC 2011.xls
deleting mercuriales/gms/2011/CENTRALES/CARREFOUR MDD PC PIZZAS 2011.xls
deleting mercuriales/gms/2011/CENTRALES/CARREFOUR MDD ASIE 2011.xls
deleting mercuriales/gms/2011/CENTRALES/CARREFOUR MARKET MN 2011.xls
deleting mercuriales/gms/2011/CENTRALES/CARREFOUR MARKET MDD 2011.xls
deleting mercuriales/gms/2011/CENTRALES/AUCHAN.FR 2011.xls
deleting mercuriales/gms/2011/CENTRALES/AUCHAN 2011.xls
deleting mercuriales/gms/2011/CENTRALES/
deleting mercuriales/gms/2011/
mercuriales/gms/2014/CENTRALES 2014/INTERMARCHE 2014.xls
mercuriales/mdd/2013/2013 MERCURIALE CASINO.xls
mercuriales/mdd/2013/2013 PLACE DU MARCHE.xls

sent 37462 bytes  received 9667 bytes  18851.60 bytes/sec
total size is 40888115  speedup is 867.58
sending incremental file list

sent 5047 bytes  received 27 bytes  3382.67 bytes/sec
total size is 39173092  speedup is 7720.36
sending incremental file list
operations_commerciales/DEMANDE ECHANTILLONS CL .xls
operations_commerciales/DEMANDE ECHANTILLONS GB.xls
operations_commerciales/chrono demande echantillons.xls
operations_commerciales/FZC/CONFIRMATIONS/2014/PICARD/PICARD_CONFIRMATION FEVRIER 2014.xls
operations_commerciales/FZC/OP FZC 2014/FZC PICARD 2014.xls
operations_commerciales/GMS/RECAP DEMANDE ET CONFIRMATIONS HEBDO.xls
operations_commerciales/GMS/2013/A-CENTRALES/GMS AUCHAN 2013-FUTUR MASTER.xls
operations_commerciales/GMS/2013/A-CENTRALES/GMS CARREFOUR MARKET MN 2013-FUTUR MASTER.xls
operations_commerciales/GMS/2013/A-CENTRALES/GMS CARREFOUR MN 2013-FUTUR MASTER.xls
operations_commerciales/GMS/2013/A-CENTRALES/GMS CARREFOUR MN ASIE 2013-FUTUR MASTER.xls
operations_commerciales/GMS/2014/A-CENTRALES/GMS AUCHAN 2014-FUTUR MASTER.xls
operations_commerciales/GMS/2014/A-CENTRALES/GMS CASINO 2014-FUTUR MASTER.xls
operations_commerciales/GMS/2014/A-CENTRALES/GMS INTERMARCHE 2014-FUTUR MASTER.xls
operations_commerciales/GMS/2014/B-CONFIRMATIONS OPERATIONS/CASINO SM/2014 SM SAGA 1 + MECA PRO + ANNIV MDD S9 TARTIFLETTE.xls

sent 270402 bytes  received 39780 bytes  88623.43 bytes/sec
total size is 54120916  speedup is 174.48
sending incremental file list

sent 18506 bytes  received 80 bytes  12390.67 bytes/sec
total size is 41728031  speedup is 2245.13
sending incremental file list
modeles/compo_festif_monoportion-v2.lab
modeles/compo_festif_monoportion-v2.old
modeles/compo_pc_double_bas-v2.lab
modeles/compo_pc_double_bas-v2.old
modeles/compo_pc_double_bas-v2_180.lab

sent 94836 bytes  received 1962 bytes  38719.20 bytes/sec
total size is 37150851  speedup is 383.80
sending incremental file list
erp_data.mdb

sent 7296013 bytes  received 62247 bytes  186285.06 bytes/sec
total size is 78852096  speedup is 10.72
sending incremental file list

sent 7538 bytes  received 45 bytes  5055.33 bytes/sec
total size is 9253358  speedup is 1220.28
sending incremental file list

sent 4308 bytes  received 24 bytes  8664.00 bytes/sec
total size is 6387982  speedup is 1474.60
sending incremental file list

sent 7651 bytes  received 20 bytes  5114.00 bytes/sec
total size is 16750790  speedup is 2183.65
sending incremental file list

sent 85 bytes  received 13 bytes  65.33 bytes/sec
total size is 104853504  speedup is 1069933.71
sending incremental file list
operations_commerciales/DEMANDE ECHANTILLONS CL .xls
operations_commerciales/DEMANDE ECHANTILLONS GB.xls
operations_commerciales/chrono demande echantillons.xls
operations_commerciales/FZC/CONFIRMATIONS/2014/PICARD/PICARD_CONFIRMATION FEVRIER 2014.xls
operations_commerciales/FZC/OP FZC 2014/FZC PICARD 2014.xls
operations_commerciales/GMS/RECAP DEMANDE ET CONFIRMATIONS HEBDO.xls
operations_commerciales/GMS/2013/A-CENTRALES/GMS AUCHAN 2013-FUTUR MASTER.xls
operations_commerciales/GMS/2013/A-CENTRALES/GMS CARREFOUR MARKET MN 2013-FUTUR MASTER.xls
operations_commerciales/GMS/2013/A-CENTRALES/GMS CARREFOUR MN 2013-FUTUR MASTER.xls
operations_commerciales/GMS/2013/A-CENTRALES/GMS CARREFOUR MN ASIE 2013-FUTUR MASTER.xls
operations_commerciales/GMS/2014/A-CENTRALES/GMS AUCHAN 2014-FUTUR MASTER.xls
operations_commerciales/GMS/2014/A-CENTRALES/GMS CASINO 2014-FUTUR MASTER.xls
operations_commerciales/GMS/2014/A-CENTRALES/GMS INTERMARCHE 2014-FUTUR MASTER.xls
operations_commerciales/GMS/2014/B-CONFIRMATIONS OPERATIONS/CASINO SM/2014 SM SAGA 1 + MECA PRO + ANNIV MDD S9 TARTIFLETTE.xls

sent 270402 bytes  received 39780 bytes  124072.80 bytes/sec
total size is 54120916  speedup is 174.48
sending incremental file list
deleting mercuriales/gms/2011/REGION/SU REGION/SU R\#351gion 2011 MARS 2011.xls
deleting mercuriales/gms/2011/REGION/SU REGION/SU R\#351gion 2011 JANVIER 2011.xls
deleting mercuriales/gms/2011/REGION/SU REGION/
deleting mercuriales/gms/2011/REGION/SCA LECLERC/GALEC MERCU MARS 2011.xls
deleting mercuriales/gms/2011/REGION/SCA LECLERC/GALEC MERCU JANVIER 2011.xls
deleting mercuriales/gms/2011/REGION/SCA LECLERC/
deleting mercuriales/gms/2011/REGION/SEGUREL 2011.xls
deleting mercuriales/gms/2011/REGION/SCHIEVER 2011.xls
deleting mercuriales/gms/2011/REGION/
deleting mercuriales/gms/2011/CENTRALES/XDISTRIBORG  2011.xls
deleting mercuriales/gms/2011/CENTRALES/SYSTEME U 2011.xls
deleting mercuriales/gms/2011/CENTRALES/SIMPLY MARKET 2011.xls
deleting mercuriales/gms/2011/CENTRALES/MONOPRIX 2011.xls
deleting mercuriales/gms/2011/CENTRALES/INTERMARCHE 2011.xls
deleting mercuriales/gms/2011/CENTRALES/CASINO 2011.xls
deleting mercuriales/gms/2011/CENTRALES/CARREFOUR PROXI MN 2011.xls
deleting mercuriales/gms/2011/CENTRALES/CARREFOUR MN PC 2011.xls
deleting mercuriales/gms/2011/CENTRALES/CARREFOUR MDD PC PIZZAS 2011.xls
deleting mercuriales/gms/2011/CENTRALES/CARREFOUR MDD ASIE 2011.xls
deleting mercuriales/gms/2011/CENTRALES/CARREFOUR MARKET MN 2011.xls
deleting mercuriales/gms/2011/CENTRALES/CARREFOUR MARKET MDD 2011.xls
deleting mercuriales/gms/2011/CENTRALES/AUCHAN.FR 2011.xls
deleting mercuriales/gms/2011/CENTRALES/AUCHAN 2011.xls
deleting mercuriales/gms/2011/CENTRALES/
deleting mercuriales/gms/2011/
mercuriales/gms/2014/CENTRALES 2014/INTERMARCHE 2014.xls
mercuriales/mdd/2013/2013 MERCURIALE CASINO.xls
mercuriales/mdd/2013/2013 PLACE DU MARCHE.xls

sent 37462 bytes  received 9667 bytes  18851.60 bytes/sec
total size is 40888115  speedup is 867.58
sending incremental file list

sent 5598 bytes  received 45 bytes  11286.00 bytes/sec
total size is 9985067  speedup is 1769.46
sending incremental file list

sent 5677 bytes  received 23 bytes  3800.00 bytes/sec
total size is 128675317  speedup is 22574.62
sending incremental file list

sent 4707 bytes  received 36 bytes  3162.00 bytes/sec
total size is 46318934  speedup is 9765.75
sending incremental file list

sent 46203 bytes  received 86 bytes  30859.33 bytes/sec
total size is 274589267  speedup is 5932.06
sending incremental file list
