Démarrage : ven sep 27 23:00:02 CEST 2013
Arrêt     : ven sep 27 23:02:27 CEST 2013



Base MySQL sélectionnée: agis
Nombre de serveur(s) Linux concerné(s): 4
Nombre de dossier(s) à mettre à jour: 24

sending incremental file list

sent 7552 bytes  received 20 bytes  15144.00 bytes/sec
total size is 16747405  speedup is 2211.75
sending incremental file list

sent 5440 bytes  received 44 bytes  3656.00 bytes/sec
total size is 9508728  speedup is 1733.90
sending incremental file list
codesoft/Codesoft 7/Codes Produits/75372.bak
codesoft/Codesoft 7/Codes Produits/75372.lab
deleting codesoft/plateforme/reetiquetage_ass_auchan/75372.lab

sent 73750 bytes  received 664 bytes  29765.60 bytes/sec
total size is 273575507  speedup is 3676.40
sending incremental file list

sent 5686 bytes  received 34 bytes  2288.00 bytes/sec
total size is 11410188  speedup is 1994.79
sending incremental file list
erp_data.mdb

sent 9969029 bytes  received 61701 bytes  187490.28 bytes/sec
total size is 77592576  speedup is 7.74
sending incremental file list

sent 7538 bytes  received 45 bytes  5055.33 bytes/sec
total size is 9253358  speedup is 1220.28
sending incremental file list

sent 7552 bytes  received 20 bytes  5048.00 bytes/sec
total size is 16747405  speedup is 2211.75
sending incremental file list

sent 4308 bytes  received 24 bytes  2888.00 bytes/sec
total size is 6387982  speedup is 1474.60
sending incremental file list
mercuriales/sync.ffs_db
mercuriales/gms/2013/CENTRALES 2013/CARREFOUR MARKET MDD PC PIZZAS 2013.xls
mercuriales/gms/2013/CENTRALES 2013/CARREFOUR MARKET MN 2013.xls
mercuriales/gms/2013/CENTRALES 2013/CARREFOUR MARKET MN ASIE 2013.xls
mercuriales/gms/2013/CENTRALES 2013/CARREFOUR MDD PC PIZZAS 2013.xls
mercuriales/gms/2013/CONTROLE TARIF 2013/10-OCTOBRE/CASINO NOUVEAUX PRIIX 01-10-2013.pdf
mercuriales/gms/2013/CONTROLE TARIF 2013/11-NOVEMBRE/
mercuriales/gms/2013/CONTROLE TARIF 2013/11-NOVEMBRE/2013 CASINO CHIPS CREVETTES.pdf
mercuriales/mdd/2013/2013 PLACE DU MARCHE.xls

sent 105520 bytes  received 22242 bytes  51104.80 bytes/sec
total size is 32824062  speedup is 256.92
sending incremental file list

sent 5047 bytes  received 27 bytes  3382.67 bytes/sec
total size is 39173092  speedup is 7720.36
sending incremental file list
operations_commerciales/DEMANDE ECHANTILLONS CL .xls
operations_commerciales/chrono demande echantillons.xls
operations_commerciales/sync.ffs_db
operations_commerciales/FZC/OP FZC 2013/FZC ARGEL 2013.xls
operations_commerciales/GMS/2013/RECAP DEMANDE ET CONFIRMATIONS HEBDO.xls
operations_commerciales/GMS/2013/A-CENTRALES/GMS AUCHAN 2013-FUTUR MASTER.xls
operations_commerciales/GMS/2013/A-CENTRALES/GMS CARREFOUR MARKET MDD 2013-FUTUR MASTER.xls
operations_commerciales/GMS/2013/A-CENTRALES/GMS CARREFOUR MN 2013-FUTUR MASTER.xls
operations_commerciales/GMS/2013/A-CENTRALES/GMS CARREFOUR MN ASIE 2013-FUTUR MASTER.xls
operations_commerciales/GMS/2013/A-CENTRALES/GMS CASINO 2013-FUTUR MASTER.xls
operations_commerciales/GMS/2013/A-CENTRALES/GMS INTERMARCHE 2013-FUTUR MASTER.xls
operations_commerciales/GMS/2013/A-CENTRALES/GMS SYSTEME U 2013-FUTUR MASTER.xls
operations_commerciales/GMS/2013/B-CONFIRMATIONS OPERATIONS/CONFIRMATIONS CARREFOUR MARKET/2013 CARREFOUR MARKET OP TRAFIC 45.xls
operations_commerciales/GMS/2013/B-CONFIRMATIONS OPERATIONS/CONFIRMATIONS CARREFOUR/2013 CARREFOUR OP EXCEPTIONNELLE.xls
operations_commerciales/GMS/2013/B-CONFIRMATIONS OPERATIONS/CONFIRMATIONS CARREFOUR/2013 CARREFOUR OP PROMO 39.xls
operations_commerciales/GMS/2013/D-REGIONS/GMS LECLERC 2013-FUTUR MASTER.xls
operations_commerciales/GMS/2014/A-CENTRALES/GMS GALEC 2014-FUTUR MASTER.xls
operations_commerciales/GMS/2014/B-CONFIRMATIONS OPERATIONS/GALEC/
operations_commerciales/GMS/2014/B-CONFIRMATIONS OPERATIONS/GALEC/2014 GALEC OP DEPENSER MOINS 2.xls
operations_commerciales/MDD/MODELES CJ/SYSTEME U/DDE ECHANTILLONS/DEMANDE ECHANTILLONS SU PIXELIS.xls
operations_commerciales/MDD/MODELES CJ/SYSTEME U/DDE ECHANTILLONS/DEMANDE ECHANTILLONS SU.xls
operations_commerciales/MDD/OP MDD 2013/MDD CRF 2013 FUTUR MASTER.xls
operations_commerciales/MDD/OP MDD 2013/MDD CRF MKT 2013 FUTUR MASTER.xls

sent 431383 bytes  received 51965 bytes  107410.67 bytes/sec
total size is 94086117  speedup is 194.66
sending incremental file list

sent 18506 bytes  received 80 bytes  12390.67 bytes/sec
total size is 41728031  speedup is 2245.13
sending incremental file list
modeles/carton_ean_128_v2012_surgele.bak

sent 29124 bytes  received 32 bytes  11662.40 bytes/sec
total size is 34205315  speedup is 1173.18
sending incremental file list
erp_data.mdb

sent 9969029 bytes  received 61701 bytes  187490.28 bytes/sec
total size is 77592576  speedup is 7.74
sending incremental file list

sent 7538 bytes  received 45 bytes  5055.33 bytes/sec
total size is 9253358  speedup is 1220.28
sending incremental file list

sent 4308 bytes  received 24 bytes  2888.00 bytes/sec
total size is 6387982  speedup is 1474.60
sending incremental file list

sent 7552 bytes  received 20 bytes  5048.00 bytes/sec
total size is 16747405  speedup is 2211.75
sending incremental file list

sent 85 bytes  received 13 bytes  65.33 bytes/sec
total size is 104853504  speedup is 1069933.71
sending incremental file list
operations_commerciales/DEMANDE ECHANTILLONS CL .xls
operations_commerciales/chrono demande echantillons.xls
operations_commerciales/sync.ffs_db
operations_commerciales/FZC/OP FZC 2013/FZC ARGEL 2013.xls
operations_commerciales/GMS/2013/RECAP DEMANDE ET CONFIRMATIONS HEBDO.xls
operations_commerciales/GMS/2013/A-CENTRALES/GMS AUCHAN 2013-FUTUR MASTER.xls
operations_commerciales/GMS/2013/A-CENTRALES/GMS CARREFOUR MARKET MDD 2013-FUTUR MASTER.xls
operations_commerciales/GMS/2013/A-CENTRALES/GMS CARREFOUR MN 2013-FUTUR MASTER.xls
operations_commerciales/GMS/2013/A-CENTRALES/GMS CARREFOUR MN ASIE 2013-FUTUR MASTER.xls
operations_commerciales/GMS/2013/A-CENTRALES/GMS CASINO 2013-FUTUR MASTER.xls
operations_commerciales/GMS/2013/A-CENTRALES/GMS INTERMARCHE 2013-FUTUR MASTER.xls
operations_commerciales/GMS/2013/A-CENTRALES/GMS SYSTEME U 2013-FUTUR MASTER.xls
operations_commerciales/GMS/2013/B-CONFIRMATIONS OPERATIONS/CONFIRMATIONS CARREFOUR MARKET/2013 CARREFOUR MARKET OP TRAFIC 45.xls
operations_commerciales/GMS/2013/B-CONFIRMATIONS OPERATIONS/CONFIRMATIONS CARREFOUR/2013 CARREFOUR OP EXCEPTIONNELLE.xls
operations_commerciales/GMS/2013/B-CONFIRMATIONS OPERATIONS/CONFIRMATIONS CARREFOUR/2013 CARREFOUR OP PROMO 39.xls
operations_commerciales/GMS/2013/D-REGIONS/GMS LECLERC 2013-FUTUR MASTER.xls
operations_commerciales/GMS/2014/A-CENTRALES/GMS GALEC 2014-FUTUR MASTER.xls
operations_commerciales/GMS/2014/B-CONFIRMATIONS OPERATIONS/GALEC/
operations_commerciales/GMS/2014/B-CONFIRMATIONS OPERATIONS/GALEC/2014 GALEC OP DEPENSER MOINS 2.xls
operations_commerciales/MDD/MODELES CJ/SYSTEME U/DDE ECHANTILLONS/DEMANDE ECHANTILLONS SU PIXELIS.xls
operations_commerciales/MDD/MODELES CJ/SYSTEME U/DDE ECHANTILLONS/DEMANDE ECHANTILLONS SU.xls
operations_commerciales/MDD/OP MDD 2013/MDD CRF 2013 FUTUR MASTER.xls
operations_commerciales/MDD/OP MDD 2013/MDD CRF MKT 2013 FUTUR MASTER.xls

sent 431383 bytes  received 51965 bytes  107410.67 bytes/sec
total size is 94086117  speedup is 194.66
sending incremental file list
mercuriales/sync.ffs_db
mercuriales/gms/2013/CENTRALES 2013/CARREFOUR MARKET MDD PC PIZZAS 2013.xls
mercuriales/gms/2013/CENTRALES 2013/CARREFOUR MARKET MN 2013.xls
mercuriales/gms/2013/CENTRALES 2013/CARREFOUR MARKET MN ASIE 2013.xls
mercuriales/gms/2013/CENTRALES 2013/CARREFOUR MDD PC PIZZAS 2013.xls
mercuriales/gms/2013/CONTROLE TARIF 2013/10-OCTOBRE/CASINO NOUVEAUX PRIIX 01-10-2013.pdf
mercuriales/gms/2013/CONTROLE TARIF 2013/11-NOVEMBRE/
mercuriales/gms/2013/CONTROLE TARIF 2013/11-NOVEMBRE/2013 CASINO CHIPS CREVETTES.pdf
mercuriales/mdd/2013/2013 PLACE DU MARCHE.xls

sent 105520 bytes  received 22242 bytes  51104.80 bytes/sec
total size is 32824062  speedup is 256.92
sending incremental file list

sent 5440 bytes  received 44 bytes  3656.00 bytes/sec
total size is 9508728  speedup is 1733.90
sending incremental file list

sent 5618 bytes  received 23 bytes  3760.67 bytes/sec
total size is 128643573  speedup is 22805.10
sending incremental file list

sent 4707 bytes  received 36 bytes  3162.00 bytes/sec
total size is 46318934  speedup is 9765.75
sending incremental file list

sent 18506 bytes  received 80 bytes  12390.67 bytes/sec
total size is 41728031  speedup is 2245.13
