Démarrage : mer aoû 13 23:00:01 CEST 2014
Arrêt     : mer aoû 13 23:05:18 CEST 2014



Base MySQL sélectionnée: agis
Nombre de serveur(s) Linux concerné(s): 4
Nombre de dossier(s) à mettre à jour: 29

sending incremental file list

sent 7305 bytes  received 49 bytes  4902.67 bytes/sec
total size is 13622581  speedup is 1852.40
sending incremental file list

sent 6283 bytes  received 38 bytes  4214.00 bytes/sec
total size is 12454871  speedup is 1970.40
sending incremental file list
erp_data.mdb

sent 25888879 bytes  received 84570 bytes  190281.68 bytes/sec
total size is 175925248  speedup is 6.77
sending incremental file list

sent 7593 bytes  received 45 bytes  5092.00 bytes/sec
total size is 9254930  speedup is 1211.70
sending incremental file list

sent 7938 bytes  received 20 bytes  3183.20 bytes/sec
total size is 16768700  speedup is 2107.15
sending incremental file list

sent 4308 bytes  received 24 bytes  2888.00 bytes/sec
total size is 6387982  speedup is 1474.60
sending incremental file list
mercuriales/sync.ffs_db
mercuriales/MERCURIALES - AGIS/HD/2014/2014 MERCURIALE NORMA.xls
mercuriales/MERCURIALES - AGIS/gms/2014/CENTRALES 2014/SYSTEME U 2014.xls
mercuriales/MERCURIALES - AGIS/mdd/2014/2014 MERCURIALE SCAMARK.xls

sent 31033 bytes  received 5846 bytes  24586.00 bytes/sec
total size is 37561440  speedup is 1018.50
sending incremental file list

sent 5047 bytes  received 27 bytes  3382.67 bytes/sec
total size is 39173092  speedup is 7720.36
sending incremental file list
operations_commerciales/DEMANDE ECHANTILLONS CL .xls
operations_commerciales/DEMANDE ECHANTILLONS GB.xls
operations_commerciales/chrono demande echantillons.xls
operations_commerciales/GMS/2014/A-CENTRALES/GMS CARREFOUR 2014-FUTUR MASTER.xls
operations_commerciales/GMS/2014/B-CONFIRMATIONS OPERATIONS/CARREFOUR/2014 CARREFOUR PROMO 35 PIZZAS.xls
operations_commerciales/GMS/2014/B-CONFIRMATIONS OPERATIONS/PLACE DU MARCHE/2014 PLACE DU MARCHE MENUS.xls
operations_commerciales/GMS/2014/B-CONFIRMATIONS OPERATIONS/SYSTEME U/2014 SYSTEME U NORD OUEST FESTIFS MONO.xls
operations_commerciales/GMS/2014/B-CONFIRMATIONS OPERATIONS/SYSTEME U/2014 SYSTEME U OUEST FESTIFS MONO.xls

sent 274131 bytes  received 12842 bytes  81992.29 bytes/sec
total size is 57150134  speedup is 199.15
sending incremental file list

sent 20406 bytes  received 83 bytes  13659.33 bytes/sec
total size is 99360776  speedup is 4849.47
sending incremental file list
deleting gofast/CHANTIERS/4_COTATION_Benjamin/5_STANDARDS/PROCEDURE_COTATION_PDT_280714.doc
gofast/CHANTIERS/4_COTATION_Benjamin/5_STANDARDS/2014_07_28_R\#351vision DDD - V4 - Version Marie.xls
gofast/CHANTIERS/4_COTATION_Benjamin/5_STANDARDS/PROCEDURE_COTATION_PDT_130814.doc

sent 216419 bytes  received 131 bytes  86620.00 bytes/sec
total size is 53070022  speedup is 245.07
sending incremental file list
modeles/compo_pc_argel-v2_surgele.lab
modeles/compo_pc_argel-v2_surgele.old

sent 58917 bytes  received 2577 bytes  24597.60 bytes/sec
total size is 44884992  speedup is 729.91
sending incremental file list

sent 5781 bytes  received 30 bytes  3874.00 bytes/sec
total size is 92829061  speedup is 15974.71
sending incremental file list
erp_data.mdb

sent 25888879 bytes  received 84570 bytes  188897.81 bytes/sec
total size is 175925248  speedup is 6.77
sending incremental file list

sent 7593 bytes  received 45 bytes  5092.00 bytes/sec
total size is 9254930  speedup is 1211.70
sending incremental file list

sent 4308 bytes  received 24 bytes  2888.00 bytes/sec
total size is 6387982  speedup is 1474.60
sending incremental file list

sent 7938 bytes  received 20 bytes  5305.33 bytes/sec
total size is 16768700  speedup is 2107.15
sending incremental file list

sent 85 bytes  received 13 bytes  65.33 bytes/sec
total size is 104853504  speedup is 1069933.71
sending incremental file list
operations_commerciales/DEMANDE ECHANTILLONS CL .xls
operations_commerciales/DEMANDE ECHANTILLONS GB.xls
operations_commerciales/chrono demande echantillons.xls
operations_commerciales/GMS/2014/A-CENTRALES/GMS CARREFOUR 2014-FUTUR MASTER.xls
operations_commerciales/GMS/2014/B-CONFIRMATIONS OPERATIONS/CARREFOUR/2014 CARREFOUR PROMO 35 PIZZAS.xls
operations_commerciales/GMS/2014/B-CONFIRMATIONS OPERATIONS/PLACE DU MARCHE/2014 PLACE DU MARCHE MENUS.xls
operations_commerciales/GMS/2014/B-CONFIRMATIONS OPERATIONS/SYSTEME U/2014 SYSTEME U NORD OUEST FESTIFS MONO.xls
operations_commerciales/GMS/2014/B-CONFIRMATIONS OPERATIONS/SYSTEME U/2014 SYSTEME U OUEST FESTIFS MONO.xls

sent 274131 bytes  received 12842 bytes  81992.29 bytes/sec
total size is 57150134  speedup is 199.15
sending incremental file list
mercuriales/sync.ffs_db
mercuriales/MERCURIALES - AGIS/HD/2014/2014 MERCURIALE NORMA.xls
mercuriales/MERCURIALES - AGIS/gms/2014/CENTRALES 2014/SYSTEME U 2014.xls
mercuriales/MERCURIALES - AGIS/mdd/2014/2014 MERCURIALE SCAMARK.xls

sent 31033 bytes  received 5846 bytes  24586.00 bytes/sec
total size is 37561440  speedup is 1018.50
sending incremental file list
modeles/compo_pc_argel-v2_surgele.lab
modeles/compo_pc_argel-v2_surgele.old

sent 58917 bytes  received 2577 bytes  24597.60 bytes/sec
total size is 44884992  speedup is 729.91
sending incremental file list

sent 7305 bytes  received 49 bytes  14708.00 bytes/sec
total size is 13622581  speedup is 1852.40
sending incremental file list

sent 5745 bytes  received 23 bytes  3845.33 bytes/sec
total size is 129159129  speedup is 22392.36
sending incremental file list

sent 5610 bytes  received 39 bytes  3766.00 bytes/sec
total size is 59049369  speedup is 10453.07
sending incremental file list

sent 52293 bytes  received 97 bytes  34926.67 bytes/sec
total size is 299707475  speedup is 5720.70
sending incremental file list

sent 20406 bytes  received 83 bytes  8195.60 bytes/sec
total size is 99360776  speedup is 4849.47
sending incremental file list
deleting gofast/CHANTIERS/4_COTATION_Benjamin/5_STANDARDS/PROCEDURE_COTATION_PDT_280714.doc
gofast/CHANTIERS/4_COTATION_Benjamin/5_STANDARDS/2014_07_28_R\#351vision DDD - V4 - Version Marie.xls
gofast/CHANTIERS/4_COTATION_Benjamin/5_STANDARDS/PROCEDURE_COTATION_PDT_130814.doc

sent 216419 bytes  received 131 bytes  61871.43 bytes/sec
total size is 53070022  speedup is 245.07
sending incremental file list

sent 7938 bytes  received 20 bytes  5305.33 bytes/sec
total size is 16768700  speedup is 2107.15
sending incremental file list

sent 7938 bytes  received 20 bytes  5305.33 bytes/sec
total size is 16768700  speedup is 2107.15
