Démarrage : jeu jui 10 23:00:01 CEST 2014
Arrêt     : jeu jui 10 23:00:52 CEST 2014



Base MySQL sélectionnée: agis
Nombre de serveur(s) Linux concerné(s): 4
Nombre de dossier(s) à mettre à jour: 29

sending incremental file list

sent 7280 bytes  received 49 bytes  4886.00 bytes/sec
total size is 13584181  speedup is 1853.48
sending incremental file list

sent 6283 bytes  received 38 bytes  4214.00 bytes/sec
total size is 12444119  speedup is 1968.69
sending incremental file list

sent 63 bytes  received 12 bytes  50.00 bytes/sec
total size is 90648576  speedup is 1208647.68
sending incremental file list

sent 7593 bytes  received 45 bytes  5092.00 bytes/sec
total size is 9254930  speedup is 1211.70
sending incremental file list

sent 7814 bytes  received 20 bytes  5222.67 bytes/sec
total size is 16759466  speedup is 2139.32
sending incremental file list

sent 4308 bytes  received 24 bytes  2888.00 bytes/sec
total size is 6387982  speedup is 1474.60
sending incremental file list
mercuriales/MERCURIALES - AGIS/gms/2014/CENTRALES 2014/CARREFOUR 2014.xls
mercuriales/MERCURIALES - AGIS/gms/2014/CENTRALES 2014/CARREFOUR MARKET 2014.xls
mercuriales/MERCURIALES - AGIS/gms/2014/CENTRALES 2014/CASINO 2014.xls
mercuriales/MERCURIALES - AGIS/gms/2014/CONTROLE TARIFS 2014/08-AOUT/
mercuriales/MERCURIALES - AGIS/gms/2014/CONTROLE TARIFS 2014/08-AOUT/INTERMARCHE GRATINS 22-08-2014.pdf
mercuriales/MERCURIALES - AGIS/gms/2014/CONTROLE TARIFS 2014/09-SEPTEMBRE/2014 CARREFOUR MARKET CREPES ROULEES.pdf
mercuriales/MERCURIALES - AGIS/gms/2014/REGIONS  2014/GALEC REGION MERCU JUIN 2014.xls
mercuriales/MERCURIALES - AGIS/mdd/2014/2014 MERCURIALE CASINO.xls

sent 160936 bytes  received 22680 bytes  73446.40 bytes/sec
total size is 34947568  speedup is 190.33
sending incremental file list

sent 5047 bytes  received 27 bytes  10148.00 bytes/sec
total size is 39173092  speedup is 7720.36
sending incremental file list
operations_commerciales/DEMANDE ECHANTILLONS CL .xls
operations_commerciales/chrono demande echantillons.xls
operations_commerciales/GMS/RECAP DEMANDE ET CONFIRMATIONS HEBDO 2014.xls
operations_commerciales/GMS/2014/A-CENTRALES/GMS CARREFOUR 2014-FUTUR MASTER.xls
operations_commerciales/GMS/2014/A-CENTRALES/GMS CASINO 2014-FUTUR MASTER.xls
operations_commerciales/GMS/2014/B-CONFIRMATIONS OPERATIONS/CASINO HM/2014 HM-SM FESTIFS COUPE.xls
operations_commerciales/GMS/2014/B-CONFIRMATIONS OPERATIONS/GALEC/2014 GALEC OP DEPENSER MOINS 10.xls
operations_commerciales/MDD/MODELES VB/CONF OPES ITM NETTO/2014/CONFIRMATION OPE_GENERALISTE_AOUT2.xls
operations_commerciales/MDD/OP MDD 2014/MDD ITM 2014 .xls

sent 322435 bytes  received 19666 bytes  97743.14 bytes/sec
total size is 54168987  speedup is 158.34
sending incremental file list
rh_multi_sites/PV CCE-n\#351gos/N\#351gos/PV 9\#350me r\#351union n\#351gos accords - 27.05.14 - sign\#351.pdf

sent 193514 bytes  received 104 bytes  77447.20 bytes/sec
total size is 99360776  speedup is 513.18
sending incremental file list
gofast/sync.ffs_db

sent 9202 bytes  received 141 bytes  6228.67 bytes/sec
total size is 52028826  speedup is 5568.75
sending incremental file list
modeles/inco_compo_verso-75x110-sato-N.lab

sent 44856 bytes  received 1330 bytes  18474.40 bytes/sec
total size is 48623104  speedup is 1052.77
sending incremental file list
intranet/access/base_codesoft/codesoft.agismde

sent 862676 bytes  received 9493 bytes  158576.18 bytes/sec
total size is 94829957  speedup is 108.73
sending incremental file list

sent 63 bytes  received 12 bytes  50.00 bytes/sec
total size is 90648576  speedup is 1208647.68
sending incremental file list

sent 7593 bytes  received 45 bytes  5092.00 bytes/sec
total size is 9254930  speedup is 1211.70
sending incremental file list

sent 4308 bytes  received 24 bytes  2888.00 bytes/sec
total size is 6387982  speedup is 1474.60
sending incremental file list

sent 7814 bytes  received 20 bytes  5222.67 bytes/sec
total size is 16759466  speedup is 2139.32
sending incremental file list

sent 85 bytes  received 13 bytes  196.00 bytes/sec
total size is 104853504  speedup is 1069933.71
sending incremental file list
operations_commerciales/DEMANDE ECHANTILLONS CL .xls
operations_commerciales/chrono demande echantillons.xls
operations_commerciales/GMS/RECAP DEMANDE ET CONFIRMATIONS HEBDO 2014.xls
operations_commerciales/GMS/2014/A-CENTRALES/GMS CARREFOUR 2014-FUTUR MASTER.xls
operations_commerciales/GMS/2014/A-CENTRALES/GMS CASINO 2014-FUTUR MASTER.xls
operations_commerciales/GMS/2014/B-CONFIRMATIONS OPERATIONS/CASINO HM/2014 HM-SM FESTIFS COUPE.xls
operations_commerciales/GMS/2014/B-CONFIRMATIONS OPERATIONS/GALEC/2014 GALEC OP DEPENSER MOINS 10.xls
operations_commerciales/MDD/MODELES VB/CONF OPES ITM NETTO/2014/CONFIRMATION OPE_GENERALISTE_AOUT2.xls
operations_commerciales/MDD/OP MDD 2014/MDD ITM 2014 .xls

sent 322435 bytes  received 19666 bytes  97743.14 bytes/sec
total size is 54168987  speedup is 158.34
sending incremental file list
mercuriales/MERCURIALES - AGIS/gms/2014/CENTRALES 2014/CARREFOUR 2014.xls
mercuriales/MERCURIALES - AGIS/gms/2014/CENTRALES 2014/CARREFOUR MARKET 2014.xls
mercuriales/MERCURIALES - AGIS/gms/2014/CENTRALES 2014/CASINO 2014.xls
mercuriales/MERCURIALES - AGIS/gms/2014/CONTROLE TARIFS 2014/08-AOUT/
mercuriales/MERCURIALES - AGIS/gms/2014/CONTROLE TARIFS 2014/08-AOUT/INTERMARCHE GRATINS 22-08-2014.pdf
mercuriales/MERCURIALES - AGIS/gms/2014/CONTROLE TARIFS 2014/09-SEPTEMBRE/2014 CARREFOUR MARKET CREPES ROULEES.pdf
mercuriales/MERCURIALES - AGIS/gms/2014/REGIONS  2014/GALEC REGION MERCU JUIN 2014.xls
mercuriales/MERCURIALES - AGIS/mdd/2014/2014 MERCURIALE CASINO.xls

sent 160936 bytes  received 22680 bytes  73446.40 bytes/sec
total size is 34947568  speedup is 190.33
sending incremental file list
modeles/inco_compo_verso-75x110-sato-N.lab

sent 44856 bytes  received 1330 bytes  30790.67 bytes/sec
total size is 48623104  speedup is 1052.77
sending incremental file list

sent 7280 bytes  received 49 bytes  4886.00 bytes/sec
total size is 13584181  speedup is 1853.48
sending incremental file list

sent 5745 bytes  received 23 bytes  3845.33 bytes/sec
total size is 129159129  speedup is 22392.36
sending incremental file list

sent 5610 bytes  received 39 bytes  3766.00 bytes/sec
total size is 59049369  speedup is 10453.07
sending incremental file list

sent 52221 bytes  received 96 bytes  34878.00 bytes/sec
total size is 299490387  speedup is 5724.53
sending incremental file list
rh_multi_sites/PV CCE-n\#351gos/N\#351gos/PV 9\#350me r\#351union n\#351gos accords - 27.05.14 - sign\#351.pdf

sent 193514 bytes  received 104 bytes  55319.43 bytes/sec
total size is 99360776  speedup is 513.18
sending incremental file list
gofast/sync.ffs_db

sent 9202 bytes  received 141 bytes  3737.20 bytes/sec
total size is 52028826  speedup is 5568.75
sending incremental file list

sent 7814 bytes  received 20 bytes  3133.60 bytes/sec
total size is 16759466  speedup is 2139.32
sending incremental file list

sent 7814 bytes  received 20 bytes  5222.67 bytes/sec
total size is 16759466  speedup is 2139.32
