Démarrage : lun mai 19 23:00:01 CEST 2014
Arrêt     : lun mai 19 23:01:04 CEST 2014



Base MySQL sélectionnée: agis
Nombre de serveur(s) Linux concerné(s): 4
Nombre de dossier(s) à mettre à jour: 29

sending incremental file list

sent 7051 bytes  received 49 bytes  2840.00 bytes/sec
total size is 12693370  speedup is 1787.80
sending incremental file list

sent 6279 bytes  received 38 bytes  2526.80 bytes/sec
total size is 12432343  speedup is 1968.08
sending incremental file list

sent 63 bytes  received 12 bytes  50.00 bytes/sec
total size is 88092672  speedup is 1174568.96
sending incremental file list

sent 7538 bytes  received 45 bytes  5055.33 bytes/sec
total size is 9253358  speedup is 1220.28
sending incremental file list
batch/intersite.rdp

sent 8416 bytes  received 39 bytes  3382.00 bytes/sec
total size is 16755943  speedup is 1981.78
sending incremental file list

sent 4308 bytes  received 24 bytes  2888.00 bytes/sec
total size is 6387982  speedup is 1474.60
sending incremental file list
mercuriales/sync.ffs_db
mercuriales/HD/2014/2014 MERCURIALE DIA.xls
mercuriales/gms/2014/REGIONS  2014/GALEC REGION MERCU JUIN 2014.xls
mercuriales/gms/2014/REGIONS  2014/SCHIEVER MERCU 2014.xls
mercuriales/gms/2014/REGIONS  2014/SU R\#351gion AVRIL 2014.xls
mercuriales/mdd/2014/2014 MERCURIALE AUCHAN.xls

sent 89365 bytes  received 17675 bytes  11267.37 bytes/sec
total size is 32230436  speedup is 301.11
sending incremental file list

sent 5047 bytes  received 27 bytes  3382.67 bytes/sec
total size is 39173092  speedup is 7720.36
sending incremental file list
operations_commerciales/DEMANDE ECHANTILLONS CL .xls
operations_commerciales/chrono demande echantillons.xls
operations_commerciales/FZC/DEM ECHANTILLONS/Chrono 313 TOUPARGEL 190514.XLS
operations_commerciales/GMS/RECAP DEMANDE ET CONFIRMATIONS HEBDO 2014.xls
operations_commerciales/GMS/2014/A-CENTRALES/GMS CARREFOUR MARKET 2014-FUTUR MASTER.xls
operations_commerciales/GMS/2014/A-CENTRALES/GMS CASINO 2014-FUTUR MASTER.xls
operations_commerciales/GMS/2014/A-CENTRALES/GMS INTERMARCHE 2014-FUTUR MASTER.xls
operations_commerciales/GMS/2014/A-CENTRALES/GMS SYSTEME U 2014-FUTUR MASTER.xls
operations_commerciales/GMS/2014/B-CONFIRMATIONS OPERATIONS/CARREFOUR MARKET/2014 CARREFOUR MARKET TRAFIC 28 PAELLA.xls
operations_commerciales/GMS/2014/B-CONFIRMATIONS OPERATIONS/SYSTEME U/2014 SYSTEME U RENTREE 2 ASIE.xls
operations_commerciales/GMS/2014/D-REGIONS/GMS LECLERC 2014-FUTUR MASTER.xls
operations_commerciales/GMS/2014/D-REGIONS/GMS SU REGION  2014-FUTUR MASTER.xls
operations_commerciales/MDD/MODELES VB/DEM ECHANTILLONS/2014/Chrono 312 CASINO 190514.XLS
operations_commerciales/MDD/OP MDD 2014/MDD SYSTEME U 2014.xls

sent 381568 bytes  received 32340 bytes  63678.15 bytes/sec
total size is 50896795  speedup is 122.97
sending incremental file list

sent 20296 bytes  received 83 bytes  5822.57 bytes/sec
total size is 99065320  speedup is 4861.15
sending incremental file list

sent 4380 bytes  received 82 bytes  1784.80 bytes/sec
total size is 35609223  speedup is 7980.55
sending incremental file list
modeles/compo_agis-v2.lab
modeles/compo_agis_sans_portion-v2.lab
modeles/compo_asia_plateau_aperitif_recto.lab
modeles/compo_pc_double_bas-v2.bak
modeles/compo_pc_double_bas-v2.lab
modeles/compo_pc_double_bas-v2_180.bak
modeles/compo_pc_double_bas-v2_180.lab
modeles/compo_pc_double_haut.lab
modeles/compo_pc_double_haut_180.bak
modeles/compo_pc_double_haut_180.lab
modeles/compo_pc_double_haut_V2.bak
modeles/compo_pc_double_haut_V2.lab
modeles/compo_pc_double_haut_g.lab
modeles/compo_pc_double_haut_g_180.lab
modeles/compo_pc_double_haut_kg.bak
modeles/compo_pc_double_haut_kg.lab
modeles/compo_pc_double_haut_kg_180.lab
modeles/compo_pc_frais_emballe_recto.bak
modeles/compo_pc_frais_emballe_recto.lab
modeles/compo_pc_frais_emballe_recto_180.bak
modeles/compo_pc_frais_emballe_recto_180.lab
modeles/compo_pc_individuel_fef-2014.bak
modeles/compo_pc_individuel_fef-2014.lab
modeles/compo_pc_individuel_fef-2014_180.bak
modeles/compo_pc_individuel_fef-2014_180.lab

sent 337366 bytes  received 24236 bytes  103314.86 bytes/sec
total size is 48059392  speedup is 132.91
sending incremental file list

sent 5781 bytes  received 30 bytes  3874.00 bytes/sec
total size is 93132165  speedup is 16026.87
sending incremental file list

sent 63 bytes  received 12 bytes  50.00 bytes/sec
total size is 88092672  speedup is 1174568.96
sending incremental file list

sent 7538 bytes  received 45 bytes  5055.33 bytes/sec
total size is 9253358  speedup is 1220.28
sending incremental file list

sent 4308 bytes  received 24 bytes  2888.00 bytes/sec
total size is 6387982  speedup is 1474.60
sending incremental file list
batch/intersite.rdp

sent 8416 bytes  received 39 bytes  5636.67 bytes/sec
total size is 16755943  speedup is 1981.78
sending incremental file list

sent 85 bytes  received 13 bytes  65.33 bytes/sec
total size is 104853504  speedup is 1069933.71
sending incremental file list
operations_commerciales/DEMANDE ECHANTILLONS CL .xls
operations_commerciales/chrono demande echantillons.xls
operations_commerciales/FZC/DEM ECHANTILLONS/Chrono 313 TOUPARGEL 190514.XLS
operations_commerciales/GMS/RECAP DEMANDE ET CONFIRMATIONS HEBDO 2014.xls
operations_commerciales/GMS/2014/A-CENTRALES/GMS CARREFOUR MARKET 2014-FUTUR MASTER.xls
operations_commerciales/GMS/2014/A-CENTRALES/GMS CASINO 2014-FUTUR MASTER.xls
operations_commerciales/GMS/2014/A-CENTRALES/GMS INTERMARCHE 2014-FUTUR MASTER.xls
operations_commerciales/GMS/2014/A-CENTRALES/GMS SYSTEME U 2014-FUTUR MASTER.xls
operations_commerciales/GMS/2014/B-CONFIRMATIONS OPERATIONS/CARREFOUR MARKET/2014 CARREFOUR MARKET TRAFIC 28 PAELLA.xls
operations_commerciales/GMS/2014/B-CONFIRMATIONS OPERATIONS/SYSTEME U/2014 SYSTEME U RENTREE 2 ASIE.xls
operations_commerciales/GMS/2014/D-REGIONS/GMS LECLERC 2014-FUTUR MASTER.xls
operations_commerciales/GMS/2014/D-REGIONS/GMS SU REGION  2014-FUTUR MASTER.xls
operations_commerciales/MDD/MODELES VB/DEM ECHANTILLONS/2014/Chrono 312 CASINO 190514.XLS
operations_commerciales/MDD/OP MDD 2014/MDD SYSTEME U 2014.xls

sent 381568 bytes  received 32340 bytes  91979.56 bytes/sec
total size is 50896795  speedup is 122.97
sending incremental file list
mercuriales/sync.ffs_db
mercuriales/HD/2014/2014 MERCURIALE DIA.xls
mercuriales/gms/2014/REGIONS  2014/GALEC REGION MERCU JUIN 2014.xls
mercuriales/gms/2014/REGIONS  2014/SCHIEVER MERCU 2014.xls
mercuriales/gms/2014/REGIONS  2014/SU R\#351gion AVRIL 2014.xls
mercuriales/mdd/2014/2014 MERCURIALE AUCHAN.xls

sent 89365 bytes  received 17675 bytes  71360.00 bytes/sec
total size is 32230436  speedup is 301.11
sending incremental file list
modeles/compo_agis-v2.lab
modeles/compo_agis_sans_portion-v2.lab
modeles/compo_asia_plateau_aperitif_recto.lab
modeles/compo_pc_double_bas-v2.bak
modeles/compo_pc_double_bas-v2.lab
modeles/compo_pc_double_bas-v2_180.bak
modeles/compo_pc_double_bas-v2_180.lab
modeles/compo_pc_double_haut.lab
modeles/compo_pc_double_haut_180.bak
modeles/compo_pc_double_haut_180.lab
modeles/compo_pc_double_haut_V2.bak
modeles/compo_pc_double_haut_V2.lab
modeles/compo_pc_double_haut_g.lab
modeles/compo_pc_double_haut_g_180.lab
modeles/compo_pc_double_haut_kg.bak
modeles/compo_pc_double_haut_kg.lab
modeles/compo_pc_double_haut_kg_180.lab
modeles/compo_pc_frais_emballe_recto.bak
modeles/compo_pc_frais_emballe_recto.lab
modeles/compo_pc_frais_emballe_recto_180.bak
modeles/compo_pc_frais_emballe_recto_180.lab
modeles/compo_pc_individuel_fef-2014.bak
modeles/compo_pc_individuel_fef-2014.lab
modeles/compo_pc_individuel_fef-2014_180.bak
modeles/compo_pc_individuel_fef-2014_180.lab

sent 337366 bytes  received 24236 bytes  144640.80 bytes/sec
total size is 48059392  speedup is 132.91
sending incremental file list

sent 7051 bytes  received 49 bytes  4733.33 bytes/sec
total size is 12693370  speedup is 1787.80
sending incremental file list

sent 5732 bytes  received 23 bytes  3836.67 bytes/sec
total size is 129183193  speedup is 22447.12
sending incremental file list

sent 5610 bytes  received 39 bytes  3766.00 bytes/sec
total size is 59049369  speedup is 10453.07
sending incremental file list

sent 50984 bytes  received 95 bytes  20431.60 bytes/sec
total size is 293555795  speedup is 5747.09
sending incremental file list

sent 20296 bytes  received 83 bytes  8151.60 bytes/sec
total size is 99065320  speedup is 4861.15
sending incremental file list

sent 4380 bytes  received 82 bytes  1784.80 bytes/sec
total size is 35609223  speedup is 7980.55
sending incremental file list
batch/intersite.rdp

sent 8416 bytes  received 39 bytes  3382.00 bytes/sec
total size is 16755943  speedup is 1981.78
sending incremental file list

sent 7756 bytes  received 20 bytes  5184.00 bytes/sec
total size is 16755943  speedup is 2154.83
