Démarrage : mar jan  7 23:00:01 CET 2014
Arrêt     : mar jan  7 23:03:12 CET 2014



Base MySQL sélectionnée: agis
Nombre de serveur(s) Linux concerné(s): 4
Nombre de dossier(s) à mettre à jour: 24

sending incremental file list

sent 5691 bytes  received 45 bytes  3824.00 bytes/sec
total size is 10159163  speedup is 1771.12
sending incremental file list
suivi_investissement/2013-2014/Pr\#351pa budget invest r\#351vis\#351 2013-2014/Bud invest AVI r\#351vis\#351 2013-2014.xls
suivi_investissement/2013-2014/Pr\#351pa budget invest r\#351vis\#351 2013-2014/Bud invest HER r\#351vis\#351 2013-2014.xls
suivi_investissement/2013-2014/Pr\#351pa budget invest r\#351vis\#351 2013-2014/Bud invest PFT r\#351vis\#351 2013-2014.xls
suivi_investissement/2013-2014/Pr\#351pa budget invest r\#351vis\#351 2013-2014/Bud invest TAR r\#351vis\#351 2013-2014.xls
suivi_investissement/2014-2015/Pr\#351pa budget invest 1 sem 2014-2015/

sent 49363 bytes  received 2094 bytes  20582.80 bytes/sec
total size is 11674703  speedup is 226.88
sending incremental file list
erp_data.mdb

sent 14210844 bytes  received 63255 bytes  191598.64 bytes/sec
total size is 83456000  speedup is 5.85
sending incremental file list

sent 7538 bytes  received 45 bytes  3033.20 bytes/sec
total size is 9253358  speedup is 1220.28
sending incremental file list

sent 7695 bytes  received 20 bytes  5143.33 bytes/sec
total size is 16751789  speedup is 2171.33
sending incremental file list

sent 4308 bytes  received 24 bytes  2888.00 bytes/sec
total size is 6387982  speedup is 1474.60
sending incremental file list
mercuriales/sync.ffs_db
mercuriales/HD/2014/2014 MERCURIALE DIA.xls
mercuriales/MDD SURG/2014/
mercuriales/MDD SURG/2014/2014 LDP SURGELE.xls
mercuriales/gms/2014/CENTRALES 2014/AUCHAN 2014.xls
mercuriales/gms/2014/CENTRALES 2014/AUCHAN.FR 2014.xls
mercuriales/gms/2014/REGIONS  2014/SIMPLY ENTREPOT JANV 2014.xls
mercuriales/mdd/2014/2014 MERCURIALE AUCHAN.xls
mercuriales/mdd/2014/2014 MERCURIALE CARREFOUR PLATS CUISINES.xls
mercuriales/mdd/2014/2014 MERCURIALE SYSTEME U.xls

sent 181915 bytes  received 12366 bytes  55508.86 bytes/sec
total size is 25566880  speedup is 131.60
sending incremental file list

sent 5047 bytes  received 27 bytes  3382.67 bytes/sec
total size is 39173092  speedup is 7720.36
sending incremental file list
operations_commerciales/DEMANDE ECHANTILLONS CL .xls
operations_commerciales/chrono demande echantillons.xls
operations_commerciales/GMS/RECAP DEMANDE ET CONFIRMATIONS HEBDO.xls
operations_commerciales/GMS/2013/A-CENTRALES/GMS CASINO 2013-FUTUR MASTER.xls
operations_commerciales/GMS/2013/A-CENTRALES/GMS PDM 2013-FUTUR MASTER.xls
operations_commerciales/GMS/2014/A-CENTRALES/GMS AUCHAN 2014-FUTUR MASTER.xls
operations_commerciales/GMS/2014/A-CENTRALES/GMS SYSTEME U 2014-FUTUR MASTER.xls
operations_commerciales/GMS/2014/D-REGIONS/GMS LECLERC 2014-FUTUR MASTER.xls
operations_commerciales/GMS/2014/D-REGIONS/GMS SCHIEVER 2014-FUTUR MASTER.xls
deleting operations_commerciales/MDD/MODELES CJ/ALDI/DDE ECHANTILLONS/DEMANDE ECHANTILLONS ALDI.xls
deleting operations_commerciales/MDD/MODELES CJ/ALDI/DDE ECHANTILLONS/DEMANDE ECHANTILLONS ALDI 1.xls
deleting operations_commerciales/MDD/MODELES CJ/ALDI/DDE ECHANTILLONS/
deleting operations_commerciales/MDD/MODELES CJ/ALDI/
operations_commerciales/MDD/MODELES CJ/AUCHAN ATAC SCHIEVER/CONF OP/2014/CONFIRMATION OPERATION AUCHAN MARS 2014.xls
deleting operations_commerciales/MDD/MODELES CJ/AUCHAN ATAC SCHIEVER/DDE ECHANTILLONS/DEMANDE ECHANTILLONS SIMPLY STRASBOURG FESTIFS.xls
deleting operations_commerciales/MDD/MODELES CJ/AUCHAN ATAC SCHIEVER/DDE ECHANTILLONS/DEMANDE ECHANTILLONS SIMPLY NAA 2014.xls
deleting operations_commerciales/MDD/MODELES CJ/AUCHAN ATAC SCHIEVER/DDE ECHANTILLONS/DEMANDE ECHANTILLONS SIMPLY LES ULIS.xls
deleting operations_commerciales/MDD/MODELES CJ/AUCHAN ATAC SCHIEVER/DDE ECHANTILLONS/DEMANDE ECHANTILLONS SIMPLY AMIENS FESTIFS.xls
deleting operations_commerciales/MDD/MODELES CJ/AUCHAN ATAC SCHIEVER/DDE ECHANTILLONS/DEMANDE ECHANTILLONS SHIEVER SJM 668 .xls
deleting operations_commerciales/MDD/MODELES CJ/AUCHAN ATAC SCHIEVER/DDE ECHANTILLONS/DEMANDE ECHANTILLONS SHIEVER SJM .xls
deleting operations_commerciales/MDD/MODELES CJ/AUCHAN ATAC SCHIEVER/DDE ECHANTILLONS/DEMANDE ECHANTILLONS SHIEVER .xls
deleting operations_commerciales/MDD/MODELES CJ/AUCHAN ATAC SCHIEVER/DDE ECHANTILLONS/DEMANDE ECHANTILLONS SCHIEVER SJM.xls
deleting operations_commerciales/MDD/MODELES CJ/AUCHAN ATAC SCHIEVER/DDE ECHANTILLONS/DEMANDE ECHANTILLONS SCHIEVER SJM 713.xls
deleting operations_commerciales/MDD/MODELES CJ/AUCHAN ATAC SCHIEVER/DDE ECHANTILLONS/DEMANDE ECHANTILLONS MM 176.xls
deleting operations_commerciales/MDD/MODELES CJ/AUCHAN ATAC SCHIEVER/DDE ECHANTILLONS/DEMANDE ECHANTILLONS AUCHAN.xls
deleting operations_commerciales/MDD/MODELES CJ/AUCHAN ATAC SCHIEVER/DDE ECHANTILLONS/DEMANDE ECHANTILLONS AUCHAN kremlin.xls
deleting operations_commerciales/MDD/MODELES CJ/AUCHAN ATAC SCHIEVER/DDE ECHANTILLONS/DEMANDE ECHANTILLONS AUCHAN STUDIO M C 2 L.xls
deleting operations_commerciales/MDD/MODELES CJ/AUCHAN ATAC SCHIEVER/DDE ECHANTILLONS/DEMANDE ECHANTILLONS AUCHAN MONTAUBAN.xls
deleting operations_commerciales/MDD/MODELES CJ/AUCHAN ATAC SCHIEVER/DDE ECHANTILLONS/DEMANDE ECHANTILLONS AUCHAN MECHALI.xls
deleting operations_commerciales/MDD/MODELES CJ/AUCHAN ATAC SCHIEVER/DDE ECHANTILLONS/DEMANDE ECHANTILLONS AUCHAN GRAPHEMES.xls
deleting operations_commerciales/MDD/MODELES CJ/AUCHAN ATAC SCHIEVER/DDE ECHANTILLONS/DEMANDE ECHANTILLONS AUCHAN GOOD.xls
deleting operations_commerciales/MDD/MODELES CJ/AUCHAN ATAC SCHIEVER/DDE ECHANTILLONS/DEMANDE ECHANTILLONS AUCHAN GOOD 527.xls
deleting operations_commerciales/MDD/MODELES CJ/AUCHAN ATAC SCHIEVER/DDE ECHANTILLONS/DEMANDE ECHANTILLONS AUCHAN GOOD 474.xls
deleting operations_commerciales/MDD/MODELES CJ/AUCHAN ATAC SCHIEVER/DDE ECHANTILLONS/DEMANDE ECHANTILLONS AUCHAN GOOD 157.xls
deleting operations_commerciales/MDD/MODELES CJ/AUCHAN ATAC SCHIEVER/DDE ECHANTILLONS/DEMANDE ECHANTILLONS AUCHAN GOOD 156.xls
deleting operations_commerciales/MDD/MODELES CJ/AUCHAN ATAC SCHIEVER/DDE ECHANTILLONS/DEMANDE ECHANTILLONS AUCHAN DRIVE.xls
deleting operations_commerciales/MDD/MODELES CJ/AUCHAN ATAC SCHIEVER/DDE ECHANTILLONS/DEMANDE ECHANTILLONS AUCHAN CHRONO 341.xls
deleting operations_commerciales/MDD/MODELES CJ/AUCHAN ATAC SCHIEVER/DDE ECHANTILLONS/DEMANDE ECHANTILLONS AUCHAN CHRONO 333.xls
deleting operations_commerciales/MDD/MODELES CJ/AUCHAN ATAC SCHIEVER/DDE ECHANTILLONS/DEMANDE ECHANTILLONS AUCHAN CHRONO 261.xls
deleting operations_commerciales/MDD/MODELES CJ/AUCHAN ATAC SCHIEVER/DDE ECHANTILLONS/DEMANDE ECHANTILLONS AUCHAN ATELIERS MARQUES.xls
deleting operations_commerciales/MDD/MODELES CJ/AUCHAN ATAC SCHIEVER/DDE ECHANTILLONS/DEMANDE ECHANTILLONS AUCHAN ADN MARKETING.xls
deleting operations_commerciales/MDD/MODELES CJ/AUCHAN ATAC SCHIEVER/DDE ECHANTILLONS/DEMANDE ECHANTILLONS AUCHAN 625.xls
deleting operations_commerciales/MDD/MODELES CJ/AUCHAN ATAC SCHIEVER/DDE ECHANTILLONS/DEMANDE ECHANTILLONS AUCHAN 102.xls
deleting operations_commerciales/MDD/MODELES CJ/AUCHAN ATAC SCHIEVER/DDE ECHANTILLONS/DEMANDE ECHANTILLONS ATAC.xls
deleting operations_commerciales/MDD/MODELES CJ/AUCHAN ATAC SCHIEVER/DDE ECHANTILLONS/DEMANDE ECHANTILLONS ATAC HERBIGNAC.xls
deleting operations_commerciales/MDD/MODELES CJ/AUCHAN ATAC SCHIEVER/DDE ECHANTILLONS/DEMANDE ECHANTILLONS ATAC CHILLLY MAZARIN.xls
deleting operations_commerciales/MDD/MODELES CJ/AUCHAN ATAC SCHIEVER/DDE ECHANTILLONS/DEMANDE ECHANTILLONS ATAC 711.xls
deleting operations_commerciales/MDD/MODELES CJ/AUCHAN ATAC SCHIEVER/DDE ECHANTILLONS/DEMANDE ECHANTILLONS 398 SALON FESTIF 2011.xls
deleting operations_commerciales/MDD/MODELES CJ/AUCHAN ATAC SCHIEVER/DDE ECHANTILLONS/DEMANDE ECHANTILLONS 370SALON FESTIF 2012.xls
deleting operations_commerciales/MDD/MODELES CJ/AUCHAN ATAC SCHIEVER/DDE ECHANTILLONS/DEMANDE ECHANTILLONS 369 SALON FESTIF 2012.xls
deleting operations_commerciales/MDD/MODELES CJ/AUCHAN ATAC SCHIEVER/DDE ECHANTILLONS/DEMANDE ECHANTILLONS 359 SALON FESTIF 2012.xls
operations_commerciales/MDD/MODELES CJ/AUCHAN ATAC SCHIEVER/DDE ECHANTILLONS/2014/
operations_commerciales/MDD/MODELES CJ/AUCHAN ATAC SCHIEVER/DDE ECHANTILLONS/2014/DEMANDE ECHANTILLONS SHIEVER SJM 2 .xls
operations_commerciales/MDD/MODELES CJ/AUCHAN ATAC SCHIEVER/DDE ECHANTILLONS/ANCIENS/
operations_commerciales/MDD/MODELES CJ/AUCHAN ATAC SCHIEVER/DDE ECHANTILLONS/ANCIENS/DEMANDE ECHANTILLONS 359 SALON FESTIF 2012.xls
operations_commerciales/MDD/MODELES CJ/AUCHAN ATAC SCHIEVER/DDE ECHANTILLONS/ANCIENS/DEMANDE ECHANTILLONS 369 SALON FESTIF 2012.xls
operations_commerciales/MDD/MODELES CJ/AUCHAN ATAC SCHIEVER/DDE ECHANTILLONS/ANCIENS/DEMANDE ECHANTILLONS 370SALON FESTIF 2012.xls
operations_commerciales/MDD/MODELES CJ/AUCHAN ATAC SCHIEVER/DDE ECHANTILLONS/ANCIENS/DEMANDE ECHANTILLONS 398 SALON FESTIF 2011.xls
operations_commerciales/MDD/MODELES CJ/AUCHAN ATAC SCHIEVER/DDE ECHANTILLONS/ANCIENS/DEMANDE ECHANTILLONS ATAC 711.xls
operations_commerciales/MDD/MODELES CJ/AUCHAN ATAC SCHIEVER/DDE ECHANTILLONS/ANCIENS/DEMANDE ECHANTILLONS ATAC CHILLLY MAZARIN.xls
operations_commerciales/MDD/MODELES CJ/AUCHAN ATAC SCHIEVER/DDE ECHANTILLONS/ANCIENS/DEMANDE ECHANTILLONS ATAC HERBIGNAC.xls
operations_commerciales/MDD/MODELES CJ/AUCHAN ATAC SCHIEVER/DDE ECHANTILLONS/ANCIENS/DEMANDE ECHANTILLONS ATAC.xls
operations_commerciales/MDD/MODELES CJ/AUCHAN ATAC SCHIEVER/DDE ECHANTILLONS/ANCIENS/DEMANDE ECHANTILLONS AUCHAN 102.xls
operations_commerciales/MDD/MODELES CJ/AUCHAN ATAC SCHIEVER/DDE ECHANTILLONS/ANCIENS/DEMANDE ECHANTILLONS AUCHAN 625.xls
operations_commerciales/MDD/MODELES CJ/AUCHAN ATAC SCHIEVER/DDE ECHANTILLONS/ANCIENS/DEMANDE ECHANTILLONS AUCHAN ADN MARKETING.xls
operations_commerciales/MDD/MODELES CJ/AUCHAN ATAC SCHIEVER/DDE ECHANTILLONS/ANCIENS/DEMANDE ECHANTILLONS AUCHAN ATELIERS MARQUES.xls
operations_commerciales/MDD/MODELES CJ/AUCHAN ATAC SCHIEVER/DDE ECHANTILLONS/ANCIENS/DEMANDE ECHANTILLONS AUCHAN CHRONO 261.xls
operations_commerciales/MDD/MODELES CJ/AUCHAN ATAC SCHIEVER/DDE ECHANTILLONS/ANCIENS/DEMANDE ECHANTILLONS AUCHAN CHRONO 333.xls
operations_commerciales/MDD/MODELES CJ/AUCHAN ATAC SCHIEVER/DDE ECHANTILLONS/ANCIENS/DEMANDE ECHANTILLONS AUCHAN CHRONO 341.xls
operations_commerciales/MDD/MODELES CJ/AUCHAN ATAC SCHIEVER/DDE ECHANTILLONS/ANCIENS/DEMANDE ECHANTILLONS AUCHAN DRIVE.xls
operations_commerciales/MDD/MODELES CJ/AUCHAN ATAC SCHIEVER/DDE ECHANTILLONS/ANCIENS/DEMANDE ECHANTILLONS AUCHAN GOOD 156.xls
operations_commerciales/MDD/MODELES CJ/AUCHAN ATAC SCHIEVER/DDE ECHANTILLONS/ANCIENS/DEMANDE ECHANTILLONS AUCHAN GOOD 157.xls
operations_commerciales/MDD/MODELES CJ/AUCHAN ATAC SCHIEVER/DDE ECHANTILLONS/ANCIENS/DEMANDE ECHANTILLONS AUCHAN GOOD 474.xls
operations_commerciales/MDD/MODELES CJ/AUCHAN ATAC SCHIEVER/DDE ECHANTILLONS/ANCIENS/DEMANDE ECHANTILLONS AUCHAN GOOD 527.xls
operations_commerciales/MDD/MODELES CJ/AUCHAN ATAC SCHIEVER/DDE ECHANTILLONS/ANCIENS/DEMANDE ECHANTILLONS AUCHAN GOOD.xls
operations_commerciales/MDD/MODELES CJ/AUCHAN ATAC SCHIEVER/DDE ECHANTILLONS/ANCIENS/DEMANDE ECHANTILLONS AUCHAN GRAPHEMES.xls
operations_commerciales/MDD/MODELES CJ/AUCHAN ATAC SCHIEVER/DDE ECHANTILLONS/ANCIENS/DEMANDE ECHANTILLONS AUCHAN MECHALI.xls
operations_commerciales/MDD/MODELES CJ/AUCHAN ATAC SCHIEVER/DDE ECHANTILLONS/ANCIENS/DEMANDE ECHANTILLONS AUCHAN MONTAUBAN.xls
operations_commerciales/MDD/MODELES CJ/AUCHAN ATAC SCHIEVER/DDE ECHANTILLONS/ANCIENS/DEMANDE ECHANTILLONS AUCHAN STUDIO M C 2 L.xls
operations_commerciales/MDD/MODELES CJ/AUCHAN ATAC SCHIEVER/DDE ECHANTILLONS/ANCIENS/DEMANDE ECHANTILLONS AUCHAN kremlin.xls
operations_commerciales/MDD/MODELES CJ/AUCHAN ATAC SCHIEVER/DDE ECHANTILLONS/ANCIENS/DEMANDE ECHANTILLONS AUCHAN.xls
operations_commerciales/MDD/MODELES CJ/AUCHAN ATAC SCHIEVER/DDE ECHANTILLONS/ANCIENS/DEMANDE ECHANTILLONS MM 176.xls
operations_commerciales/MDD/MODELES CJ/AUCHAN ATAC SCHIEVER/DDE ECHANTILLONS/ANCIENS/DEMANDE ECHANTILLONS SCHIEVER SJM 713.xls
operations_commerciales/MDD/MODELES CJ/AUCHAN ATAC SCHIEVER/DDE ECHANTILLONS/ANCIENS/DEMANDE ECHANTILLONS SCHIEVER SJM.xls
operations_commerciales/MDD/MODELES CJ/AUCHAN ATAC SCHIEVER/DDE ECHANTILLONS/ANCIENS/DEMANDE ECHANTILLONS SHIEVER .xls
operations_commerciales/MDD/MODELES CJ/AUCHAN ATAC SCHIEVER/DDE ECHANTILLONS/ANCIENS/DEMANDE ECHANTILLONS SHIEVER SJM .xls
operations_commerciales/MDD/MODELES CJ/AUCHAN ATAC SCHIEVER/DDE ECHANTILLONS/ANCIENS/DEMANDE ECHANTILLONS SHIEVER SJM 668 .xls
operations_commerciales/MDD/MODELES CJ/AUCHAN ATAC SCHIEVER/DDE ECHANTILLONS/ANCIENS/DEMANDE ECHANTILLONS SIMPLY AMIENS FESTIFS.xls
operations_commerciales/MDD/MODELES CJ/AUCHAN ATAC SCHIEVER/DDE ECHANTILLONS/ANCIENS/DEMANDE ECHANTILLONS SIMPLY LES ULIS.xls
operations_commerciales/MDD/MODELES CJ/AUCHAN ATAC SCHIEVER/DDE ECHANTILLONS/ANCIENS/DEMANDE ECHANTILLONS SIMPLY NAA 2014.xls
operations_commerciales/MDD/MODELES CJ/AUCHAN ATAC SCHIEVER/DDE ECHANTILLONS/ANCIENS/DEMANDE ECHANTILLONS SIMPLY STRASBOURG FESTIFS.xls
operations_commerciales/MDD/OP MDD 2014/MDD GROUPE AUCHAN 2014.xls

sent 922955 bytes  received 33148 bytes  127480.40 bytes/sec
total size is 60633966  speedup is 63.42
sending incremental file list

sent 20908 bytes  received 88 bytes  8398.40 bytes/sec
total size is 99120505  speedup is 4720.92
sending incremental file list

sent 7378 bytes  received 13 bytes  4927.33 bytes/sec
total size is 32486400  speedup is 4395.40
sending incremental file list
erp_data.mdb

sent 14210844 bytes  received 63255 bytes  194205.43 bytes/sec
total size is 83456000  speedup is 5.85
sending incremental file list

sent 7538 bytes  received 45 bytes  5055.33 bytes/sec
total size is 9253358  speedup is 1220.28
sending incremental file list

sent 4308 bytes  received 24 bytes  2888.00 bytes/sec
total size is 6387982  speedup is 1474.60
sending incremental file list

sent 7695 bytes  received 20 bytes  5143.33 bytes/sec
total size is 16751789  speedup is 2171.33
sending incremental file list

sent 85 bytes  received 13 bytes  65.33 bytes/sec
total size is 104853504  speedup is 1069933.71
sending incremental file list
operations_commerciales/DEMANDE ECHANTILLONS CL .xls
operations_commerciales/chrono demande echantillons.xls
operations_commerciales/GMS/RECAP DEMANDE ET CONFIRMATIONS HEBDO.xls
deleting operations_commerciales/GMS/2014/A-CENTRALES/Copie de GMS INTERMARCHE 2014-FUTUR MASTER.xls
operations_commerciales/GMS/2014/A-CENTRALES/GMS AUCHAN 2014-FUTUR MASTER.xls
deleting operations_commerciales/MDD/MODELES CJ/ALDI/DDE ECHANTILLONS/DEMANDE ECHANTILLONS ALDI.xls
deleting operations_commerciales/MDD/MODELES CJ/ALDI/DDE ECHANTILLONS/DEMANDE ECHANTILLONS ALDI 1.xls
deleting operations_commerciales/MDD/MODELES CJ/ALDI/DDE ECHANTILLONS/
deleting operations_commerciales/MDD/MODELES CJ/ALDI/
operations_commerciales/MDD/MODELES CJ/AUCHAN ATAC SCHIEVER/CONF OP/2014/CONFIRMATION OPERATION AUCHAN MARS 2014.xls
deleting operations_commerciales/MDD/MODELES CJ/AUCHAN ATAC SCHIEVER/DDE ECHANTILLONS/DEMANDE ECHANTILLONS SIMPLY STRASBOURG FESTIFS.xls
deleting operations_commerciales/MDD/MODELES CJ/AUCHAN ATAC SCHIEVER/DDE ECHANTILLONS/DEMANDE ECHANTILLONS SIMPLY NAA 2014.xls
deleting operations_commerciales/MDD/MODELES CJ/AUCHAN ATAC SCHIEVER/DDE ECHANTILLONS/DEMANDE ECHANTILLONS SIMPLY LES ULIS.xls
deleting operations_commerciales/MDD/MODELES CJ/AUCHAN ATAC SCHIEVER/DDE ECHANTILLONS/DEMANDE ECHANTILLONS SIMPLY AMIENS FESTIFS.xls
deleting operations_commerciales/MDD/MODELES CJ/AUCHAN ATAC SCHIEVER/DDE ECHANTILLONS/DEMANDE ECHANTILLONS SHIEVER SJM 668 .xls
deleting operations_commerciales/MDD/MODELES CJ/AUCHAN ATAC SCHIEVER/DDE ECHANTILLONS/DEMANDE ECHANTILLONS SHIEVER SJM .xls
deleting operations_commerciales/MDD/MODELES CJ/AUCHAN ATAC SCHIEVER/DDE ECHANTILLONS/DEMANDE ECHANTILLONS SHIEVER .xls
deleting operations_commerciales/MDD/MODELES CJ/AUCHAN ATAC SCHIEVER/DDE ECHANTILLONS/DEMANDE ECHANTILLONS SCHIEVER SJM.xls
deleting operations_commerciales/MDD/MODELES CJ/AUCHAN ATAC SCHIEVER/DDE ECHANTILLONS/DEMANDE ECHANTILLONS SCHIEVER SJM 713.xls
deleting operations_commerciales/MDD/MODELES CJ/AUCHAN ATAC SCHIEVER/DDE ECHANTILLONS/DEMANDE ECHANTILLONS MM 176.xls
deleting operations_commerciales/MDD/MODELES CJ/AUCHAN ATAC SCHIEVER/DDE ECHANTILLONS/DEMANDE ECHANTILLONS AUCHAN.xls
deleting operations_commerciales/MDD/MODELES CJ/AUCHAN ATAC SCHIEVER/DDE ECHANTILLONS/DEMANDE ECHANTILLONS AUCHAN kremlin.xls
deleting operations_commerciales/MDD/MODELES CJ/AUCHAN ATAC SCHIEVER/DDE ECHANTILLONS/DEMANDE ECHANTILLONS AUCHAN STUDIO M C 2 L.xls
deleting operations_commerciales/MDD/MODELES CJ/AUCHAN ATAC SCHIEVER/DDE ECHANTILLONS/DEMANDE ECHANTILLONS AUCHAN MONTAUBAN.xls
deleting operations_commerciales/MDD/MODELES CJ/AUCHAN ATAC SCHIEVER/DDE ECHANTILLONS/DEMANDE ECHANTILLONS AUCHAN MECHALI.xls
deleting operations_commerciales/MDD/MODELES CJ/AUCHAN ATAC SCHIEVER/DDE ECHANTILLONS/DEMANDE ECHANTILLONS AUCHAN GRAPHEMES.xls
deleting operations_commerciales/MDD/MODELES CJ/AUCHAN ATAC SCHIEVER/DDE ECHANTILLONS/DEMANDE ECHANTILLONS AUCHAN GOOD.xls
deleting operations_commerciales/MDD/MODELES CJ/AUCHAN ATAC SCHIEVER/DDE ECHANTILLONS/DEMANDE ECHANTILLONS AUCHAN GOOD 527.xls
deleting operations_commerciales/MDD/MODELES CJ/AUCHAN ATAC SCHIEVER/DDE ECHANTILLONS/DEMANDE ECHANTILLONS AUCHAN GOOD 474.xls
deleting operations_commerciales/MDD/MODELES CJ/AUCHAN ATAC SCHIEVER/DDE ECHANTILLONS/DEMANDE ECHANTILLONS AUCHAN GOOD 157.xls
deleting operations_commerciales/MDD/MODELES CJ/AUCHAN ATAC SCHIEVER/DDE ECHANTILLONS/DEMANDE ECHANTILLONS AUCHAN GOOD 156.xls
deleting operations_commerciales/MDD/MODELES CJ/AUCHAN ATAC SCHIEVER/DDE ECHANTILLONS/DEMANDE ECHANTILLONS AUCHAN DRIVE.xls
deleting operations_commerciales/MDD/MODELES CJ/AUCHAN ATAC SCHIEVER/DDE ECHANTILLONS/DEMANDE ECHANTILLONS AUCHAN CHRONO 341.xls
deleting operations_commerciales/MDD/MODELES CJ/AUCHAN ATAC SCHIEVER/DDE ECHANTILLONS/DEMANDE ECHANTILLONS AUCHAN CHRONO 333.xls
deleting operations_commerciales/MDD/MODELES CJ/AUCHAN ATAC SCHIEVER/DDE ECHANTILLONS/DEMANDE ECHANTILLONS AUCHAN CHRONO 261.xls
deleting operations_commerciales/MDD/MODELES CJ/AUCHAN ATAC SCHIEVER/DDE ECHANTILLONS/DEMANDE ECHANTILLONS AUCHAN ATELIERS MARQUES.xls
deleting operations_commerciales/MDD/MODELES CJ/AUCHAN ATAC SCHIEVER/DDE ECHANTILLONS/DEMANDE ECHANTILLONS AUCHAN ADN MARKETING.xls
deleting operations_commerciales/MDD/MODELES CJ/AUCHAN ATAC SCHIEVER/DDE ECHANTILLONS/DEMANDE ECHANTILLONS AUCHAN 625.xls
deleting operations_commerciales/MDD/MODELES CJ/AUCHAN ATAC SCHIEVER/DDE ECHANTILLONS/DEMANDE ECHANTILLONS AUCHAN 102.xls
deleting operations_commerciales/MDD/MODELES CJ/AUCHAN ATAC SCHIEVER/DDE ECHANTILLONS/DEMANDE ECHANTILLONS ATAC.xls
deleting operations_commerciales/MDD/MODELES CJ/AUCHAN ATAC SCHIEVER/DDE ECHANTILLONS/DEMANDE ECHANTILLONS ATAC HERBIGNAC.xls
deleting operations_commerciales/MDD/MODELES CJ/AUCHAN ATAC SCHIEVER/DDE ECHANTILLONS/DEMANDE ECHANTILLONS ATAC CHILLLY MAZARIN.xls
deleting operations_commerciales/MDD/MODELES CJ/AUCHAN ATAC SCHIEVER/DDE ECHANTILLONS/DEMANDE ECHANTILLONS ATAC 711.xls
deleting operations_commerciales/MDD/MODELES CJ/AUCHAN ATAC SCHIEVER/DDE ECHANTILLONS/DEMANDE ECHANTILLONS 398 SALON FESTIF 2011.xls
deleting operations_commerciales/MDD/MODELES CJ/AUCHAN ATAC SCHIEVER/DDE ECHANTILLONS/DEMANDE ECHANTILLONS 370SALON FESTIF 2012.xls
deleting operations_commerciales/MDD/MODELES CJ/AUCHAN ATAC SCHIEVER/DDE ECHANTILLONS/DEMANDE ECHANTILLONS 369 SALON FESTIF 2012.xls
deleting operations_commerciales/MDD/MODELES CJ/AUCHAN ATAC SCHIEVER/DDE ECHANTILLONS/DEMANDE ECHANTILLONS 359 SALON FESTIF 2012.xls
operations_commerciales/MDD/MODELES CJ/AUCHAN ATAC SCHIEVER/DDE ECHANTILLONS/2014/
operations_commerciales/MDD/MODELES CJ/AUCHAN ATAC SCHIEVER/DDE ECHANTILLONS/2014/DEMANDE ECHANTILLONS SHIEVER SJM 2 .xls
operations_commerciales/MDD/MODELES CJ/AUCHAN ATAC SCHIEVER/DDE ECHANTILLONS/ANCIENS/
operations_commerciales/MDD/MODELES CJ/AUCHAN ATAC SCHIEVER/DDE ECHANTILLONS/ANCIENS/DEMANDE ECHANTILLONS 359 SALON FESTIF 2012.xls
operations_commerciales/MDD/MODELES CJ/AUCHAN ATAC SCHIEVER/DDE ECHANTILLONS/ANCIENS/DEMANDE ECHANTILLONS 369 SALON FESTIF 2012.xls
operations_commerciales/MDD/MODELES CJ/AUCHAN ATAC SCHIEVER/DDE ECHANTILLONS/ANCIENS/DEMANDE ECHANTILLONS 370SALON FESTIF 2012.xls
operations_commerciales/MDD/MODELES CJ/AUCHAN ATAC SCHIEVER/DDE ECHANTILLONS/ANCIENS/DEMANDE ECHANTILLONS 398 SALON FESTIF 2011.xls
operations_commerciales/MDD/MODELES CJ/AUCHAN ATAC SCHIEVER/DDE ECHANTILLONS/ANCIENS/DEMANDE ECHANTILLONS ATAC 711.xls
operations_commerciales/MDD/MODELES CJ/AUCHAN ATAC SCHIEVER/DDE ECHANTILLONS/ANCIENS/DEMANDE ECHANTILLONS ATAC CHILLLY MAZARIN.xls
operations_commerciales/MDD/MODELES CJ/AUCHAN ATAC SCHIEVER/DDE ECHANTILLONS/ANCIENS/DEMANDE ECHANTILLONS ATAC HERBIGNAC.xls
operations_commerciales/MDD/MODELES CJ/AUCHAN ATAC SCHIEVER/DDE ECHANTILLONS/ANCIENS/DEMANDE ECHANTILLONS ATAC.xls
operations_commerciales/MDD/MODELES CJ/AUCHAN ATAC SCHIEVER/DDE ECHANTILLONS/ANCIENS/DEMANDE ECHANTILLONS AUCHAN 102.xls
operations_commerciales/MDD/MODELES CJ/AUCHAN ATAC SCHIEVER/DDE ECHANTILLONS/ANCIENS/DEMANDE ECHANTILLONS AUCHAN 625.xls
operations_commerciales/MDD/MODELES CJ/AUCHAN ATAC SCHIEVER/DDE ECHANTILLONS/ANCIENS/DEMANDE ECHANTILLONS AUCHAN ADN MARKETING.xls
operations_commerciales/MDD/MODELES CJ/AUCHAN ATAC SCHIEVER/DDE ECHANTILLONS/ANCIENS/DEMANDE ECHANTILLONS AUCHAN ATELIERS MARQUES.xls
operations_commerciales/MDD/MODELES CJ/AUCHAN ATAC SCHIEVER/DDE ECHANTILLONS/ANCIENS/DEMANDE ECHANTILLONS AUCHAN CHRONO 261.xls
operations_commerciales/MDD/MODELES CJ/AUCHAN ATAC SCHIEVER/DDE ECHANTILLONS/ANCIENS/DEMANDE ECHANTILLONS AUCHAN CHRONO 333.xls
operations_commerciales/MDD/MODELES CJ/AUCHAN ATAC SCHIEVER/DDE ECHANTILLONS/ANCIENS/DEMANDE ECHANTILLONS AUCHAN CHRONO 341.xls
operations_commerciales/MDD/MODELES CJ/AUCHAN ATAC SCHIEVER/DDE ECHANTILLONS/ANCIENS/DEMANDE ECHANTILLONS AUCHAN DRIVE.xls
operations_commerciales/MDD/MODELES CJ/AUCHAN ATAC SCHIEVER/DDE ECHANTILLONS/ANCIENS/DEMANDE ECHANTILLONS AUCHAN GOOD 156.xls
operations_commerciales/MDD/MODELES CJ/AUCHAN ATAC SCHIEVER/DDE ECHANTILLONS/ANCIENS/DEMANDE ECHANTILLONS AUCHAN GOOD 157.xls
operations_commerciales/MDD/MODELES CJ/AUCHAN ATAC SCHIEVER/DDE ECHANTILLONS/ANCIENS/DEMANDE ECHANTILLONS AUCHAN GOOD 474.xls
operations_commerciales/MDD/MODELES CJ/AUCHAN ATAC SCHIEVER/DDE ECHANTILLONS/ANCIENS/DEMANDE ECHANTILLONS AUCHAN GOOD 527.xls
operations_commerciales/MDD/MODELES CJ/AUCHAN ATAC SCHIEVER/DDE ECHANTILLONS/ANCIENS/DEMANDE ECHANTILLONS AUCHAN GOOD.xls
operations_commerciales/MDD/MODELES CJ/AUCHAN ATAC SCHIEVER/DDE ECHANTILLONS/ANCIENS/DEMANDE ECHANTILLONS AUCHAN GRAPHEMES.xls
operations_commerciales/MDD/MODELES CJ/AUCHAN ATAC SCHIEVER/DDE ECHANTILLONS/ANCIENS/DEMANDE ECHANTILLONS AUCHAN MECHALI.xls
operations_commerciales/MDD/MODELES CJ/AUCHAN ATAC SCHIEVER/DDE ECHANTILLONS/ANCIENS/DEMANDE ECHANTILLONS AUCHAN MONTAUBAN.xls
operations_commerciales/MDD/MODELES CJ/AUCHAN ATAC SCHIEVER/DDE ECHANTILLONS/ANCIENS/DEMANDE ECHANTILLONS AUCHAN STUDIO M C 2 L.xls
operations_commerciales/MDD/MODELES CJ/AUCHAN ATAC SCHIEVER/DDE ECHANTILLONS/ANCIENS/DEMANDE ECHANTILLONS AUCHAN kremlin.xls
operations_commerciales/MDD/MODELES CJ/AUCHAN ATAC SCHIEVER/DDE ECHANTILLONS/ANCIENS/DEMANDE ECHANTILLONS AUCHAN.xls
operations_commerciales/MDD/MODELES CJ/AUCHAN ATAC SCHIEVER/DDE ECHANTILLONS/ANCIENS/DEMANDE ECHANTILLONS MM 176.xls
operations_commerciales/MDD/MODELES CJ/AUCHAN ATAC SCHIEVER/DDE ECHANTILLONS/ANCIENS/DEMANDE ECHANTILLONS SCHIEVER SJM 713.xls
operations_commerciales/MDD/MODELES CJ/AUCHAN ATAC SCHIEVER/DDE ECHANTILLONS/ANCIENS/DEMANDE ECHANTILLONS SCHIEVER SJM.xls
operations_commerciales/MDD/MODELES CJ/AUCHAN ATAC SCHIEVER/DDE ECHANTILLONS/ANCIENS/DEMANDE ECHANTILLONS SHIEVER .xls
operations_commerciales/MDD/MODELES CJ/AUCHAN ATAC SCHIEVER/DDE ECHANTILLONS/ANCIENS/DEMANDE ECHANTILLONS SHIEVER SJM .xls
operations_commerciales/MDD/MODELES CJ/AUCHAN ATAC SCHIEVER/DDE ECHANTILLONS/ANCIENS/DEMANDE ECHANTILLONS SHIEVER SJM 668 .xls
operations_commerciales/MDD/MODELES CJ/AUCHAN ATAC SCHIEVER/DDE ECHANTILLONS/ANCIENS/DEMANDE ECHANTILLONS SIMPLY AMIENS FESTIFS.xls
operations_commerciales/MDD/MODELES CJ/AUCHAN ATAC SCHIEVER/DDE ECHANTILLONS/ANCIENS/DEMANDE ECHANTILLONS SIMPLY LES ULIS.xls
operations_commerciales/MDD/MODELES CJ/AUCHAN ATAC SCHIEVER/DDE ECHANTILLONS/ANCIENS/DEMANDE ECHANTILLONS SIMPLY NAA 2014.xls
operations_commerciales/MDD/MODELES CJ/AUCHAN ATAC SCHIEVER/DDE ECHANTILLONS/ANCIENS/DEMANDE ECHANTILLONS SIMPLY STRASBOURG FESTIFS.xls
operations_commerciales/MDD/OP MDD 2014/MDD GROUPE AUCHAN 2014.xls

sent 827991 bytes  received 14285 bytes  153141.09 bytes/sec
total size is 60633966  speedup is 71.99
sending incremental file list
mercuriales/sync.ffs_db
mercuriales/MDD SURG/2014/
mercuriales/MDD SURG/2014/2014 LDP SURGELE.xls
mercuriales/gms/2014/CENTRALES 2014/AUCHAN.FR 2014.xls
mercuriales/mdd/2014/2014 MERCURIALE AUCHAN.xls
mercuriales/mdd/2014/2014 MERCURIALE CARREFOUR PLATS CUISINES.xls
mercuriales/mdd/2014/2014 MERCURIALE SYSTEME U.xls

sent 50971 bytes  received 7251 bytes  38814.67 bytes/sec
total size is 25566880  speedup is 439.13
sending incremental file list

sent 7378 bytes  received 13 bytes  4927.33 bytes/sec
total size is 32486400  speedup is 4395.40
sending incremental file list

sent 5691 bytes  received 45 bytes  3824.00 bytes/sec
total size is 10159163  speedup is 1771.12
sending incremental file list

sent 5677 bytes  received 23 bytes  3800.00 bytes/sec
total size is 128675317  speedup is 22574.62
sending incremental file list

sent 5353 bytes  received 38 bytes  3594.00 bytes/sec
total size is 56169881  speedup is 10419.20
sending incremental file list
deleting codesoft/Codesoft 7/Auchan  Atac/Atac_simply/simply_janv_14/sam_volaille_verso.lab
deleting codesoft/Codesoft 7/Auchan  Atac/Atac_simply/simply_janv_14/sam_volaille_recto.lab
deleting codesoft/Codesoft 7/Auchan  Atac/Atac_simply/simply_janv_14/ravioli_verso.lab
deleting codesoft/Codesoft 7/Auchan  Atac/Atac_simply/simply_janv_14/ravioli_recto.lab
deleting codesoft/Codesoft 7/Auchan  Atac/Atac_simply/simply_janv_14/nems_banane_chocolat_verso.lab
deleting codesoft/Codesoft 7/Auchan  Atac/Atac_simply/simply_janv_14/nems_banane_chocolat_recto.lab
codesoft/Codesoft 7/Auchan  Atac/Atac_simply/simply_janv_14/79912_recto.lab
codesoft/Codesoft 7/Auchan  Atac/Atac_simply/simply_janv_14/79912_verso.bak
codesoft/Codesoft 7/Auchan  Atac/Atac_simply/simply_janv_14/79912_verso.lab
codesoft/Codesoft 7/Auchan  Atac/Atac_simply/simply_janv_14/79913_recto.bak
codesoft/Codesoft 7/Auchan  Atac/Atac_simply/simply_janv_14/79913_recto.lab
codesoft/Codesoft 7/Auchan  Atac/Atac_simply/simply_janv_14/79913_verso.bak
codesoft/Codesoft 7/Auchan  Atac/Atac_simply/simply_janv_14/79913_verso.lab
codesoft/Codesoft 7/Auchan  Atac/Atac_simply/simply_janv_14/79916_recto.lab
codesoft/Codesoft 7/Auchan  Atac/Atac_simply/simply_janv_14/79916_verso.bak
codesoft/Codesoft 7/Auchan  Atac/Atac_simply/simply_janv_14/79916_verso.lab

sent 148730 bytes  received 286 bytes  59606.40 bytes/sec
total size is 283613779  speedup is 1903.24
sending incremental file list
