Démarrage : lun sep 23 23:00:02 CEST 2013
Arrêt     : lun sep 23 23:02:11 CEST 2013



Base MySQL sélectionnée: agis
Nombre de serveur(s) Linux concerné(s): 4
Nombre de dossier(s) à mettre à jour: 24

sending incremental file list

sent 7552 bytes  received 20 bytes  5048.00 bytes/sec
total size is 16747404  speedup is 2211.75
sending incremental file list

sent 5440 bytes  received 44 bytes  3656.00 bytes/sec
total size is 9508728  speedup is 1733.90
sending incremental file list

sent 45570 bytes  received 83 bytes  13043.71 bytes/sec
total size is 272220243  speedup is 5962.81
sending incremental file list

sent 5610 bytes  received 33 bytes  2257.20 bytes/sec
total size is 11360012  speedup is 2013.12
sending incremental file list
erp_data.mdb

sent 7197537 bytes  received 61701 bytes  183778.18 bytes/sec
total size is 77592576  speedup is 10.69
sending incremental file list

sent 7538 bytes  received 45 bytes  5055.33 bytes/sec
total size is 9253358  speedup is 1220.28
sending incremental file list

sent 7552 bytes  received 20 bytes  5048.00 bytes/sec
total size is 16747404  speedup is 2211.75
sending incremental file list

sent 4308 bytes  received 24 bytes  2888.00 bytes/sec
total size is 6387982  speedup is 1474.60
sending incremental file list
mercuriales/HD/2013/2013  MERCURIALE ALDI.xls
mercuriales/HD/2013/2013 MERCURIALE DIA.xls
mercuriales/gms/2013/CENTRALES 2013/CASINO 2013.xls
mercuriales/gms/2013/CENTRALES 2013/INTERMARCHE 2013.xls
deleting mercuriales/gms/2013/REGION 2013/GALEC REGION MERCU JUIN 2013.xls
mercuriales/gms/2013/REGION 2013/GALEC REGION MERCU SEPT 2013.xls
mercuriales/gms/2013/REGION 2013/ARCHIVES/GALEC REGION MERCU JUIN 2013.xls
mercuriales/mdd/2013/2013 MERCURIALE CARREFOUR ASIATIQUE.xls
mercuriales/mdd/2013/2013 MERCURIALE CASINO.xls
mercuriales/mdd/2013/2013 MERCURIALE GROUPE AUCHAN.xls
mercuriales/mdd/2013/2013 MERCURIALE MONOPRIX .xls

sent 391138 bytes  received 17452 bytes  48069.41 bytes/sec
total size is 32726945  speedup is 80.10
sending incremental file list

sent 5047 bytes  received 27 bytes  3382.67 bytes/sec
total size is 39173092  speedup is 7720.36
sending incremental file list
operations_commerciales/DEMANDE ECHANTILLONS CL .xls
operations_commerciales/chrono demande echantillons.xls
operations_commerciales/GMS/2013/A-CENTRALES/GMS INTERMARCHE 2013-FUTUR MASTER.xls
operations_commerciales/GMS/2013/B-CONFIRMATIONS OPERATIONS/CONFIRMATIONS INTERMARCHE/2013 INTERMARCHE DECEMBRE FESTIFS MENUS.xls
operations_commerciales/GMS/2013/D-REGIONS/GMS LECLERC 2013-FUTUR MASTER.xls
operations_commerciales/GMS/2014/D-REGIONS/GMS LECLERC 2014-FUTUR MASTER.xls
operations_commerciales/MDD/MODELES VB/DEM ECHANTILLONS/2013/Chrono 437 CASINO.XLS
operations_commerciales/MDD/MODELES VB/DEM ECHANTILLONS/2013/Chrono 439 CASINO.XLS
operations_commerciales/MDD/OP MDD 2013/MDD ITM FUTUR MASTER 2013 .xls

sent 377451 bytes  received 14947 bytes  60368.92 bytes/sec
total size is 93697943  speedup is 238.78
sending incremental file list

sent 18506 bytes  received 80 bytes  7434.40 bytes/sec
total size is 41728031  speedup is 2245.13
sending incremental file list

sent 7502 bytes  received 13 bytes  3006.00 bytes/sec
total size is 33724035  speedup is 4487.56
sending incremental file list
erp_data.mdb

sent 7197537 bytes  received 61701 bytes  183778.18 bytes/sec
total size is 77592576  speedup is 10.69
sending incremental file list

sent 7538 bytes  received 45 bytes  5055.33 bytes/sec
total size is 9253358  speedup is 1220.28
sending incremental file list

sent 4308 bytes  received 24 bytes  2888.00 bytes/sec
total size is 6387982  speedup is 1474.60
sending incremental file list

sent 7552 bytes  received 20 bytes  5048.00 bytes/sec
total size is 16747404  speedup is 2211.75
sending incremental file list

sent 85 bytes  received 13 bytes  65.33 bytes/sec
total size is 104853504  speedup is 1069933.71
sending incremental file list
operations_commerciales/DEMANDE ECHANTILLONS CL .xls
operations_commerciales/chrono demande echantillons.xls
operations_commerciales/GMS/2013/A-CENTRALES/GMS INTERMARCHE 2013-FUTUR MASTER.xls
operations_commerciales/GMS/2013/B-CONFIRMATIONS OPERATIONS/CONFIRMATIONS INTERMARCHE/2013 INTERMARCHE DECEMBRE FESTIFS MENUS.xls
operations_commerciales/GMS/2013/D-REGIONS/GMS LECLERC 2013-FUTUR MASTER.xls
operations_commerciales/GMS/2014/D-REGIONS/GMS LECLERC 2014-FUTUR MASTER.xls
operations_commerciales/MDD/MODELES VB/DEM ECHANTILLONS/2013/Chrono 437 CASINO.XLS
operations_commerciales/MDD/MODELES VB/DEM ECHANTILLONS/2013/Chrono 439 CASINO.XLS
operations_commerciales/MDD/OP MDD 2013/MDD ITM FUTUR MASTER 2013 .xls

sent 377451 bytes  received 14947 bytes  112113.71 bytes/sec
total size is 93697943  speedup is 238.78
sending incremental file list
mercuriales/HD/2013/2013  MERCURIALE ALDI.xls
mercuriales/HD/2013/2013 MERCURIALE DIA.xls
mercuriales/gms/2013/CENTRALES 2013/CASINO 2013.xls
mercuriales/gms/2013/CENTRALES 2013/INTERMARCHE 2013.xls
deleting mercuriales/gms/2013/REGION 2013/GALEC REGION MERCU JUIN 2013.xls
mercuriales/gms/2013/REGION 2013/GALEC REGION MERCU SEPT 2013.xls
mercuriales/gms/2013/REGION 2013/ARCHIVES/GALEC REGION MERCU JUIN 2013.xls
mercuriales/mdd/2013/2013 MERCURIALE CARREFOUR ASIATIQUE.xls
mercuriales/mdd/2013/2013 MERCURIALE CASINO.xls
mercuriales/mdd/2013/2013 MERCURIALE GROUPE AUCHAN.xls
mercuriales/mdd/2013/2013 MERCURIALE MONOPRIX .xls

sent 391138 bytes  received 17452 bytes  116740.00 bytes/sec
total size is 32726945  speedup is 80.10
sending incremental file list

sent 5440 bytes  received 44 bytes  10968.00 bytes/sec
total size is 9508728  speedup is 1733.90
sending incremental file list

sent 5618 bytes  received 23 bytes  3760.67 bytes/sec
total size is 128643573  speedup is 22805.10
sending incremental file list

sent 4707 bytes  received 36 bytes  3162.00 bytes/sec
total size is 46318934  speedup is 9765.75
sending incremental file list

sent 18506 bytes  received 80 bytes  7434.40 bytes/sec
total size is 41728031  speedup is 2245.13
