Démarrage : mer jun 11 23:00:01 CEST 2014
Arrêt     : mer jun 11 23:03:07 CEST 2014



Base MySQL sélectionnée: agis
Nombre de serveur(s) Linux concerné(s): 4
Nombre de dossier(s) à mettre à jour: 29

sending incremental file list

sent 7070 bytes  received 49 bytes  2847.60 bytes/sec
total size is 12774593  speedup is 1794.44
sending incremental file list

sent 6279 bytes  received 38 bytes  4211.33 bytes/sec
total size is 12442583  speedup is 1969.70
sending incremental file list

sent 63 bytes  received 12 bytes  50.00 bytes/sec
total size is 90068992  speedup is 1200919.89
sending incremental file list

sent 7593 bytes  received 45 bytes  5092.00 bytes/sec
total size is 9254930  speedup is 1211.70
sending incremental file list

sent 7756 bytes  received 20 bytes  3110.40 bytes/sec
total size is 16755943  speedup is 2154.83
sending incremental file list

sent 4308 bytes  received 24 bytes  2888.00 bytes/sec
total size is 6387982  speedup is 1474.60
sending incremental file list
mercuriales/sync.ffs_db
mercuriales/sync.ffs_lock
mercuriales/mdd/2014/2014 MERCURIALE AUCHAN.xls
mercuriales/mdd/2014/2014 MERCURIALE CARREFOUR PLATS CUISINES.xls
mercuriales/mdd/2014/2014 MERCURIALE INTERMARCHE.xls
mercuriales/mdd/2014/2014 MERCURIALE SCAMARK.xls
mercuriales/mdd/2014/2014 MERCURIALE SYSTEME U.xls

sent 35491 bytes  received 6668 bytes  9368.67 bytes/sec
total size is 32744586  speedup is 776.69
sending incremental file list

sent 5047 bytes  received 27 bytes  3382.67 bytes/sec
total size is 39173092  speedup is 7720.36
sending incremental file list
operations_commerciales/chrono demande echantillons.xls
operations_commerciales/GMS/RECAP DEMANDE ET CONFIRMATIONS HEBDO 2014.xls
operations_commerciales/GMS/2014/A-CENTRALES/GMS GALEC 2014-FUTUR MASTER.xls
operations_commerciales/MDD/MODELES VB/DEM ECHANTILLONS/2014/Chrono 363 Leader Price CA DESIGN 110614.XLS
operations_commerciales/MDD/MODELES VB/DEM ECHANTILLONS/2014/Chrono 364 Leader Price 110614.XLS

sent 257227 bytes  received 12041 bytes  31678.59 bytes/sec
total size is 51580315  speedup is 191.56
sending incremental file list

sent 20296 bytes  received 83 bytes  5822.57 bytes/sec
total size is 99065320  speedup is 4861.15
sending incremental file list
deleting gofast/CHANTIERS/6_LANCEMENT_PDTS_Emeline/festif agis 2013.doc
deleting gofast/CHANTIERS/6_LANCEMENT_PDTS_Emeline/ex1_acteur.PDF
deleting gofast/CHANTIERS/6_LANCEMENT_PDTS_Emeline/book samossas SU coupe.doc
deleting gofast/CHANTIERS/6_LANCEMENT_PDTS_Emeline/PALP 220414 POULET CURRY AUCHAN.doc
deleting gofast/CHANTIERS/6_LANCEMENT_PDTS_Emeline/FT_dariole_emb_pdt_trompette_300414.doc
deleting gofast/CHANTIERS/6_LANCEMENT_PDTS_Emeline/DOC000.pdf
deleting gofast/CHANTIERS/6_LANCEMENT_PDTS_Emeline/Chantier lancement produit n\#2601 23.04.14.ppt
deleting gofast/CHANTIERS/6_LANCEMENT_PDTS_Emeline/BT_chou_fci_sce_tomate_riz_350g_TRFE13.doc
deleting gofast/CHANTIERS/6_LANCEMENT_PDTS_Emeline/ASS MINI SAMOSSAS CRF.xls
deleting gofast/CHANTIERS/6_LANCEMENT_PDTS_Emeline/4_GEMBA/AVIGNON/Plats cuisin\#351s idividuels et soupes.ppt
deleting gofast/CHANTIERS/6_LANCEMENT_PDTS_Emeline/4_GEMBA/AVIGNON/Note Interne \#351vol etiquetage gammes TG.doc
deleting gofast/CHANTIERS/6_LANCEMENT_PDTS_Emeline/4_GEMBA/AVIGNON/Note Interne ratatouille 2014.doc
deleting gofast/CHANTIERS/6_LANCEMENT_PDTS_Emeline/4_GEMBA/AVIGNON/Note Interne gamme pc fe octobre 2013.DOC
deleting gofast/CHANTIERS/6_LANCEMENT_PDTS_Emeline/4_GEMBA/AVIGNON/Note Interne TG octobre 2013.doc
deleting gofast/CHANTIERS/6_LANCEMENT_PDTS_Emeline/4_GEMBA/AVIGNON/INFORMATION RIZ CANTONAIS.ppt
deleting gofast/CHANTIERS/6_LANCEMENT_PDTS_Emeline/4_GEMBA/AVIGNON/ETIQUETAGE Plats cuisin\#351s multi portions.ppt
gofast/CHANTIERS/6_LANCEMENT_PDTS_Emeline/4_GEMBA/AVIGNON/BT_chou_fci_sce_tomate_riz_350g_TRFE13.doc
gofast/CHANTIERS/6_LANCEMENT_PDTS_Emeline/4_GEMBA/AVIGNON/FT_dariole_emb_pdt_trompette_300414.doc
gofast/CHANTIERS/6_LANCEMENT_PDTS_Emeline/4_GEMBA/COMMERCE/
gofast/CHANTIERS/6_LANCEMENT_PDTS_Emeline/4_GEMBA/COMMERCE/PALP 220414 POULET CURRY AUCHAN.doc
gofast/CHANTIERS/6_LANCEMENT_PDTS_Emeline/4_GEMBA/HERBIGNAC/Doc de lancement Mezzes Monoprix V3 170414.xls
gofast/CHANTIERS/6_LANCEMENT_PDTS_Emeline/4_GEMBA/HERBIGNAC/FAB.15.019 Fabrication et conditionnement Beignets d'ananas 45g.doc
gofast/CHANTIERS/6_LANCEMENT_PDTS_Emeline/4_GEMBA/HERBIGNAC/NINJA - Bilan R&D-Mkt fin de projet.xls
gofast/CHANTIERS/6_LANCEMENT_PDTS_Emeline/4_GEMBA/MARKETING/
gofast/CHANTIERS/6_LANCEMENT_PDTS_Emeline/4_GEMBA/MARKETING/ETIQUETAGE Plats cuisin\#351s multi portions.ppt
gofast/CHANTIERS/6_LANCEMENT_PDTS_Emeline/4_GEMBA/MARKETING/INFORMATION RIZ CANTONAIS.ppt
gofast/CHANTIERS/6_LANCEMENT_PDTS_Emeline/4_GEMBA/MARKETING/Note Interne TG octobre 2013.doc
gofast/CHANTIERS/6_LANCEMENT_PDTS_Emeline/4_GEMBA/MARKETING/Note Interne gamme pc fe octobre 2013.DOC
gofast/CHANTIERS/6_LANCEMENT_PDTS_Emeline/4_GEMBA/MARKETING/Note Interne ratatouille 2014.doc
gofast/CHANTIERS/6_LANCEMENT_PDTS_Emeline/4_GEMBA/MARKETING/Note Interne \#351vol etiquetage gammes TG.doc
gofast/CHANTIERS/6_LANCEMENT_PDTS_Emeline/4_GEMBA/MARKETING/Plats cuisin\#351s idividuels et soupes.ppt
gofast/CHANTIERS/6_LANCEMENT_PDTS_Emeline/4_GEMBA/TARARE/ASS MINI SAMOSSAS CRF.xls
gofast/CHANTIERS/6_LANCEMENT_PDTS_Emeline/4_GEMBA/TARARE/book samossas SU coupe.doc
gofast/CHANTIERS/6_LANCEMENT_PDTS_Emeline/4_GEMBA/TARARE/festif agis 2013.doc
gofast/CHANTIERS/6_LANCEMENT_PDTS_Emeline/5_STANDARDS/Bilan_R&D-Mkt_fin_projet_110614.xls
deleting gofast/CHANTIERS/6_LANCEMENT_PDTS_Emeline/6_BILAN/Fiche_Am\#260_Av-Ap_LCT_PDT_230414.xls
gofast/CHANTIERS/6_LANCEMENT_PDTS_Emeline/6_BILAN/Fiche_Am\#260_Av-Ap_LCT_PDT_EG_090614.xls
gofast/CHANTIERS/6_LANCEMENT_PDTS_Emeline/6_BILAN/Fiche_Am\#260_Av-Ap_LCT_PDT_EG_110614.xls
gofast/CHANTIERS/6_LANCEMENT_PDTS_Emeline/REUNIONS/
gofast/CHANTIERS/6_LANCEMENT_PDTS_Emeline/REUNIONS/230414_1/
gofast/CHANTIERS/6_LANCEMENT_PDTS_Emeline/REUNIONS/230414_1/Chantier lancement produit n\#2601 230414.ppt
gofast/CHANTIERS/6_LANCEMENT_PDTS_Emeline/REUNIONS/230414_1/Reunion_230414_CecileJ.pdf
gofast/CHANTIERS/6_LANCEMENT_PDTS_Emeline/REUNIONS/230414_1/Reunion_230414_Jessica.PDF

sent 12777386 bytes  received 516 bytes  189302.25 bytes/sec
total size is 37290700  speedup is 2.92
sending incremental file list

sent 10004 bytes  received 13 bytes  4006.80 bytes/sec
total size is 48314368  speedup is 4823.24
sending incremental file list

sent 5781 bytes  received 30 bytes  3874.00 bytes/sec
total size is 93132165  speedup is 16026.87
sending incremental file list

sent 63 bytes  received 12 bytes  50.00 bytes/sec
total size is 90068992  speedup is 1200919.89
sending incremental file list

sent 7593 bytes  received 45 bytes  5092.00 bytes/sec
total size is 9254930  speedup is 1211.70
sending incremental file list

sent 4308 bytes  received 24 bytes  2888.00 bytes/sec
total size is 6387982  speedup is 1474.60
sending incremental file list

sent 7756 bytes  received 20 bytes  5184.00 bytes/sec
total size is 16755943  speedup is 2154.83
sending incremental file list

sent 85 bytes  received 13 bytes  65.33 bytes/sec
total size is 104853504  speedup is 1069933.71
sending incremental file list
operations_commerciales/chrono demande echantillons.xls
operations_commerciales/GMS/RECAP DEMANDE ET CONFIRMATIONS HEBDO 2014.xls
operations_commerciales/GMS/2014/A-CENTRALES/GMS GALEC 2014-FUTUR MASTER.xls
operations_commerciales/MDD/MODELES VB/DEM ECHANTILLONS/2014/Chrono 363 Leader Price CA DESIGN 110614.XLS
operations_commerciales/MDD/MODELES VB/DEM ECHANTILLONS/2014/Chrono 364 Leader Price 110614.XLS

sent 257227 bytes  received 12041 bytes  76933.71 bytes/sec
total size is 51580315  speedup is 191.56
sending incremental file list
mercuriales/sync.ffs_db
mercuriales/sync.ffs_lock
mercuriales/mdd/2014/2014 MERCURIALE AUCHAN.xls
mercuriales/mdd/2014/2014 MERCURIALE CARREFOUR PLATS CUISINES.xls
mercuriales/mdd/2014/2014 MERCURIALE INTERMARCHE.xls
mercuriales/mdd/2014/2014 MERCURIALE SCAMARK.xls
mercuriales/mdd/2014/2014 MERCURIALE SYSTEME U.xls

sent 35491 bytes  received 6668 bytes  28106.00 bytes/sec
total size is 32744603  speedup is 776.69
sending incremental file list

sent 10004 bytes  received 13 bytes  6678.00 bytes/sec
total size is 48314368  speedup is 4823.24
sending incremental file list

sent 7070 bytes  received 49 bytes  4746.00 bytes/sec
total size is 12774593  speedup is 1794.44
sending incremental file list

sent 5745 bytes  received 23 bytes  3845.33 bytes/sec
total size is 129159129  speedup is 22392.36
sending incremental file list

sent 5610 bytes  received 39 bytes  3766.00 bytes/sec
total size is 59049369  speedup is 10453.07
sending incremental file list

sent 51949 bytes  received 96 bytes  34696.67 bytes/sec
total size is 298226259  speedup is 5730.16
sending incremental file list

sent 20296 bytes  received 83 bytes  13586.00 bytes/sec
total size is 99065320  speedup is 4861.15
sending incremental file list
deleting gofast/CHANTIERS/6_LANCEMENT_PDTS_Emeline/festif agis 2013.doc
deleting gofast/CHANTIERS/6_LANCEMENT_PDTS_Emeline/ex1_acteur.PDF
deleting gofast/CHANTIERS/6_LANCEMENT_PDTS_Emeline/book samossas SU coupe.doc
deleting gofast/CHANTIERS/6_LANCEMENT_PDTS_Emeline/PALP 220414 POULET CURRY AUCHAN.doc
deleting gofast/CHANTIERS/6_LANCEMENT_PDTS_Emeline/FT_dariole_emb_pdt_trompette_300414.doc
deleting gofast/CHANTIERS/6_LANCEMENT_PDTS_Emeline/DOC000.pdf
deleting gofast/CHANTIERS/6_LANCEMENT_PDTS_Emeline/Chantier lancement produit n\#2601 23.04.14.ppt
deleting gofast/CHANTIERS/6_LANCEMENT_PDTS_Emeline/BT_chou_fci_sce_tomate_riz_350g_TRFE13.doc
deleting gofast/CHANTIERS/6_LANCEMENT_PDTS_Emeline/ASS MINI SAMOSSAS CRF.xls
deleting gofast/CHANTIERS/6_LANCEMENT_PDTS_Emeline/4_GEMBA/AVIGNON/Plats cuisin\#351s idividuels et soupes.ppt
deleting gofast/CHANTIERS/6_LANCEMENT_PDTS_Emeline/4_GEMBA/AVIGNON/Note Interne \#351vol etiquetage gammes TG.doc
deleting gofast/CHANTIERS/6_LANCEMENT_PDTS_Emeline/4_GEMBA/AVIGNON/Note Interne ratatouille 2014.doc
deleting gofast/CHANTIERS/6_LANCEMENT_PDTS_Emeline/4_GEMBA/AVIGNON/Note Interne gamme pc fe octobre 2013.DOC
deleting gofast/CHANTIERS/6_LANCEMENT_PDTS_Emeline/4_GEMBA/AVIGNON/Note Interne TG octobre 2013.doc
deleting gofast/CHANTIERS/6_LANCEMENT_PDTS_Emeline/4_GEMBA/AVIGNON/INFORMATION RIZ CANTONAIS.ppt
deleting gofast/CHANTIERS/6_LANCEMENT_PDTS_Emeline/4_GEMBA/AVIGNON/ETIQUETAGE Plats cuisin\#351s multi portions.ppt
gofast/CHANTIERS/6_LANCEMENT_PDTS_Emeline/4_GEMBA/AVIGNON/BT_chou_fci_sce_tomate_riz_350g_TRFE13.doc
gofast/CHANTIERS/6_LANCEMENT_PDTS_Emeline/4_GEMBA/AVIGNON/FT_dariole_emb_pdt_trompette_300414.doc
gofast/CHANTIERS/6_LANCEMENT_PDTS_Emeline/4_GEMBA/COMMERCE/
gofast/CHANTIERS/6_LANCEMENT_PDTS_Emeline/4_GEMBA/COMMERCE/PALP 220414 POULET CURRY AUCHAN.doc
gofast/CHANTIERS/6_LANCEMENT_PDTS_Emeline/4_GEMBA/HERBIGNAC/Doc de lancement Mezzes Monoprix V3 170414.xls
gofast/CHANTIERS/6_LANCEMENT_PDTS_Emeline/4_GEMBA/HERBIGNAC/FAB.15.019 Fabrication et conditionnement Beignets d'ananas 45g.doc
gofast/CHANTIERS/6_LANCEMENT_PDTS_Emeline/4_GEMBA/HERBIGNAC/NINJA - Bilan R&D-Mkt fin de projet.xls
gofast/CHANTIERS/6_LANCEMENT_PDTS_Emeline/4_GEMBA/MARKETING/
gofast/CHANTIERS/6_LANCEMENT_PDTS_Emeline/4_GEMBA/MARKETING/ETIQUETAGE Plats cuisin\#351s multi portions.ppt
gofast/CHANTIERS/6_LANCEMENT_PDTS_Emeline/4_GEMBA/MARKETING/INFORMATION RIZ CANTONAIS.ppt
gofast/CHANTIERS/6_LANCEMENT_PDTS_Emeline/4_GEMBA/MARKETING/Note Interne TG octobre 2013.doc
gofast/CHANTIERS/6_LANCEMENT_PDTS_Emeline/4_GEMBA/MARKETING/Note Interne gamme pc fe octobre 2013.DOC
gofast/CHANTIERS/6_LANCEMENT_PDTS_Emeline/4_GEMBA/MARKETING/Note Interne ratatouille 2014.doc
gofast/CHANTIERS/6_LANCEMENT_PDTS_Emeline/4_GEMBA/MARKETING/Note Interne \#351vol etiquetage gammes TG.doc
gofast/CHANTIERS/6_LANCEMENT_PDTS_Emeline/4_GEMBA/MARKETING/Plats cuisin\#351s idividuels et soupes.ppt
gofast/CHANTIERS/6_LANCEMENT_PDTS_Emeline/4_GEMBA/TARARE/ASS MINI SAMOSSAS CRF.xls
gofast/CHANTIERS/6_LANCEMENT_PDTS_Emeline/4_GEMBA/TARARE/book samossas SU coupe.doc
gofast/CHANTIERS/6_LANCEMENT_PDTS_Emeline/4_GEMBA/TARARE/festif agis 2013.doc
gofast/CHANTIERS/6_LANCEMENT_PDTS_Emeline/5_STANDARDS/Bilan_R&D-Mkt_fin_projet_110614.xls
deleting gofast/CHANTIERS/6_LANCEMENT_PDTS_Emeline/6_BILAN/Fiche_Am\#260_Av-Ap_LCT_PDT_230414.xls
gofast/CHANTIERS/6_LANCEMENT_PDTS_Emeline/6_BILAN/Fiche_Am\#260_Av-Ap_LCT_PDT_EG_090614.xls
gofast/CHANTIERS/6_LANCEMENT_PDTS_Emeline/6_BILAN/Fiche_Am\#260_Av-Ap_LCT_PDT_EG_110614.xls
gofast/CHANTIERS/6_LANCEMENT_PDTS_Emeline/REUNIONS/
gofast/CHANTIERS/6_LANCEMENT_PDTS_Emeline/REUNIONS/230414_1/
gofast/CHANTIERS/6_LANCEMENT_PDTS_Emeline/REUNIONS/230414_1/Chantier lancement produit n\#2601 230414.ppt
gofast/CHANTIERS/6_LANCEMENT_PDTS_Emeline/REUNIONS/230414_1/Reunion_230414_CecileJ.pdf
gofast/CHANTIERS/6_LANCEMENT_PDTS_Emeline/REUNIONS/230414_1/Reunion_230414_Jessica.PDF

sent 12777386 bytes  received 516 bytes  189302.25 bytes/sec
total size is 37290700  speedup is 2.92
sending incremental file list

sent 7756 bytes  received 20 bytes  3110.40 bytes/sec
total size is 16755943  speedup is 2154.83
sending incremental file list

sent 7756 bytes  received 20 bytes  5184.00 bytes/sec
total size is 16755943  speedup is 2154.83
