Démarrage : jeu jan 23 23:00:01 CET 2014
Arrêt     : jeu jan 23 23:00:44 CET 2014



Base MySQL sélectionnée: agis
Nombre de serveur(s) Linux concerné(s): 4
Nombre de dossier(s) à mettre à jour: 24

sending incremental file list

sent 5691 bytes  received 45 bytes  2294.40 bytes/sec
total size is 10159163  speedup is 1771.12
sending incremental file list

sent 5977 bytes  received 37 bytes  4009.33 bytes/sec
total size is 12047230  speedup is 2003.20
sending incremental file list

sent 63 bytes  received 12 bytes  50.00 bytes/sec
total size is 83869696  speedup is 1118262.61
sending incremental file list

sent 7538 bytes  received 45 bytes  5055.33 bytes/sec
total size is 9253358  speedup is 1220.28
sending incremental file list

sent 7695 bytes  received 20 bytes  5143.33 bytes/sec
total size is 16751789  speedup is 2171.33
sending incremental file list

sent 4308 bytes  received 24 bytes  2888.00 bytes/sec
total size is 6387982  speedup is 1474.60
sending incremental file list
mercuriales/sync.ffs_db
mercuriales/HD/2013/2013 MERCURIALE DIA.xls
mercuriales/HD/2014/2014 MERCURIALE DIA.xls

sent 11607 bytes  received 1149 bytes  5102.40 bytes/sec
total size is 25766754  speedup is 2019.97
sending incremental file list

sent 5047 bytes  received 27 bytes  3382.67 bytes/sec
total size is 39173092  speedup is 7720.36
sending incremental file list
operations_commerciales/DEMANDE ECHANTILLONS CL .xls
operations_commerciales/chrono demande echantillons.xls
operations_commerciales/GMS/2014/A-CENTRALES/GMS AUCHAN 2014-FUTUR MASTER.xls
operations_commerciales/GMS/2014/A-CENTRALES/GMS CARREFOUR 2014-FUTUR MASTER.xls
operations_commerciales/GMS/2014/D-REGIONS/GMS SU REGION  2014-FUTUR MASTER.xls

sent 227253 bytes  received 15852 bytes  54023.33 bytes/sec
total size is 60100206  speedup is 247.22
sending incremental file list

sent 19775 bytes  received 78 bytes  7941.20 bytes/sec
total size is 98318654  speedup is 4952.33
sending incremental file list

sent 7514 bytes  received 13 bytes  5018.00 bytes/sec
total size is 33255424  speedup is 4418.15
sending incremental file list

sent 63 bytes  received 12 bytes  50.00 bytes/sec
total size is 83869696  speedup is 1118262.61
sending incremental file list

sent 7538 bytes  received 45 bytes  5055.33 bytes/sec
total size is 9253358  speedup is 1220.28
sending incremental file list

sent 4308 bytes  received 24 bytes  2888.00 bytes/sec
total size is 6387982  speedup is 1474.60
sending incremental file list

sent 7695 bytes  received 20 bytes  3086.00 bytes/sec
total size is 16751789  speedup is 2171.33
sending incremental file list

sent 85 bytes  received 13 bytes  65.33 bytes/sec
total size is 104853504  speedup is 1069933.71
sending incremental file list
operations_commerciales/DEMANDE ECHANTILLONS CL .xls
operations_commerciales/chrono demande echantillons.xls
operations_commerciales/GMS/2014/A-CENTRALES/GMS AUCHAN 2014-FUTUR MASTER.xls
operations_commerciales/GMS/2014/A-CENTRALES/GMS CARREFOUR 2014-FUTUR MASTER.xls
operations_commerciales/GMS/2014/D-REGIONS/GMS SU REGION  2014-FUTUR MASTER.xls

sent 227253 bytes  received 15852 bytes  97242.00 bytes/sec
total size is 60100206  speedup is 247.22
sending incremental file list
mercuriales/sync.ffs_db
mercuriales/HD/2013/2013 MERCURIALE DIA.xls
mercuriales/HD/2014/2014 MERCURIALE DIA.xls

sent 11607 bytes  received 1149 bytes  5102.40 bytes/sec
total size is 25766754  speedup is 2019.97
sending incremental file list

sent 7514 bytes  received 13 bytes  5018.00 bytes/sec
total size is 33255424  speedup is 4418.15
sending incremental file list

sent 5691 bytes  received 45 bytes  3824.00 bytes/sec
total size is 10159163  speedup is 1771.12
sending incremental file list

sent 5677 bytes  received 23 bytes  3800.00 bytes/sec
total size is 128675317  speedup is 22574.62
sending incremental file list

sent 5353 bytes  received 38 bytes  3594.00 bytes/sec
total size is 56169881  speedup is 10419.20
sending incremental file list
codesoft/Codesoft 7/Codes Produits/79918_rouleau mexicain SDV.bak
codesoft/Codesoft 7/Codes Produits/79918_rouleau mexicain SDV.lab

sent 86299 bytes  received 6974 bytes  16958.73 bytes/sec
total size is 289940563  speedup is 3108.52
sending incremental file list
