Démarrage : lun oct 28 23:00:01 CET 2013
Arrêt     : lun oct 28 23:00:41 CET 2013



Base MySQL sélectionnée: agis
Nombre de serveur(s) Linux concerné(s): 4
Nombre de dossier(s) à mettre à jour: 25

sending incremental file list

sent 7651 bytes  received 20 bytes  15342.00 bytes/sec
total size is 16750790  speedup is 2183.65
sending incremental file list

sent 5598 bytes  received 45 bytes  3762.00 bytes/sec
total size is 9985067  speedup is 1769.46
sending incremental file list

sent 5753 bytes  received 34 bytes  2314.80 bytes/sec
total size is 11615823  speedup is 2007.23
sending incremental file list

sent 63 bytes  received 12 bytes  50.00 bytes/sec
total size is 78852096  speedup is 1051361.28
sending incremental file list

sent 7538 bytes  received 45 bytes  5055.33 bytes/sec
total size is 9253358  speedup is 1220.28
sending incremental file list

sent 7651 bytes  received 20 bytes  3068.40 bytes/sec
total size is 16750790  speedup is 2183.65
sending incremental file list

sent 4308 bytes  received 24 bytes  2888.00 bytes/sec
total size is 6387982  speedup is 1474.60
sending incremental file list

sent 10389 bytes  received 74 bytes  6975.33 bytes/sec
total size is 41443123  speedup is 3960.92
sending incremental file list

sent 5047 bytes  received 27 bytes  3382.67 bytes/sec
total size is 39173092  speedup is 7720.36
sending incremental file list

sent 38287 bytes  received 153 bytes  15376.00 bytes/sec
total size is 53803988  speedup is 1399.69
sending incremental file list

sent 18506 bytes  received 80 bytes  4130.22 bytes/sec
total size is 41728031  speedup is 2245.13
sending incremental file list

sent 8147 bytes  received 13 bytes  5440.00 bytes/sec
total size is 37553283  speedup is 4602.12
sending incremental file list

sent 63 bytes  received 12 bytes  150.00 bytes/sec
total size is 78852096  speedup is 1051361.28
sending incremental file list

sent 7538 bytes  received 45 bytes  15166.00 bytes/sec
total size is 9253358  speedup is 1220.28
sending incremental file list

sent 4308 bytes  received 24 bytes  8664.00 bytes/sec
total size is 6387982  speedup is 1474.60
sending incremental file list

sent 7651 bytes  received 20 bytes  5114.00 bytes/sec
total size is 16750790  speedup is 2183.65
sending incremental file list

sent 85 bytes  received 13 bytes  196.00 bytes/sec
total size is 104853504  speedup is 1069933.71
sending incremental file list

sent 38287 bytes  received 153 bytes  25626.67 bytes/sec
total size is 53803988  speedup is 1399.69
sending incremental file list

sent 10389 bytes  received 74 bytes  6975.33 bytes/sec
total size is 41443123  speedup is 3960.92
sending incremental file list

sent 8147 bytes  received 13 bytes  5440.00 bytes/sec
total size is 37553283  speedup is 4602.12
sending incremental file list

sent 5598 bytes  received 45 bytes  3762.00 bytes/sec
total size is 9985067  speedup is 1769.46
sending incremental file list

sent 5677 bytes  received 23 bytes  2280.00 bytes/sec
total size is 128675317  speedup is 22574.62
sending incremental file list

sent 4707 bytes  received 36 bytes  3162.00 bytes/sec
total size is 46318934  speedup is 9765.75
sending incremental file list

sent 46162 bytes  received 86 bytes  30832.00 bytes/sec
total size is 275068499  speedup is 5947.68
sending incremental file list
