Démarrage : mer mar 26 23:00:01 CET 2014
Arrêt     : mer mar 26 23:02:23 CET 2014



Base MySQL sélectionnée: agis
Nombre de serveur(s) Linux concerné(s): 4
Nombre de dossier(s) à mettre à jour: 27

sending incremental file list
gestion_crise/mise \#340 jour 2014/CONTACTS CLIENT GESTION DE CRISE 190314 MDD HD.xls
gestion_crise/mise \#340 jour 2014/Contacts crises 190314 FZC.xls

sent 13384 bytes  received 573 bytes  3101.56 bytes/sec
total size is 12693370  speedup is 909.46
sending incremental file list
suivi_investissement/2013-2014/R\#351alis\#351 bud invest r\#351vis\#351 2013-2014/Bud invest AVI r\#351vis\#351 2013-2014.xls
suivi_investissement/2013-2014/R\#351alis\#351 bud invest r\#351vis\#351 2013-2014/Bud invest HER r\#351vis\#351 2013-2014.xls
suivi_investissement/2013-2014/R\#351alis\#351 bud invest r\#351vis\#351 2013-2014/Bud invest PFT r\#351vis\#351 2013-2014.xls
suivi_investissement/2013-2014/R\#351alis\#351 bud invest r\#351vis\#351 2013-2014/Bud invest TAR r\#351vis\#351 2013-2014.xls
deleting suivi_investissement/2013-2014/Validation groupe 2013-2014/Fiche pr\#351visions Traiteur 1S 2013-2014.xls
suivi_investissement/2013-2014/Validation groupe 2013-2014/Invest pr\#351visions AGIS 1S 2013-2014.xls
suivi_investissement/2013-2014/Validation groupe 2013-2014/Invest r\#351alis\#351s AGIS 2013-2014.pdf
suivi_investissement/2013-2014/Validation groupe 2013-2014/Invest r\#351alis\#351s AGIS 2S 2013-2014.xls
suivi_investissement/2014-2015/Validation groupe 2014-2015/
suivi_investissement/2014-2015/Validation groupe 2014-2015/Invest pr\#351vision AGIS 2014-2015.pdf
suivi_investissement/2014-2015/Validation groupe 2014-2015/Invest pr\#351visions AGIS 2014-2015.xls

sent 168600 bytes  received 2312 bytes  31074.91 bytes/sec
total size is 12434391  speedup is 72.75
sending incremental file list

sent 63 bytes  received 12 bytes  21.43 bytes/sec
total size is 84160512  speedup is 1122140.16
sending incremental file list

sent 7538 bytes  received 45 bytes  1685.11 bytes/sec
total size is 9253358  speedup is 1220.28
sending incremental file list

sent 7695 bytes  received 20 bytes  2204.29 bytes/sec
total size is 16751789  speedup is 2171.33
sending incremental file list

sent 4308 bytes  received 24 bytes  1237.71 bytes/sec
total size is 6387982  speedup is 1474.60
sending incremental file list
mercuriales/gms/2014/CENTRALES 2014/AUCHAN.FR 2014.xls
mercuriales/gms/2014/CENTRALES 2014/CARREFOUR 2014.xls
mercuriales/gms/2014/CENTRALES 2014/CARREFOUR MARKET 2014.xls
mercuriales/gms/2014/CENTRALES 2014/CASINO 2014.xls
mercuriales/gms/2014/CENTRALES 2014/PLACE DU MARCHE 2014.xls
deleting mercuriales/gms/2014/CONTROLE TARIFS 2014/03-MARS/AUCHAN NOUVEAUX PRIX 17-03 SANS RPP 5%.pdf
mercuriales/gms/2014/CONTROLE TARIFS 2014/03-MARS/2014 AUCHAN NOUVEAUX PRIX 17-03 SANS RPP 5%.pdf
mercuriales/gms/2014/CONTROLE TARIFS 2014/03-MARS/2014 AUCHAN NOUVEAUX PRIX TOP CHEF 31-03.pdf
mercuriales/gms/2014/CONTROLE TARIFS 2014/04-AVRIL/2014 AUCHAN ENCORNET FARCI FE.pdf
mercuriales/gms/2014/CONTROLE TARIFS 2014/04-AVRIL/AUCHAN.FR NOUVEAUX PC.pdf
mercuriales/gms/2014/CONTROLE TARIFS 2014/06-JUIN/2014 AUCHAN.FR PLATEAUX.pdf
mercuriales/mdd/2014/2014 MERCURIALE AUCHAN.xls
mercuriales/mdd/2014/2014 MERCURIALE CARREFOUR PLATS CUISINES.xls
mercuriales/mdd/2014/2014 MERCURIALE INTERMARCHE.xls

sent 247695 bytes  received 29010 bytes  36894.00 bytes/sec
total size is 29837345  speedup is 107.83
sending incremental file list

sent 5047 bytes  received 27 bytes  1449.71 bytes/sec
total size is 39173092  speedup is 7720.36
sending incremental file list
operations_commerciales/DEMANDE ECHANTILLONS CL .xls
operations_commerciales/chrono demande echantillons.xls
operations_commerciales/FZC/OP FZC 2013/FZC PICARD 2013.xls
operations_commerciales/GMS/RECAP DEMANDE ET CONFIRMATIONS HEBDO.xls
operations_commerciales/GMS/2014/A-CENTRALES/GMS AUCHAN 2014-FUTUR MASTER.xls
operations_commerciales/GMS/2014/A-CENTRALES/GMS CARREFOUR MARKET 2014-FUTUR MASTER.xls
operations_commerciales/GMS/2014/A-CENTRALES/GMS CASINO 2014-FUTUR MASTER.xls
operations_commerciales/GMS/2014/A-CENTRALES/GMS PLACE DU MARCHE 2014-FUTUR MASTER.xls
operations_commerciales/GMS/2014/A-CENTRALES/GMS SIMPLY MARKET 2014-FUTUR MASTER.xls
operations_commerciales/GMS/2014/B-CONFIRMATIONS OPERATIONS/AUCHAN/2014 AUCHAN OP MAI 3 ASIE.xls
operations_commerciales/GMS/2014/B-CONFIRMATIONS OPERATIONS/CARREFOUR MARKET/2014 CARREFOUR MARKET TRAFIC 21 PC.xls
operations_commerciales/GMS/2014/B-CONFIRMATIONS OPERATIONS/CARREFOUR MARKET/2014 CARREFOUR MARKET TRAFIC 24 PIZZAS.xls
operations_commerciales/GMS/2014/B-CONFIRMATIONS OPERATIONS/CASINO HM/2014 HM DONNE C DONNE S28.xls
operations_commerciales/GMS/2014/B-CONFIRMATIONS OPERATIONS/PLACE DU MARCHE/2014 PLACE DU MARCHE TRACT S15.xls
operations_commerciales/GMS/2014/D-REGIONS/GMS LECLERC 2014-FUTUR MASTER.xls
operations_commerciales/MDD/MODELES CJ/AUCHAN ATAC SCHIEVER/DDE ECHANTILLONS/2014/DEMANDE ECHANTILLONS AUCHAN 178.xls
operations_commerciales/MDD/MODELES VB/CONF OPES ITM NETTO/2014/CONFIRMATION OPE_GENERALISTE_AOUT2.xls
operations_commerciales/MDD/OP MDD 2012/FUTURMASTER/MDD CRF 2012 FUTUR MASTER 2012.xls
operations_commerciales/MDD/OP MDD 2013/MDD CRF 2013 FUTUR MASTER.xls
operations_commerciales/MDD/OP MDD 2013/MDD CRF MKT 2013 FUTUR MASTER.xls
operations_commerciales/MDD/OP MDD 2014/MDD GROUPE AUCHAN 2014.xls
operations_commerciales/MDD/OP MDD 2014/MDD ITM 2014 .xls

sent 414338 bytes  received 41884 bytes  48023.37 bytes/sec
total size is 49008642  speedup is 107.42
sending incremental file list
rh_multi_sites/PV CCE-n\#351gos/PV 6\#350me r\#351union n\#351gos accords - 12.02.14 - sign\#351e.pdf

sent 137240 bytes  received 99 bytes  21129.08 bytes/sec
total size is 98915848  speedup is 720.23
sending incremental file list

sent 3431 bytes  received 79 bytes  1002.86 bytes/sec
total size is 16655550  speedup is 4745.17
sending incremental file list

sent 9125 bytes  received 13 bytes  2610.86 bytes/sec
total size is 43788288  speedup is 4791.89
sending incremental file list

sent 5781 bytes  received 30 bytes  1056.55 bytes/sec
total size is 93132165  speedup is 16026.87
sending incremental file list

sent 63 bytes  received 12 bytes  150.00 bytes/sec
total size is 84160512  speedup is 1122140.16
sending incremental file list

sent 7538 bytes  received 45 bytes  5055.33 bytes/sec
total size is 9253358  speedup is 1220.28
sending incremental file list

sent 4308 bytes  received 24 bytes  2888.00 bytes/sec
total size is 6387982  speedup is 1474.60
sending incremental file list

sent 7695 bytes  received 20 bytes  5143.33 bytes/sec
total size is 16751789  speedup is 2171.33
sending incremental file list

sent 85 bytes  received 13 bytes  65.33 bytes/sec
total size is 104853504  speedup is 1069933.71
sending incremental file list
operations_commerciales/DEMANDE ECHANTILLONS CL .xls
operations_commerciales/chrono demande echantillons.xls
operations_commerciales/FZC/OP FZC 2013/FZC PICARD 2013.xls
operations_commerciales/GMS/RECAP DEMANDE ET CONFIRMATIONS HEBDO.xls
operations_commerciales/GMS/2014/A-CENTRALES/GMS AUCHAN 2014-FUTUR MASTER.xls
operations_commerciales/GMS/2014/A-CENTRALES/GMS CARREFOUR MARKET 2014-FUTUR MASTER.xls
operations_commerciales/GMS/2014/A-CENTRALES/GMS CASINO 2014-FUTUR MASTER.xls
operations_commerciales/GMS/2014/A-CENTRALES/GMS PLACE DU MARCHE 2014-FUTUR MASTER.xls
operations_commerciales/GMS/2014/A-CENTRALES/GMS SIMPLY MARKET 2014-FUTUR MASTER.xls
operations_commerciales/GMS/2014/B-CONFIRMATIONS OPERATIONS/AUCHAN/2014 AUCHAN OP MAI 3 ASIE.xls
operations_commerciales/GMS/2014/B-CONFIRMATIONS OPERATIONS/CARREFOUR MARKET/2014 CARREFOUR MARKET TRAFIC 21 PC.xls
operations_commerciales/GMS/2014/B-CONFIRMATIONS OPERATIONS/CARREFOUR MARKET/2014 CARREFOUR MARKET TRAFIC 24 PIZZAS.xls
operations_commerciales/GMS/2014/B-CONFIRMATIONS OPERATIONS/CASINO HM/2014 HM DONNE C DONNE S28.xls
operations_commerciales/GMS/2014/B-CONFIRMATIONS OPERATIONS/PLACE DU MARCHE/2014 PLACE DU MARCHE TRACT S15.xls
operations_commerciales/GMS/2014/D-REGIONS/GMS LECLERC 2014-FUTUR MASTER.xls
operations_commerciales/MDD/MODELES CJ/AUCHAN ATAC SCHIEVER/DDE ECHANTILLONS/2014/DEMANDE ECHANTILLONS AUCHAN 178.xls
operations_commerciales/MDD/MODELES VB/CONF OPES ITM NETTO/2014/CONFIRMATION OPE_GENERALISTE_AOUT2.xls
operations_commerciales/MDD/OP MDD 2012/FUTURMASTER/MDD CRF 2012 FUTUR MASTER 2012.xls
operations_commerciales/MDD/OP MDD 2013/MDD CRF 2013 FUTUR MASTER.xls
operations_commerciales/MDD/OP MDD 2013/MDD CRF MKT 2013 FUTUR MASTER.xls
operations_commerciales/MDD/OP MDD 2014/MDD GROUPE AUCHAN 2014.xls
operations_commerciales/MDD/OP MDD 2014/MDD ITM 2014 .xls

sent 414338 bytes  received 41884 bytes  82949.45 bytes/sec
total size is 49008642  speedup is 107.42
sending incremental file list
mercuriales/gms/2014/CENTRALES 2014/AUCHAN.FR 2014.xls
mercuriales/gms/2014/CENTRALES 2014/CARREFOUR 2014.xls
mercuriales/gms/2014/CENTRALES 2014/CARREFOUR MARKET 2014.xls
mercuriales/gms/2014/CENTRALES 2014/CASINO 2014.xls
mercuriales/gms/2014/CENTRALES 2014/PLACE DU MARCHE 2014.xls
deleting mercuriales/gms/2014/CONTROLE TARIFS 2014/03-MARS/AUCHAN NOUVEAUX PRIX 17-03 SANS RPP 5%.pdf
mercuriales/gms/2014/CONTROLE TARIFS 2014/03-MARS/2014 AUCHAN NOUVEAUX PRIX 17-03 SANS RPP 5%.pdf
mercuriales/gms/2014/CONTROLE TARIFS 2014/03-MARS/2014 AUCHAN NOUVEAUX PRIX TOP CHEF 31-03.pdf
mercuriales/gms/2014/CONTROLE TARIFS 2014/04-AVRIL/2014 AUCHAN ENCORNET FARCI FE.pdf
mercuriales/gms/2014/CONTROLE TARIFS 2014/04-AVRIL/AUCHAN.FR NOUVEAUX PC.pdf
mercuriales/gms/2014/CONTROLE TARIFS 2014/06-JUIN/2014 AUCHAN.FR PLATEAUX.pdf
mercuriales/mdd/2014/2014 MERCURIALE AUCHAN.xls
mercuriales/mdd/2014/2014 MERCURIALE CARREFOUR PLATS CUISINES.xls
mercuriales/mdd/2014/2014 MERCURIALE INTERMARCHE.xls

sent 247695 bytes  received 29010 bytes  79058.57 bytes/sec
total size is 29837345  speedup is 107.83
sending incremental file list

sent 9125 bytes  received 13 bytes  6092.00 bytes/sec
total size is 43788288  speedup is 4791.89
sending incremental file list
gestion_crise/mise \#340 jour 2014/CONTACTS CLIENT GESTION DE CRISE 190314 MDD HD.xls
gestion_crise/mise \#340 jour 2014/Contacts crises 190314 FZC.xls

sent 13384 bytes  received 573 bytes  3101.56 bytes/sec
total size is 12693370  speedup is 909.46
sending incremental file list
organisation/Listes t\#351l\#351phoniques AGIS + LDC/Liste t\#351l\#351phonique Cantubas au 13122012.xls

sent 9365 bytes  received 264 bytes  2751.14 bytes/sec
total size is 129183193  speedup is 13416.05
sending incremental file list

sent 5610 bytes  received 39 bytes  1614.00 bytes/sec
total size is 59049369  speedup is 10453.07
sending incremental file list

sent 50350 bytes  received 94 bytes  11209.78 bytes/sec
total size is 291459155  speedup is 5777.88
