Démarrage : ven aoû  8 23:00:01 CEST 2014
Arrêt     : ven aoû  8 23:00:47 CEST 2014



Base MySQL sélectionnée: agis
Nombre de serveur(s) Linux concerné(s): 4
Nombre de dossier(s) à mettre à jour: 29

sending incremental file list

sent 7305 bytes  received 49 bytes  4902.67 bytes/sec
total size is 13622581  speedup is 1852.40
sending incremental file list

sent 6283 bytes  received 38 bytes  4214.00 bytes/sec
total size is 12454871  speedup is 1970.40
sending incremental file list

sent 63 bytes  received 12 bytes  50.00 bytes/sec
total size is 145690624  speedup is 1942541.65
sending incremental file list

sent 7593 bytes  received 45 bytes  5092.00 bytes/sec
total size is 9254930  speedup is 1211.70
sending incremental file list

sent 7905 bytes  received 20 bytes  5283.33 bytes/sec
total size is 16766350  speedup is 2115.63
sending incremental file list

sent 4308 bytes  received 24 bytes  2888.00 bytes/sec
total size is 6387982  speedup is 1474.60
sending incremental file list
mercuriales/MERCURIALES - AGIS/gms/2014/CENTRALES 2014/CASINO 2014.xls
mercuriales/MERCURIALES - AGIS/gms/2014/CENTRALES 2014/SYSTEME U 2014.xls
mercuriales/MERCURIALES - AGIS/gms/2014/CONTROLE TARIFS 2014/10-OCTOBRE/SYSTEME U CHOUX FARCIS.pdf
mercuriales/MERCURIALES - AGIS/gms/2014/CONTROLE TARIFS 2014/12-DECEMBRE/
mercuriales/MERCURIALES - AGIS/gms/2014/CONTROLE TARIFS 2014/12-DECEMBRE/2014 SYSTEME U FESTIFS.pdf
mercuriales/MERCURIALES - AGIS/mdd/2014/2014 MERCURIALE AUCHAN.xls
mercuriales/MERCURIALES - AGIS/mdd/2014/2014 MERCURIALE CARREFOUR ASIATIQUE.xls
mercuriales/MERCURIALES - AGIS/mdd/2014/2014 MERCURIALE CARREFOUR PLATS CUISINES.xls

sent 119749 bytes  received 17402 bytes  54860.40 bytes/sec
total size is 37490167  speedup is 273.35
sending incremental file list

sent 5047 bytes  received 27 bytes  3382.67 bytes/sec
total size is 39173092  speedup is 7720.36
sending incremental file list
operations_commerciales/DEMANDE ECHANTILLONS CL .xls
operations_commerciales/chrono demande echantillons.xls
operations_commerciales/GMS/2014/A-CENTRALES/GMS CASINO 2014-FUTUR MASTER.xls
operations_commerciales/GMS/2014/A-CENTRALES/GMS SYSTEME U 2014-FUTUR MASTER.xls
operations_commerciales/GMS/2014/B-CONFIRMATIONS OPERATIONS/CASINO HM/2014 HM RENFORT PROMO PAELLA 2.4 ET 1.2.xls
operations_commerciales/GMS/2014/B-CONFIRMATIONS OPERATIONS/SYSTEME U/2014 SYSTEME U FIDELITE GAGNANTE LANGUE DE BOEUF.xls

sent 256183 bytes  received 15744 bytes  77693.43 bytes/sec
total size is 56810166  speedup is 208.92
sending incremental file list

sent 20406 bytes  received 83 bytes  13659.33 bytes/sec
total size is 99360776  speedup is 4849.47
sending incremental file list

sent 6669 bytes  received 93 bytes  2704.80 bytes/sec
total size is 52693702  speedup is 7792.62
sending incremental file list

sent 9081 bytes  received 13 bytes  6062.67 bytes/sec
total size is 44623872  speedup is 4906.96
sending incremental file list

sent 5781 bytes  received 30 bytes  3874.00 bytes/sec
total size is 92829061  speedup is 15974.71
sending incremental file list

sent 63 bytes  received 12 bytes  50.00 bytes/sec
total size is 145690624  speedup is 1942541.65
sending incremental file list

sent 7593 bytes  received 45 bytes  5092.00 bytes/sec
total size is 9254930  speedup is 1211.70
sending incremental file list

sent 4308 bytes  received 24 bytes  2888.00 bytes/sec
total size is 6387982  speedup is 1474.60
sending incremental file list

sent 7905 bytes  received 20 bytes  5283.33 bytes/sec
total size is 16766350  speedup is 2115.63
sending incremental file list

sent 85 bytes  received 13 bytes  65.33 bytes/sec
total size is 104853504  speedup is 1069933.71
sending incremental file list
operations_commerciales/DEMANDE ECHANTILLONS CL .xls
operations_commerciales/chrono demande echantillons.xls
operations_commerciales/GMS/2014/A-CENTRALES/GMS CASINO 2014-FUTUR MASTER.xls
operations_commerciales/GMS/2014/A-CENTRALES/GMS SYSTEME U 2014-FUTUR MASTER.xls
operations_commerciales/GMS/2014/B-CONFIRMATIONS OPERATIONS/CASINO HM/2014 HM RENFORT PROMO PAELLA 2.4 ET 1.2.xls
operations_commerciales/GMS/2014/B-CONFIRMATIONS OPERATIONS/SYSTEME U/2014 SYSTEME U FIDELITE GAGNANTE LANGUE DE BOEUF.xls

sent 256183 bytes  received 15744 bytes  77693.43 bytes/sec
total size is 56810166  speedup is 208.92
sending incremental file list
mercuriales/MERCURIALES - AGIS/gms/2014/CENTRALES 2014/CASINO 2014.xls
mercuriales/MERCURIALES - AGIS/gms/2014/CENTRALES 2014/SYSTEME U 2014.xls
mercuriales/MERCURIALES - AGIS/gms/2014/CONTROLE TARIFS 2014/10-OCTOBRE/SYSTEME U CHOUX FARCIS.pdf
mercuriales/MERCURIALES - AGIS/gms/2014/CONTROLE TARIFS 2014/12-DECEMBRE/
mercuriales/MERCURIALES - AGIS/gms/2014/CONTROLE TARIFS 2014/12-DECEMBRE/2014 SYSTEME U FESTIFS.pdf
mercuriales/MERCURIALES - AGIS/mdd/2014/2014 MERCURIALE AUCHAN.xls
mercuriales/MERCURIALES - AGIS/mdd/2014/2014 MERCURIALE CARREFOUR ASIATIQUE.xls
mercuriales/MERCURIALES - AGIS/mdd/2014/2014 MERCURIALE CARREFOUR PLATS CUISINES.xls

sent 119749 bytes  received 17402 bytes  54860.40 bytes/sec
total size is 37490167  speedup is 273.35
sending incremental file list

sent 9081 bytes  received 13 bytes  6062.67 bytes/sec
total size is 44623872  speedup is 4906.96
sending incremental file list

sent 7305 bytes  received 49 bytes  4902.67 bytes/sec
total size is 13622581  speedup is 1852.40
sending incremental file list

sent 5745 bytes  received 23 bytes  3845.33 bytes/sec
total size is 129159129  speedup is 22392.36
sending incremental file list

sent 5610 bytes  received 39 bytes  3766.00 bytes/sec
total size is 59049369  speedup is 10453.07
sending incremental file list

sent 52293 bytes  received 97 bytes  34926.67 bytes/sec
total size is 299707475  speedup is 5720.70
sending incremental file list

sent 20406 bytes  received 83 bytes  4553.11 bytes/sec
total size is 99360776  speedup is 4849.47
sending incremental file list

sent 6669 bytes  received 93 bytes  2704.80 bytes/sec
total size is 52693702  speedup is 7792.62
sending incremental file list

sent 7905 bytes  received 20 bytes  3170.00 bytes/sec
total size is 16766350  speedup is 2115.63
sending incremental file list

sent 7905 bytes  received 20 bytes  5283.33 bytes/sec
total size is 16766350  speedup is 2115.63
