Démarrage : mar oct  8 23:00:01 CEST 2013
Arrêt     : mar oct  8 23:02:28 CEST 2013



Base MySQL sélectionnée: agis
Nombre de serveur(s) Linux concerné(s): 4
Nombre de dossier(s) à mettre à jour: 24

sending incremental file list

sent 7598 bytes  received 20 bytes  15236.00 bytes/sec
total size is 16749755  speedup is 2198.71
sending incremental file list

sent 5555 bytes  received 45 bytes  3733.33 bytes/sec
total size is 9704312  speedup is 1732.91
sending incremental file list

sent 46046 bytes  received 86 bytes  18452.80 bytes/sec
total size is 274282579  speedup is 5945.60
sending incremental file list

sent 5686 bytes  received 34 bytes  3813.33 bytes/sec
total size is 11410700  speedup is 1994.88
sending incremental file list
erp_data.mdb

sent 10114834 bytes  received 62247 bytes  186735.43 bytes/sec
total size is 78852096  speedup is 7.75
sending incremental file list

sent 7538 bytes  received 45 bytes  3033.20 bytes/sec
total size is 9253358  speedup is 1220.28
sending incremental file list

sent 7598 bytes  received 20 bytes  5078.67 bytes/sec
total size is 16749755  speedup is 2198.71
sending incremental file list

sent 4308 bytes  received 24 bytes  2888.00 bytes/sec
total size is 6387982  speedup is 1474.60
sending incremental file list
mercuriales/mdd/2013/2013 MERCURIALE DAILY MONOP.xls
mercuriales/mdd/2013/2013 MERCURIALE GROUPE AUCHAN.xls

sent 10768 bytes  received 3185 bytes  5581.20 bytes/sec
total size is 32972919  speedup is 2363.14
sending incremental file list

sent 5047 bytes  received 27 bytes  3382.67 bytes/sec
total size is 39173092  speedup is 7720.36
sending incremental file list
operations_commerciales/chrono demande echantillons.xls
operations_commerciales/FZC/CONFIRMATIONS/2014/PICARD/
operations_commerciales/FZC/CONFIRMATIONS/2014/PICARD/PICARD_CONFIRMATION JANVIER 2014.xls
operations_commerciales/FZC/OP FZC 2014/FZC ARGEL 2014.xls
operations_commerciales/FZC/OP FZC 2014/FZC PICARD 2014.xls
operations_commerciales/GMS/2013/A-CENTRALES/GMS INTERMARCHE 2013-FUTUR MASTER.xls
operations_commerciales/GMS/2013/A-CENTRALES/GMS SYSTEME U 2013-FUTUR MASTER.xls
operations_commerciales/GMS/2013/B-CONFIRMATIONS OPERATIONS/CONFIRMATIONS INTERMARCHE/2013 INTERMARCHE DECEMBRE FESTIFS MENUS.xls
operations_commerciales/GMS/2013/D-REGIONS/GMS LECLERC 2013-FUTUR MASTER.xls
operations_commerciales/MDD/OP MDD 2014/MDD SIMPLY MARKET 2014 FUTUR MASTER.xls
operations_commerciales/MDD/OP MDD 2014/MDD SYSTEME U 2014 FUTURMASTER.xls

sent 251673 bytes  received 18814 bytes  60108.22 bytes/sec
total size is 52686997  speedup is 194.79
sending incremental file list

sent 18506 bytes  received 80 bytes  7434.40 bytes/sec
total size is 41728031  speedup is 2245.13
sending incremental file list

sent 7556 bytes  received 13 bytes  3027.60 bytes/sec
total size is 34205315  speedup is 4519.13
sending incremental file list
erp_data.mdb

sent 10114834 bytes  received 62247 bytes  190225.81 bytes/sec
total size is 78852096  speedup is 7.75
sending incremental file list

sent 7538 bytes  received 45 bytes  5055.33 bytes/sec
total size is 9253358  speedup is 1220.28
sending incremental file list

sent 4308 bytes  received 24 bytes  2888.00 bytes/sec
total size is 6387982  speedup is 1474.60
sending incremental file list

sent 7598 bytes  received 20 bytes  5078.67 bytes/sec
total size is 16749755  speedup is 2198.71
sending incremental file list

sent 85 bytes  received 13 bytes  65.33 bytes/sec
total size is 104853504  speedup is 1069933.71
sending incremental file list
operations_commerciales/chrono demande echantillons.xls
operations_commerciales/FZC/CONFIRMATIONS/2014/PICARD/
operations_commerciales/FZC/CONFIRMATIONS/2014/PICARD/PICARD_CONFIRMATION JANVIER 2014.xls
operations_commerciales/FZC/OP FZC 2014/FZC ARGEL 2014.xls
operations_commerciales/FZC/OP FZC 2014/FZC PICARD 2014.xls
operations_commerciales/GMS/2013/A-CENTRALES/GMS INTERMARCHE 2013-FUTUR MASTER.xls
operations_commerciales/GMS/2013/A-CENTRALES/GMS SYSTEME U 2013-FUTUR MASTER.xls
operations_commerciales/GMS/2013/B-CONFIRMATIONS OPERATIONS/CONFIRMATIONS INTERMARCHE/2013 INTERMARCHE DECEMBRE FESTIFS MENUS.xls
operations_commerciales/GMS/2013/D-REGIONS/GMS LECLERC 2013-FUTUR MASTER.xls
operations_commerciales/MDD/OP MDD 2014/MDD SIMPLY MARKET 2014 FUTUR MASTER.xls
operations_commerciales/MDD/OP MDD 2014/MDD SYSTEME U 2014 FUTURMASTER.xls

sent 251673 bytes  received 18814 bytes  108194.80 bytes/sec
total size is 52686997  speedup is 194.79
sending incremental file list
mercuriales/mdd/2013/2013 MERCURIALE DAILY MONOP.xls
mercuriales/mdd/2013/2013 MERCURIALE GROUPE AUCHAN.xls

sent 10768 bytes  received 3185 bytes  9302.00 bytes/sec
total size is 32972919  speedup is 2363.14
sending incremental file list

sent 5555 bytes  received 45 bytes  3733.33 bytes/sec
total size is 9704312  speedup is 1732.91
sending incremental file list

sent 5618 bytes  received 23 bytes  3760.67 bytes/sec
total size is 128644085  speedup is 22805.19
sending incremental file list

sent 4707 bytes  received 36 bytes  3162.00 bytes/sec
total size is 46318934  speedup is 9765.75
sending incremental file list
