Démarrage : dim fév  2 23:00:04 CET 2014
Arrêt     : dim fév  2 23:00:44 CET 2014



Base MySQL sélectionnée: agis
Nombre de serveur(s) Linux concerné(s): 4
Nombre de dossier(s) à mettre à jour: 26

sending incremental file list

sent 5876 bytes  received 45 bytes  3947.33 bytes/sec
total size is 11123363  speedup is 1878.63
sending incremental file list

sent 5993 bytes  received 37 bytes  4020.00 bytes/sec
total size is 12047230  speedup is 1997.88
sending incremental file list

sent 63 bytes  received 12 bytes  50.00 bytes/sec
total size is 84160512  speedup is 1122140.16
sending incremental file list

sent 7538 bytes  received 45 bytes  5055.33 bytes/sec
total size is 9253358  speedup is 1220.28
sending incremental file list

sent 7695 bytes  received 20 bytes  5143.33 bytes/sec
total size is 16751789  speedup is 2171.33
sending incremental file list

sent 4308 bytes  received 24 bytes  2888.00 bytes/sec
total size is 6387982  speedup is 1474.60
sending incremental file list

sent 7077 bytes  received 63 bytes  4760.00 bytes/sec
total size is 26168733  speedup is 3665.09
sending incremental file list

sent 5047 bytes  received 27 bytes  3382.67 bytes/sec
total size is 39173092  speedup is 7720.36
sending incremental file list

sent 34924 bytes  received 139 bytes  14025.20 bytes/sec
total size is 44548005  speedup is 1270.51
sending incremental file list

sent 19821 bytes  received 78 bytes  7959.60 bytes/sec
total size is 98390370  speedup is 4944.49
sending incremental file list
gofast/INFORMATIONS_GENERALES/1_GOFAST_pres_projet_280114.ppt
gofast/PLANNING_GENERAL/Planning_equipes_GOFAST_valide.xls
sending incremental file list

sent 7705 bytes  received 13 bytes  3087.20 bytes/sec
total size is 33815552  speedup is 4381.39
sending incremental file list

sent 63 bytes  received 12 bytes  50.00 bytes/sec
total size is 84160512  speedup is 1122140.16
sending incremental file list

sent 7538 bytes  received 45 bytes  5055.33 bytes/sec
total size is 9253358  speedup is 1220.28
sending incremental file list

sent 4308 bytes  received 24 bytes  2888.00 bytes/sec
total size is 6387982  speedup is 1474.60
sending incremental file list

sent 7695 bytes  received 20 bytes  5143.33 bytes/sec
total size is 16751789  speedup is 2171.33
sending incremental file list

sent 85 bytes  received 13 bytes  65.33 bytes/sec
total size is 104853504  speedup is 1069933.71
sending incremental file list

sent 34924 bytes  received 139 bytes  23375.33 bytes/sec
total size is 44548005  speedup is 1270.51
sending incremental file list

sent 7077 bytes  received 63 bytes  4760.00 bytes/sec
total size is 26168733  speedup is 3665.09
sending incremental file list

sent 7705 bytes  received 13 bytes  5145.33 bytes/sec
total size is 33815552  speedup is 4381.39
sending incremental file list

sent 5876 bytes  received 45 bytes  3947.33 bytes/sec
total size is 11123363  speedup is 1878.63
sending incremental file list

sent 5677 bytes  received 23 bytes  3800.00 bytes/sec
total size is 128675317  speedup is 22574.62
sending incremental file list

sent 5353 bytes  received 38 bytes  3594.00 bytes/sec
total size is 56169881  speedup is 10419.20
sending incremental file list
codesoft/Codesoft 7/Codes Produits/79918_rouleau mexicain SDV.bak
codesoft/Codesoft 7/Codes Produits/79918_rouleau mexicain SDV.lab

sent 87227 bytes  received 6974 bytes  62800.67 bytes/sec
total size is 289940563  speedup is 3077.89
sending incremental file list

sent 19821 bytes  received 78 bytes  13266.00 bytes/sec
total size is 98390370  speedup is 4944.49
sending incremental file list

sent 948 bytes  received 24 bytes  648.00 bytes/sec
total size is 1513984  speedup is 1557.60
