Démarrage : mar oct 22 23:00:02 CEST 2013
Arrêt     : mar oct 22 23:01:12 CEST 2013



Base MySQL sélectionnée: agis
Nombre de serveur(s) Linux concerné(s): 4
Nombre de dossier(s) à mettre à jour: 24

sending incremental file list

sent 7651 bytes  received 20 bytes  15342.00 bytes/sec
total size is 16750790  speedup is 2183.65
sending incremental file list

sent 5598 bytes  received 45 bytes  2257.20 bytes/sec
total size is 9985067  speedup is 1769.46
sending incremental file list
suivi_investissement/2013-2014/suivi des travaux 2013.xls

sent 14358 bytes  received 1589 bytes  6378.80 bytes/sec
total size is 11616335  speedup is 728.43
sending incremental file list

sent 63 bytes  received 12 bytes  50.00 bytes/sec
total size is 78852096  speedup is 1051361.28
sending incremental file list

sent 7538 bytes  received 45 bytes  3033.20 bytes/sec
total size is 9253358  speedup is 1220.28
sending incremental file list

sent 7651 bytes  received 20 bytes  5114.00 bytes/sec
total size is 16750790  speedup is 2183.65
sending incremental file list

sent 4308 bytes  received 24 bytes  1732.80 bytes/sec
total size is 6387982  speedup is 1474.60
sending incremental file list
mercuriales/FZC/FZC 2014/
mercuriales/FZC/FZC 2014/ARGEL 2014.xls
mercuriales/FZC/FZC 2014/BOFROST 2014.xls
mercuriales/FZC/FZC 2014/PICARD 2014.xls
mercuriales/FZC/FZC 2014/SAROS 2014.xls
mercuriales/FZC/FZC 2014/THIRIET 2014.xls
mercuriales/FZC/FZC 2014/TOUPARGEL 2014.xls
mercuriales/HD/2013/2013 MERCURIALE LE MUTANT.xls
mercuriales/gms/2013/CENTRALES 2013/CARREFOUR MN 2013.xls
mercuriales/gms/2014/CENTRALES 2014/AUCHAN 2014.xls
mercuriales/mdd/2013/2013 MERCURIALE CARREFOUR PLATS CUISINES.xls
mercuriales/mdd/2013/2013 MERCURIALE GROUPE AUCHAN.xls

sent 99804 bytes  received 17792 bytes  47038.40 bytes/sec
total size is 36858146  speedup is 313.43
sending incremental file list

sent 5047 bytes  received 27 bytes  3382.67 bytes/sec
total size is 39173092  speedup is 7720.36
sending incremental file list
operations_commerciales/chrono demande echantillons.xls
operations_commerciales/GMS/2013/A-CENTRALES/GMS CASINO 2013-FUTUR MASTER.xls
operations_commerciales/GMS/2014/A-CENTRALES/GMS AUCHAN 2014-FUTUR MASTER.xls
operations_commerciales/GMS/2014/A-CENTRALES/GMS CASINO 2014-FUTUR MASTER.xls
operations_commerciales/GMS/2014/A-CENTRALES/GMS SYSTEME U 2014-FUTUR MASTER.xls
operations_commerciales/GMS/2014/B-CONFIRMATIONS OPERATIONS/INTERMARCHE/2014 INTERMARCHE JANVIER 1 OP 61000.xls
operations_commerciales/GMS/2014/B-CONFIRMATIONS OPERATIONS/SYSTEME U/2014 SYSTEME U FIDELISATION JANVIER PAUPIETTES LANGUE.xls
operations_commerciales/GMS/2014/B-CONFIRMATIONS OPERATIONS/SYSTEME U/2014 SYSTEME U TRAFIC NAA JANVIER.xls
operations_commerciales/GMS/2014/D-REGIONS/GMS LECLERC 2014-FUTUR MASTER.xls
operations_commerciales/MDD/MODELES CJ/AUCHAN ATAC SCHIEVER/CONF OP/2013/CONFIRMATION OPERATION SCHIEVER NOV2.xls
operations_commerciales/MDD/MODELES CJ/CARREFOUR/DDE ECHANTILLONS/demande \#351chantillons STUDIO NANTES.XLS
operations_commerciales/MDD/MODELES CJ/PROVERA/CONF OPES CORA MATCH/2013/CORA BE/CONFIRMATION OPERATION_CORA_BE_FOLDER 221013.xls
operations_commerciales/MDD/OP MDD 2013/MDD CORA BE 2013  FUTUR MASTER.xls
operations_commerciales/MDD/OP MDD 2013/MDD SCHIEVER 2013 FUTUR MASTER.xls

sent 382096 bytes  received 29170 bytes  91392.44 bytes/sec
total size is 53988041  speedup is 131.27
sending incremental file list

sent 18506 bytes  received 80 bytes  12390.67 bytes/sec
total size is 41728031  speedup is 2245.13
sending incremental file list
modeles/compo_agis_sans_portion-v1.bak
modeles/compo_agis_sans_portion-v1.lab
modeles/compo_agis_sans_portion-v1_180.lab

sent 59753 bytes  received 6466 bytes  26487.60 bytes/sec
total size is 36415107  speedup is 549.92
sending incremental file list

sent 63 bytes  received 12 bytes  50.00 bytes/sec
total size is 78852096  speedup is 1051361.28
sending incremental file list

sent 7538 bytes  received 45 bytes  5055.33 bytes/sec
total size is 9253358  speedup is 1220.28
sending incremental file list

sent 4308 bytes  received 24 bytes  2888.00 bytes/sec
total size is 6387982  speedup is 1474.60
sending incremental file list

sent 7651 bytes  received 20 bytes  3068.40 bytes/sec
total size is 16750790  speedup is 2183.65
sending incremental file list

sent 85 bytes  received 13 bytes  65.33 bytes/sec
total size is 104853504  speedup is 1069933.71
sending incremental file list
operations_commerciales/chrono demande echantillons.xls
operations_commerciales/GMS/2013/A-CENTRALES/GMS CASINO 2013-FUTUR MASTER.xls
operations_commerciales/GMS/2014/A-CENTRALES/GMS AUCHAN 2014-FUTUR MASTER.xls
operations_commerciales/GMS/2014/A-CENTRALES/GMS CASINO 2014-FUTUR MASTER.xls
operations_commerciales/GMS/2014/A-CENTRALES/GMS SYSTEME U 2014-FUTUR MASTER.xls
operations_commerciales/GMS/2014/B-CONFIRMATIONS OPERATIONS/INTERMARCHE/2014 INTERMARCHE JANVIER 1 OP 61000.xls
operations_commerciales/GMS/2014/B-CONFIRMATIONS OPERATIONS/SYSTEME U/2014 SYSTEME U FIDELISATION JANVIER PAUPIETTES LANGUE.xls
operations_commerciales/GMS/2014/B-CONFIRMATIONS OPERATIONS/SYSTEME U/2014 SYSTEME U TRAFIC NAA JANVIER.xls
operations_commerciales/GMS/2014/D-REGIONS/GMS LECLERC 2014-FUTUR MASTER.xls
operations_commerciales/MDD/MODELES CJ/AUCHAN ATAC SCHIEVER/CONF OP/2013/CONFIRMATION OPERATION SCHIEVER NOV2.xls
operations_commerciales/MDD/MODELES CJ/CARREFOUR/DDE ECHANTILLONS/demande \#351chantillons STUDIO NANTES.XLS
operations_commerciales/MDD/MODELES CJ/PROVERA/CONF OPES CORA MATCH/2013/CORA BE/CONFIRMATION OPERATION_CORA_BE_FOLDER 221013.xls
operations_commerciales/MDD/OP MDD 2013/MDD CORA BE 2013  FUTUR MASTER.xls
operations_commerciales/MDD/OP MDD 2013/MDD SCHIEVER 2013 FUTUR MASTER.xls

sent 382096 bytes  received 29170 bytes  117504.57 bytes/sec
total size is 53988041  speedup is 131.27
sending incremental file list
mercuriales/FZC/FZC 2014/
mercuriales/FZC/FZC 2014/ARGEL 2014.xls
mercuriales/FZC/FZC 2014/BOFROST 2014.xls
mercuriales/FZC/FZC 2014/PICARD 2014.xls
mercuriales/FZC/FZC 2014/SAROS 2014.xls
mercuriales/FZC/FZC 2014/THIRIET 2014.xls
mercuriales/FZC/FZC 2014/TOUPARGEL 2014.xls
mercuriales/HD/2013/2013 MERCURIALE LE MUTANT.xls
mercuriales/gms/2013/CENTRALES 2013/CARREFOUR MN 2013.xls
mercuriales/gms/2014/CENTRALES 2014/AUCHAN 2014.xls
mercuriales/mdd/2013/2013 MERCURIALE CARREFOUR PLATS CUISINES.xls
mercuriales/mdd/2013/2013 MERCURIALE GROUPE AUCHAN.xls

sent 99804 bytes  received 17792 bytes  47038.40 bytes/sec
total size is 36858146  speedup is 313.43
sending incremental file list

sent 5598 bytes  received 45 bytes  3762.00 bytes/sec
total size is 9985067  speedup is 1769.46
sending incremental file list

sent 5677 bytes  received 23 bytes  2280.00 bytes/sec
total size is 128675317  speedup is 22574.62
sending incremental file list

sent 4707 bytes  received 36 bytes  3162.00 bytes/sec
total size is 46318934  speedup is 9765.75
sending incremental file list

sent 46203 bytes  received 86 bytes  8416.18 bytes/sec
total size is 274589267  speedup is 5932.06
