Démarrage : jeu oct  3 23:00:01 CEST 2013
Arrêt     : jeu oct  3 23:01:58 CEST 2013



Base MySQL sélectionnée: agis
Nombre de serveur(s) Linux concerné(s): 4
Nombre de dossier(s) à mettre à jour: 24

sending incremental file list

sent 7598 bytes  received 20 bytes  5078.67 bytes/sec
total size is 16749755  speedup is 2198.71
sending incremental file list

sent 5440 bytes  received 44 bytes  2193.60 bytes/sec
total size is 9508728  speedup is 1733.90
sending incremental file list
codesoft/Codesoft 7/Auchan  Atac/compostage/
codesoft/Codesoft 7/Auchan  Atac/compostage/79118_verso.bak
codesoft/Codesoft 7/Auchan  Atac/compostage/79118_verso.lab

sent 71758 bytes  received 128 bytes  28754.40 bytes/sec
total size is 273926739  speedup is 3810.57
sending incremental file list

sent 5686 bytes  received 34 bytes  3813.33 bytes/sec
total size is 11410700  speedup is 1994.88
sending incremental file list
erp_data.mdb

sent 7213847 bytes  received 62247 bytes  184204.91 bytes/sec
total size is 78852096  speedup is 10.84
sending incremental file list

sent 7538 bytes  received 45 bytes  3033.20 bytes/sec
total size is 9253358  speedup is 1220.28
sending incremental file list

sent 7598 bytes  received 20 bytes  5078.67 bytes/sec
total size is 16749755  speedup is 2198.71
sending incremental file list

sent 4308 bytes  received 24 bytes  2888.00 bytes/sec
total size is 6387982  speedup is 1474.60
sending incremental file list
mercuriales/FZC/FZC 2013/BOFROST 2013.xls
mercuriales/FZC/FZC 2013/THIRIET 2013.xls
mercuriales/FZC/FZC 2013/TOUPARGEL 2013.xls
mercuriales/gms/2013/CENTRALES 2013/AUCHAN 2013.xls
mercuriales/gms/2013/REGION 2013/GALEC REGION MERCU SEPT 2013.xls
mercuriales/mdd/2013/2013 MERCURIALE CARREFOUR PLATS CUISINES.xls
mercuriales/mdd/2013/2013 PLACE DU MARCHE.xls

sent 155249 bytes  received 21206 bytes  50415.71 bytes/sec
total size is 32921509  speedup is 186.57
sending incremental file list

sent 5047 bytes  received 27 bytes  3382.67 bytes/sec
total size is 39173092  speedup is 7720.36
sending incremental file list
operations_commerciales/DEMANDE ECHANTILLONS CL .xls
operations_commerciales/chrono demande echantillons.xls
operations_commerciales/GMS/2013/RECAP DEMANDE ET CONFIRMATIONS HEBDO.xls
operations_commerciales/GMS/2013/A-CENTRALES/GMS AUCHAN 2013-FUTUR MASTER.xls
operations_commerciales/GMS/2013/B-CONFIRMATIONS OPERATIONS/CONFIRMATIONS AUCHAN/2013 AUCHAN DECEMBRE 2.xls
operations_commerciales/GMS/2013/D-REGIONS/GMS LECLERC 2013-FUTUR MASTER.xls
operations_commerciales/GMS/2013/D-REGIONS/GMS SU REGION  2013-FUTUR MASTER.xls
operations_commerciales/MDD/OP MDD 2013/MDD ITM FUTUR MASTER 2013 .xls

sent 314659 bytes  received 17580 bytes  94925.43 bytes/sec
total size is 51954325  speedup is 156.38
sending incremental file list

sent 18506 bytes  received 80 bytes  12390.67 bytes/sec
total size is 41728031  speedup is 2245.13
sending incremental file list

sent 7556 bytes  received 13 bytes  3027.60 bytes/sec
total size is 34205315  speedup is 4519.13
sending incremental file list
erp_data.mdb

sent 7213847 bytes  received 62247 bytes  188989.45 bytes/sec
total size is 78852096  speedup is 10.84
sending incremental file list

sent 7538 bytes  received 45 bytes  5055.33 bytes/sec
total size is 9253358  speedup is 1220.28
sending incremental file list

sent 4308 bytes  received 24 bytes  2888.00 bytes/sec
total size is 6387982  speedup is 1474.60
sending incremental file list

sent 7598 bytes  received 20 bytes  5078.67 bytes/sec
total size is 16749755  speedup is 2198.71
sending incremental file list

sent 85 bytes  received 13 bytes  65.33 bytes/sec
total size is 104853504  speedup is 1069933.71
sending incremental file list
operations_commerciales/DEMANDE ECHANTILLONS CL .xls
operations_commerciales/chrono demande echantillons.xls
operations_commerciales/GMS/2013/RECAP DEMANDE ET CONFIRMATIONS HEBDO.xls
operations_commerciales/GMS/2013/A-CENTRALES/GMS AUCHAN 2013-FUTUR MASTER.xls
operations_commerciales/GMS/2013/B-CONFIRMATIONS OPERATIONS/CONFIRMATIONS AUCHAN/2013 AUCHAN DECEMBRE 2.xls
operations_commerciales/GMS/2013/D-REGIONS/GMS LECLERC 2013-FUTUR MASTER.xls
operations_commerciales/GMS/2013/D-REGIONS/GMS SU REGION  2013-FUTUR MASTER.xls
operations_commerciales/MDD/OP MDD 2013/MDD ITM FUTUR MASTER 2013 .xls

sent 314659 bytes  received 17580 bytes  94925.43 bytes/sec
total size is 51954325  speedup is 156.38
sending incremental file list
mercuriales/FZC/FZC 2013/BOFROST 2013.xls
mercuriales/FZC/FZC 2013/THIRIET 2013.xls
mercuriales/FZC/FZC 2013/TOUPARGEL 2013.xls
mercuriales/gms/2013/CENTRALES 2013/AUCHAN 2013.xls
mercuriales/gms/2013/REGION 2013/GALEC REGION MERCU SEPT 2013.xls
mercuriales/mdd/2013/2013 MERCURIALE CARREFOUR PLATS CUISINES.xls
mercuriales/mdd/2013/2013 PLACE DU MARCHE.xls

sent 155249 bytes  received 21206 bytes  70582.00 bytes/sec
total size is 32921509  speedup is 186.57
sending incremental file list

sent 5440 bytes  received 44 bytes  10968.00 bytes/sec
total size is 9508728  speedup is 1733.90
sending incremental file list
organisation/Listes t\#351l\#351phoniques AGIS + LDC/Liste t\#351l\#351phonique Cantubas au 13122012.xls

sent 10269 bytes  received 258 bytes  7018.00 bytes/sec
total size is 128644085  speedup is 12220.39
sending incremental file list

sent 4707 bytes  received 36 bytes  3162.00 bytes/sec
total size is 46318934  speedup is 9765.75
sending incremental file list

sent 18506 bytes  received 80 bytes  7434.40 bytes/sec
total size is 41728031  speedup is 2245.13
