Démarrage : jeu mai 29 23:00:01 CEST 2014
Arrêt     : jeu mai 29 23:00:46 CEST 2014



Base MySQL sélectionnée: agis
Nombre de serveur(s) Linux concerné(s): 4
Nombre de dossier(s) à mettre à jour: 29

sending incremental file list

sent 7070 bytes  received 49 bytes  2847.60 bytes/sec
total size is 12774593  speedup is 1794.44
sending incremental file list

sent 6279 bytes  received 38 bytes  2526.80 bytes/sec
total size is 12442583  speedup is 1969.70
sending incremental file list

sent 63 bytes  received 12 bytes  50.00 bytes/sec
total size is 88092672  speedup is 1174568.96
sending incremental file list

sent 7538 bytes  received 45 bytes  5055.33 bytes/sec
total size is 9253358  speedup is 1220.28
sending incremental file list

sent 7756 bytes  received 20 bytes  5184.00 bytes/sec
total size is 16755943  speedup is 2154.83
sending incremental file list

sent 4308 bytes  received 24 bytes  2888.00 bytes/sec
total size is 6387982  speedup is 1474.60
sending incremental file list

sent 9696 bytes  received 71 bytes  2790.57 bytes/sec
total size is 32513063  speedup is 3328.87
sending incremental file list

sent 5047 bytes  received 27 bytes  3382.67 bytes/sec
total size is 39173092  speedup is 7720.36
sending incremental file list

sent 39954 bytes  received 140 bytes  11455.43 bytes/sec
total size is 51271067  speedup is 1278.77
sending incremental file list

sent 20296 bytes  received 83 bytes  13586.00 bytes/sec
total size is 99065320  speedup is 4861.15
sending incremental file list

sent 4380 bytes  received 82 bytes  2974.67 bytes/sec
total size is 35609223  speedup is 7980.55
sending incremental file list

sent 10004 bytes  received 13 bytes  4006.80 bytes/sec
total size is 48321024  speedup is 4823.90
sending incremental file list

sent 5781 bytes  received 30 bytes  3874.00 bytes/sec
total size is 93132165  speedup is 16026.87
sending incremental file list

sent 63 bytes  received 12 bytes  50.00 bytes/sec
total size is 88092672  speedup is 1174568.96
sending incremental file list

sent 7538 bytes  received 45 bytes  5055.33 bytes/sec
total size is 9253358  speedup is 1220.28
sending incremental file list

sent 4308 bytes  received 24 bytes  2888.00 bytes/sec
total size is 6387982  speedup is 1474.60
sending incremental file list

sent 7756 bytes  received 20 bytes  5184.00 bytes/sec
total size is 16755943  speedup is 2154.83
sending incremental file list

sent 85 bytes  received 13 bytes  65.33 bytes/sec
total size is 104853504  speedup is 1069933.71
sending incremental file list

sent 39954 bytes  received 140 bytes  26729.33 bytes/sec
total size is 51271067  speedup is 1278.77
sending incremental file list

sent 9696 bytes  received 71 bytes  6511.33 bytes/sec
total size is 32513063  speedup is 3328.87
sending incremental file list

sent 10004 bytes  received 13 bytes  6678.00 bytes/sec
total size is 48321024  speedup is 4823.90
sending incremental file list

sent 7070 bytes  received 49 bytes  14238.00 bytes/sec
total size is 12774593  speedup is 1794.44
sending incremental file list

sent 5729 bytes  received 23 bytes  3834.67 bytes/sec
total size is 129159129  speedup is 22454.65
sending incremental file list

sent 5610 bytes  received 39 bytes  3766.00 bytes/sec
total size is 59049369  speedup is 10453.07
sending incremental file list

sent 51711 bytes  received 96 bytes  34538.00 bytes/sec
total size is 297069139  speedup is 5734.15
sending incremental file list

sent 20296 bytes  received 83 bytes  8151.60 bytes/sec
total size is 99065320  speedup is 4861.15
sending incremental file list

sent 4380 bytes  received 82 bytes  2974.67 bytes/sec
total size is 35609223  speedup is 7980.55
sending incremental file list

sent 7756 bytes  received 20 bytes  5184.00 bytes/sec
total size is 16755943  speedup is 2154.83
sending incremental file list

sent 7756 bytes  received 20 bytes  5184.00 bytes/sec
total size is 16755943  speedup is 2154.83
