Démarrage : jeu déc  5 23:00:01 CET 2013
Arrêt     : jeu déc  5 23:02:26 CET 2013



Base MySQL sélectionnée: agis
Nombre de serveur(s) Linux concerné(s): 4
Nombre de dossier(s) à mettre à jour: 24

sending incremental file list

sent 5598 bytes  received 45 bytes  2257.20 bytes/sec
total size is 9985067  speedup is 1769.46
sending incremental file list

sent 5788 bytes  received 34 bytes  3881.33 bytes/sec
total size is 11670607  speedup is 2004.57
sending incremental file list
erp_data.mdb

sent 10495719 bytes  received 63255 bytes  190251.78 bytes/sec
total size is 81426432  speedup is 7.71
sending incremental file list

sent 7538 bytes  received 45 bytes  5055.33 bytes/sec
total size is 9253358  speedup is 1220.28
sending incremental file list

sent 7683 bytes  received 20 bytes  5135.33 bytes/sec
total size is 16751831  speedup is 2174.72
sending incremental file list

sent 4308 bytes  received 24 bytes  8664.00 bytes/sec
total size is 6387982  speedup is 1474.60
sending incremental file list
mercuriales/mdd/2014/2014 MERCURIALE CASINO.xls
mercuriales/mdd/2014/2014 MERCURIALE EXPORT.xls

sent 21588 bytes  received 1342 bytes  15286.67 bytes/sec
total size is 48031530  speedup is 2094.70
sending incremental file list

sent 5047 bytes  received 27 bytes  10148.00 bytes/sec
total size is 39173092  speedup is 7720.36
sending incremental file list
operations_commerciales/chrono demande echantillons.xls
operations_commerciales/FZC/CONFIRMATIONS/2014/TOUPARGEL/TOUPARGEL_CYCLE2_2014.xls
operations_commerciales/FZC/OP FZC 2014/FZC TOUPARGEL 2014.xls
deleting operations_commerciales/MDD/MODELES VB/CONF OP LDP/CONFIRMATION OPERATION MARCHE 14 FRANPRIX.xls
deleting operations_commerciales/MDD/MODELES VB/CONF OP LDP/CONFIRMATION OPERATION LP.xls
deleting operations_commerciales/MDD/MODELES VB/CONF OP LDP/CONFIRMATION OPERATION LP SURG FEV 2013.xls
deleting operations_commerciales/MDD/MODELES VB/CONF OP LDP/CONFIRMATION OPERATION LP OP 7.xls
deleting operations_commerciales/MDD/MODELES VB/CONF OP LDP/CONFIRMATION OPERATION LP OP 1 BIS 2012.xls
deleting operations_commerciales/MDD/MODELES VB/CONF OP LDP/CONFIRMATION OPERATION FRANPRIX MARCHE NAC 2012.xls
operations_commerciales/MDD/MODELES VB/CONF OP LDP/2011/
operations_commerciales/MDD/MODELES VB/CONF OP LDP/2011/CONFIRMATION OPERATION FRANPRIX MARCHE NAC 2012.xls
operations_commerciales/MDD/MODELES VB/CONF OP LDP/2011/CONFIRMATION OPERATION LP OP 1 BIS 2012.xls
operations_commerciales/MDD/MODELES VB/CONF OP LDP/2011/CONFIRMATION OPERATION LP OP 7.xls
operations_commerciales/MDD/MODELES VB/CONF OP LDP/2011/CONFIRMATION OPERATION LP SURG FEV 2013.xls
operations_commerciales/MDD/MODELES VB/CONF OP LDP/2011/CONFIRMATION OPERATION LP.xls
operations_commerciales/MDD/MODELES VB/CONF OP LDP/2011/CONFIRMATION OPERATION MARCHE 14 FRANPRIX.xls
operations_commerciales/MDD/MODELES VB/CONF OP LDP/2014/
operations_commerciales/MDD/MODELES VB/CONF OP LDP/2014/CONFIRMATION OPERATION LEADER PRICE MARCHE 5 2014.xls
operations_commerciales/MDD/OP MDD 2013/MDD NETTO 2013 FUTURMASTER.xls
operations_commerciales/MDD/OP MDD 2014/HD LEADER PRICE 2014 .xls

sent 255667 bytes  received 5946 bytes  74746.57 bytes/sec
total size is 58171470  speedup is 222.36
sending incremental file list

sent 20778 bytes  received 88 bytes  8346.40 bytes/sec
total size is 98751548  speedup is 4732.65
sending incremental file list

sent 7261 bytes  received 13 bytes  4849.33 bytes/sec
total size is 32047104  speedup is 4405.71
sending incremental file list
erp_data.mdb

sent 10495719 bytes  received 63255 bytes  193742.64 bytes/sec
total size is 81426432  speedup is 7.71
sending incremental file list

sent 7538 bytes  received 45 bytes  5055.33 bytes/sec
total size is 9253358  speedup is 1220.28
sending incremental file list

sent 4308 bytes  received 24 bytes  2888.00 bytes/sec
total size is 6387982  speedup is 1474.60
sending incremental file list

sent 7683 bytes  received 20 bytes  5135.33 bytes/sec
total size is 16751831  speedup is 2174.72
sending incremental file list

sent 85 bytes  received 13 bytes  65.33 bytes/sec
total size is 104853504  speedup is 1069933.71
sending incremental file list
operations_commerciales/chrono demande echantillons.xls
operations_commerciales/FZC/CONFIRMATIONS/2014/TOUPARGEL/TOUPARGEL_CYCLE2_2014.xls
operations_commerciales/FZC/OP FZC 2014/FZC TOUPARGEL 2014.xls
deleting operations_commerciales/MDD/MODELES VB/CONF OP LDP/CONFIRMATION OPERATION MARCHE 14 FRANPRIX.xls
deleting operations_commerciales/MDD/MODELES VB/CONF OP LDP/CONFIRMATION OPERATION LP.xls
deleting operations_commerciales/MDD/MODELES VB/CONF OP LDP/CONFIRMATION OPERATION LP SURG FEV 2013.xls
deleting operations_commerciales/MDD/MODELES VB/CONF OP LDP/CONFIRMATION OPERATION LP OP 7.xls
deleting operations_commerciales/MDD/MODELES VB/CONF OP LDP/CONFIRMATION OPERATION LP OP 1 BIS 2012.xls
deleting operations_commerciales/MDD/MODELES VB/CONF OP LDP/CONFIRMATION OPERATION FRANPRIX MARCHE NAC 2012.xls
operations_commerciales/MDD/MODELES VB/CONF OP LDP/2011/
operations_commerciales/MDD/MODELES VB/CONF OP LDP/2011/CONFIRMATION OPERATION FRANPRIX MARCHE NAC 2012.xls
operations_commerciales/MDD/MODELES VB/CONF OP LDP/2011/CONFIRMATION OPERATION LP OP 1 BIS 2012.xls
operations_commerciales/MDD/MODELES VB/CONF OP LDP/2011/CONFIRMATION OPERATION LP OP 7.xls
operations_commerciales/MDD/MODELES VB/CONF OP LDP/2011/CONFIRMATION OPERATION LP SURG FEV 2013.xls
operations_commerciales/MDD/MODELES VB/CONF OP LDP/2011/CONFIRMATION OPERATION LP.xls
operations_commerciales/MDD/MODELES VB/CONF OP LDP/2011/CONFIRMATION OPERATION MARCHE 14 FRANPRIX.xls
operations_commerciales/MDD/MODELES VB/CONF OP LDP/2014/
operations_commerciales/MDD/MODELES VB/CONF OP LDP/2014/CONFIRMATION OPERATION LEADER PRICE MARCHE 5 2014.xls
operations_commerciales/MDD/OP MDD 2013/MDD NETTO 2013 FUTURMASTER.xls
operations_commerciales/MDD/OP MDD 2014/HD LEADER PRICE 2014 .xls

sent 255667 bytes  received 5946 bytes  74746.57 bytes/sec
total size is 58171470  speedup is 222.36
sending incremental file list
mercuriales/mdd/2014/2014 MERCURIALE CASINO.xls
mercuriales/mdd/2014/2014 MERCURIALE EXPORT.xls

sent 21588 bytes  received 1342 bytes  15286.67 bytes/sec
total size is 48031530  speedup is 2094.70
sending incremental file list

sent 7261 bytes  received 13 bytes  2909.60 bytes/sec
total size is 32047104  speedup is 4405.71
sending incremental file list

sent 5598 bytes  received 45 bytes  3762.00 bytes/sec
total size is 9985067  speedup is 1769.46
sending incremental file list

sent 5677 bytes  received 23 bytes  3800.00 bytes/sec
total size is 128675317  speedup is 22574.62
sending incremental file list

sent 5353 bytes  received 38 bytes  3594.00 bytes/sec
total size is 56169881  speedup is 10419.20
sending incremental file list

sent 47556 bytes  received 91 bytes  31764.67 bytes/sec
total size is 279106131  speedup is 5857.79
sending incremental file list
