Démarrage : ven sep 13 23:00:02 CEST 2013
Arrêt     : ven sep 13 23:00:42 CEST 2013



Base MySQL sélectionnée: agis
Nombre de serveur(s) Linux concerné(s): 4
Nombre de dossier(s) à mettre à jour: 24

sending incremental file list

sent 7552 bytes  received 20 bytes  5048.00 bytes/sec
total size is 16747404  speedup is 2211.75
sending incremental file list

sent 5440 bytes  received 44 bytes  3656.00 bytes/sec
total size is 9508728  speedup is 1733.90
sending incremental file list
codesoft/Codesoft 7/PULP FICTION/75390_recto.bak
codesoft/Codesoft 7/PULP FICTION/75390_recto.lab
codesoft/Codesoft 7/PULP FICTION/75393_recto.bak
codesoft/Codesoft 7/PULP FICTION/75393_recto.lab
codesoft/Codesoft 7/PULP FICTION/75394_recto.bak
codesoft/Codesoft 7/PULP FICTION/75394_recto.lab
codesoft/Codesoft 7/PULP FICTION/75395_recto.bak
codesoft/Codesoft 7/PULP FICTION/75395_recto.lab
codesoft/Codesoft 7/PULP FICTION/75396_recto.bak
codesoft/Codesoft 7/PULP FICTION/75396_recto.lab
codesoft/Codesoft 7/PULP FICTION/75397_recto.bak
codesoft/Codesoft 7/PULP FICTION/75397_recto.lab
codesoft/Codesoft 7/PULP FICTION/75398_recto.bak
codesoft/Codesoft 7/PULP FICTION/75398_recto.lab
codesoft/Codesoft 7/PULP FICTION/79101_recto.bak
codesoft/Codesoft 7/PULP FICTION/79101_recto.lab

sent 106391 bytes  received 10781 bytes  46868.80 bytes/sec
total size is 272229459  speedup is 2323.33
sending incremental file list
suivi_investissement/2013-2014/suivi des travaux 2013.xls

sent 14338 bytes  received 1588 bytes  6370.40 bytes/sec
total size is 11359500  speedup is 713.27
sending incremental file list

sent 63 bytes  received 12 bytes  50.00 bytes/sec
total size is 77592576  speedup is 1034567.68
sending incremental file list

sent 7538 bytes  received 45 bytes  5055.33 bytes/sec
total size is 9253358  speedup is 1220.28
sending incremental file list

sent 7552 bytes  received 20 bytes  5048.00 bytes/sec
total size is 16747404  speedup is 2211.75
sending incremental file list

sent 4308 bytes  received 24 bytes  2888.00 bytes/sec
total size is 6387982  speedup is 1474.60
sending incremental file list
mercuriales/gms/2013/CENTRALES 2013/INTERMARCHE 2013.xls
mercuriales/mdd/2013/2013 MERCURIALE GROUPE AUCHAN.xls

sent 45867 bytes  received 7922 bytes  21515.60 bytes/sec
total size is 31880609  speedup is 592.70
sending incremental file list

sent 5047 bytes  received 27 bytes  3382.67 bytes/sec
total size is 39173092  speedup is 7720.36
sending incremental file list
operations_commerciales/DEMANDE ECHANTILLONS CL .xls
operations_commerciales/chrono demande echantillons.xls
operations_commerciales/GMS/2013/A-CENTRALES/GMS INTERMARCHE 2013-FUTUR MASTER.xls
operations_commerciales/GMS/2013/C-CONTROLES PRIX/SYSTEME U/2013 SYSTEME U NORD OUEST MONOPORTIONS.pdf

sent 234330 bytes  received 10619 bytes  97979.60 bytes/sec
total size is 92964653  speedup is 379.53
sending incremental file list

sent 18506 bytes  received 80 bytes  7434.40 bytes/sec
total size is 41728031  speedup is 2245.13
sending incremental file list

sent 7502 bytes  received 13 bytes  5010.00 bytes/sec
total size is 33724035  speedup is 4487.56
sending incremental file list

sent 63 bytes  received 12 bytes  50.00 bytes/sec
total size is 77592576  speedup is 1034567.68
sending incremental file list

sent 7538 bytes  received 45 bytes  5055.33 bytes/sec
total size is 9253358  speedup is 1220.28
sending incremental file list

sent 4308 bytes  received 24 bytes  8664.00 bytes/sec
total size is 6387982  speedup is 1474.60
sending incremental file list

sent 7552 bytes  received 20 bytes  5048.00 bytes/sec
total size is 16747404  speedup is 2211.75
sending incremental file list

sent 85 bytes  received 13 bytes  65.33 bytes/sec
total size is 104853504  speedup is 1069933.71
sending incremental file list
operations_commerciales/DEMANDE ECHANTILLONS CL .xls
operations_commerciales/chrono demande echantillons.xls
operations_commerciales/GMS/2013/A-CENTRALES/GMS INTERMARCHE 2013-FUTUR MASTER.xls
operations_commerciales/GMS/2013/C-CONTROLES PRIX/SYSTEME U/2013 SYSTEME U NORD OUEST MONOPORTIONS.pdf

sent 234330 bytes  received 10619 bytes  97979.60 bytes/sec
total size is 92964653  speedup is 379.53
sending incremental file list
mercuriales/gms/2013/CENTRALES 2013/INTERMARCHE 2013.xls
mercuriales/mdd/2013/2013 MERCURIALE GROUPE AUCHAN.xls

sent 45867 bytes  received 7922 bytes  35859.33 bytes/sec
total size is 31880609  speedup is 592.70
sending incremental file list

sent 5440 bytes  received 44 bytes  3656.00 bytes/sec
total size is 9508728  speedup is 1733.90
sending incremental file list

sent 5645 bytes  received 23 bytes  3778.67 bytes/sec
total size is 128643061  speedup is 22696.38
sending incremental file list

sent 4707 bytes  received 36 bytes  3162.00 bytes/sec
total size is 46318934  speedup is 9765.75
sending incremental file list

sent 18506 bytes  received 80 bytes  7434.40 bytes/sec
total size is 41728031  speedup is 2245.13
