Démarrage : dim sep 29 23:00:02 CEST 2013
Arrêt     : dim sep 29 23:00:41 CEST 2013



Base MySQL sélectionnée: agis
Nombre de serveur(s) Linux concerné(s): 4
Nombre de dossier(s) à mettre à jour: 24

sending incremental file list

sent 7552 bytes  received 20 bytes  15144.00 bytes/sec
total size is 16747405  speedup is 2211.75
sending incremental file list

sent 5440 bytes  received 44 bytes  3656.00 bytes/sec
total size is 9508728  speedup is 1733.90
sending incremental file list

sent 45863 bytes  received 84 bytes  18378.80 bytes/sec
total size is 273575507  speedup is 5954.15
sending incremental file list

sent 5686 bytes  received 34 bytes  3813.33 bytes/sec
total size is 11410188  speedup is 1994.79
sending incremental file list

sent 63 bytes  received 12 bytes  50.00 bytes/sec
total size is 77592576  speedup is 1034567.68
sending incremental file list

sent 7538 bytes  received 45 bytes  3033.20 bytes/sec
total size is 9253358  speedup is 1220.28
sending incremental file list

sent 7552 bytes  received 20 bytes  5048.00 bytes/sec
total size is 16747405  speedup is 2211.75
sending incremental file list

sent 4308 bytes  received 24 bytes  2888.00 bytes/sec
total size is 6387982  speedup is 1474.60
sending incremental file list

sent 9201 bytes  received 67 bytes  3707.20 bytes/sec
total size is 32824062  speedup is 3541.66
sending incremental file list

sent 5047 bytes  received 27 bytes  3382.67 bytes/sec
total size is 39173092  speedup is 7720.36
sending incremental file list

sent 48428 bytes  received 154 bytes  19432.80 bytes/sec
total size is 94086117  speedup is 1936.65
sending incremental file list

sent 18506 bytes  received 80 bytes  7434.40 bytes/sec
total size is 41728031  speedup is 2245.13
sending incremental file list

sent 7556 bytes  received 13 bytes  5046.00 bytes/sec
total size is 34205315  speedup is 4519.13
sending incremental file list

sent 63 bytes  received 12 bytes  50.00 bytes/sec
total size is 77592576  speedup is 1034567.68
sending incremental file list

sent 7538 bytes  received 45 bytes  5055.33 bytes/sec
total size is 9253358  speedup is 1220.28
sending incremental file list

sent 4308 bytes  received 24 bytes  2888.00 bytes/sec
total size is 6387982  speedup is 1474.60
sending incremental file list

sent 7552 bytes  received 20 bytes  5048.00 bytes/sec
total size is 16747405  speedup is 2211.75
sending incremental file list

sent 85 bytes  received 13 bytes  65.33 bytes/sec
total size is 104853504  speedup is 1069933.71
sending incremental file list

sent 48428 bytes  received 154 bytes  19432.80 bytes/sec
total size is 94086117  speedup is 1936.65
sending incremental file list

sent 9201 bytes  received 67 bytes  6178.67 bytes/sec
total size is 32824062  speedup is 3541.66
sending incremental file list

sent 5440 bytes  received 44 bytes  3656.00 bytes/sec
total size is 9508728  speedup is 1733.90
sending incremental file list

sent 5618 bytes  received 23 bytes  3760.67 bytes/sec
total size is 128643573  speedup is 22805.10
sending incremental file list

sent 4707 bytes  received 36 bytes  9486.00 bytes/sec
total size is 46318934  speedup is 9765.75
sending incremental file list

sent 18506 bytes  received 80 bytes  12390.67 bytes/sec
total size is 41728031  speedup is 2245.13
