Démarrage : dim mar 16 23:00:02 CET 2014
Arrêt     : dim mar 16 23:00:35 CET 2014



Base MySQL sélectionnée: agis
Nombre de serveur(s) Linux concerné(s): 4
Nombre de dossier(s) à mettre à jour: 27

sending incremental file list

sent 6426 bytes  received 46 bytes  4314.67 bytes/sec
total size is 11793414  speedup is 1822.22
sending incremental file list

sent 6067 bytes  received 37 bytes  4069.33 bytes/sec
total size is 12258686  speedup is 2008.30
sending incremental file list

sent 63 bytes  received 12 bytes  50.00 bytes/sec
total size is 84160512  speedup is 1122140.16
sending incremental file list

sent 7538 bytes  received 45 bytes  5055.33 bytes/sec
total size is 9253358  speedup is 1220.28
sending incremental file list

sent 7695 bytes  received 20 bytes  5143.33 bytes/sec
total size is 16751789  speedup is 2171.33
sending incremental file list

sent 4308 bytes  received 24 bytes  8664.00 bytes/sec
total size is 6387982  speedup is 1474.60
sending incremental file list

sent 8390 bytes  received 65 bytes  5636.67 bytes/sec
total size is 29509148  speedup is 3490.14
sending incremental file list

sent 5047 bytes  received 27 bytes  3382.67 bytes/sec
total size is 39173092  speedup is 7720.36
sending incremental file list

sent 36889 bytes  received 140 bytes  14811.60 bytes/sec
total size is 47527426  speedup is 1283.52
sending incremental file list

sent 19909 bytes  received 78 bytes  13324.67 bytes/sec
total size is 98672054  speedup is 4936.81
sending incremental file list

sent 3431 bytes  received 79 bytes  2340.00 bytes/sec
total size is 16655550  speedup is 4745.17
sending incremental file list

sent 9125 bytes  received 13 bytes  6092.00 bytes/sec
total size is 43749888  speedup is 4787.69
sending incremental file list

sent 5781 bytes  received 30 bytes  3874.00 bytes/sec
total size is 93132165  speedup is 16026.87
sending incremental file list

sent 63 bytes  received 12 bytes  50.00 bytes/sec
total size is 84160512  speedup is 1122140.16
sending incremental file list

sent 7538 bytes  received 45 bytes  5055.33 bytes/sec
total size is 9253358  speedup is 1220.28
sending incremental file list

sent 4308 bytes  received 24 bytes  2888.00 bytes/sec
total size is 6387982  speedup is 1474.60
sending incremental file list

sent 7695 bytes  received 20 bytes  5143.33 bytes/sec
total size is 16751789  speedup is 2171.33
sending incremental file list

sent 85 bytes  received 13 bytes  65.33 bytes/sec
total size is 104853504  speedup is 1069933.71
sending incremental file list

sent 36889 bytes  received 140 bytes  24686.00 bytes/sec
total size is 47527426  speedup is 1283.52
sending incremental file list

sent 8390 bytes  received 65 bytes  5636.67 bytes/sec
total size is 29509148  speedup is 3490.14
sending incremental file list

sent 9125 bytes  received 13 bytes  6092.00 bytes/sec
total size is 43749888  speedup is 4787.69
sending incremental file list

sent 6426 bytes  received 46 bytes  4314.67 bytes/sec
total size is 11793414  speedup is 1822.22
sending incremental file list

sent 5684 bytes  received 23 bytes  3804.67 bytes/sec
total size is 129152473  speedup is 22630.54
sending incremental file list

sent 5610 bytes  received 39 bytes  3766.00 bytes/sec
total size is 59049369  speedup is 10453.07
sending incremental file list

sent 50342 bytes  received 94 bytes  20174.40 bytes/sec
total size is 291345491  speedup is 5776.54
sending incremental file list

sent 19909 bytes  received 78 bytes  13324.67 bytes/sec
total size is 98672054  speedup is 4936.81
sending incremental file list

sent 3431 bytes  received 79 bytes  2340.00 bytes/sec
total size is 16655550  speedup is 4745.17
