Démarrage : mar aoû 12 23:00:01 CEST 2014
Arrêt     : mar aoû 12 23:02:16 CEST 2014



Base MySQL sélectionnée: agis
Nombre de serveur(s) Linux concerné(s): 4
Nombre de dossier(s) à mettre à jour: 29

sending incremental file list

sent 7305 bytes  received 49 bytes  4902.67 bytes/sec
total size is 13622581  speedup is 1852.40
sending incremental file list

sent 6283 bytes  received 38 bytes  4214.00 bytes/sec
total size is 12454871  speedup is 1970.40
sending incremental file list
erp_data.mdb

sent 8695139 bytes  received 84570 bytes  184835.98 bytes/sec
total size is 145690624  speedup is 16.59
sending incremental file list

sent 7593 bytes  received 45 bytes  5092.00 bytes/sec
total size is 9254930  speedup is 1211.70
sending incremental file list
batch/TID043004.vnc
batch/TID043006.vnc

sent 9077 bytes  received 58 bytes  6090.00 bytes/sec
total size is 16768700  speedup is 1835.65
sending incremental file list

sent 4308 bytes  received 24 bytes  8664.00 bytes/sec
total size is 6387982  speedup is 1474.60
sending incremental file list
mercuriales/sync.ffs_db
mercuriales/MERCURIALES - AGIS/FZC/FZC 2014/PICARD 2014.xls
mercuriales/MERCURIALES - AGIS/gms/2014/CONTROLE TARIFS 2014/09-SEPTEMBRE/20114 CASINO PAELLA PREMIUM.pdf

sent 40780 bytes  received 451 bytes  27487.33 bytes/sec
total size is 37513800  speedup is 909.84
sending incremental file list

sent 5047 bytes  received 27 bytes  3382.67 bytes/sec
total size is 39173092  speedup is 7720.36
sending incremental file list
operations_commerciales/DEMANDE ECHANTILLONS CL .xls
operations_commerciales/DEMANDE ECHANTILLONS GB.xls
operations_commerciales/chrono demande echantillons.xls
operations_commerciales/GMS/RECAP DEMANDE ET CONFIRMATIONS HEBDO 2014.xls
operations_commerciales/GMS/2014/A-CENTRALES/GMS INTERMARCHE 2014-FUTUR MASTER.xls
operations_commerciales/GMS/2014/A-CENTRALES/GMS PLACE DU MARCHE 2014-FUTUR MASTER.xls
operations_commerciales/GMS/2014/A-CENTRALES/GMS SYSTEME U 2014-FUTUR MASTER.xls
deleting operations_commerciales/GMS/2014/B-CONFIRMATIONS OPERATIONS/PLACE DU MARCHE/2014 PLACE DU MARCHE OPERATION S3.0.xls
operations_commerciales/GMS/2014/B-CONFIRMATIONS OPERATIONS/PLACE DU MARCHE/2014 PLACE DU MARCHE CYCLE 06.xls
operations_commerciales/GMS/2014/B-CONFIRMATIONS OPERATIONS/PLACE DU MARCHE/2014 PLACE DU MARCHE TRACT S30.xls
operations_commerciales/GMS/2014/B-CONFIRMATIONS OPERATIONS/PLACE DU MARCHE/2014 PLACE DU MARCHE TRACT S36.xls
operations_commerciales/GMS/2014/B-CONFIRMATIONS OPERATIONS/SYSTEME U/2014 SYSTEME U REMISES FESTIVES ASIE.xls

sent 327078 bytes  received 23609 bytes  100196.29 bytes/sec
total size is 57157302  speedup is 162.99
sending incremental file list

sent 20406 bytes  received 83 bytes  13659.33 bytes/sec
total size is 99360776  speedup is 4849.47
sending incremental file list

sent 6669 bytes  received 93 bytes  2704.80 bytes/sec
total size is 52693702  speedup is 7792.62
sending incremental file list

sent 9081 bytes  received 13 bytes  6062.67 bytes/sec
total size is 44623872  speedup is 4906.96
sending incremental file list

sent 5781 bytes  received 30 bytes  3874.00 bytes/sec
total size is 92829061  speedup is 15974.71
sending incremental file list
erp_data.mdb

sent 8695139 bytes  received 84570 bytes  188810.95 bytes/sec
total size is 145690624  speedup is 16.59
sending incremental file list

sent 7593 bytes  received 45 bytes  5092.00 bytes/sec
total size is 9254930  speedup is 1211.70
sending incremental file list

sent 4308 bytes  received 24 bytes  2888.00 bytes/sec
total size is 6387982  speedup is 1474.60
sending incremental file list
batch/TID043004.vnc
batch/TID043006.vnc

sent 9077 bytes  received 58 bytes  6090.00 bytes/sec
total size is 16768700  speedup is 1835.65
sending incremental file list

sent 85 bytes  received 13 bytes  196.00 bytes/sec
total size is 104853504  speedup is 1069933.71
sending incremental file list
operations_commerciales/DEMANDE ECHANTILLONS CL .xls
operations_commerciales/DEMANDE ECHANTILLONS GB.xls
operations_commerciales/chrono demande echantillons.xls
operations_commerciales/GMS/RECAP DEMANDE ET CONFIRMATIONS HEBDO 2014.xls
operations_commerciales/GMS/2014/A-CENTRALES/GMS INTERMARCHE 2014-FUTUR MASTER.xls
operations_commerciales/GMS/2014/A-CENTRALES/GMS PLACE DU MARCHE 2014-FUTUR MASTER.xls
operations_commerciales/GMS/2014/A-CENTRALES/GMS SYSTEME U 2014-FUTUR MASTER.xls
deleting operations_commerciales/GMS/2014/B-CONFIRMATIONS OPERATIONS/PLACE DU MARCHE/2014 PLACE DU MARCHE OPERATION S3.0.xls
operations_commerciales/GMS/2014/B-CONFIRMATIONS OPERATIONS/PLACE DU MARCHE/2014 PLACE DU MARCHE CYCLE 06.xls
operations_commerciales/GMS/2014/B-CONFIRMATIONS OPERATIONS/PLACE DU MARCHE/2014 PLACE DU MARCHE TRACT S30.xls
operations_commerciales/GMS/2014/B-CONFIRMATIONS OPERATIONS/PLACE DU MARCHE/2014 PLACE DU MARCHE TRACT S36.xls
operations_commerciales/GMS/2014/B-CONFIRMATIONS OPERATIONS/SYSTEME U/2014 SYSTEME U REMISES FESTIVES ASIE.xls

sent 327078 bytes  received 23609 bytes  140274.80 bytes/sec
total size is 57157302  speedup is 162.99
sending incremental file list
mercuriales/sync.ffs_db
mercuriales/MERCURIALES - AGIS/FZC/FZC 2014/PICARD 2014.xls
mercuriales/MERCURIALES - AGIS/gms/2014/CONTROLE TARIFS 2014/09-SEPTEMBRE/20114 CASINO PAELLA PREMIUM.pdf

sent 40780 bytes  received 451 bytes  27487.33 bytes/sec
total size is 37513800  speedup is 909.84
sending incremental file list

sent 9081 bytes  received 13 bytes  6062.67 bytes/sec
total size is 44623872  speedup is 4906.96
sending incremental file list

sent 7305 bytes  received 49 bytes  4902.67 bytes/sec
total size is 13622581  speedup is 1852.40
sending incremental file list

sent 5745 bytes  received 23 bytes  3845.33 bytes/sec
total size is 129159129  speedup is 22392.36
sending incremental file list

sent 5610 bytes  received 39 bytes  3766.00 bytes/sec
total size is 59049369  speedup is 10453.07
sending incremental file list

sent 52293 bytes  received 97 bytes  34926.67 bytes/sec
total size is 299707475  speedup is 5720.70
sending incremental file list

sent 20406 bytes  received 83 bytes  8195.60 bytes/sec
total size is 99360776  speedup is 4849.47
sending incremental file list

sent 6669 bytes  received 93 bytes  1932.00 bytes/sec
total size is 52693702  speedup is 7792.62
sending incremental file list
batch/TID043004.vnc
batch/TID043006.vnc

sent 9077 bytes  received 58 bytes  6090.00 bytes/sec
total size is 16768700  speedup is 1835.65
sending incremental file list

sent 7938 bytes  received 20 bytes  5305.33 bytes/sec
total size is 16768700  speedup is 2107.15
