Démarrage : jeu jun 12 23:00:01 CEST 2014
Arrêt     : jeu jun 12 23:01:04 CEST 2014



Base MySQL sélectionnée: agis
Nombre de serveur(s) Linux concerné(s): 4
Nombre de dossier(s) à mettre à jour: 29

sending incremental file list

sent 7070 bytes  received 49 bytes  4746.00 bytes/sec
total size is 12774593  speedup is 1794.44
sending incremental file list

sent 6279 bytes  received 38 bytes  4211.33 bytes/sec
total size is 12442583  speedup is 1969.70
sending incremental file list

sent 63 bytes  received 12 bytes  150.00 bytes/sec
total size is 90068992  speedup is 1200919.89
sending incremental file list

sent 7593 bytes  received 45 bytes  5092.00 bytes/sec
total size is 9254930  speedup is 1211.70
sending incremental file list

sent 7756 bytes  received 20 bytes  5184.00 bytes/sec
total size is 16755943  speedup is 2154.83
sending incremental file list

sent 4308 bytes  received 24 bytes  2888.00 bytes/sec
total size is 6387982  speedup is 1474.60
sending incremental file list
deleting mercuriales/sync.ffs_lock
mercuriales/sync.ffs_db
mercuriales/gms/2014/CENTRALES 2014/AUCHAN 2014.xls
mercuriales/gms/2014/CENTRALES 2014/CARREFOUR 2014.xls
mercuriales/gms/2014/CENTRALES 2014/INTERMARCHE 2014.xls
mercuriales/gms/2014/REGIONS  2014/GALEC REGION MERCU JUIN 2014.xls
mercuriales/mdd/2014/2014 MERCURIALE AUCHAN.xls
mercuriales/mdd/2014/2014 MERCURIALE SCAMARK.xls

sent 100556 bytes  received 25008 bytes  35875.43 bytes/sec
total size is 32799751  speedup is 261.22
sending incremental file list

sent 5047 bytes  received 27 bytes  3382.67 bytes/sec
total size is 39173092  speedup is 7720.36
sending incremental file list
operations_commerciales/DEMANDE ECHANTILLONS CL .xls
operations_commerciales/chrono demande echantillons.xls
operations_commerciales/FZC/CONFIRMATIONS/2014/ARGEL/ARGEL_CONFIRMATION CATALOGUE 10 2014.xls
operations_commerciales/FZC/OP FZC 2014/FZC ARGEL 2014.xls
operations_commerciales/FZC/OP FZC 2014/FZC THIRIET 2014.xls
operations_commerciales/GMS/RECAP DEMANDE ET CONFIRMATIONS HEBDO 2014.xls
operations_commerciales/GMS/2014/A-CENTRALES/GMS CASINO 2014-FUTUR MASTER.xls
operations_commerciales/GMS/2014/D-REGIONS/GMS SU REGION  2014-FUTUR MASTER.xls

sent 319557 bytes  received 14926 bytes  17152.97 bytes/sec
total size is 51608475  speedup is 154.29
sending incremental file list

sent 20296 bytes  received 83 bytes  8151.60 bytes/sec
total size is 99065320  speedup is 4861.15
sending incremental file list
gofast/sync.ffs_db
gofast/CHANTIERS/6_LANCEMENT_PDTS_Emeline/4_GEMBA/HERBIGNAC/Reco lancement projet - Sept 2013.xls

sent 13969 bytes  received 148 bytes  9411.33 bytes/sec
total size is 37322076  speedup is 2643.77
sending incremental file list

sent 10004 bytes  received 13 bytes  2862.00 bytes/sec
total size is 48314368  speedup is 4823.24
sending incremental file list

sent 5781 bytes  received 30 bytes  3874.00 bytes/sec
total size is 93132165  speedup is 16026.87
sending incremental file list

sent 63 bytes  received 12 bytes  150.00 bytes/sec
total size is 90068992  speedup is 1200919.89
sending incremental file list

sent 7593 bytes  received 45 bytes  15276.00 bytes/sec
total size is 9254930  speedup is 1211.70
sending incremental file list

sent 4308 bytes  received 24 bytes  8664.00 bytes/sec
total size is 6387982  speedup is 1474.60
sending incremental file list

sent 7756 bytes  received 20 bytes  5184.00 bytes/sec
total size is 16755943  speedup is 2154.83
sending incremental file list

sent 85 bytes  received 13 bytes  65.33 bytes/sec
total size is 104853504  speedup is 1069933.71
sending incremental file list
operations_commerciales/DEMANDE ECHANTILLONS CL .xls
operations_commerciales/chrono demande echantillons.xls
operations_commerciales/FZC/CONFIRMATIONS/2014/ARGEL/ARGEL_CONFIRMATION CATALOGUE 10 2014.xls
operations_commerciales/FZC/OP FZC 2014/FZC ARGEL 2014.xls
operations_commerciales/FZC/OP FZC 2014/FZC THIRIET 2014.xls
operations_commerciales/GMS/RECAP DEMANDE ET CONFIRMATIONS HEBDO 2014.xls
operations_commerciales/GMS/2014/A-CENTRALES/GMS CASINO 2014-FUTUR MASTER.xls
operations_commerciales/GMS/2014/D-REGIONS/GMS SU REGION  2014-FUTUR MASTER.xls

sent 319557 bytes  received 14926 bytes  95566.57 bytes/sec
total size is 51608475  speedup is 154.29
sending incremental file list
deleting mercuriales/sync.ffs_lock
mercuriales/sync.ffs_db
mercuriales/gms/2014/CENTRALES 2014/AUCHAN 2014.xls
mercuriales/gms/2014/CENTRALES 2014/CARREFOUR 2014.xls
mercuriales/gms/2014/CENTRALES 2014/INTERMARCHE 2014.xls
mercuriales/gms/2014/REGIONS  2014/GALEC REGION MERCU JUIN 2014.xls
mercuriales/mdd/2014/2014 MERCURIALE AUCHAN.xls
mercuriales/mdd/2014/2014 MERCURIALE SCAMARK.xls

sent 100556 bytes  received 25008 bytes  50225.60 bytes/sec
total size is 32799751  speedup is 261.22
sending incremental file list

sent 10004 bytes  received 13 bytes  6678.00 bytes/sec
total size is 48314368  speedup is 4823.24
sending incremental file list

sent 7070 bytes  received 49 bytes  4746.00 bytes/sec
total size is 12774593  speedup is 1794.44
sending incremental file list

sent 5745 bytes  received 23 bytes  3845.33 bytes/sec
total size is 129159129  speedup is 22392.36
sending incremental file list

sent 5610 bytes  received 39 bytes  3766.00 bytes/sec
total size is 59049369  speedup is 10453.07
sending incremental file list

sent 51949 bytes  received 96 bytes  20818.00 bytes/sec
total size is 298226259  speedup is 5730.16
sending incremental file list

sent 20296 bytes  received 83 bytes  13586.00 bytes/sec
total size is 99065320  speedup is 4861.15
sending incremental file list
gofast/sync.ffs_db
gofast/CHANTIERS/6_LANCEMENT_PDTS_Emeline/4_GEMBA/HERBIGNAC/Reco lancement projet - Sept 2013.xls

sent 13969 bytes  received 148 bytes  9411.33 bytes/sec
total size is 37322076  speedup is 2643.77
sending incremental file list

sent 7756 bytes  received 20 bytes  3110.40 bytes/sec
total size is 16755943  speedup is 2154.83
sending incremental file list

sent 7756 bytes  received 20 bytes  5184.00 bytes/sec
total size is 16755943  speedup is 2154.83
