Démarrage : jeu avr 24 23:00:01 CEST 2014
Arrêt     : jeu avr 24 23:00:59 CEST 2014



Base MySQL sélectionnée: agis
Nombre de serveur(s) Linux concerné(s): 4
Nombre de dossier(s) à mettre à jour: 27

sending incremental file list

sent 7051 bytes  received 49 bytes  4733.33 bytes/sec
total size is 12693370  speedup is 1787.80
sending incremental file list

sent 6274 bytes  received 38 bytes  2524.80 bytes/sec
total size is 12421591  speedup is 1967.93
sending incremental file list

sent 63 bytes  received 12 bytes  50.00 bytes/sec
total size is 84160512  speedup is 1122140.16
sending incremental file list

sent 7538 bytes  received 45 bytes  5055.33 bytes/sec
total size is 9253358  speedup is 1220.28
sending incremental file list

sent 7695 bytes  received 20 bytes  5143.33 bytes/sec
total size is 16751789  speedup is 2171.33
sending incremental file list

sent 4308 bytes  received 24 bytes  2888.00 bytes/sec
total size is 6387982  speedup is 1474.60
sending incremental file list
mercuriales/sync.ffs_db
mercuriales/gms/2014/CENTRALES 2014/CASINO 2014.xls
mercuriales/gms/2014/CONTROLE TARIFS 2014/05-MAI/
mercuriales/gms/2014/CONTROLE TARIFS 2014/05-MAI/CASINO GAMME ASIE FE.pdf
deleting mercuriales/gms/2014/REGIONS  2014/GALEC REGION MERCU AVRIL 2014.xls
mercuriales/gms/2014/REGIONS  2014/GALEC REGION MERCU JUIN 2014.xls
mercuriales/gms/2014/REGIONS  2014/ARCHIVES/GALEC REGION MERCU AVRIL 2014.xls
mercuriales/mdd/2014/2014 MERCURIALE INTERMARCHE.xls

sent 440807 bytes  received 6028 bytes  25533.43 bytes/sec
total size is 31136472  speedup is 69.68
sending incremental file list

sent 5047 bytes  received 27 bytes  3382.67 bytes/sec
total size is 39173092  speedup is 7720.36
sending incremental file list
operations_commerciales/DEMANDE ECHANTILLONS CL .xls
operations_commerciales/chrono demande echantillons.xls
operations_commerciales/FZC/CONFIRMATIONS/2014/TOUPARGEL/TOUPARGEL_CYCLE 8_2014.xls
operations_commerciales/FZC/OP FZC 2014/FZC TOUPARGEL 2014.xls
operations_commerciales/GMS/2014/A-CENTRALES/GMS CASINO 2014-FUTUR MASTER.xls
deleting operations_commerciales/GMS/2014/B-CONFIRMATIONS OPERATIONS/CASINO HM/2014 HM DONNE C DONNE S28.xls
deleting operations_commerciales/GMS/2014/B-CONFIRMATIONS OPERATIONS/CASINO HM/2014 HM DONNE C DONNE BEAUTE S15.xls
operations_commerciales/GMS/2014/B-CONFIRMATIONS OPERATIONS/CASINO HM/2014 HM DCD BEAUTE S15.xls
operations_commerciales/GMS/2014/B-CONFIRMATIONS OPERATIONS/CASINO HM/2014 HM DCD S28.xls
operations_commerciales/GMS/2014/B-CONFIRMATIONS OPERATIONS/CASINO HM/2014 HM MECA PRO BEAUTE S22 ASIE.xls
operations_commerciales/GMS/2014/B-CONFIRMATIONS OPERATIONS/CASINO HM/2014 HM MECA PRO S30 ASIE GRATINS.xls
operations_commerciales/GMS/2014/B-CONFIRMATIONS OPERATIONS/CASINO HM/2014 HM RAMADAN S26 PC PAELLA ASIE.xls
operations_commerciales/GMS/2014/D-REGIONS/GMS CARREFOUR REGIONS 2014-FUTUR MASTER.xls
operations_commerciales/GMS/2014/D-REGIONS/GMS SU REGION  2014-FUTUR MASTER.xls
operations_commerciales/MDD/MODELES VB/CONF OPES ITM NETTO/2014/CONFIRMATION OPE_GENERALISTE_REGION PARISIENNE AOUT.xls
operations_commerciales/MDD/OP MDD 2014/MDD ITM 2014 .xls

sent 329323 bytes  received 18000 bytes  77182.89 bytes/sec
total size is 49798555  speedup is 143.38
sending incremental file list

sent 20135 bytes  received 80 bytes  13476.67 bytes/sec
total size is 98915848  speedup is 4893.19
sending incremental file list

sent 3601 bytes  received 79 bytes  1472.00 bytes/sec
total size is 21225150  speedup is 5767.70
sending incremental file list

sent 9238 bytes  received 13 bytes  6167.33 bytes/sec
total size is 43986432  speedup is 4754.78
sending incremental file list

sent 5781 bytes  received 30 bytes  3874.00 bytes/sec
total size is 93132165  speedup is 16026.87
sending incremental file list

sent 63 bytes  received 12 bytes  50.00 bytes/sec
total size is 84160512  speedup is 1122140.16
sending incremental file list

sent 7538 bytes  received 45 bytes  5055.33 bytes/sec
total size is 9253358  speedup is 1220.28
sending incremental file list

sent 4308 bytes  received 24 bytes  2888.00 bytes/sec
total size is 6387982  speedup is 1474.60
sending incremental file list

sent 7695 bytes  received 20 bytes  5143.33 bytes/sec
total size is 16751789  speedup is 2171.33
sending incremental file list

sent 85 bytes  received 13 bytes  65.33 bytes/sec
total size is 104853504  speedup is 1069933.71
sending incremental file list
operations_commerciales/DEMANDE ECHANTILLONS CL .xls
operations_commerciales/chrono demande echantillons.xls
operations_commerciales/FZC/CONFIRMATIONS/2014/TOUPARGEL/TOUPARGEL_CYCLE 8_2014.xls
operations_commerciales/FZC/OP FZC 2014/FZC TOUPARGEL 2014.xls
operations_commerciales/GMS/2014/A-CENTRALES/GMS CASINO 2014-FUTUR MASTER.xls
deleting operations_commerciales/GMS/2014/B-CONFIRMATIONS OPERATIONS/CASINO HM/2014 HM DONNE C DONNE S28.xls
deleting operations_commerciales/GMS/2014/B-CONFIRMATIONS OPERATIONS/CASINO HM/2014 HM DONNE C DONNE BEAUTE S15.xls
operations_commerciales/GMS/2014/B-CONFIRMATIONS OPERATIONS/CASINO HM/2014 HM DCD BEAUTE S15.xls
operations_commerciales/GMS/2014/B-CONFIRMATIONS OPERATIONS/CASINO HM/2014 HM DCD S28.xls
operations_commerciales/GMS/2014/B-CONFIRMATIONS OPERATIONS/CASINO HM/2014 HM MECA PRO BEAUTE S22 ASIE.xls
operations_commerciales/GMS/2014/B-CONFIRMATIONS OPERATIONS/CASINO HM/2014 HM MECA PRO S30 ASIE GRATINS.xls
operations_commerciales/GMS/2014/B-CONFIRMATIONS OPERATIONS/CASINO HM/2014 HM RAMADAN S26 PC PAELLA ASIE.xls
operations_commerciales/GMS/2014/D-REGIONS/GMS CARREFOUR REGIONS 2014-FUTUR MASTER.xls
operations_commerciales/GMS/2014/D-REGIONS/GMS SU REGION  2014-FUTUR MASTER.xls
operations_commerciales/MDD/MODELES VB/CONF OPES ITM NETTO/2014/CONFIRMATION OPE_GENERALISTE_REGION PARISIENNE AOUT.xls
operations_commerciales/MDD/OP MDD 2014/MDD ITM 2014 .xls

sent 329323 bytes  received 18000 bytes  99235.14 bytes/sec
total size is 49798555  speedup is 143.38
sending incremental file list
mercuriales/sync.ffs_db
mercuriales/gms/2014/CENTRALES 2014/CASINO 2014.xls
mercuriales/gms/2014/CONTROLE TARIFS 2014/05-MAI/
mercuriales/gms/2014/CONTROLE TARIFS 2014/05-MAI/CASINO GAMME ASIE FE.pdf
deleting mercuriales/gms/2014/REGIONS  2014/GALEC REGION MERCU AVRIL 2014.xls
mercuriales/gms/2014/REGIONS  2014/GALEC REGION MERCU JUIN 2014.xls
mercuriales/gms/2014/REGIONS  2014/ARCHIVES/GALEC REGION MERCU AVRIL 2014.xls
mercuriales/mdd/2014/2014 MERCURIALE INTERMARCHE.xls

sent 440807 bytes  received 6028 bytes  99296.67 bytes/sec
total size is 31136472  speedup is 69.68
sending incremental file list

sent 9238 bytes  received 13 bytes  6167.33 bytes/sec
total size is 43986432  speedup is 4754.78
sending incremental file list

sent 7051 bytes  received 49 bytes  4733.33 bytes/sec
total size is 12693370  speedup is 1787.80
sending incremental file list

sent 5732 bytes  received 23 bytes  3836.67 bytes/sec
total size is 129183193  speedup is 22447.12
sending incremental file list

sent 5610 bytes  received 39 bytes  11298.00 bytes/sec
total size is 59049369  speedup is 10453.07
sending incremental file list
codesoft/Codesoft 7/Casino FE/1.05.2014/80900_recto.bak
codesoft/Codesoft 7/Casino FE/1.05.2014/80900_recto.lab

sent 59296 bytes  received 513 bytes  39872.67 bytes/sec
total size is 293952595  speedup is 4914.86
sending incremental file list

sent 20135 bytes  received 80 bytes  13476.67 bytes/sec
total size is 98915848  speedup is 4893.19
sending incremental file list

sent 3601 bytes  received 79 bytes  1472.00 bytes/sec
total size is 21225150  speedup is 5767.70
