Démarrage : lun sep 16 23:00:02 CEST 2013
Arrêt     : lun sep 16 23:00:46 CEST 2013



Base MySQL sélectionnée: agis
Nombre de serveur(s) Linux concerné(s): 4
Nombre de dossier(s) à mettre à jour: 24

sending incremental file list

sent 7552 bytes  received 20 bytes  5048.00 bytes/sec
total size is 16747404  speedup is 2211.75
sending incremental file list

sent 5440 bytes  received 44 bytes  2193.60 bytes/sec
total size is 9508728  speedup is 1733.90
sending incremental file list

sent 45570 bytes  received 83 bytes  13043.71 bytes/sec
total size is 272229459  speedup is 5963.01
sending incremental file list

sent 5578 bytes  received 33 bytes  2244.40 bytes/sec
total size is 11359500  speedup is 2024.51
sending incremental file list

sent 63 bytes  received 12 bytes  50.00 bytes/sec
total size is 77592576  speedup is 1034567.68
sending incremental file list

sent 7538 bytes  received 45 bytes  5055.33 bytes/sec
total size is 9253358  speedup is 1220.28
sending incremental file list

sent 7552 bytes  received 20 bytes  5048.00 bytes/sec
total size is 16747404  speedup is 2211.75
sending incremental file list

sent 4308 bytes  received 24 bytes  2888.00 bytes/sec
total size is 6387982  speedup is 1474.60
sending incremental file list
mercuriales/FZC/FZC 2013/ARGEL 2013.xls
mercuriales/FZC/FZC 2013/BOFROST 2013.xls
mercuriales/FZC/FZC 2013/PICARD 2013.xls
mercuriales/FZC/FZC 2013/TOUPARGEL 2013.xls
mercuriales/HD/2013/2013  MERCURIALE ALDI.xls
mercuriales/mdd/2013/2013 MERCURIALE CARREFOUR PLATS CUISINES.xls
mercuriales/mdd/2013/2013 MERCURIALE CASINO.xls
mercuriales/mdd/2013/2013 MERCURIALE GROUPE AUCHAN.xls
mercuriales/mdd/2013/2013 MERCURIALE INTERMARCHE.xls
mercuriales/mdd/2013/2013 MERCURIALE MONOPRIX .xls
mercuriales/mdd/2013/2013 MERCURIALE SCAMARK.xls
mercuriales/mdd/2013/2013 MERCURIALE SYSTEME U.xls

sent 98844 bytes  received 12816 bytes  44664.00 bytes/sec
total size is 31900065  speedup is 285.69
sending incremental file list

sent 5047 bytes  received 27 bytes  3382.67 bytes/sec
total size is 39173092  speedup is 7720.36
sending incremental file list
operations_commerciales/chrono demande echantillons.xls
operations_commerciales/FZC/CONFIRMATIONS/2013/ARGEL/ARGEL_CATALOGUE_14 et 15_2013.xls
operations_commerciales/FZC/OP FZC 2013/FZC ARGEL 2013.xls
operations_commerciales/FZC/OP FZC 2013/FZC PICARD 2013.xls
operations_commerciales/FZC/OP FZC 2014/FZC PICARD 2014.xls
operations_commerciales/GMS/2013/B-CONFIRMATIONS OPERATIONS/CONFIRMATIONS AUCHAN.FR/2013 AUCHAN.FR FESTIF.xls
operations_commerciales/GMS/2013/B-CONFIRMATIONS OPERATIONS/CONFIRMATIONS AUCHAN/2013 AUCHAN FESTIF MENU.xls
operations_commerciales/GMS/2013/B-CONFIRMATIONS OPERATIONS/CONFIRMATIONS INTERMARCHE/2013 INTERMARCHE DECEMBRE FESTIFS COUPE.xls
operations_commerciales/GMS/2013/B-CONFIRMATIONS OPERATIONS/CONFIRMATIONS SYSTEME U/2013 SYSTEME U FESTIFS MONO OUEST.xls
operations_commerciales/GMS/2013/D-REGIONS/GMS SCHIEVER 2013-FUTUR MASTER.xls
operations_commerciales/GMS/2014/A-CENTRALES/GMS SIMPLY MARKET 2014-FUTUR MASTER.xls

sent 282671 bytes  received 12802 bytes  65660.67 bytes/sec
total size is 93046573  speedup is 314.91
sending incremental file list

sent 18506 bytes  received 80 bytes  7434.40 bytes/sec
total size is 41728031  speedup is 2245.13
sending incremental file list

sent 7502 bytes  received 13 bytes  5010.00 bytes/sec
total size is 33724035  speedup is 4487.56
sending incremental file list

sent 63 bytes  received 12 bytes  50.00 bytes/sec
total size is 77592576  speedup is 1034567.68
sending incremental file list

sent 7538 bytes  received 45 bytes  15166.00 bytes/sec
total size is 9253358  speedup is 1220.28
sending incremental file list

sent 4308 bytes  received 24 bytes  2888.00 bytes/sec
total size is 6387982  speedup is 1474.60
sending incremental file list

sent 7552 bytes  received 20 bytes  5048.00 bytes/sec
total size is 16747404  speedup is 2211.75
sending incremental file list

sent 85 bytes  received 13 bytes  65.33 bytes/sec
total size is 104853504  speedup is 1069933.71
sending incremental file list
operations_commerciales/chrono demande echantillons.xls
operations_commerciales/FZC/CONFIRMATIONS/2013/ARGEL/ARGEL_CATALOGUE_14 et 15_2013.xls
operations_commerciales/FZC/OP FZC 2013/FZC ARGEL 2013.xls
operations_commerciales/FZC/OP FZC 2013/FZC PICARD 2013.xls
operations_commerciales/FZC/OP FZC 2014/FZC PICARD 2014.xls
operations_commerciales/GMS/2013/B-CONFIRMATIONS OPERATIONS/CONFIRMATIONS AUCHAN.FR/2013 AUCHAN.FR FESTIF.xls
operations_commerciales/GMS/2013/B-CONFIRMATIONS OPERATIONS/CONFIRMATIONS AUCHAN/2013 AUCHAN FESTIF MENU.xls
operations_commerciales/GMS/2013/B-CONFIRMATIONS OPERATIONS/CONFIRMATIONS INTERMARCHE/2013 INTERMARCHE DECEMBRE FESTIFS COUPE.xls
operations_commerciales/GMS/2013/B-CONFIRMATIONS OPERATIONS/CONFIRMATIONS SYSTEME U/2013 SYSTEME U FESTIFS MONO OUEST.xls
operations_commerciales/GMS/2013/D-REGIONS/GMS SCHIEVER 2013-FUTUR MASTER.xls
operations_commerciales/GMS/2014/A-CENTRALES/GMS SIMPLY MARKET 2014-FUTUR MASTER.xls

sent 282671 bytes  received 12802 bytes  84420.86 bytes/sec
total size is 93046573  speedup is 314.91
sending incremental file list
mercuriales/FZC/FZC 2013/ARGEL 2013.xls
mercuriales/FZC/FZC 2013/BOFROST 2013.xls
mercuriales/FZC/FZC 2013/PICARD 2013.xls
mercuriales/FZC/FZC 2013/TOUPARGEL 2013.xls
mercuriales/HD/2013/2013  MERCURIALE ALDI.xls
mercuriales/mdd/2013/2013 MERCURIALE CARREFOUR PLATS CUISINES.xls
mercuriales/mdd/2013/2013 MERCURIALE CASINO.xls
mercuriales/mdd/2013/2013 MERCURIALE GROUPE AUCHAN.xls
mercuriales/mdd/2013/2013 MERCURIALE INTERMARCHE.xls
mercuriales/mdd/2013/2013 MERCURIALE MONOPRIX .xls
mercuriales/mdd/2013/2013 MERCURIALE SCAMARK.xls
mercuriales/mdd/2013/2013 MERCURIALE SYSTEME U.xls

sent 98844 bytes  received 12816 bytes  44664.00 bytes/sec
total size is 31900065  speedup is 285.69
sending incremental file list

sent 5440 bytes  received 44 bytes  3656.00 bytes/sec
total size is 9508728  speedup is 1733.90
sending incremental file list

sent 5645 bytes  received 23 bytes  3778.67 bytes/sec
total size is 128643061  speedup is 22696.38
sending incremental file list

sent 4707 bytes  received 36 bytes  3162.00 bytes/sec
total size is 46318934  speedup is 9765.75
sending incremental file list

sent 18506 bytes  received 80 bytes  12390.67 bytes/sec
total size is 41728031  speedup is 2245.13
