Démarrage : mar fév 18 23:00:01 CET 2014
Arrêt     : mar fév 18 23:01:23 CET 2014



Base MySQL sélectionnée: agis
Nombre de serveur(s) Linux concerné(s): 4
Nombre de dossier(s) à mettre à jour: 26

sending incremental file list

sent 6293 bytes  received 46 bytes  2535.60 bytes/sec
total size is 11666224  speedup is 1840.39
sending incremental file list

sent 6047 bytes  received 37 bytes  2433.60 bytes/sec
total size is 12177278  speedup is 2001.52
sending incremental file list

sent 63 bytes  received 12 bytes  50.00 bytes/sec
total size is 84160512  speedup is 1122140.16
sending incremental file list

sent 7538 bytes  received 45 bytes  5055.33 bytes/sec
total size is 9253358  speedup is 1220.28
sending incremental file list

sent 7695 bytes  received 20 bytes  5143.33 bytes/sec
total size is 16751789  speedup is 2171.33
sending incremental file list

sent 4308 bytes  received 24 bytes  2888.00 bytes/sec
total size is 6387982  speedup is 1474.60
sending incremental file list
mercuriales/sync.ffs_db
mercuriales/gms/2014/CENTRALES 2014/AUCHAN 2014.xls
mercuriales/gms/2014/CENTRALES 2014/AUCHAN.FR 2014.xls
mercuriales/gms/2014/CENTRALES 2014/CASINO 2014.xls
mercuriales/gms/2014/CONTROLE TARIFS 2014/03-MARS/2014 AUCHAN DIRECT.pdf
mercuriales/gms/2014/CONTROLE TARIFS 2014/04-AVRIL/2014 GALEC INNO SAUF RP CRABE.pdf
mercuriales/gms/2014/REGIONS  2014/SCHIEVER MERCU 2014.xls
mercuriales/mdd/2014/2014 MERCURIALE CARREFOUR PLATS CUISINES.xls
mercuriales/mdd/2014/2014 MERCURIALE CASINO.xls

sent 203947 bytes  received 22513 bytes  50324.44 bytes/sec
total size is 27412892  speedup is 121.05
sending incremental file list

sent 5047 bytes  received 27 bytes  3382.67 bytes/sec
total size is 39173092  speedup is 7720.36
sending incremental file list
operations_commerciales/chrono demande echantillons.xls
operations_commerciales/GMS/RECAP DEMANDE ET CONFIRMATIONS HEBDO.xls
operations_commerciales/GMS/2014/A-CENTRALES/GMS AUCHAN 2014-FUTUR MASTER.xls
operations_commerciales/GMS/2014/A-CENTRALES/GMS CASINO 2014-FUTUR MASTER.xls
operations_commerciales/GMS/2014/A-CENTRALES/GMS INTERMARCHE 2014-FUTUR MASTER.xls
operations_commerciales/GMS/2014/D-REGIONS/GMS LECLERC 2014-FUTUR MASTER.xls

sent 263295 bytes  received 26937 bytes  82923.43 bytes/sec
total size is 45913509  speedup is 158.20
sending incremental file list

sent 19842 bytes  received 78 bytes  13280.00 bytes/sec
total size is 98501331  speedup is 4944.85
sending incremental file list

sent 3133 bytes  received 78 bytes  2140.67 bytes/sec
total size is 13716502  speedup is 4271.72
sending incremental file list

sent 8871 bytes  received 13 bytes  5922.67 bytes/sec
total size is 41009664  speedup is 4616.13
sending incremental file list

sent 63 bytes  received 12 bytes  21.43 bytes/sec
total size is 84160512  speedup is 1122140.16
sending incremental file list

sent 7538 bytes  received 45 bytes  2166.57 bytes/sec
total size is 9253358  speedup is 1220.28
sending incremental file list

sent 4308 bytes  received 24 bytes  1237.71 bytes/sec
total size is 6387982  speedup is 1474.60
sending incremental file list

sent 7695 bytes  received 20 bytes  2204.29 bytes/sec
total size is 16751789  speedup is 2171.33
sending incremental file list

sent 85 bytes  received 13 bytes  28.00 bytes/sec
total size is 104853504  speedup is 1069933.71
sending incremental file list
operations_commerciales/chrono demande echantillons.xls
operations_commerciales/GMS/RECAP DEMANDE ET CONFIRMATIONS HEBDO.xls
operations_commerciales/GMS/2014/A-CENTRALES/GMS AUCHAN 2014-FUTUR MASTER.xls
operations_commerciales/GMS/2014/A-CENTRALES/GMS CASINO 2014-FUTUR MASTER.xls
operations_commerciales/GMS/2014/A-CENTRALES/GMS INTERMARCHE 2014-FUTUR MASTER.xls
operations_commerciales/GMS/2014/D-REGIONS/GMS LECLERC 2014-FUTUR MASTER.xls

sent 263295 bytes  received 26937 bytes  44651.08 bytes/sec
total size is 45913509  speedup is 158.20
sending incremental file list
mercuriales/sync.ffs_db
mercuriales/gms/2014/CENTRALES 2014/AUCHAN 2014.xls
mercuriales/gms/2014/CENTRALES 2014/AUCHAN.FR 2014.xls
mercuriales/gms/2014/CENTRALES 2014/CASINO 2014.xls
mercuriales/gms/2014/CONTROLE TARIFS 2014/03-MARS/2014 AUCHAN DIRECT.pdf
mercuriales/gms/2014/CONTROLE TARIFS 2014/04-AVRIL/2014 GALEC INNO SAUF RP CRABE.pdf
mercuriales/gms/2014/REGIONS  2014/SCHIEVER MERCU 2014.xls
mercuriales/mdd/2014/2014 MERCURIALE CARREFOUR PLATS CUISINES.xls
mercuriales/mdd/2014/2014 MERCURIALE CASINO.xls

sent 203947 bytes  received 22513 bytes  30194.67 bytes/sec
total size is 27412892  speedup is 121.05
sending incremental file list

sent 8871 bytes  received 13 bytes  1366.77 bytes/sec
total size is 41009664  speedup is 4616.13
sending incremental file list

sent 6293 bytes  received 46 bytes  667.26 bytes/sec
total size is 11666224  speedup is 1840.39
sending incremental file list

sent 5677 bytes  received 23 bytes  3800.00 bytes/sec
total size is 128675317  speedup is 22574.62
sending incremental file list

sent 5353 bytes  received 38 bytes  1540.29 bytes/sec
total size is 56169881  speedup is 10419.20
sending incremental file list

sent 50190 bytes  received 94 bytes  7736.00 bytes/sec
total size is 290611795  speedup is 5779.41
sending incremental file list

sent 19842 bytes  received 78 bytes  13280.00 bytes/sec
total size is 98501331  speedup is 4944.85
sending incremental file list

sent 3133 bytes  received 78 bytes  2140.67 bytes/sec
total size is 13716502  speedup is 4271.72
