Démarrage : dim mai 18 23:00:02 CEST 2014
Arrêt     : dim mai 18 23:00:50 CEST 2014



Base MySQL sélectionnée: agis
Nombre de serveur(s) Linux concerné(s): 4
Nombre de dossier(s) à mettre à jour: 29

sending incremental file list

sent 7051 bytes  received 49 bytes  4733.33 bytes/sec
total size is 12693370  speedup is 1787.80
sending incremental file list

sent 6279 bytes  received 38 bytes  2526.80 bytes/sec
total size is 12432343  speedup is 1968.08
sending incremental file list

sent 63 bytes  received 12 bytes  50.00 bytes/sec
total size is 88092672  speedup is 1174568.96
sending incremental file list

sent 7538 bytes  received 45 bytes  5055.33 bytes/sec
total size is 9253358  speedup is 1220.28
sending incremental file list

sent 7733 bytes  received 20 bytes  5168.67 bytes/sec
total size is 16753895  speedup is 2160.96
sending incremental file list

sent 4308 bytes  received 24 bytes  2888.00 bytes/sec
total size is 6387982  speedup is 1474.60
sending incremental file list

sent 9657 bytes  received 71 bytes  3891.20 bytes/sec
total size is 32233705  speedup is 3313.50
sending incremental file list

sent 5047 bytes  received 27 bytes  3382.67 bytes/sec
total size is 39173092  speedup is 7720.36
sending incremental file list

sent 39516 bytes  received 140 bytes  8812.44 bytes/sec
total size is 50743707  speedup is 1279.60
sending incremental file list

sent 20296 bytes  received 83 bytes  13586.00 bytes/sec
total size is 99065320  speedup is 4861.15
sending incremental file list

sent 4380 bytes  received 82 bytes  1784.80 bytes/sec
total size is 35609223  speedup is 7980.55
sending incremental file list

sent 9725 bytes  received 13 bytes  3895.20 bytes/sec
total size is 46571008  speedup is 4782.40
sending incremental file list

sent 5781 bytes  received 30 bytes  3874.00 bytes/sec
total size is 93132165  speedup is 16026.87
sending incremental file list

sent 63 bytes  received 12 bytes  50.00 bytes/sec
total size is 88092672  speedup is 1174568.96
sending incremental file list

sent 7538 bytes  received 45 bytes  5055.33 bytes/sec
total size is 9253358  speedup is 1220.28
sending incremental file list

sent 4308 bytes  received 24 bytes  2888.00 bytes/sec
total size is 6387982  speedup is 1474.60
sending incremental file list

sent 7733 bytes  received 20 bytes  5168.67 bytes/sec
total size is 16753895  speedup is 2160.96
sending incremental file list

sent 85 bytes  received 13 bytes  65.33 bytes/sec
total size is 104853504  speedup is 1069933.71
sending incremental file list

sent 39516 bytes  received 140 bytes  15862.40 bytes/sec
total size is 50743707  speedup is 1279.60
sending incremental file list

sent 9657 bytes  received 71 bytes  6485.33 bytes/sec
total size is 32233705  speedup is 3313.50
sending incremental file list

sent 9725 bytes  received 13 bytes  6492.00 bytes/sec
total size is 46571008  speedup is 4782.40
sending incremental file list

sent 7051 bytes  received 49 bytes  4733.33 bytes/sec
total size is 12693370  speedup is 1787.80
sending incremental file list

sent 5732 bytes  received 23 bytes  3836.67 bytes/sec
total size is 129183193  speedup is 22447.12
sending incremental file list

sent 5610 bytes  received 39 bytes  3766.00 bytes/sec
total size is 59049369  speedup is 10453.07
sending incremental file list

sent 50984 bytes  received 95 bytes  20431.60 bytes/sec
total size is 293555795  speedup is 5747.09
sending incremental file list

sent 20296 bytes  received 83 bytes  8151.60 bytes/sec
total size is 99065320  speedup is 4861.15
sending incremental file list

sent 4380 bytes  received 82 bytes  2974.67 bytes/sec
total size is 35609223  speedup is 7980.55
sending incremental file list

sent 7733 bytes  received 20 bytes  2215.14 bytes/sec
total size is 16753895  speedup is 2160.96
sending incremental file list

sent 7733 bytes  received 20 bytes  5168.67 bytes/sec
total size is 16753895  speedup is 2160.96
