Démarrage : jeu sep 26 23:00:01 CEST 2013
Arrêt     : jeu sep 26 23:01:58 CEST 2013



Base MySQL sélectionnée: agis
Nombre de serveur(s) Linux concerné(s): 4
Nombre de dossier(s) à mettre à jour: 24

sending incremental file list

sent 7552 bytes  received 20 bytes  15144.00 bytes/sec
total size is 16747405  speedup is 2211.75
sending incremental file list

sent 5440 bytes  received 44 bytes  3656.00 bytes/sec
total size is 9508728  speedup is 1733.90
sending incremental file list
codesoft/plateforme/reetiquetage_ass_auchan/recto_ass_oriental.bak
codesoft/plateforme/reetiquetage_ass_auchan/recto_ass_oriental.lab
codesoft/plateforme/reetiquetage_ass_auchan/recto_ass_thai.bak
codesoft/plateforme/reetiquetage_ass_auchan/recto_ass_thai.lab
codesoft/plateforme/reetiquetage_ass_auchan/verso_ass_oriental.bak
codesoft/plateforme/reetiquetage_ass_auchan/verso_ass_oriental.lab
codesoft/plateforme/reetiquetage_ass_auchan/verso_ass_thai.bak
codesoft/plateforme/reetiquetage_ass_auchan/verso_ass_thai.lab

sent 108086 bytes  received 5656 bytes  45496.80 bytes/sec
total size is 273399379  speedup is 2403.68
sending incremental file list
suivi_investissement/2014-2015/Bud invest AVI 2014 2015.xls

sent 5725 bytes  received 485 bytes  4140.00 bytes/sec
total size is 11410188  speedup is 1837.39
sending incremental file list
erp_data.mdb

sent 7175477 bytes  received 61701 bytes  178695.75 bytes/sec
total size is 77592576  speedup is 10.72
sending incremental file list

sent 7538 bytes  received 45 bytes  5055.33 bytes/sec
total size is 9253358  speedup is 1220.28
sending incremental file list

sent 7552 bytes  received 20 bytes  5048.00 bytes/sec
total size is 16747405  speedup is 2211.75
sending incremental file list

sent 4308 bytes  received 24 bytes  2888.00 bytes/sec
total size is 6387982  speedup is 1474.60
sending incremental file list
mercuriales/FZC/FZC 2013/PICARD 2013.xls
mercuriales/gms/2013/CENTRALES 2013/CARREFOUR MARKET MDD PC PIZZAS 2013.xls
mercuriales/gms/2013/CENTRALES 2013/CARREFOUR MDD PC PIZZAS 2013.xls
mercuriales/gms/2013/REGION 2013/GALEC REGION MERCU SEPT 2013.xls
mercuriales/mdd/2013/2013 MERCURIALE CARREFOUR ASIATIQUE.xls
mercuriales/mdd/2013/2013 MERCURIALE GROUPE AUCHAN.xls
mercuriales/mdd/2013/2013 MERCURIALE SYSTEME U.xls

sent 37992 bytes  received 19261 bytes  22901.20 bytes/sec
total size is 32754947  speedup is 572.11
sending incremental file list

sent 5047 bytes  received 27 bytes  3382.67 bytes/sec
total size is 39173092  speedup is 7720.36
sending incremental file list
operations_commerciales/DEMANDE ECHANTILLONS CL .xls
operations_commerciales/chrono demande echantillons.xls
operations_commerciales/FZC/CONFIRMATIONS/2014/
operations_commerciales/FZC/CONFIRMATIONS/2014/THIRIET/
operations_commerciales/FZC/CONFIRMATIONS/2014/THIRIET/THIRIET_JANVIER 2014.xls
operations_commerciales/FZC/OP FZC 2013/FZC ARGEL 2013.xls
operations_commerciales/FZC/OP FZC 2013/FZC PICARD 2013.xls
operations_commerciales/FZC/OP FZC 2013/FZC TOUPARGEL 2013.xls
operations_commerciales/FZC/OP FZC 2014/FZC THIRIET 2014.xls
operations_commerciales/GMS/2013/D-REGIONS/GMS LECLERC 2013-FUTUR MASTER.xls
operations_commerciales/GMS/2013/D-REGIONS/GMS SCHIEVER 2013-FUTUR MASTER.xls
operations_commerciales/MDD/OP MDD 2013/MDD CASINO 2013 FUTUR MASTER.xls
operations_commerciales/MDD/OP MDD 2013/MDD ITM FUTUR MASTER 2013 .xls
operations_commerciales/MDD/OP MDD 2013/MDD NETTO 2013 FUTURMASTER.xls

sent 283821 bytes  received 12583 bytes  65867.56 bytes/sec
total size is 94015895  speedup is 317.19
sending incremental file list

sent 18506 bytes  received 80 bytes  12390.67 bytes/sec
total size is 41728031  speedup is 2245.13
sending incremental file list

sent 7546 bytes  received 16 bytes  5041.33 bytes/sec
total size is 33965187  speedup is 4491.56
sending incremental file list
erp_data.mdb

sent 7175477 bytes  received 61701 bytes  187978.65 bytes/sec
total size is 77592576  speedup is 10.72
sending incremental file list

sent 7538 bytes  received 45 bytes  5055.33 bytes/sec
total size is 9253358  speedup is 1220.28
sending incremental file list

sent 4308 bytes  received 24 bytes  2888.00 bytes/sec
total size is 6387982  speedup is 1474.60
sending incremental file list

sent 7552 bytes  received 20 bytes  5048.00 bytes/sec
total size is 16747405  speedup is 2211.75
sending incremental file list

sent 85 bytes  received 13 bytes  65.33 bytes/sec
total size is 104853504  speedup is 1069933.71
sending incremental file list
operations_commerciales/DEMANDE ECHANTILLONS CL .xls
operations_commerciales/chrono demande echantillons.xls
operations_commerciales/FZC/CONFIRMATIONS/2014/
operations_commerciales/FZC/CONFIRMATIONS/2014/THIRIET/
operations_commerciales/FZC/CONFIRMATIONS/2014/THIRIET/THIRIET_JANVIER 2014.xls
operations_commerciales/FZC/OP FZC 2013/FZC ARGEL 2013.xls
operations_commerciales/FZC/OP FZC 2013/FZC PICARD 2013.xls
operations_commerciales/FZC/OP FZC 2013/FZC TOUPARGEL 2013.xls
operations_commerciales/FZC/OP FZC 2014/FZC THIRIET 2014.xls
operations_commerciales/GMS/2013/D-REGIONS/GMS LECLERC 2013-FUTUR MASTER.xls
operations_commerciales/GMS/2013/D-REGIONS/GMS SCHIEVER 2013-FUTUR MASTER.xls
operations_commerciales/MDD/OP MDD 2013/MDD CASINO 2013 FUTUR MASTER.xls
operations_commerciales/MDD/OP MDD 2013/MDD ITM FUTUR MASTER 2013 .xls
operations_commerciales/MDD/OP MDD 2013/MDD NETTO 2013 FUTURMASTER.xls

sent 283821 bytes  received 12583 bytes  84686.86 bytes/sec
total size is 94015895  speedup is 317.19
sending incremental file list
mercuriales/FZC/FZC 2013/PICARD 2013.xls
mercuriales/gms/2013/CENTRALES 2013/CARREFOUR MARKET MDD PC PIZZAS 2013.xls
mercuriales/gms/2013/CENTRALES 2013/CARREFOUR MDD PC PIZZAS 2013.xls
mercuriales/gms/2013/REGION 2013/GALEC REGION MERCU SEPT 2013.xls
mercuriales/mdd/2013/2013 MERCURIALE CARREFOUR ASIATIQUE.xls
mercuriales/mdd/2013/2013 MERCURIALE GROUPE AUCHAN.xls
mercuriales/mdd/2013/2013 MERCURIALE SYSTEME U.xls

sent 37992 bytes  received 19261 bytes  38168.67 bytes/sec
total size is 32754947  speedup is 572.11
sending incremental file list

sent 5440 bytes  received 44 bytes  3656.00 bytes/sec
total size is 9508728  speedup is 1733.90
sending incremental file list

sent 5618 bytes  received 23 bytes  3760.67 bytes/sec
total size is 128643573  speedup is 22805.10
sending incremental file list

sent 4707 bytes  received 36 bytes  3162.00 bytes/sec
total size is 46318934  speedup is 9765.75
sending incremental file list

sent 18506 bytes  received 80 bytes  12390.67 bytes/sec
total size is 41728031  speedup is 2245.13
