Démarrage : dim mar  9 23:00:01 CET 2014
Arrêt     : dim mar  9 23:00:34 CET 2014



Base MySQL sélectionnée: agis
Nombre de serveur(s) Linux concerné(s): 4
Nombre de dossier(s) à mettre à jour: 27

sending incremental file list

sent 6345 bytes  received 46 bytes  4260.67 bytes/sec
total size is 11731248  speedup is 1835.59
sending incremental file list

sent 6067 bytes  received 37 bytes  2441.60 bytes/sec
total size is 12258686  speedup is 2008.30
sending incremental file list

sent 63 bytes  received 12 bytes  50.00 bytes/sec
total size is 84160512  speedup is 1122140.16
sending incremental file list

sent 7538 bytes  received 45 bytes  5055.33 bytes/sec
total size is 9253358  speedup is 1220.28
sending incremental file list

sent 7695 bytes  received 20 bytes  5143.33 bytes/sec
total size is 16751789  speedup is 2171.33
sending incremental file list

sent 4308 bytes  received 24 bytes  2888.00 bytes/sec
total size is 6387982  speedup is 1474.60
sending incremental file list

sent 8411 bytes  received 65 bytes  5650.67 bytes/sec
total size is 29476693  speedup is 3477.67
sending incremental file list

sent 5047 bytes  received 27 bytes  3382.67 bytes/sec
total size is 39173092  speedup is 7720.36
sending incremental file list

sent 36690 bytes  received 140 bytes  24553.33 bytes/sec
total size is 47252389  speedup is 1282.99
sending incremental file list

sent 19882 bytes  received 78 bytes  13306.67 bytes/sec
total size is 98562242  speedup is 4937.99
sending incremental file list

sent 3305 bytes  received 79 bytes  2256.00 bytes/sec
total size is 16126642  speedup is 4765.56
sending incremental file list

sent 9125 bytes  received 13 bytes  6092.00 bytes/sec
total size is 43699200  speedup is 4782.14
sending incremental file list

sent 5781 bytes  received 30 bytes  3874.00 bytes/sec
total size is 93728133  speedup is 16129.43
sending incremental file list

sent 63 bytes  received 12 bytes  50.00 bytes/sec
total size is 84160512  speedup is 1122140.16
sending incremental file list

sent 7538 bytes  received 45 bytes  5055.33 bytes/sec
total size is 9253358  speedup is 1220.28
sending incremental file list

sent 4308 bytes  received 24 bytes  2888.00 bytes/sec
total size is 6387982  speedup is 1474.60
sending incremental file list

sent 7695 bytes  received 20 bytes  5143.33 bytes/sec
total size is 16751789  speedup is 2171.33
sending incremental file list

sent 85 bytes  received 13 bytes  196.00 bytes/sec
total size is 104853504  speedup is 1069933.71
sending incremental file list

sent 36690 bytes  received 140 bytes  24553.33 bytes/sec
total size is 47252389  speedup is 1282.99
sending incremental file list

sent 8411 bytes  received 65 bytes  5650.67 bytes/sec
total size is 29476693  speedup is 3477.67
sending incremental file list

sent 9125 bytes  received 13 bytes  6092.00 bytes/sec
total size is 43699200  speedup is 4782.14
sending incremental file list

sent 6345 bytes  received 46 bytes  4260.67 bytes/sec
total size is 11731248  speedup is 1835.59
sending incremental file list

sent 5684 bytes  received 23 bytes  3804.67 bytes/sec
total size is 129152473  speedup is 22630.54
sending incremental file list

sent 5610 bytes  received 39 bytes  3766.00 bytes/sec
total size is 59049369  speedup is 10453.07
sending incremental file list

sent 50262 bytes  received 94 bytes  33570.67 bytes/sec
total size is 291024467  speedup is 5779.34
sending incremental file list

sent 19882 bytes  received 78 bytes  7984.00 bytes/sec
total size is 98562242  speedup is 4937.99
sending incremental file list

sent 3305 bytes  received 79 bytes  2256.00 bytes/sec
total size is 16126642  speedup is 4765.56
