Démarrage : mer oct 23 23:00:01 CEST 2013
Arrêt     : mer oct 23 23:01:10 CEST 2013



Base MySQL sélectionnée: agis
Nombre de serveur(s) Linux concerné(s): 4
Nombre de dossier(s) à mettre à jour: 24

sending incremental file list

sent 7651 bytes  received 20 bytes  5114.00 bytes/sec
total size is 16750790  speedup is 2183.65
sending incremental file list

sent 5598 bytes  received 45 bytes  3762.00 bytes/sec
total size is 9985067  speedup is 1769.46
sending incremental file list

sent 5753 bytes  received 34 bytes  2314.80 bytes/sec
total size is 11616335  speedup is 2007.32
sending incremental file list

sent 63 bytes  received 12 bytes  50.00 bytes/sec
total size is 78852096  speedup is 1051361.28
sending incremental file list

sent 7538 bytes  received 45 bytes  5055.33 bytes/sec
total size is 9253358  speedup is 1220.28
sending incremental file list

sent 7651 bytes  received 20 bytes  5114.00 bytes/sec
total size is 16750790  speedup is 2183.65
sending incremental file list

sent 4308 bytes  received 24 bytes  2888.00 bytes/sec
total size is 6387982  speedup is 1474.60
sending incremental file list
mercuriales/Nouveau Document texte.txt
mercuriales/sync.ffs_db
mercuriales/EXPORT/2010/
mercuriales/EXPORT/2010/ALVILARDAN 2010.xls
mercuriales/EXPORT/2010/CHAMPION MESTDAGH 2010.xls
mercuriales/EXPORT/2010/HEMA 2010.xls
mercuriales/EXPORT/2010/PHENE 2010.xls
mercuriales/EXPORT/2010/PROVERA BELUX 2010.xls
mercuriales/EXPORT/2010/SANTA MARIA 2010.xls
mercuriales/EXPORT/2011/
mercuriales/EXPORT/2011/ALVILARDAN 2011.xls
mercuriales/EXPORT/2011/HEMA 2011.xls
mercuriales/EXPORT/2011/MATCH BELUX 2011.xls
mercuriales/EXPORT/2011/PHENE 2011.xls
mercuriales/EXPORT/2011/SANTA MARIA 2011.xls
mercuriales/FZC/FZC 2011/FREEZER CENTER 2011.xls
mercuriales/HD/2011/2011 MERCURIALE AUCHAN SD.xls
mercuriales/HD/2011/2011 MERCURIALE LIDL 2010.xls
mercuriales/gms/2011/
mercuriales/gms/2011/CENTRALES/
mercuriales/gms/2011/CENTRALES/AUCHAN 2011.xls
mercuriales/gms/2011/CENTRALES/AUCHAN.FR 2011.xls
mercuriales/gms/2011/CENTRALES/CARREFOUR MARKET MDD 2011.xls
mercuriales/gms/2011/CENTRALES/CARREFOUR MARKET MN 2011.xls
mercuriales/gms/2011/CENTRALES/CARREFOUR MDD ASIE 2011.xls
mercuriales/gms/2011/CENTRALES/CARREFOUR MDD PC PIZZAS 2011.xls
mercuriales/gms/2011/CENTRALES/CARREFOUR MN PC 2011.xls
mercuriales/gms/2011/CENTRALES/CARREFOUR PROXI MN 2011.xls
mercuriales/gms/2011/CENTRALES/CASINO 2011.xls
mercuriales/gms/2011/CENTRALES/INTERMARCHE 2011.xls
mercuriales/gms/2011/CENTRALES/MONOPRIX 2011.xls
mercuriales/gms/2011/CENTRALES/SIMPLY MARKET 2011.xls
mercuriales/gms/2011/CENTRALES/SYSTEME U 2011.xls
mercuriales/gms/2011/CENTRALES/XDISTRIBORG  2011.xls
mercuriales/gms/2011/REGION/
mercuriales/gms/2011/REGION/SCHIEVER 2011.xls
mercuriales/gms/2011/REGION/SEGUREL 2011.xls
mercuriales/gms/2011/REGION/SCA LECLERC/
mercuriales/gms/2011/REGION/SCA LECLERC/GALEC MERCU JANVIER 2011.xls
mercuriales/gms/2011/REGION/SCA LECLERC/GALEC MERCU MARS 2011.xls
mercuriales/gms/2011/REGION/SU REGION/
mercuriales/gms/2011/REGION/SU REGION/SU R\#351gion 2011 JANVIER 2011.xls
mercuriales/gms/2011/REGION/SU REGION/SU R\#351gion 2011 MARS 2011.xls
mercuriales/mdd/2013/2013 MERCURIALE CARREFOUR ASIATIQUE.xls
mercuriales/mdd/2013/2013 MERCURIALE CARREFOUR PLATS CUISINES.xls
mercuriales/mdd/2013/2013 MERCURIALE GROUPE AUCHAN.xls

sent 3031624 bytes  received 9733 bytes  184324.67 bytes/sec
total size is 50577715  speedup is 16.63
sending incremental file list

sent 5047 bytes  received 27 bytes  3382.67 bytes/sec
total size is 39173092  speedup is 7720.36
sending incremental file list
operations_commerciales/DEMANDE ECHANTILLONS CL .xls
operations_commerciales/DEMANDE ECHANTILLONS GB.xls
operations_commerciales/Nouveau Document texte.txt
operations_commerciales/chrono demande echantillons.xls
operations_commerciales/sync.ffs_db
operations_commerciales/GMS/2014/A-CENTRALES/GMS CARREFOUR MN 2014-FUTUR MASTER.xls
operations_commerciales/MDD/MODELES CJ/AUCHAN ATAC SCHIEVER/DDE ECHANTILLONS/DEMANDE ECHANTILLONS AUCHAN GOOD 527.xls
operations_commerciales/MDD/MODELES CJ/SYSTEME U/DDE ECHANTILLONS/DEMANDE ECHANTILLONS SU OUEST.xls

sent 252435 bytes  received 10958 bytes  75255.14 bytes/sec
total size is 54059988  speedup is 205.24
sending incremental file list

sent 18506 bytes  received 80 bytes  12390.67 bytes/sec
total size is 41728031  speedup is 2245.13
sending incremental file list
modeles/compo_pc_fe_ete-v1_180.bak
modeles/compo_pc_fe_ete-v1_180.lab

sent 36580 bytes  received 1617 bytes  25464.67 bytes/sec
total size is 36626563  speedup is 958.89
sending incremental file list

sent 63 bytes  received 12 bytes  50.00 bytes/sec
total size is 78852096  speedup is 1051361.28
sending incremental file list

sent 7538 bytes  received 45 bytes  5055.33 bytes/sec
total size is 9253358  speedup is 1220.28
sending incremental file list

sent 4308 bytes  received 24 bytes  2888.00 bytes/sec
total size is 6387982  speedup is 1474.60
sending incremental file list

sent 7651 bytes  received 20 bytes  5114.00 bytes/sec
total size is 16750790  speedup is 2183.65
sending incremental file list

sent 85 bytes  received 13 bytes  65.33 bytes/sec
total size is 104853504  speedup is 1069933.71
sending incremental file list
operations_commerciales/DEMANDE ECHANTILLONS CL .xls
operations_commerciales/DEMANDE ECHANTILLONS GB.xls
operations_commerciales/Nouveau Document texte.txt
operations_commerciales/chrono demande echantillons.xls
operations_commerciales/sync.ffs_db
operations_commerciales/GMS/2014/A-CENTRALES/GMS CARREFOUR MN 2014-FUTUR MASTER.xls
operations_commerciales/MDD/MODELES CJ/AUCHAN ATAC SCHIEVER/DDE ECHANTILLONS/DEMANDE ECHANTILLONS AUCHAN GOOD 527.xls
operations_commerciales/MDD/MODELES CJ/SYSTEME U/DDE ECHANTILLONS/DEMANDE ECHANTILLONS SU OUEST.xls

sent 252435 bytes  received 10958 bytes  75255.14 bytes/sec
total size is 54059988  speedup is 205.24
sending incremental file list
mercuriales/Nouveau Document texte.txt
mercuriales/sync.ffs_db
mercuriales/EXPORT/2010/
mercuriales/EXPORT/2010/ALVILARDAN 2010.xls
mercuriales/EXPORT/2010/CHAMPION MESTDAGH 2010.xls
mercuriales/EXPORT/2010/HEMA 2010.xls
mercuriales/EXPORT/2010/PHENE 2010.xls
mercuriales/EXPORT/2010/PROVERA BELUX 2010.xls
mercuriales/EXPORT/2010/SANTA MARIA 2010.xls
mercuriales/EXPORT/2011/
mercuriales/EXPORT/2011/ALVILARDAN 2011.xls
mercuriales/EXPORT/2011/HEMA 2011.xls
mercuriales/EXPORT/2011/MATCH BELUX 2011.xls
mercuriales/EXPORT/2011/PHENE 2011.xls
mercuriales/EXPORT/2011/SANTA MARIA 2011.xls
mercuriales/FZC/FZC 2011/FREEZER CENTER 2011.xls
mercuriales/HD/2011/2011 MERCURIALE AUCHAN SD.xls
mercuriales/HD/2011/2011 MERCURIALE LIDL 2010.xls
mercuriales/gms/2011/
mercuriales/gms/2011/CENTRALES/
mercuriales/gms/2011/CENTRALES/AUCHAN 2011.xls
mercuriales/gms/2011/CENTRALES/AUCHAN.FR 2011.xls
mercuriales/gms/2011/CENTRALES/CARREFOUR MARKET MDD 2011.xls
mercuriales/gms/2011/CENTRALES/CARREFOUR MARKET MN 2011.xls
mercuriales/gms/2011/CENTRALES/CARREFOUR MDD ASIE 2011.xls
mercuriales/gms/2011/CENTRALES/CARREFOUR MDD PC PIZZAS 2011.xls
mercuriales/gms/2011/CENTRALES/CARREFOUR MN PC 2011.xls
mercuriales/gms/2011/CENTRALES/CARREFOUR PROXI MN 2011.xls
mercuriales/gms/2011/CENTRALES/CASINO 2011.xls
mercuriales/gms/2011/CENTRALES/INTERMARCHE 2011.xls
mercuriales/gms/2011/CENTRALES/MONOPRIX 2011.xls
mercuriales/gms/2011/CENTRALES/SIMPLY MARKET 2011.xls
mercuriales/gms/2011/CENTRALES/SYSTEME U 2011.xls
mercuriales/gms/2011/CENTRALES/XDISTRIBORG  2011.xls
mercuriales/gms/2011/REGION/
mercuriales/gms/2011/REGION/SCHIEVER 2011.xls
mercuriales/gms/2011/REGION/SEGUREL 2011.xls
mercuriales/gms/2011/REGION/SCA LECLERC/
mercuriales/gms/2011/REGION/SCA LECLERC/GALEC MERCU JANVIER 2011.xls
mercuriales/gms/2011/REGION/SCA LECLERC/GALEC MERCU MARS 2011.xls
mercuriales/gms/2011/REGION/SU REGION/
mercuriales/gms/2011/REGION/SU REGION/SU R\#351gion 2011 JANVIER 2011.xls
mercuriales/gms/2011/REGION/SU REGION/SU R\#351gion 2011 MARS 2011.xls
mercuriales/mdd/2013/2013 MERCURIALE CARREFOUR ASIATIQUE.xls
mercuriales/mdd/2013/2013 MERCURIALE CARREFOUR PLATS CUISINES.xls
mercuriales/mdd/2013/2013 MERCURIALE GROUPE AUCHAN.xls

sent 3031624 bytes  received 9733 bytes  173791.83 bytes/sec
total size is 50577715  speedup is 16.63
sending incremental file list

sent 5598 bytes  received 45 bytes  11286.00 bytes/sec
total size is 9985067  speedup is 1769.46
sending incremental file list

sent 5677 bytes  received 23 bytes  2280.00 bytes/sec
total size is 128675317  speedup is 22574.62
sending incremental file list

sent 4707 bytes  received 36 bytes  3162.00 bytes/sec
total size is 46318934  speedup is 9765.75
sending incremental file list

sent 46203 bytes  received 86 bytes  30859.33 bytes/sec
total size is 274589267  speedup is 5932.06
sending incremental file list
