Démarrage : jeu aoû 21 23:00:02 CEST 2014
Arrêt     : jeu aoû 21 23:00:52 CEST 2014



Base MySQL sélectionnée: agis
Nombre de serveur(s) Linux concerné(s): 4
Nombre de dossier(s) à mettre à jour: 29

sending incremental file list

sent 7305 bytes  received 49 bytes  4902.67 bytes/sec
total size is 13622581  speedup is 1852.40
sending incremental file list

sent 6675 bytes  received 40 bytes  4476.67 bytes/sec
total size is 12849623  speedup is 1913.57
sending incremental file list

sent 63 bytes  received 12 bytes  150.00 bytes/sec
total size is 212826112  speedup is 2837681.49
sending incremental file list

sent 7593 bytes  received 45 bytes  15276.00 bytes/sec
total size is 9254930  speedup is 1211.70
sending incremental file list

sent 7938 bytes  received 20 bytes  5305.33 bytes/sec
total size is 16768700  speedup is 2107.15
sending incremental file list

sent 4308 bytes  received 24 bytes  2888.00 bytes/sec
total size is 6387982  speedup is 1474.60
sending incremental file list
mercuriales/MERCURIALES - AGIS/FZC/FZC 2014/ARGEL 2014.xls
mercuriales/MERCURIALES - AGIS/HD/2014/2014 MERCURIALE LEADER PRICE.xls
mercuriales/MERCURIALES - AGIS/HD/2014/2014 MERCURIALE NETTO.xls
mercuriales/MERCURIALES - AGIS/HD/2014/2014 MERCURIALE NORMA.xls
mercuriales/MERCURIALES - AGIS/gms/2014/CENTRALES 2014/CARREFOUR 2014.xls
mercuriales/MERCURIALES - AGIS/gms/2014/CENTRALES 2014/CARREFOUR MARKET 2014.xls
mercuriales/MERCURIALES - AGIS/mdd/2014/2014 MERCURIALE AUCHAN.xls
mercuriales/MERCURIALES - AGIS/mdd/2014/2014 MERCURIALE CARREFOUR ASIATIQUE.xls
mercuriales/MERCURIALES - AGIS/mdd/2014/2014 MERCURIALE CASINO.xls
mercuriales/MERCURIALES - AGIS/mdd/2014/2014 MERCURIALE MONOPRIX .xls

sent 112336 bytes  received 21362 bytes  53479.20 bytes/sec
total size is 37700704  speedup is 281.98
sending incremental file list

sent 5047 bytes  received 27 bytes  3382.67 bytes/sec
total size is 39173092  speedup is 7720.36
sending incremental file list
operations_commerciales/GMS/RECAP DEMANDE ET CONFIRMATIONS HEBDO 2014.xls
operations_commerciales/GMS/2014/A-CENTRALES/GMS AUCHAN 2014-FUTUR MASTER.xls
operations_commerciales/GMS/2014/A-CENTRALES/GMS SYSTEME U 2014-FUTUR MASTER.xls
operations_commerciales/GMS/2014/D-REGIONS/GMS LECLERC 2014-FUTUR MASTER.xls

sent 181306 bytes  received 16684 bytes  79196.00 bytes/sec
total size is 57309366  speedup is 289.46
sending incremental file list

sent 20406 bytes  received 83 bytes  13659.33 bytes/sec
total size is 99360776  speedup is 4849.47
sending incremental file list

sent 6737 bytes  received 93 bytes  2732.00 bytes/sec
total size is 53070050  speedup is 7770.14
sending incremental file list
modeles/dev_compo_coupelle_neutre-82-avery-G.lab
modeles/dev_compo_coupelle_neutre-82-avery-G_180.lab
modeles/dev_compo_festif_mono_gm-81x67-avery-D.lab
modeles/dev_compo_festif_mono_gm-81x67-avery-D_180.lab
modeles/dev_compo_pc_agis_recto-90x130-sato-G.lab

sent 221782 bytes  received 14940 bytes  94688.80 bytes/sec
total size is 46763520  speedup is 197.55
sending incremental file list
intranet/access/base_codesoft/codesoft.agismde
intranet/access/base_codesoft/codesoft.agismde-2.14.1

sent 932924 bytes  received 8942 bytes  144902.46 bytes/sec
total size is 95071621  speedup is 100.94
sending incremental file list

sent 63 bytes  received 12 bytes  50.00 bytes/sec
total size is 212826112  speedup is 2837681.49
sending incremental file list

sent 7593 bytes  received 45 bytes  5092.00 bytes/sec
total size is 9254930  speedup is 1211.70
sending incremental file list

sent 4308 bytes  received 24 bytes  2888.00 bytes/sec
total size is 6387982  speedup is 1474.60
sending incremental file list

sent 7938 bytes  received 20 bytes  5305.33 bytes/sec
total size is 16768700  speedup is 2107.15
sending incremental file list

sent 85 bytes  received 13 bytes  65.33 bytes/sec
total size is 104853504  speedup is 1069933.71
sending incremental file list
operations_commerciales/GMS/RECAP DEMANDE ET CONFIRMATIONS HEBDO 2014.xls
operations_commerciales/GMS/2014/A-CENTRALES/GMS AUCHAN 2014-FUTUR MASTER.xls
operations_commerciales/GMS/2014/A-CENTRALES/GMS SYSTEME U 2014-FUTUR MASTER.xls
operations_commerciales/GMS/2014/D-REGIONS/GMS LECLERC 2014-FUTUR MASTER.xls

sent 181306 bytes  received 16684 bytes  56568.57 bytes/sec
total size is 57309366  speedup is 289.46
sending incremental file list
mercuriales/MERCURIALES - AGIS/FZC/FZC 2014/ARGEL 2014.xls
mercuriales/MERCURIALES - AGIS/HD/2014/2014 MERCURIALE LEADER PRICE.xls
mercuriales/MERCURIALES - AGIS/HD/2014/2014 MERCURIALE NETTO.xls
mercuriales/MERCURIALES - AGIS/HD/2014/2014 MERCURIALE NORMA.xls
mercuriales/MERCURIALES - AGIS/gms/2014/CENTRALES 2014/CARREFOUR 2014.xls
mercuriales/MERCURIALES - AGIS/gms/2014/CENTRALES 2014/CARREFOUR MARKET 2014.xls
mercuriales/MERCURIALES - AGIS/mdd/2014/2014 MERCURIALE AUCHAN.xls
mercuriales/MERCURIALES - AGIS/mdd/2014/2014 MERCURIALE CARREFOUR ASIATIQUE.xls
mercuriales/MERCURIALES - AGIS/mdd/2014/2014 MERCURIALE CASINO.xls
mercuriales/MERCURIALES - AGIS/mdd/2014/2014 MERCURIALE MONOPRIX .xls

sent 112336 bytes  received 21362 bytes  89132.00 bytes/sec
total size is 37700704  speedup is 281.98
sending incremental file list
modeles/dev_compo_coupelle_neutre-82-avery-G.lab
modeles/dev_compo_coupelle_neutre-82-avery-G_180.lab
modeles/dev_compo_festif_mono_gm-81x67-avery-D.lab
modeles/dev_compo_festif_mono_gm-81x67-avery-D_180.lab
modeles/dev_compo_pc_agis_recto-90x130-sato-G.lab

sent 221782 bytes  received 14940 bytes  94688.80 bytes/sec
total size is 46763520  speedup is 197.55
sending incremental file list

sent 7305 bytes  received 49 bytes  4902.67 bytes/sec
total size is 13622581  speedup is 1852.40
sending incremental file list

sent 5745 bytes  received 23 bytes  3845.33 bytes/sec
total size is 129159129  speedup is 22392.36
sending incremental file list

sent 5610 bytes  received 39 bytes  3766.00 bytes/sec
total size is 59049369  speedup is 10453.07
sending incremental file list

sent 52293 bytes  received 97 bytes  34926.67 bytes/sec
total size is 299707475  speedup is 5720.70
sending incremental file list

sent 20406 bytes  received 83 bytes  8195.60 bytes/sec
total size is 99360776  speedup is 4849.47
sending incremental file list

sent 6737 bytes  received 93 bytes  2732.00 bytes/sec
total size is 53070050  speedup is 7770.14
sending incremental file list

sent 7938 bytes  received 20 bytes  5305.33 bytes/sec
total size is 16768700  speedup is 2107.15
sending incremental file list

sent 7938 bytes  received 20 bytes  5305.33 bytes/sec
total size is 16768700  speedup is 2107.15
