Démarrage : ven avr 11 23:00:01 CEST 2014
Arrêt     : ven avr 11 23:02:43 CEST 2014



Base MySQL sélectionnée: agis
Nombre de serveur(s) Linux concerné(s): 4
Nombre de dossier(s) à mettre à jour: 27

sending incremental file list

sent 7051 bytes  received 49 bytes  4733.33 bytes/sec
total size is 12693370  speedup is 1787.80
sending incremental file list

sent 6274 bytes  received 38 bytes  4208.00 bytes/sec
total size is 12421591  speedup is 1967.93
sending incremental file list
erp_data.mdb

sent 11059055 bytes  received 64291 bytes  177973.54 bytes/sec
total size is 84160512  speedup is 7.57
sending incremental file list

sent 7538 bytes  received 45 bytes  5055.33 bytes/sec
total size is 9253358  speedup is 1220.28
sending incremental file list

sent 7695 bytes  received 20 bytes  5143.33 bytes/sec
total size is 16751789  speedup is 2171.33
sending incremental file list

sent 4308 bytes  received 24 bytes  2888.00 bytes/sec
total size is 6387982  speedup is 1474.60
sending incremental file list
mercuriales/sync.ffs_db
mercuriales/gms/2014/CENTRALES 2014/AUCHAN 2014.xls
mercuriales/gms/2014/CENTRALES 2014/INTERMARCHE 2014.xls
deleting mercuriales/gms/2014/CONTROLE TARIFS 2014/04-AVRIL/2014 AUCHAN ENCORNET FARCI FE.pdf
mercuriales/gms/2014/CONTROLE TARIFS 2014/04-AVRIL/2014 AUCHAN NOUVEAUX PC FE.pdf
mercuriales/mdd/2014/2014 MERCURIALE CARREFOUR ASIATIQUE.xls
mercuriales/mdd/2014/2014 MERCURIALE INTERMARCHE.xls

sent 65794 bytes  received 12546 bytes  17408.89 bytes/sec
total size is 30164196  speedup is 385.04
sending incremental file list

sent 5047 bytes  received 27 bytes  3382.67 bytes/sec
total size is 39173092  speedup is 7720.36
sending incremental file list
operations_commerciales/chrono demande echantillons.xls
operations_commerciales/sync.ffs_lock
operations_commerciales/GMS/RECAP DEMANDE ET CONFIRMATIONS HEBDO.xls
operations_commerciales/GMS/2014/A-CENTRALES/GMS CARREFOUR MARKET 2014-FUTUR MASTER.xls
operations_commerciales/GMS/2014/A-CENTRALES/GMS CASINO 2014-FUTUR MASTER.xls
operations_commerciales/GMS/2014/D-REGIONS/GMS LECLERC 2014-FUTUR MASTER.xls
operations_commerciales/GMS/2014/D-REGIONS/GMS SCHIEVER 2014-FUTUR MASTER.xls

sent 325109 bytes  received 23897 bytes  99716.00 bytes/sec
total size is 49395208  speedup is 141.53
sending incremental file list

sent 20051 bytes  received 78 bytes  13419.33 bytes/sec
total size is 98915848  speedup is 4914.10
sending incremental file list

sent 3601 bytes  received 79 bytes  2453.33 bytes/sec
total size is 21222590  speedup is 5767.01
sending incremental file list

sent 9125 bytes  received 13 bytes  3655.20 bytes/sec
total size is 43824640  speedup is 4795.87
sending incremental file list

sent 5781 bytes  received 30 bytes  3874.00 bytes/sec
total size is 93132165  speedup is 16026.87
sending incremental file list
erp_data.mdb

sent 11059055 bytes  received 64291 bytes  186946.99 bytes/sec
total size is 84160512  speedup is 7.57
sending incremental file list

sent 7538 bytes  received 45 bytes  5055.33 bytes/sec
total size is 9253358  speedup is 1220.28
sending incremental file list

sent 4308 bytes  received 24 bytes  2888.00 bytes/sec
total size is 6387982  speedup is 1474.60
sending incremental file list

sent 7695 bytes  received 20 bytes  5143.33 bytes/sec
total size is 16751789  speedup is 2171.33
sending incremental file list

sent 85 bytes  received 13 bytes  65.33 bytes/sec
total size is 104853504  speedup is 1069933.71
sending incremental file list
operations_commerciales/chrono demande echantillons.xls
operations_commerciales/sync.ffs_lock
operations_commerciales/GMS/RECAP DEMANDE ET CONFIRMATIONS HEBDO.xls
operations_commerciales/GMS/2014/A-CENTRALES/GMS CARREFOUR MARKET 2014-FUTUR MASTER.xls
operations_commerciales/GMS/2014/A-CENTRALES/GMS CASINO 2014-FUTUR MASTER.xls
operations_commerciales/GMS/2014/D-REGIONS/GMS LECLERC 2014-FUTUR MASTER.xls
operations_commerciales/GMS/2014/D-REGIONS/GMS SCHIEVER 2014-FUTUR MASTER.xls

sent 325109 bytes  received 23897 bytes  99716.00 bytes/sec
total size is 49395208  speedup is 141.53
sending incremental file list
mercuriales/sync.ffs_db
mercuriales/gms/2014/CENTRALES 2014/AUCHAN 2014.xls
mercuriales/gms/2014/CENTRALES 2014/INTERMARCHE 2014.xls
deleting mercuriales/gms/2014/CONTROLE TARIFS 2014/04-AVRIL/2014 AUCHAN ENCORNET FARCI FE.pdf
mercuriales/gms/2014/CONTROLE TARIFS 2014/04-AVRIL/2014 AUCHAN NOUVEAUX PC FE.pdf
mercuriales/mdd/2014/2014 MERCURIALE CARREFOUR ASIATIQUE.xls
mercuriales/mdd/2014/2014 MERCURIALE INTERMARCHE.xls

sent 65794 bytes  received 12546 bytes  52226.67 bytes/sec
total size is 30164196  speedup is 385.04
sending incremental file list

sent 9125 bytes  received 13 bytes  6092.00 bytes/sec
total size is 43824640  speedup is 4795.87
sending incremental file list

sent 7051 bytes  received 49 bytes  4733.33 bytes/sec
total size is 12693370  speedup is 1787.80
sending incremental file list

sent 5732 bytes  received 23 bytes  3836.67 bytes/sec
total size is 129183193  speedup is 22447.12
sending incremental file list

sent 5610 bytes  received 39 bytes  3766.00 bytes/sec
total size is 59049369  speedup is 10453.07
sending incremental file list
codesoft/Codesoft 7/Casino FE/1.05.2014/acras_recto.bak
codesoft/Codesoft 7/Casino FE/1.05.2014/acras_recto.lab

sent 57914 bytes  received 1251 bytes  39443.33 bytes/sec
total size is 292788819  speedup is 4948.68
sending incremental file list

sent 20051 bytes  received 78 bytes  8051.60 bytes/sec
total size is 98915848  speedup is 4914.10
sending incremental file list

sent 3601 bytes  received 79 bytes  2453.33 bytes/sec
total size is 21222590  speedup is 5767.01
