Démarrage : ven déc 27 23:00:01 CET 2013
Arrêt     : ven déc 27 23:00:41 CET 2013



Base MySQL sélectionnée: agis
Nombre de serveur(s) Linux concerné(s): 4
Nombre de dossier(s) à mettre à jour: 24

sending incremental file list

sent 5598 bytes  received 45 bytes  3762.00 bytes/sec
total size is 9985579  speedup is 1769.55
sending incremental file list

sent 5788 bytes  received 34 bytes  2328.80 bytes/sec
total size is 11670095  speedup is 2004.48
sending incremental file list

sent 63 bytes  received 12 bytes  50.00 bytes/sec
total size is 81426432  speedup is 1085685.76
sending incremental file list

sent 7538 bytes  received 45 bytes  5055.33 bytes/sec
total size is 9253358  speedup is 1220.28
sending incremental file list

sent 7683 bytes  received 20 bytes  5135.33 bytes/sec
total size is 16751831  speedup is 2174.72
sending incremental file list

sent 4308 bytes  received 24 bytes  2888.00 bytes/sec
total size is 6387982  speedup is 1474.60
sending incremental file list
mercuriales/mdd/2014/2014 MERCURIALE AUCHAN.xls

sent 23453 bytes  received 903 bytes  6958.86 bytes/sec
total size is 48858460  speedup is 2006.01
sending incremental file list

sent 5047 bytes  received 27 bytes  3382.67 bytes/sec
total size is 39173092  speedup is 7720.36
sending incremental file list
operations_commerciales/chrono demande echantillons.xls
operations_commerciales/FZC/OP FZC 2014/FZC ARGEL 2014.xls
operations_commerciales/GMS/2014/A-CENTRALES/GMS AUCHAN 2014-FUTUR MASTER.xls
operations_commerciales/GMS/2014/A-CENTRALES/GMS CARREFOUR 2014-FUTUR MASTER.xls
operations_commerciales/GMS/2014/B-CONFIRMATIONS OPERATIONS/AUCHAN/2014 AUCHAN OP MARS 2 MOULES MARINIERES.xls
operations_commerciales/GMS/2014/B-CONFIRMATIONS OPERATIONS/AUCHAN/2014 AUCHAN OP MARS 3 NEM ET RAVIOLIS.xls
operations_commerciales/MDD/MODELES VB/DEM ECHANTILLONS/2013/Chrono 712 ITM 271213.XLS

sent 255208 bytes  received 14541 bytes  59944.22 bytes/sec
total size is 60360816  speedup is 223.77
sending incremental file list

sent 20908 bytes  received 88 bytes  8398.40 bytes/sec
total size is 99120505  speedup is 4720.92
sending incremental file list

sent 7378 bytes  received 13 bytes  4927.33 bytes/sec
total size is 32486400  speedup is 4395.40
sending incremental file list

sent 63 bytes  received 12 bytes  50.00 bytes/sec
total size is 81426432  speedup is 1085685.76
sending incremental file list

sent 7538 bytes  received 45 bytes  5055.33 bytes/sec
total size is 9253358  speedup is 1220.28
sending incremental file list

sent 4308 bytes  received 24 bytes  2888.00 bytes/sec
total size is 6387982  speedup is 1474.60
sending incremental file list

sent 7683 bytes  received 20 bytes  5135.33 bytes/sec
total size is 16751831  speedup is 2174.72
sending incremental file list

sent 85 bytes  received 13 bytes  65.33 bytes/sec
total size is 104853504  speedup is 1069933.71
sending incremental file list
operations_commerciales/chrono demande echantillons.xls
operations_commerciales/FZC/OP FZC 2014/FZC ARGEL 2014.xls
operations_commerciales/GMS/2014/A-CENTRALES/GMS AUCHAN 2014-FUTUR MASTER.xls
operations_commerciales/GMS/2014/A-CENTRALES/GMS CARREFOUR 2014-FUTUR MASTER.xls
operations_commerciales/GMS/2014/B-CONFIRMATIONS OPERATIONS/AUCHAN/2014 AUCHAN OP MARS 2 MOULES MARINIERES.xls
operations_commerciales/GMS/2014/B-CONFIRMATIONS OPERATIONS/AUCHAN/2014 AUCHAN OP MARS 3 NEM ET RAVIOLIS.xls
operations_commerciales/MDD/MODELES VB/DEM ECHANTILLONS/2013/Chrono 712 ITM 271213.XLS

sent 255208 bytes  received 14541 bytes  77071.14 bytes/sec
total size is 60360816  speedup is 223.77
sending incremental file list
mercuriales/mdd/2014/2014 MERCURIALE AUCHAN.xls

sent 23453 bytes  received 903 bytes  16237.33 bytes/sec
total size is 48858460  speedup is 2006.01
sending incremental file list

sent 7378 bytes  received 13 bytes  4927.33 bytes/sec
total size is 32486400  speedup is 4395.40
sending incremental file list

sent 5598 bytes  received 45 bytes  3762.00 bytes/sec
total size is 9985579  speedup is 1769.55
sending incremental file list

sent 5677 bytes  received 23 bytes  3800.00 bytes/sec
total size is 128675317  speedup is 22574.62
sending incremental file list

sent 5353 bytes  received 38 bytes  3594.00 bytes/sec
total size is 56169881  speedup is 10419.20
sending incremental file list

sent 48880 bytes  received 93 bytes  19589.20 bytes/sec
total size is 282598995  speedup is 5770.51
sending incremental file list
