Démarrage : lun mai  5 23:00:02 CEST 2014
Arrêt     : lun mai  5 23:01:15 CEST 2014



Base MySQL sélectionnée: agis
Nombre de serveur(s) Linux concerné(s): 4
Nombre de dossier(s) à mettre à jour: 29

sending incremental file list

sent 7051 bytes  received 49 bytes  2840.00 bytes/sec
total size is 12693370  speedup is 1787.80
sending incremental file list

sent 6274 bytes  received 38 bytes  2524.80 bytes/sec
total size is 12421591  speedup is 1967.93
sending incremental file list
erp_data.mdb

sent 13410 bytes  received 65747 bytes  14392.18 bytes/sec
total size is 88092672  speedup is 1112.89
sending incremental file list

sent 7538 bytes  received 45 bytes  5055.33 bytes/sec
total size is 9253358  speedup is 1220.28
sending incremental file list

sent 7695 bytes  received 20 bytes  5143.33 bytes/sec
total size is 16751789  speedup is 2171.33
sending incremental file list

sent 4308 bytes  received 24 bytes  2888.00 bytes/sec
total size is 6387982  speedup is 1474.60
sending incremental file list
mercuriales/sync.ffs_db
mercuriales/sync.ffs_lock
mercuriales/gms/2014/CENTRALES 2014/CASINO 2014.xls
mercuriales/gms/2014/CONTROLE TARIFS 2014/05-MAI/AFFILIES RP.pdf
mercuriales/gms/2014/CONTROLE TARIFS 2014/05-MAI/CARREFOUR MARKET RP.pdf
mercuriales/gms/2014/CONTROLE TARIFS 2014/05-MAI/CARREFOUR RP.pdf
mercuriales/mdd/2014/2014 MERCURIALE AUCHAN.xls

sent 93470 bytes  received 7508 bytes  18359.64 bytes/sec
total size is 31439962  speedup is 311.35
sending incremental file list

sent 5047 bytes  received 27 bytes  3382.67 bytes/sec
total size is 39173092  speedup is 7720.36
sending incremental file list
operations_commerciales/DEMANDE ECHANTILLONS CL .xls
operations_commerciales/chrono demande echantillons.xls
operations_commerciales/GMS/RECAP DEMANDE ET CONFIRMATIONS HEBDO 2014.xls
operations_commerciales/GMS/2014/A-CENTRALES/GMS CARREFOUR 2014-FUTUR MASTER.xls
operations_commerciales/GMS/2014/A-CENTRALES/GMS CASINO 2014-FUTUR MASTER.xls
operations_commerciales/GMS/2014/A-CENTRALES/GMS SYSTEME U 2014-FUTUR MASTER.xls
operations_commerciales/GMS/2014/B-CONFIRMATIONS OPERATIONS/CARREFOUR/2014 CARREFOUR PROMO 24 PLATEAUX APERO PIZZA.xls
operations_commerciales/GMS/2014/D-REGIONS/GMS SCHIEVER 2014-FUTUR MASTER.xls
operations_commerciales/MDD/OP MDD 2013/MDD AUCHAN 2013 FUTUR MASTER.xls

sent 259580 bytes  received 23583 bytes  26967.90 bytes/sec
total size is 50126235  speedup is 177.02
sending incremental file list

sent 20167 bytes  received 80 bytes  8098.80 bytes/sec
total size is 98935304  speedup is 4886.42
sending incremental file list
gofast/sync.ffs_db

sent 6699 bytes  received 125 bytes  2729.60 bytes/sec
total size is 35609223  speedup is 5218.23
sending incremental file list
modeles/compo_asia_plateau_aperitif_recto.bak
modeles/compo_asia_plateau_aperitif_recto.lab
modeles/compo_asia_plateau_aperitif_verso.lab
modeles/compo_pc_frais_emballe_recto.lab
modeles/compo_pc_frais_emballe_recto_180.lab
modeles/test_surface_impression.lab
modeles/test_surface_impression_180.lab

sent 113389 bytes  received 146 bytes  45414.00 bytes/sec
total size is 45704192  speedup is 402.56
sending incremental file list

sent 5781 bytes  received 30 bytes  3874.00 bytes/sec
total size is 93132165  speedup is 16026.87
sending incremental file list
erp_data.mdb

sent 13410 bytes  received 65747 bytes  22616.29 bytes/sec
total size is 88092672  speedup is 1112.89
sending incremental file list

sent 7538 bytes  received 45 bytes  5055.33 bytes/sec
total size is 9253358  speedup is 1220.28
sending incremental file list

sent 4308 bytes  received 24 bytes  2888.00 bytes/sec
total size is 6387982  speedup is 1474.60
sending incremental file list

sent 7695 bytes  received 20 bytes  5143.33 bytes/sec
total size is 16751789  speedup is 2171.33
sending incremental file list

sent 85 bytes  received 13 bytes  65.33 bytes/sec
total size is 104853504  speedup is 1069933.71
sending incremental file list
operations_commerciales/DEMANDE ECHANTILLONS CL .xls
operations_commerciales/chrono demande echantillons.xls
operations_commerciales/GMS/RECAP DEMANDE ET CONFIRMATIONS HEBDO 2014.xls
operations_commerciales/GMS/2014/A-CENTRALES/GMS CARREFOUR 2014-FUTUR MASTER.xls
operations_commerciales/GMS/2014/A-CENTRALES/GMS CASINO 2014-FUTUR MASTER.xls
operations_commerciales/GMS/2014/A-CENTRALES/GMS SYSTEME U 2014-FUTUR MASTER.xls
operations_commerciales/GMS/2014/B-CONFIRMATIONS OPERATIONS/CARREFOUR/2014 CARREFOUR PROMO 24 PLATEAUX APERO PIZZA.xls
operations_commerciales/GMS/2014/D-REGIONS/GMS SCHIEVER 2014-FUTUR MASTER.xls
operations_commerciales/MDD/OP MDD 2013/MDD AUCHAN 2013 FUTUR MASTER.xls

sent 259580 bytes  received 23583 bytes  80903.71 bytes/sec
total size is 50126235  speedup is 177.02
sending incremental file list
mercuriales/sync.ffs_db
mercuriales/sync.ffs_lock
mercuriales/gms/2014/CENTRALES 2014/CASINO 2014.xls
mercuriales/gms/2014/CONTROLE TARIFS 2014/05-MAI/AFFILIES RP.pdf
mercuriales/gms/2014/CONTROLE TARIFS 2014/05-MAI/CARREFOUR MARKET RP.pdf
mercuriales/gms/2014/CONTROLE TARIFS 2014/05-MAI/CARREFOUR RP.pdf
mercuriales/mdd/2014/2014 MERCURIALE AUCHAN.xls

sent 93470 bytes  received 7508 bytes  40391.20 bytes/sec
total size is 31439963  speedup is 311.35
sending incremental file list
modeles/compo_asia_plateau_aperitif_recto.bak
modeles/compo_asia_plateau_aperitif_recto.lab
modeles/compo_asia_plateau_aperitif_verso.lab
modeles/compo_pc_frais_emballe_recto.lab
modeles/compo_pc_frais_emballe_recto_180.lab
modeles/test_surface_impression.lab
modeles/test_surface_impression_180.lab

sent 113389 bytes  received 146 bytes  45414.00 bytes/sec
total size is 45704192  speedup is 402.56
sending incremental file list

sent 7051 bytes  received 49 bytes  4733.33 bytes/sec
total size is 12693370  speedup is 1787.80
sending incremental file list

sent 5732 bytes  received 23 bytes  3836.67 bytes/sec
total size is 129183193  speedup is 22447.12
sending incremental file list

sent 5610 bytes  received 39 bytes  3766.00 bytes/sec
total size is 59049369  speedup is 10453.07
sending incremental file list

sent 51070 bytes  received 95 bytes  20466.00 bytes/sec
total size is 293952595  speedup is 5745.19
sending incremental file list

sent 20167 bytes  received 80 bytes  4499.33 bytes/sec
total size is 98935304  speedup is 4886.42
sending incremental file list
gofast/sync.ffs_db

sent 6699 bytes  received 125 bytes  1949.71 bytes/sec
total size is 35609223  speedup is 5218.23
sending incremental file list

sent 7695 bytes  received 20 bytes  1714.44 bytes/sec
total size is 16751789  speedup is 2171.33
sending incremental file list

sent 7695 bytes  received 20 bytes  1714.44 bytes/sec
total size is 16751789  speedup is 2171.33
