Démarrage : jeu jan  2 23:00:02 CET 2014
Arrêt     : jeu jan  2 23:00:49 CET 2014



Base MySQL sélectionnée: agis
Nombre de serveur(s) Linux concerné(s): 4
Nombre de dossier(s) à mettre à jour: 24

sending incremental file list

sent 5598 bytes  received 45 bytes  3762.00 bytes/sec
total size is 9985579  speedup is 1769.55
sending incremental file list

sent 5788 bytes  received 34 bytes  3881.33 bytes/sec
total size is 11670095  speedup is 2004.48
sending incremental file list

sent 63 bytes  received 12 bytes  50.00 bytes/sec
total size is 81426432  speedup is 1085685.76
sending incremental file list

sent 7538 bytes  received 45 bytes  5055.33 bytes/sec
total size is 9253358  speedup is 1220.28
sending incremental file list

sent 7683 bytes  received 20 bytes  3081.20 bytes/sec
total size is 16751831  speedup is 2174.72
sending incremental file list

sent 4308 bytes  received 24 bytes  2888.00 bytes/sec
total size is 6387982  speedup is 1474.60
sending incremental file list
mercuriales/sync.ffs_db
deleting mercuriales/gms/2013/REGION 2013/ARCHIVES/MARS-AVRIL 2013/SU R\#351gion MARS-AVRIL 2013.xls
deleting mercuriales/gms/2013/REGION 2013/ARCHIVES/MARS-AVRIL 2013/SEGUREL MARS 2013.xls
deleting mercuriales/gms/2013/REGION 2013/ARCHIVES/MARS-AVRIL 2013/SCHIEVER MERCU MARS-AVRIL 2013.xls
deleting mercuriales/gms/2013/REGION 2013/ARCHIVES/MARS-AVRIL 2013/GALEC REGION MERCU MARS-AVRIL 2013.xls
deleting mercuriales/gms/2013/REGION 2013/ARCHIVES/MARS-AVRIL 2013/
deleting mercuriales/gms/2013/REGION 2013/ARCHIVES/JANVIER 2013/SU R\#351gion JANVIER 2013.xls
deleting mercuriales/gms/2013/REGION 2013/ARCHIVES/JANVIER 2013/SEGUREL JANVIER 2013.xls
deleting mercuriales/gms/2013/REGION 2013/ARCHIVES/JANVIER 2013/SCHIEVER MERCU JANVIER 2013.xls
deleting mercuriales/gms/2013/REGION 2013/ARCHIVES/JANVIER 2013/GALEC REGION MERCU JANVIER 2013.xls
deleting mercuriales/gms/2013/REGION 2013/ARCHIVES/JANVIER 2013/
deleting mercuriales/gms/2013/REGION 2013/ARCHIVES/SU R\#351gion MAI 2013.xls
deleting mercuriales/gms/2013/REGION 2013/ARCHIVES/GALEC REGION MERCU JUIN 2013.xls
deleting mercuriales/gms/2013/REGION 2013/ARCHIVES/
deleting mercuriales/gms/2013/REGION 2013/SU R\#351gion OCT 2013.xls
deleting mercuriales/gms/2013/REGION 2013/SIMPLY ENTREPOT NOV 2013.xls
deleting mercuriales/gms/2013/REGION 2013/SEGUREL MAI 2013.xls
deleting mercuriales/gms/2013/REGION 2013/SCHIEVER MERCU MAI 2013.xls
deleting mercuriales/gms/2013/REGION 2013/GALEC REGION MERCU OCT 2013.xls
deleting mercuriales/gms/2013/REGION 2013/
deleting mercuriales/gms/2013/CONTROLE TARIF 2013/8-AOUT/AUCHAN ROULEAUX PRINTEMPS SAUMON 01-08-2013.pdf
deleting mercuriales/gms/2013/CONTROLE TARIF 2013/8-AOUT/
deleting mercuriales/gms/2013/CONTROLE TARIF 2013/7-JUILLET/2013 INTERMARCHE PROMO DU 08-07 AU 02-09.pdf
deleting mercuriales/gms/2013/CONTROLE TARIF 2013/7-JUILLET/2013 CARREFOUR PRIX PIZZAS LTA.pdf
deleting mercuriales/gms/2013/CONTROLE TARIF 2013/7-JUILLET/
deleting mercuriales/gms/2013/CONTROLE TARIF 2013/6-JUIN/2013 SYSTEME U SAMOSSA VOLAILLE JUIN.pdf
deleting mercuriales/gms/2013/CONTROLE TARIF 2013/6-JUIN/2013 SYSTEME U NOUVEAUX PRODUITS JUIN.pdf
deleting mercuriales/gms/2013/CONTROLE TARIF 2013/6-JUIN/2013 AUCHAN GAMME PC FE.pdf
deleting mercuriales/gms/2013/CONTROLE TARIF 2013/6-JUIN/
deleting mercuriales/gms/2013/CONTROLE TARIF 2013/5-MAI/2013 SYSTEME U NOUVEAUX PRIXAU 01-05-2013.pdf
deleting mercuriales/gms/2013/CONTROLE TARIF 2013/5-MAI/2013 CASINO PAELLA PORC CARAMEL 01-05-2013.pdf
deleting mercuriales/gms/2013/CONTROLE TARIF 2013/5-MAI/2013 AUCHAN.FR NOUVEAUX PRODUITS 25-05-2013.pdf
deleting mercuriales/gms/2013/CONTROLE TARIF 2013/5-MAI/
deleting mercuriales/gms/2013/CONTROLE TARIF 2013/4-AVRIL/SYSTEMEU POURSUITE DES PRIX AU 01-04-2013.pdf
deleting mercuriales/gms/2013/CONTROLE TARIF 2013/4-AVRIL/SIMPLY MARKET PRIX VIANDES CUITES 08-04-2013.pdf
deleting mercuriales/gms/2013/CONTROLE TARIF 2013/4-AVRIL/SIMPLY MARKET NOUVEAUX PRIX AU 08-04-2013.pdf
deleting mercuriales/gms/2013/CONTROLE TARIF 2013/4-AVRIL/INTERMARCHE PIZZA CAPRA.pdf
deleting mercuriales/gms/2013/CONTROLE TARIF 2013/4-AVRIL/INTERMARCHE NOUVEAUX PRODUITS 06-04-2013.pdf
deleting mercuriales/gms/2013/CONTROLE TARIF 2013/4-AVRIL/GALEC NOUVEAUTES AU 01-04-2013.pdf
deleting mercuriales/gms/2013/CONTROLE TARIF 2013/4-AVRIL/CASINO NOUVEAUX PRIX ET REMISES.pdf
deleting mercuriales/gms/2013/CONTROLE TARIF 2013/4-AVRIL/CASINO NOUVEAUX PC ASIE AU 01-04-2013.pdf
deleting mercuriales/gms/2013/CONTROLE TARIF 2013/4-AVRIL/CASINO FACTURATION COUSCOUS FE EN BARQUETTE.pdf
deleting mercuriales/gms/2013/CONTROLE TARIF 2013/4-AVRIL/CARREFOUR MARKET YAKITORIS 01-04-2013.pdf
deleting mercuriales/gms/2013/CONTROLE TARIF 2013/4-AVRIL/CARREFOUR MARKET GAMME MN 01-04-2013.pdf
deleting mercuriales/gms/2013/CONTROLE TARIF 2013/4-AVRIL/CARREFOUR GAMME MN 01-04-2013.pdf
deleting mercuriales/gms/2013/CONTROLE TARIF 2013/4-AVRIL/CARREFOUR GAMME ASIE 01-04-2013.pdf
deleting mercuriales/gms/2013/CONTROLE TARIF 2013/4-AVRIL/AUCHAN GYOZAS AU 01-04-2013.pdf
deleting mercuriales/gms/2013/CONTROLE TARIF 2013/4-AVRIL/AUCHAN DIRECT ANIMATIONS CHAUD.pdf
deleting mercuriales/gms/2013/CONTROLE TARIF 2013/4-AVRIL/
deleting mercuriales/gms/2013/CONTROLE TARIF 2013/3-MARS/SYSTEME U PRIX AU 01-03-2013.pdf
deleting mercuriales/gms/2013/CONTROLE TARIF 2013/3-MARS/SIMPLY MARKET NOUVEAUX PRIX AU 01-03-2013.pdf
deleting mercuriales/gms/2013/CONTROLE TARIF 2013/3-MARS/INTERMARCHE NOUVELLES COQUILLES AU 01-03-2013.pdf
deleting mercuriales/gms/2013/CONTROLE TARIF 2013/3-MARS/INTERMARCHE NOUVEAUX PRIX AU 01-03-2013.pdf
deleting mercuriales/gms/2013/CONTROLE TARIF 2013/3-MARS/GALEC NOUVELLE COQUILLE AU 01-03-2013.pdf
deleting mercuriales/gms/2013/CONTROLE TARIF 2013/3-MARS/CASINO NOUVEAUX PRIX AU 01-03-2013.pdf
deleting mercuriales/gms/2013/CONTROLE TARIF 2013/3-MARS/CARREFOUR PC RC PRIX AU 01-03-2013.pdf
deleting mercuriales/gms/2013/CONTROLE TARIF 2013/3-MARS/CARREFOUR MN NOUVEAUX PRIX AU 01-03-2013.pdf
deleting mercuriales/gms/2013/CONTROLE TARIF 2013/3-MARS/CARREFOUR MARKET PC RC AU 01-03-2013.pdf
deleting mercuriales/gms/2013/CONTROLE TARIF 2013/3-MARS/CARREFOUR MARKET MN NOUVEAUX PRIX 01-03-2013.pdf
deleting mercuriales/gms/2013/CONTROLE TARIF 2013/3-MARS/CARREFOUR ASIE PRIX AU 01-03-2013.pdf
deleting mercuriales/gms/2013/CONTROLE TARIF 2013/3-MARS/AUCHAN.FR PRIX AU 01-03-2013.pdf
deleting mercuriales/gms/2013/CONTROLE TARIF 2013/3-MARS/AUCHAN NOUVEAUX PRIX ASIE AU 01-03-2013.pdf
deleting mercuriales/gms/2013/CONTROLE TARIF 2013/3-MARS/AUCHAN ANIMATION VENTE CHAUD DIRECT AU 01-03-2013.pdf
deleting mercuriales/gms/2013/CONTROLE TARIF 2013/3-MARS/
deleting mercuriales/gms/2013/CONTROLE TARIF 2013/2-FEVRIER/2013 CARREFOUR NOUVEAUX PRIX PIZZAS.pdf
deleting mercuriales/gms/2013/CONTROLE TARIF 2013/2-FEVRIER/
deleting mercuriales/gms/2013/CONTROLE TARIF 2013/12-DECEMBRE/2013 SIMPLY CHIPS CREVETTES.pdf
deleting mercuriales/gms/2013/CONTROLE TARIF 2013/12-DECEMBRE/
deleting mercuriales/gms/2013/CONTROLE TARIF 2013/11-NOVEMBRE/2013 INTERMARCHE PIZZAS.pdf
deleting mercuriales/gms/2013/CONTROLE TARIF 2013/11-NOVEMBRE/2013 INTERMARCHE CREPES ET GALETTES.pdf
deleting mercuriales/gms/2013/CONTROLE TARIF 2013/11-NOVEMBRE/2013 CASINO CHIPS CREVETTES.pdf
deleting mercuriales/gms/2013/CONTROLE TARIF 2013/11-NOVEMBRE/2013 CASINO CADENCIER FESTIFS.pdf
deleting mercuriales/gms/2013/CONTROLE TARIF 2013/11-NOVEMBRE/2013 CARREFOUR PIZZAS.pdf
deleting mercuriales/gms/2013/CONTROLE TARIF 2013/11-NOVEMBRE/2013 CARREFOUR PIZZAS FLUX POUSSE.pdf
deleting mercuriales/gms/2013/CONTROLE TARIF 2013/11-NOVEMBRE/2013 CARREFOUR NOUVEAUX PRODUITS.pdf
deleting mercuriales/gms/2013/CONTROLE TARIF 2013/11-NOVEMBRE/
deleting mercuriales/gms/2013/CONTROLE TARIF 2013/10-OCTOBRE/INTERMARCHE GAMME FE NOUVEAUX 01-10-2013.pdf
deleting mercuriales/gms/2013/CONTROLE TARIF 2013/10-OCTOBRE/GALEC PROMO PERM 10%.pdf
deleting mercuriales/gms/2013/CONTROLE TARIF 2013/10-OCTOBRE/CASINO NOUVEAUX PRIIX 01-10-2013.pdf
deleting mercuriales/gms/2013/CONTROLE TARIF 2013/10-OCTOBRE/CASINO GAMME FE NOUVEAUX 01-10-2013.pdf
deleting mercuriales/gms/2013/CONTROLE TARIF 2013/10-OCTOBRE/CARREFOUR GAMME PC FE.pdf
deleting mercuriales/gms/2013/CONTROLE TARIF 2013/10-OCTOBRE/CARREFOUR DEMARRAGE GALETTES 2 SAUMONS.pdf
deleting mercuriales/gms/2013/CONTROLE TARIF 2013/10-OCTOBRE/AUCHAN GAMME PC FE.pdf
deleting mercuriales/gms/2013/CONTROLE TARIF 2013/10-OCTOBRE/
deleting mercuriales/gms/2013/CONTROLE TARIF 2013/1-JANVIER/SYSTEME U SUD APPLICATION AU 01-01-2013.pdf
deleting mercuriales/gms/2013/CONTROLE TARIF 2013/1-JANVIER/SYSTEME U OUEST APPLICATION AU 01-01-2013.pdf
deleting mercuriales/gms/2013/CONTROLE TARIF 2013/1-JANVIER/SYSTEME U EST APPLICATION AU 01-01-2013.pdf
deleting mercuriales/gms/2013/CONTROLE TARIF 2013/1-JANVIER/SYSTEME U APPLICATION AU 01-01-2013.pdf
deleting mercuriales/gms/2013/CONTROLE TARIF 2013/1-JANVIER/SIMPLY MARKET APPLICATION AU 01-01-2013.pdf
deleting mercuriales/gms/2013/CONTROLE TARIF 2013/1-JANVIER/INTERMARCHE APPLICATION AU 01-01-2013.pdf
deleting mercuriales/gms/2013/CONTROLE TARIF 2013/1-JANVIER/INTERMARCHE APPLICATION AU 01-01-2013 RIZ CANTO.pdf
deleting mercuriales/gms/2013/CONTROLE TARIF 2013/1-JANVIER/GALEC APPLICATION AU 01-01-2013.pdf
deleting mercuriales/gms/2013/CONTROLE TARIF 2013/1-JANVIER/CARREFOUR MN APPLICATION AU 01-01-2013.pdf
deleting mercuriales/gms/2013/CONTROLE TARIF 2013/1-JANVIER/CARREFOUR MDD PC APPLICATION AU 01-01-2013.pdf
deleting mercuriales/gms/2013/CONTROLE TARIF 2013/1-JANVIER/CARREFOUR MARKET MN APPLICATION AU 01-01-2013.pdf
deleting mercuriales/gms/2013/CONTROLE TARIF 2013/1-JANVIER/CARREFOUR MARKET MDD PC APPLICATION AU 01-01-2013.pdf
deleting mercuriales/gms/2013/CONTROLE TARIF 2013/1-JANVIER/CARREFOUR ASIE APPLICATION AU 01-01-2013.pdf
deleting mercuriales/gms/2013/CONTROLE TARIF 2013/1-JANVIER/CARREFOUR ASIE APPLICATION AU 01-01-2013 NEM COCKTAIL.pdf
deleting mercuriales/gms/2013/CONTROLE TARIF 2013/1-JANVIER/AUCHAN.FR APPLICATION AU 01-01-2013.pdf
deleting mercuriales/gms/2013/CONTROLE TARIF 2013/1-JANVIER/AUCHAN NOUVEAUX PRIX ASIE AU 01-01-2013.pdf
deleting mercuriales/gms/2013/CONTROLE TARIF 2013/1-JANVIER/AUCHAN APPLICATION AU 01-01-2013.pdf
deleting mercuriales/gms/2013/CONTROLE TARIF 2013/1-JANVIER/AUCHAN ANIMATION APPLICATION AU 01-01-2013.pdf
deleting mercuriales/gms/2013/CONTROLE TARIF 2013/1-JANVIER/
deleting mercuriales/gms/2013/CONTROLE TARIF 2013/09-SEPTEMBRE/SYSTEME U PRIX SANS LA RPP LANCEMENT.pdf
deleting mercuriales/gms/2013/CONTROLE TARIF 2013/09-SEPTEMBRE/SYSTEME U PRIX AU 01-09-2013 CHOUX FARCIS.pdf
deleting mercuriales/gms/2013/CONTROLE TARIF 2013/09-SEPTEMBRE/SIMPLY MARKET REDEMARRAGE 23-09-2013.pdf
deleting mercuriales/gms/2013/CONTROLE TARIF 2013/09-SEPTEMBRE/CASINO PRIX AU 23-09-2013.pdf
deleting mercuriales/gms/2013/CONTROLE TARIF 2013/09-SEPTEMBRE/
deleting mercuriales/gms/2013/CONTROLE TARIF 2013/
deleting mercuriales/gms/2013/CENTRALES 2013/SYSTEME U 2013.xls
deleting mercuriales/gms/2013/CENTRALES 2013/SIMPLY MARKET 2013.xls
deleting mercuriales/gms/2013/CENTRALES 2013/INTERMARCHE 2013.xls
deleting mercuriales/gms/2013/CENTRALES 2013/CASINO 2013.xls
deleting mercuriales/gms/2013/CENTRALES 2013/CARREFOUR PROXI MN ASIE 2013.xls
deleting mercuriales/gms/2013/CENTRALES 2013/CARREFOUR PROXI MN 2013.xls
deleting mercuriales/gms/2013/CENTRALES 2013/CARREFOUR PROXI MDD PC 2013.xls
deleting mercuriales/gms/2013/CENTRALES 2013/CARREFOUR MN ASIE 2013.xls
deleting mercuriales/gms/2013/CENTRALES 2013/CARREFOUR MN 2013.xls
deleting mercuriales/gms/2013/CENTRALES 2013/CARREFOUR MDD PC PIZZAS 2013.xls
deleting mercuriales/gms/2013/CENTRALES 2013/CARREFOUR MARKET MN ASIE 2013.xls
deleting mercuriales/gms/2013/CENTRALES 2013/CARREFOUR MARKET MN 2013.xls
deleting mercuriales/gms/2013/CENTRALES 2013/CARREFOUR MARKET MDD PC PIZZAS 2013.xls
deleting mercuriales/gms/2013/CENTRALES 2013/AUCHAN.FR 2013.xls
deleting mercuriales/gms/2013/CENTRALES 2013/AUCHAN 2013.xls
deleting mercuriales/gms/2013/CENTRALES 2013/
deleting mercuriales/gms/2013/
mercuriales/gms/2014/CENTRALES 2014/AUCHAN 2014.xls
mercuriales/gms/2014/CENTRALES 2014/CASINO 2014.xls
mercuriales/gms/2014/REGIONS  2014/GALEC REGION MERCU JANVIER 2014.xls
mercuriales/mdd/2014/2014 MERCURIALE PROVERA.xls
mercuriales/mdd/2014/2014 MERCURIALE SYSTEME U.xls

sent 87157 bytes  received 15869 bytes  22894.67 bytes/sec
total size is 25016959  speedup is 242.82
sending incremental file list

sent 5047 bytes  received 27 bytes  3382.67 bytes/sec
total size is 39173092  speedup is 7720.36
sending incremental file list
deleting operations_commerciales/MARIE Trame demande \#351chantillonnage SABLE.doc
operations_commerciales/INTERLOCUTEURS DEMANDES ECHANTILLONS.xls
operations_commerciales/chrono demande echantillons.xls
operations_commerciales/GMS/RECAP DEMANDE ET CONFIRMATIONS HEBDO.xls
operations_commerciales/GMS/2014/A-CENTRALES/GMS AUCHAN 2014-FUTUR MASTER.xls
operations_commerciales/GMS/2014/A-CENTRALES/GMS CARREFOUR 2014-FUTUR MASTER.xls
operations_commerciales/GMS/2014/A-CENTRALES/GMS CARREFOUR MARKET 2014-FUTUR MASTER.xls
operations_commerciales/GMS/2014/A-CENTRALES/GMS CASINO 2014-FUTUR MASTER.xls
operations_commerciales/GMS/2014/B-CONFIRMATIONS OPERATIONS/CARREFOUR MARKET/2014 CARREFOUR MARKET TRAFIC 15 PC.xls
operations_commerciales/GMS/2014/B-CONFIRMATIONS OPERATIONS/CARREFOUR MARKET/2014 CARREFOUR MARKET TRAFIC 15 RP.xls
operations_commerciales/GMS/2014/B-CONFIRMATIONS OPERATIONS/CASINO HM/2014 HM PROMO DUO S17.xls
deleting operations_commerciales/GMS/2014/C-CONTROLE DES PRIX/GALEC PROMO DU 01-01 AU 29-03.pdf
operations_commerciales/GMS/2014/C-CONTROLE DES PRIX/2014 GALEC PROMO DU 01-01 AU 29-03.pdf
operations_commerciales/GMS/2014/C-CONTROLE DES PRIX/2014 SIMPLY NAA.pdf
operations_commerciales/MDD/MODELES CJ/CARREFOUR/CONF OP/2013/CONFIRMATION OPERATION CRF MARKET DRIVE NAA 2014 .xls
operations_commerciales/MDD/MODELES CJ/CARREFOUR/DDE ECHANTILLONS/2014/
operations_commerciales/MDD/MODELES CJ/CARREFOUR/DDE ECHANTILLONS/2014/demande \#351chantillons PICXYZ 1.XLS
operations_commerciales/MDD/OP MDD 2014/MDD CRF MKT 2014.xls

sent 394950 bytes  received 29313 bytes  44659.26 bytes/sec
total size is 60572526  speedup is 142.77
sending incremental file list

sent 20908 bytes  received 88 bytes  8398.40 bytes/sec
total size is 99120505  speedup is 4720.92
sending incremental file list

sent 7378 bytes  received 13 bytes  4927.33 bytes/sec
total size is 32486400  speedup is 4395.40
sending incremental file list

sent 63 bytes  received 12 bytes  50.00 bytes/sec
total size is 81426432  speedup is 1085685.76
sending incremental file list

sent 7538 bytes  received 45 bytes  5055.33 bytes/sec
total size is 9253358  speedup is 1220.28
sending incremental file list

sent 4308 bytes  received 24 bytes  2888.00 bytes/sec
total size is 6387982  speedup is 1474.60
sending incremental file list

sent 7683 bytes  received 20 bytes  5135.33 bytes/sec
total size is 16751831  speedup is 2174.72
sending incremental file list

sent 85 bytes  received 13 bytes  65.33 bytes/sec
total size is 104853504  speedup is 1069933.71
sending incremental file list
deleting operations_commerciales/MARIE Trame demande \#351chantillonnage SABLE.doc
operations_commerciales/INTERLOCUTEURS DEMANDES ECHANTILLONS.xls
operations_commerciales/chrono demande echantillons.xls
operations_commerciales/GMS/RECAP DEMANDE ET CONFIRMATIONS HEBDO.xls
operations_commerciales/GMS/2014/A-CENTRALES/GMS AUCHAN 2014-FUTUR MASTER.xls
operations_commerciales/GMS/2014/A-CENTRALES/GMS CARREFOUR 2014-FUTUR MASTER.xls
operations_commerciales/GMS/2014/A-CENTRALES/GMS CARREFOUR MARKET 2014-FUTUR MASTER.xls
operations_commerciales/GMS/2014/A-CENTRALES/GMS CASINO 2014-FUTUR MASTER.xls
operations_commerciales/GMS/2014/B-CONFIRMATIONS OPERATIONS/CARREFOUR MARKET/2014 CARREFOUR MARKET TRAFIC 15 PC.xls
operations_commerciales/GMS/2014/B-CONFIRMATIONS OPERATIONS/CARREFOUR MARKET/2014 CARREFOUR MARKET TRAFIC 15 RP.xls
operations_commerciales/GMS/2014/B-CONFIRMATIONS OPERATIONS/CASINO HM/2014 HM PROMO DUO S17.xls
deleting operations_commerciales/GMS/2014/C-CONTROLE DES PRIX/GALEC PROMO DU 01-01 AU 29-03.pdf
operations_commerciales/GMS/2014/C-CONTROLE DES PRIX/2014 GALEC PROMO DU 01-01 AU 29-03.pdf
operations_commerciales/GMS/2014/C-CONTROLE DES PRIX/2014 SIMPLY NAA.pdf
operations_commerciales/MDD/MODELES CJ/CARREFOUR/CONF OP/2013/CONFIRMATION OPERATION CRF MARKET DRIVE NAA 2014 .xls
operations_commerciales/MDD/MODELES CJ/CARREFOUR/DDE ECHANTILLONS/2014/
operations_commerciales/MDD/MODELES CJ/CARREFOUR/DDE ECHANTILLONS/2014/demande \#351chantillons PICXYZ 1.XLS
operations_commerciales/MDD/OP MDD 2014/MDD CRF MKT 2014.xls

sent 394950 bytes  received 29313 bytes  94280.67 bytes/sec
total size is 60572526  speedup is 142.77
sending incremental file list
mercuriales/sync.ffs_db
deleting mercuriales/gms/2013/REGION 2013/ARCHIVES/MARS-AVRIL 2013/SU R\#351gion MARS-AVRIL 2013.xls
deleting mercuriales/gms/2013/REGION 2013/ARCHIVES/MARS-AVRIL 2013/SEGUREL MARS 2013.xls
deleting mercuriales/gms/2013/REGION 2013/ARCHIVES/MARS-AVRIL 2013/SCHIEVER MERCU MARS-AVRIL 2013.xls
deleting mercuriales/gms/2013/REGION 2013/ARCHIVES/MARS-AVRIL 2013/GALEC REGION MERCU MARS-AVRIL 2013.xls
deleting mercuriales/gms/2013/REGION 2013/ARCHIVES/MARS-AVRIL 2013/
deleting mercuriales/gms/2013/REGION 2013/ARCHIVES/JANVIER 2013/SU R\#351gion JANVIER 2013.xls
deleting mercuriales/gms/2013/REGION 2013/ARCHIVES/JANVIER 2013/SEGUREL JANVIER 2013.xls
deleting mercuriales/gms/2013/REGION 2013/ARCHIVES/JANVIER 2013/SCHIEVER MERCU JANVIER 2013.xls
deleting mercuriales/gms/2013/REGION 2013/ARCHIVES/JANVIER 2013/GALEC REGION MERCU JANVIER 2013.xls
deleting mercuriales/gms/2013/REGION 2013/ARCHIVES/JANVIER 2013/
deleting mercuriales/gms/2013/REGION 2013/ARCHIVES/SU R\#351gion MAI 2013.xls
deleting mercuriales/gms/2013/REGION 2013/ARCHIVES/GALEC REGION MERCU JUIN 2013.xls
deleting mercuriales/gms/2013/REGION 2013/ARCHIVES/
deleting mercuriales/gms/2013/REGION 2013/SU R\#351gion OCT 2013.xls
deleting mercuriales/gms/2013/REGION 2013/SIMPLY ENTREPOT NOV 2013.xls
deleting mercuriales/gms/2013/REGION 2013/SEGUREL MAI 2013.xls
deleting mercuriales/gms/2013/REGION 2013/SCHIEVER MERCU MAI 2013.xls
deleting mercuriales/gms/2013/REGION 2013/GALEC REGION MERCU OCT 2013.xls
deleting mercuriales/gms/2013/REGION 2013/
deleting mercuriales/gms/2013/CONTROLE TARIF 2013/8-AOUT/AUCHAN ROULEAUX PRINTEMPS SAUMON 01-08-2013.pdf
deleting mercuriales/gms/2013/CONTROLE TARIF 2013/8-AOUT/
deleting mercuriales/gms/2013/CONTROLE TARIF 2013/7-JUILLET/2013 INTERMARCHE PROMO DU 08-07 AU 02-09.pdf
deleting mercuriales/gms/2013/CONTROLE TARIF 2013/7-JUILLET/2013 CARREFOUR PRIX PIZZAS LTA.pdf
deleting mercuriales/gms/2013/CONTROLE TARIF 2013/7-JUILLET/
deleting mercuriales/gms/2013/CONTROLE TARIF 2013/6-JUIN/2013 SYSTEME U SAMOSSA VOLAILLE JUIN.pdf
deleting mercuriales/gms/2013/CONTROLE TARIF 2013/6-JUIN/2013 SYSTEME U NOUVEAUX PRODUITS JUIN.pdf
deleting mercuriales/gms/2013/CONTROLE TARIF 2013/6-JUIN/2013 AUCHAN GAMME PC FE.pdf
deleting mercuriales/gms/2013/CONTROLE TARIF 2013/6-JUIN/
deleting mercuriales/gms/2013/CONTROLE TARIF 2013/5-MAI/2013 SYSTEME U NOUVEAUX PRIXAU 01-05-2013.pdf
deleting mercuriales/gms/2013/CONTROLE TARIF 2013/5-MAI/2013 CASINO PAELLA PORC CARAMEL 01-05-2013.pdf
deleting mercuriales/gms/2013/CONTROLE TARIF 2013/5-MAI/2013 AUCHAN.FR NOUVEAUX PRODUITS 25-05-2013.pdf
deleting mercuriales/gms/2013/CONTROLE TARIF 2013/5-MAI/
deleting mercuriales/gms/2013/CONTROLE TARIF 2013/4-AVRIL/SYSTEMEU POURSUITE DES PRIX AU 01-04-2013.pdf
deleting mercuriales/gms/2013/CONTROLE TARIF 2013/4-AVRIL/SIMPLY MARKET PRIX VIANDES CUITES 08-04-2013.pdf
deleting mercuriales/gms/2013/CONTROLE TARIF 2013/4-AVRIL/SIMPLY MARKET NOUVEAUX PRIX AU 08-04-2013.pdf
deleting mercuriales/gms/2013/CONTROLE TARIF 2013/4-AVRIL/INTERMARCHE PIZZA CAPRA.pdf
deleting mercuriales/gms/2013/CONTROLE TARIF 2013/4-AVRIL/INTERMARCHE NOUVEAUX PRODUITS 06-04-2013.pdf
deleting mercuriales/gms/2013/CONTROLE TARIF 2013/4-AVRIL/GALEC NOUVEAUTES AU 01-04-2013.pdf
deleting mercuriales/gms/2013/CONTROLE TARIF 2013/4-AVRIL/CASINO NOUVEAUX PRIX ET REMISES.pdf
deleting mercuriales/gms/2013/CONTROLE TARIF 2013/4-AVRIL/CASINO NOUVEAUX PC ASIE AU 01-04-2013.pdf
deleting mercuriales/gms/2013/CONTROLE TARIF 2013/4-AVRIL/CASINO FACTURATION COUSCOUS FE EN BARQUETTE.pdf
deleting mercuriales/gms/2013/CONTROLE TARIF 2013/4-AVRIL/CARREFOUR MARKET YAKITORIS 01-04-2013.pdf
deleting mercuriales/gms/2013/CONTROLE TARIF 2013/4-AVRIL/CARREFOUR MARKET GAMME MN 01-04-2013.pdf
deleting mercuriales/gms/2013/CONTROLE TARIF 2013/4-AVRIL/CARREFOUR GAMME MN 01-04-2013.pdf
deleting mercuriales/gms/2013/CONTROLE TARIF 2013/4-AVRIL/CARREFOUR GAMME ASIE 01-04-2013.pdf
deleting mercuriales/gms/2013/CONTROLE TARIF 2013/4-AVRIL/AUCHAN GYOZAS AU 01-04-2013.pdf
deleting mercuriales/gms/2013/CONTROLE TARIF 2013/4-AVRIL/AUCHAN DIRECT ANIMATIONS CHAUD.pdf
deleting mercuriales/gms/2013/CONTROLE TARIF 2013/4-AVRIL/
deleting mercuriales/gms/2013/CONTROLE TARIF 2013/3-MARS/SYSTEME U PRIX AU 01-03-2013.pdf
deleting mercuriales/gms/2013/CONTROLE TARIF 2013/3-MARS/SIMPLY MARKET NOUVEAUX PRIX AU 01-03-2013.pdf
deleting mercuriales/gms/2013/CONTROLE TARIF 2013/3-MARS/INTERMARCHE NOUVELLES COQUILLES AU 01-03-2013.pdf
deleting mercuriales/gms/2013/CONTROLE TARIF 2013/3-MARS/INTERMARCHE NOUVEAUX PRIX AU 01-03-2013.pdf
deleting mercuriales/gms/2013/CONTROLE TARIF 2013/3-MARS/GALEC NOUVELLE COQUILLE AU 01-03-2013.pdf
deleting mercuriales/gms/2013/CONTROLE TARIF 2013/3-MARS/CASINO NOUVEAUX PRIX AU 01-03-2013.pdf
deleting mercuriales/gms/2013/CONTROLE TARIF 2013/3-MARS/CARREFOUR PC RC PRIX AU 01-03-2013.pdf
deleting mercuriales/gms/2013/CONTROLE TARIF 2013/3-MARS/CARREFOUR MN NOUVEAUX PRIX AU 01-03-2013.pdf
deleting mercuriales/gms/2013/CONTROLE TARIF 2013/3-MARS/CARREFOUR MARKET PC RC AU 01-03-2013.pdf
deleting mercuriales/gms/2013/CONTROLE TARIF 2013/3-MARS/CARREFOUR MARKET MN NOUVEAUX PRIX 01-03-2013.pdf
deleting mercuriales/gms/2013/CONTROLE TARIF 2013/3-MARS/CARREFOUR ASIE PRIX AU 01-03-2013.pdf
deleting mercuriales/gms/2013/CONTROLE TARIF 2013/3-MARS/AUCHAN.FR PRIX AU 01-03-2013.pdf
deleting mercuriales/gms/2013/CONTROLE TARIF 2013/3-MARS/AUCHAN NOUVEAUX PRIX ASIE AU 01-03-2013.pdf
deleting mercuriales/gms/2013/CONTROLE TARIF 2013/3-MARS/AUCHAN ANIMATION VENTE CHAUD DIRECT AU 01-03-2013.pdf
deleting mercuriales/gms/2013/CONTROLE TARIF 2013/3-MARS/
deleting mercuriales/gms/2013/CONTROLE TARIF 2013/2-FEVRIER/2013 CARREFOUR NOUVEAUX PRIX PIZZAS.pdf
deleting mercuriales/gms/2013/CONTROLE TARIF 2013/2-FEVRIER/
deleting mercuriales/gms/2013/CONTROLE TARIF 2013/12-DECEMBRE/2013 SIMPLY CHIPS CREVETTES.pdf
deleting mercuriales/gms/2013/CONTROLE TARIF 2013/12-DECEMBRE/
deleting mercuriales/gms/2013/CONTROLE TARIF 2013/11-NOVEMBRE/2013 INTERMARCHE PIZZAS.pdf
deleting mercuriales/gms/2013/CONTROLE TARIF 2013/11-NOVEMBRE/2013 INTERMARCHE CREPES ET GALETTES.pdf
deleting mercuriales/gms/2013/CONTROLE TARIF 2013/11-NOVEMBRE/2013 CASINO CHIPS CREVETTES.pdf
deleting mercuriales/gms/2013/CONTROLE TARIF 2013/11-NOVEMBRE/2013 CASINO CADENCIER FESTIFS.pdf
deleting mercuriales/gms/2013/CONTROLE TARIF 2013/11-NOVEMBRE/2013 CARREFOUR PIZZAS.pdf
deleting mercuriales/gms/2013/CONTROLE TARIF 2013/11-NOVEMBRE/2013 CARREFOUR PIZZAS FLUX POUSSE.pdf
deleting mercuriales/gms/2013/CONTROLE TARIF 2013/11-NOVEMBRE/2013 CARREFOUR NOUVEAUX PRODUITS.pdf
deleting mercuriales/gms/2013/CONTROLE TARIF 2013/11-NOVEMBRE/
deleting mercuriales/gms/2013/CONTROLE TARIF 2013/10-OCTOBRE/INTERMARCHE GAMME FE NOUVEAUX 01-10-2013.pdf
deleting mercuriales/gms/2013/CONTROLE TARIF 2013/10-OCTOBRE/GALEC PROMO PERM 10%.pdf
deleting mercuriales/gms/2013/CONTROLE TARIF 2013/10-OCTOBRE/CASINO NOUVEAUX PRIIX 01-10-2013.pdf
deleting mercuriales/gms/2013/CONTROLE TARIF 2013/10-OCTOBRE/CASINO GAMME FE NOUVEAUX 01-10-2013.pdf
deleting mercuriales/gms/2013/CONTROLE TARIF 2013/10-OCTOBRE/CARREFOUR GAMME PC FE.pdf
deleting mercuriales/gms/2013/CONTROLE TARIF 2013/10-OCTOBRE/CARREFOUR DEMARRAGE GALETTES 2 SAUMONS.pdf
deleting mercuriales/gms/2013/CONTROLE TARIF 2013/10-OCTOBRE/AUCHAN GAMME PC FE.pdf
deleting mercuriales/gms/2013/CONTROLE TARIF 2013/10-OCTOBRE/
deleting mercuriales/gms/2013/CONTROLE TARIF 2013/1-JANVIER/SYSTEME U SUD APPLICATION AU 01-01-2013.pdf
deleting mercuriales/gms/2013/CONTROLE TARIF 2013/1-JANVIER/SYSTEME U OUEST APPLICATION AU 01-01-2013.pdf
deleting mercuriales/gms/2013/CONTROLE TARIF 2013/1-JANVIER/SYSTEME U EST APPLICATION AU 01-01-2013.pdf
deleting mercuriales/gms/2013/CONTROLE TARIF 2013/1-JANVIER/SYSTEME U APPLICATION AU 01-01-2013.pdf
deleting mercuriales/gms/2013/CONTROLE TARIF 2013/1-JANVIER/SIMPLY MARKET APPLICATION AU 01-01-2013.pdf
deleting mercuriales/gms/2013/CONTROLE TARIF 2013/1-JANVIER/INTERMARCHE APPLICATION AU 01-01-2013.pdf
deleting mercuriales/gms/2013/CONTROLE TARIF 2013/1-JANVIER/INTERMARCHE APPLICATION AU 01-01-2013 RIZ CANTO.pdf
deleting mercuriales/gms/2013/CONTROLE TARIF 2013/1-JANVIER/GALEC APPLICATION AU 01-01-2013.pdf
deleting mercuriales/gms/2013/CONTROLE TARIF 2013/1-JANVIER/CARREFOUR MN APPLICATION AU 01-01-2013.pdf
deleting mercuriales/gms/2013/CONTROLE TARIF 2013/1-JANVIER/CARREFOUR MDD PC APPLICATION AU 01-01-2013.pdf
deleting mercuriales/gms/2013/CONTROLE TARIF 2013/1-JANVIER/CARREFOUR MARKET MN APPLICATION AU 01-01-2013.pdf
deleting mercuriales/gms/2013/CONTROLE TARIF 2013/1-JANVIER/CARREFOUR MARKET MDD PC APPLICATION AU 01-01-2013.pdf
deleting mercuriales/gms/2013/CONTROLE TARIF 2013/1-JANVIER/CARREFOUR ASIE APPLICATION AU 01-01-2013.pdf
deleting mercuriales/gms/2013/CONTROLE TARIF 2013/1-JANVIER/CARREFOUR ASIE APPLICATION AU 01-01-2013 NEM COCKTAIL.pdf
deleting mercuriales/gms/2013/CONTROLE TARIF 2013/1-JANVIER/AUCHAN.FR APPLICATION AU 01-01-2013.pdf
deleting mercuriales/gms/2013/CONTROLE TARIF 2013/1-JANVIER/AUCHAN NOUVEAUX PRIX ASIE AU 01-01-2013.pdf
deleting mercuriales/gms/2013/CONTROLE TARIF 2013/1-JANVIER/AUCHAN APPLICATION AU 01-01-2013.pdf
deleting mercuriales/gms/2013/CONTROLE TARIF 2013/1-JANVIER/AUCHAN ANIMATION APPLICATION AU 01-01-2013.pdf
deleting mercuriales/gms/2013/CONTROLE TARIF 2013/1-JANVIER/
deleting mercuriales/gms/2013/CONTROLE TARIF 2013/09-SEPTEMBRE/SYSTEME U PRIX SANS LA RPP LANCEMENT.pdf
deleting mercuriales/gms/2013/CONTROLE TARIF 2013/09-SEPTEMBRE/SYSTEME U PRIX AU 01-09-2013 CHOUX FARCIS.pdf
deleting mercuriales/gms/2013/CONTROLE TARIF 2013/09-SEPTEMBRE/SIMPLY MARKET REDEMARRAGE 23-09-2013.pdf
deleting mercuriales/gms/2013/CONTROLE TARIF 2013/09-SEPTEMBRE/CASINO PRIX AU 23-09-2013.pdf
deleting mercuriales/gms/2013/CONTROLE TARIF 2013/09-SEPTEMBRE/
deleting mercuriales/gms/2013/CONTROLE TARIF 2013/
deleting mercuriales/gms/2013/CENTRALES 2013/SYSTEME U 2013.xls
deleting mercuriales/gms/2013/CENTRALES 2013/SIMPLY MARKET 2013.xls
deleting mercuriales/gms/2013/CENTRALES 2013/INTERMARCHE 2013.xls
deleting mercuriales/gms/2013/CENTRALES 2013/CASINO 2013.xls
deleting mercuriales/gms/2013/CENTRALES 2013/CARREFOUR PROXI MN ASIE 2013.xls
deleting mercuriales/gms/2013/CENTRALES 2013/CARREFOUR PROXI MN 2013.xls
deleting mercuriales/gms/2013/CENTRALES 2013/CARREFOUR PROXI MDD PC 2013.xls
deleting mercuriales/gms/2013/CENTRALES 2013/CARREFOUR MN ASIE 2013.xls
deleting mercuriales/gms/2013/CENTRALES 2013/CARREFOUR MN 2013.xls
deleting mercuriales/gms/2013/CENTRALES 2013/CARREFOUR MDD PC PIZZAS 2013.xls
deleting mercuriales/gms/2013/CENTRALES 2013/CARREFOUR MARKET MN ASIE 2013.xls
deleting mercuriales/gms/2013/CENTRALES 2013/CARREFOUR MARKET MN 2013.xls
deleting mercuriales/gms/2013/CENTRALES 2013/CARREFOUR MARKET MDD PC PIZZAS 2013.xls
deleting mercuriales/gms/2013/CENTRALES 2013/AUCHAN.FR 2013.xls
deleting mercuriales/gms/2013/CENTRALES 2013/AUCHAN 2013.xls
deleting mercuriales/gms/2013/CENTRALES 2013/
deleting mercuriales/gms/2013/
mercuriales/gms/2014/CENTRALES 2014/AUCHAN 2014.xls
mercuriales/gms/2014/CENTRALES 2014/CASINO 2014.xls
mercuriales/gms/2014/REGIONS  2014/GALEC REGION MERCU JANVIER 2014.xls
mercuriales/mdd/2014/2014 MERCURIALE PROVERA.xls
mercuriales/mdd/2014/2014 MERCURIALE SYSTEME U.xls

sent 87157 bytes  received 15869 bytes  41210.40 bytes/sec
total size is 25016959  speedup is 242.82
sending incremental file list

sent 7378 bytes  received 13 bytes  4927.33 bytes/sec
total size is 32486400  speedup is 4395.40
sending incremental file list

sent 5598 bytes  received 45 bytes  11286.00 bytes/sec
total size is 9985579  speedup is 1769.55
sending incremental file list

sent 5677 bytes  received 23 bytes  3800.00 bytes/sec
total size is 128675317  speedup is 22574.62
sending incremental file list

sent 5353 bytes  received 38 bytes  3594.00 bytes/sec
total size is 56169881  speedup is 10419.20
sending incremental file list

sent 48880 bytes  received 93 bytes  32648.67 bytes/sec
total size is 282598995  speedup is 5770.51
sending incremental file list
