Démarrage : mer jui  2 23:00:01 CEST 2014
Arrêt     : mer jui  2 23:00:59 CEST 2014



Base MySQL sélectionnée: agis
Nombre de serveur(s) Linux concerné(s): 4
Nombre de dossier(s) à mettre à jour: 29

sending incremental file list
gestion_crise/mise \#340 jour 2014/TOUPARGEL/Fiche renseignement gestion de crise fournisseurs communs 2014.doc
gestion_crise/mise \#340 jour 2014/TOUPARGEL/gestion de crise 2014.pdf

sent 439554 bytes  received 87 bytes  125611.71 bytes/sec
total size is 13277142  speedup is 30.20
sending incremental file list

sent 6283 bytes  received 38 bytes  2528.40 bytes/sec
total size is 12444119  speedup is 1968.69
sending incremental file list
erp_data.mdb

sent 2092 bytes  received 66685 bytes  15283.78 bytes/sec
total size is 90648576  speedup is 1318.01
sending incremental file list

sent 7593 bytes  received 45 bytes  5092.00 bytes/sec
total size is 9254930  speedup is 1211.70
sending incremental file list

sent 7756 bytes  received 20 bytes  5184.00 bytes/sec
total size is 16755943  speedup is 2154.83
sending incremental file list

sent 4308 bytes  received 24 bytes  2888.00 bytes/sec
total size is 6387982  speedup is 1474.60
sending incremental file list
mercuriales/gms/2014/CENTRALES 2014/AUCHAN.FR 2014.xls
mercuriales/gms/2014/CENTRALES 2014/CASINO 2014.xls
mercuriales/gms/2014/REGIONS  2014/SCHIEVER MERCU 2014.xls
mercuriales/mdd/2014/2014 MERCURIALE CARREFOUR ASIATIQUE.xls
mercuriales/mdd/2014/2014 MERCURIALE PROVERA.xls

sent 60774 bytes  received 17555 bytes  31331.60 bytes/sec
total size is 33148369  speedup is 423.19
sending incremental file list

sent 5047 bytes  received 27 bytes  3382.67 bytes/sec
total size is 39173092  speedup is 7720.36
sending incremental file list
operations_commerciales/DEMANDE ECHANTILLONS CL .xls
operations_commerciales/chrono demande echantillons.xls
operations_commerciales/FZC/CONFIRMATIONS/2014/TOUPARGEL/TOUPARGEL_CYCLE 11_2014.xls
operations_commerciales/FZC/OP FZC 2014/FZC TOUPARGEL 2014.xls
operations_commerciales/GMS/2014/A-CENTRALES/GMS CARREFOUR MARKET 2014-FUTUR MASTER.xls
operations_commerciales/GMS/2014/A-CENTRALES/GMS GALEC 2014-FUTUR MASTER.xls
operations_commerciales/GMS/2014/D-REGIONS/GMS LECLERC 2014-FUTUR MASTER.xls
operations_commerciales/GMS/2014/D-REGIONS/GMS SCHIEVER 2014-FUTUR MASTER.xls

sent 348603 bytes  received 20765 bytes  82081.78 bytes/sec
total size is 53760411  speedup is 145.55
sending incremental file list

sent 20347 bytes  received 83 bytes  13620.00 bytes/sec
total size is 99184091  speedup is 4854.83
sending incremental file list
gofast/CHANTIERS/2_FTK_CLIENTS_Mathieu/6_BILAN/Fiche_Am\#260_Av-Ap_FTk_020714.xls
gofast/CHANTIERS/3_FTA_Boris/FTA_Boris.ppt
gofast/INFORMATIONS_GENERALES/3_GOFAST_GEMBA_280114.ppt

sent 349007 bytes  received 5998 bytes  78890.00 bytes/sec
total size is 46892535  speedup is 132.09
sending incremental file list

sent 10004 bytes  received 13 bytes  6678.00 bytes/sec
total size is 48314368  speedup is 4823.24
sending incremental file list

sent 5781 bytes  received 30 bytes  3874.00 bytes/sec
total size is 93132165  speedup is 16026.87
sending incremental file list
erp_data.mdb

sent 2092 bytes  received 66685 bytes  19650.57 bytes/sec
total size is 90648576  speedup is 1318.01
sending incremental file list

sent 7593 bytes  received 45 bytes  5092.00 bytes/sec
total size is 9254930  speedup is 1211.70
sending incremental file list

sent 4308 bytes  received 24 bytes  2888.00 bytes/sec
total size is 6387982  speedup is 1474.60
sending incremental file list

sent 7756 bytes  received 20 bytes  5184.00 bytes/sec
total size is 16755943  speedup is 2154.83
sending incremental file list

sent 85 bytes  received 13 bytes  65.33 bytes/sec
total size is 104853504  speedup is 1069933.71
sending incremental file list
operations_commerciales/DEMANDE ECHANTILLONS CL .xls
operations_commerciales/chrono demande echantillons.xls
operations_commerciales/FZC/CONFIRMATIONS/2014/TOUPARGEL/TOUPARGEL_CYCLE 11_2014.xls
operations_commerciales/FZC/OP FZC 2014/FZC TOUPARGEL 2014.xls
operations_commerciales/GMS/2014/A-CENTRALES/GMS CARREFOUR MARKET 2014-FUTUR MASTER.xls
operations_commerciales/GMS/2014/A-CENTRALES/GMS GALEC 2014-FUTUR MASTER.xls
operations_commerciales/GMS/2014/D-REGIONS/GMS LECLERC 2014-FUTUR MASTER.xls
operations_commerciales/GMS/2014/D-REGIONS/GMS SCHIEVER 2014-FUTUR MASTER.xls

sent 348603 bytes  received 20765 bytes  105533.71 bytes/sec
total size is 53760411  speedup is 145.55
sending incremental file list
mercuriales/gms/2014/CENTRALES 2014/AUCHAN.FR 2014.xls
mercuriales/gms/2014/CENTRALES 2014/CASINO 2014.xls
mercuriales/gms/2014/REGIONS  2014/SCHIEVER MERCU 2014.xls
mercuriales/mdd/2014/2014 MERCURIALE CARREFOUR ASIATIQUE.xls
mercuriales/mdd/2014/2014 MERCURIALE PROVERA.xls

sent 60774 bytes  received 17555 bytes  31331.60 bytes/sec
total size is 33148369  speedup is 423.19
sending incremental file list

sent 10004 bytes  received 13 bytes  6678.00 bytes/sec
total size is 48314368  speedup is 4823.24
sending incremental file list
gestion_crise/mise \#340 jour 2014/TOUPARGEL/Fiche renseignement gestion de crise fournisseurs communs 2014.doc
gestion_crise/mise \#340 jour 2014/TOUPARGEL/gestion de crise 2014.pdf

sent 439554 bytes  received 87 bytes  125611.71 bytes/sec
total size is 13277142  speedup is 30.20
sending incremental file list

sent 5745 bytes  received 23 bytes  3845.33 bytes/sec
total size is 129159129  speedup is 22392.36
sending incremental file list

sent 5610 bytes  received 39 bytes  3766.00 bytes/sec
total size is 59049369  speedup is 10453.07
sending incremental file list

sent 52002 bytes  received 96 bytes  34732.00 bytes/sec
total size is 298541651  speedup is 5730.39
sending incremental file list

sent 20347 bytes  received 83 bytes  8172.00 bytes/sec
total size is 99184091  speedup is 4854.83
sending incremental file list
gofast/CHANTIERS/2_FTK_CLIENTS_Mathieu/6_BILAN/Fiche_Am\#260_Av-Ap_FTk_020714.xls
gofast/CHANTIERS/3_FTA_Boris/FTA_Boris.ppt
gofast/INFORMATIONS_GENERALES/3_GOFAST_GEMBA_280114.ppt

sent 349007 bytes  received 5998 bytes  101430.00 bytes/sec
total size is 46892535  speedup is 132.09
sending incremental file list

sent 7756 bytes  received 20 bytes  3110.40 bytes/sec
total size is 16755943  speedup is 2154.83
sending incremental file list

sent 7756 bytes  received 20 bytes  5184.00 bytes/sec
total size is 16755943  speedup is 2154.83
