Démarrage : dim nov 24 23:00:01 CET 2013
Arrêt     : dim nov 24 23:00:35 CET 2013



Base MySQL sélectionnée: agis
Nombre de serveur(s) Linux concerné(s): 4
Nombre de dossier(s) à mettre à jour: 24

sending incremental file list

sent 5598 bytes  received 45 bytes  3762.00 bytes/sec
total size is 9985067  speedup is 1769.46
sending incremental file list

sent 5788 bytes  received 34 bytes  2328.80 bytes/sec
total size is 11670607  speedup is 2004.57
sending incremental file list

sent 63 bytes  received 12 bytes  50.00 bytes/sec
total size is 81426432  speedup is 1085685.76
sending incremental file list

sent 7538 bytes  received 45 bytes  5055.33 bytes/sec
total size is 9253358  speedup is 1220.28
sending incremental file list

sent 7683 bytes  received 20 bytes  5135.33 bytes/sec
total size is 16751831  speedup is 2174.72
sending incremental file list

sent 4308 bytes  received 24 bytes  2888.00 bytes/sec
total size is 6387982  speedup is 1474.60
sending incremental file list

sent 11277 bytes  received 77 bytes  4541.60 bytes/sec
total size is 47183532  speedup is 4155.67
sending incremental file list

sent 5047 bytes  received 27 bytes  3382.67 bytes/sec
total size is 39173092  speedup is 7720.36
sending incremental file list

sent 39627 bytes  received 159 bytes  15914.40 bytes/sec
total size is 54803049  speedup is 1377.45
sending incremental file list

sent 18506 bytes  received 80 bytes  12390.67 bytes/sec
total size is 41728031  speedup is 2245.13
sending incremental file list

sent 7156 bytes  received 13 bytes  4779.33 bytes/sec
total size is 31677440  speedup is 4418.67
sending incremental file list

sent 63 bytes  received 12 bytes  150.00 bytes/sec
total size is 81426432  speedup is 1085685.76
sending incremental file list

sent 7538 bytes  received 45 bytes  5055.33 bytes/sec
total size is 9253358  speedup is 1220.28
sending incremental file list

sent 4308 bytes  received 24 bytes  2888.00 bytes/sec
total size is 6387982  speedup is 1474.60
sending incremental file list

sent 7683 bytes  received 20 bytes  5135.33 bytes/sec
total size is 16751831  speedup is 2174.72
sending incremental file list

sent 85 bytes  received 13 bytes  65.33 bytes/sec
total size is 104853504  speedup is 1069933.71
sending incremental file list

sent 39627 bytes  received 159 bytes  26524.00 bytes/sec
total size is 54803049  speedup is 1377.45
sending incremental file list

sent 11277 bytes  received 77 bytes  4541.60 bytes/sec
total size is 47183532  speedup is 4155.67
sending incremental file list

sent 7156 bytes  received 13 bytes  4779.33 bytes/sec
total size is 31677440  speedup is 4418.67
sending incremental file list

sent 5598 bytes  received 45 bytes  11286.00 bytes/sec
total size is 9985067  speedup is 1769.46
sending incremental file list

sent 5677 bytes  received 23 bytes  3800.00 bytes/sec
total size is 128675317  speedup is 22574.62
sending incremental file list

sent 5161 bytes  received 37 bytes  3465.33 bytes/sec
total size is 52194646  speedup is 10041.29
sending incremental file list

sent 47386 bytes  received 90 bytes  31650.67 bytes/sec
total size is 278488659  speedup is 5865.88
sending incremental file list
