Démarrage : jeu jan 30 23:00:01 CET 2014
Arrêt     : jeu jan 30 23:02:05 CET 2014



Base MySQL sélectionnée: agis
Nombre de serveur(s) Linux concerné(s): 4
Nombre de dossier(s) à mettre à jour: 25

sending incremental file list

sent 5876 bytes  received 45 bytes  2368.40 bytes/sec
total size is 11123363  speedup is 1878.63
sending incremental file list

sent 5993 bytes  received 37 bytes  2412.00 bytes/sec
total size is 12047230  speedup is 1997.88
sending incremental file list
erp_data.mdb

sent 7780262 bytes  received 64291 bytes  189025.37 bytes/sec
total size is 84160512  speedup is 10.73
sending incremental file list

sent 7538 bytes  received 45 bytes  5055.33 bytes/sec
total size is 9253358  speedup is 1220.28
sending incremental file list

sent 7695 bytes  received 20 bytes  5143.33 bytes/sec
total size is 16751789  speedup is 2171.33
sending incremental file list

sent 4308 bytes  received 24 bytes  2888.00 bytes/sec
total size is 6387982  speedup is 1474.60
sending incremental file list
mercuriales/gms/2014/CENTRALES 2014/INTERMARCHE 2014.xls
mercuriales/gms/2014/CONTROLE TARIFS 2014/03-MARS/
mercuriales/gms/2014/CONTROLE TARIFS 2014/03-MARS/2014 INTERMARCHE NOUVEAUX PRIX.pdf
deleting mercuriales/gms/2014/REGIONS  2014/GALEC REGION MERCU JANVIER-FEVRIER 2014.xls
mercuriales/gms/2014/REGIONS  2014/GALEC REGION MERCU JANVIER 2014.xls
mercuriales/mdd/2013/2013 MERCURIALE CARREFOUR PLATS CUISINES.xls

sent 253710 bytes  received 9688 bytes  105359.20 bytes/sec
total size is 26165149  speedup is 99.34
sending incremental file list

sent 5047 bytes  received 27 bytes  3382.67 bytes/sec
total size is 39173092  speedup is 7720.36
sending incremental file list
operations_commerciales/DEMANDE ECHANTILLONS CL .xls
operations_commerciales/chrono demande echantillons.xls
operations_commerciales/FZC/CONFIRMATIONS/2014/ARGEL/ARGEL_CONFIRMATION CATALOGUE 5 2014.xls
operations_commerciales/FZC/OP FZC 2014/FZC ARGEL 2014.xls
operations_commerciales/FZC/OP FZC 2014/FZC THIRIET 2014.xls
deleting operations_commerciales/GMS/2013/B-CONFIRMATIONS OPERATIONS/CONFIRMATIONS INTERMARCHE/2013 INTERMARCHE ANNIVERSAIRE 2 OP 56036.xls
deleting operations_commerciales/GMS/2013/B-CONFIRMATIONS OPERATIONS/CONFIRMATIONS INTERMARCHE/2013 INTERMARCHE ANNIVERSAIRE 1 OP 56033.xls
deleting operations_commerciales/GMS/2013/B-CONFIRMATIONS OPERATIONS/CONFIRMATIONS INTERMARCHE/
deleting operations_commerciales/GMS/2013/B-CONFIRMATIONS OPERATIONS/CONFIRMATIONS GALEC/2013 GALEC OP CHOC 8.xls
deleting operations_commerciales/GMS/2013/B-CONFIRMATIONS OPERATIONS/CONFIRMATIONS GALEC/2013 GALEC OP CHOC 2.xls
deleting operations_commerciales/GMS/2013/B-CONFIRMATIONS OPERATIONS/CONFIRMATIONS GALEC/
deleting operations_commerciales/GMS/2013/B-CONFIRMATIONS OPERATIONS/CONFIRMATIONS CASINO/SM CASINO/2013 SM SURF NAA.xls
deleting operations_commerciales/GMS/2013/B-CONFIRMATIONS OPERATIONS/CONFIRMATIONS CASINO/SM CASINO/2013 SM SURF COQ AU VIN.xls
deleting operations_commerciales/GMS/2013/B-CONFIRMATIONS OPERATIONS/CONFIRMATIONS CASINO/SM CASINO/2013 SM SAGA 2 PAELLA 2.4KG.xls
deleting operations_commerciales/GMS/2013/B-CONFIRMATIONS OPERATIONS/CONFIRMATIONS CASINO/SM CASINO/2013 SM SAGA 1 TARTIFLETTE TIAN BB.xls
deleting operations_commerciales/GMS/2013/B-CONFIRMATIONS OPERATIONS/CONFIRMATIONS CASINO/SM CASINO/2013 SM RELANCE FRAIS S38.xls
deleting operations_commerciales/GMS/2013/B-CONFIRMATIONS OPERATIONS/CONFIRMATIONS CASINO/SM CASINO/2013 SM RAMADAN COUSCOUS JUILLET.xls
deleting operations_commerciales/GMS/2013/B-CONFIRMATIONS OPERATIONS/CONFIRMATIONS CASINO/SM CASINO/2013 SM PROMO DUO DES MARQUES S45.xls
deleting operations_commerciales/GMS/2013/B-CONFIRMATIONS OPERATIONS/CONFIRMATIONS CASINO/SM CASINO/2013 SM NAA.xls
deleting operations_commerciales/GMS/2013/B-CONFIRMATIONS OPERATIONS/CONFIRMATIONS CASINO/SM CASINO/2013 SM MOINS X% EN PRIX BAS S18 ENCORNETS.xls
deleting operations_commerciales/GMS/2013/B-CONFIRMATIONS OPERATIONS/CONFIRMATIONS CASINO/SM CASINO/2013 SM MOINS X% EN BA.xls
deleting operations_commerciales/GMS/2013/B-CONFIRMATIONS OPERATIONS/CONFIRMATIONS CASINO/SM CASINO/2013 SM MECA PROGRESSIVE S35-36.xls
deleting operations_commerciales/GMS/2013/B-CONFIRMATIONS OPERATIONS/CONFIRMATIONS CASINO/SM CASINO/2013 SM MECA PROGRESSIVE S28 PAELLA 2.4KG.xls
deleting operations_commerciales/GMS/2013/B-CONFIRMATIONS OPERATIONS/CONFIRMATIONS CASINO/SM CASINO/2013 SM MECA PROGRESSIVE S16 COUSCOUS CPE ET FE.xls
deleting operations_commerciales/GMS/2013/B-CONFIRMATIONS OPERATIONS/CONFIRMATIONS CASINO/SM CASINO/2013 SM DONNE C DONNE S37 38 RENTREE 1 COUSCOUS.xls
deleting operations_commerciales/GMS/2013/B-CONFIRMATIONS OPERATIONS/CONFIRMATIONS CASINO/SM CASINO/2013 SM DONNE C DONNE S24 PAELLA.xls
deleting operations_commerciales/GMS/2013/B-CONFIRMATIONS OPERATIONS/CONFIRMATIONS CASINO/SM CASINO/2013 SM DONNE C DONNE S20.xls
deleting operations_commerciales/GMS/2013/B-CONFIRMATIONS OPERATIONS/CONFIRMATIONS CASINO/SM CASINO/2013 SM DONNE C DONNE S14 PAELLA.xls
deleting operations_commerciales/GMS/2013/B-CONFIRMATIONS OPERATIONS/CONFIRMATIONS CASINO/SM CASINO/2013 SM CARTE AOUT PIZZAS.xls
deleting operations_commerciales/GMS/2013/B-CONFIRMATIONS OPERATIONS/CONFIRMATIONS CASINO/SM CASINO/2013 SM ANNIVERSAIRE 2 TARTIFLETTE 800G.xls
deleting operations_commerciales/GMS/2013/B-CONFIRMATIONS OPERATIONS/CONFIRMATIONS CASINO/SM CASINO/
deleting operations_commerciales/GMS/2013/B-CONFIRMATIONS OPERATIONS/CONFIRMATIONS CASINO/PROXI/2013 PROXI VIVEMENT L'ETE.xls
deleting operations_commerciales/GMS/2013/B-CONFIRMATIONS OPERATIONS/CONFIRMATIONS CASINO/PROXI/2013 PROXI VACANCES D'HIVER COUSCOUS BB.xls
deleting operations_commerciales/GMS/2013/B-CONFIRMATIONS OPERATIONS/CONFIRMATIONS CASINO/PROXI/2013 PROXI SOIREES D HIVER PAELLA.xls
deleting operations_commerciales/GMS/2013/B-CONFIRMATIONS OPERATIONS/CONFIRMATIONS CASINO/PROXI/2013 PROXI OP ANNIVERSAIRE COUSCOUS BB.xls
deleting operations_commerciales/GMS/2013/B-CONFIRMATIONS OPERATIONS/CONFIRMATIONS CASINO/PROXI/2013 PROXI IRTS 2 DISCO PAELLA 2.4KG.xls
deleting operations_commerciales/GMS/2013/B-CONFIRMATIONS OPERATIONS/CONFIRMATIONS CASINO/PROXI/
deleting operations_commerciales/GMS/2013/B-CONFIRMATIONS OPERATIONS/CONFIRMATIONS CASINO/PLACE DU MARCHE/2013 PDM  FESTIFS MENU.xls
deleting operations_commerciales/GMS/2013/B-CONFIRMATIONS OPERATIONS/CONFIRMATIONS CASINO/PLACE DU MARCHE/
deleting operations_commerciales/GMS/2013/B-CONFIRMATIONS OPERATIONS/CONFIRMATIONS CASINO/GEANT/2013 GEANT SURF PRIX CHOC S44.xls
deleting operations_commerciales/GMS/2013/B-CONFIRMATIONS OPERATIONS/CONFIRMATIONS CASINO/GEANT/2013 GEANT SURF PRIX CHOC S14.xls
deleting operations_commerciales/GMS/2013/B-CONFIRMATIONS OPERATIONS/CONFIRMATIONS CASINO/GEANT/2013 GEANT SURF NAA.xls
deleting operations_commerciales/GMS/2013/B-CONFIRMATIONS OPERATIONS/CONFIRMATIONS CASINO/GEANT/2013 GEANT SURF BB ET COUSCOUS.xls
deleting operations_commerciales/GMS/2013/B-CONFIRMATIONS OPERATIONS/CONFIRMATIONS CASINO/GEANT/2013 GEANT SPOT RADIO S50.xls
deleting operations_commerciales/GMS/2013/B-CONFIRMATIONS OPERATIONS/CONFIRMATIONS CASINO/GEANT/2013 GEANT SM NAA POUR FUTURMASTER.xls
deleting operations_commerciales/GMS/2013/B-CONFIRMATIONS OPERATIONS/CONFIRMATIONS CASINO/GEANT/2013 GEANT SAISONNIERS COTIERS PAELLA.xls
deleting operations_commerciales/GMS/2013/B-CONFIRMATIONS OPERATIONS/CONFIRMATIONS CASINO/GEANT/2013 GEANT SAGA 2 PAELLA COUSCOUS.xls
deleting operations_commerciales/GMS/2013/B-CONFIRMATIONS OPERATIONS/CONFIRMATIONS CASINO/GEANT/2013 GEANT PROMO DUO S51-52.xls
deleting operations_commerciales/GMS/2013/B-CONFIRMATIONS OPERATIONS/CONFIRMATIONS CASINO/GEANT/2013 GEANT PROMO DUO S47-48.xls
deleting operations_commerciales/GMS/2013/B-CONFIRMATIONS OPERATIONS/CONFIRMATIONS CASINO/GEANT/2013 GEANT PROMO DUO S44-45.xls
deleting operations_commerciales/GMS/2013/B-CONFIRMATIONS OPERATIONS/CONFIRMATIONS CASINO/GEANT/2013 GEANT PROMO DUO S37 BOEUF BOURGUIGNON.xls
deleting operations_commerciales/GMS/2013/B-CONFIRMATIONS OPERATIONS/CONFIRMATIONS CASINO/GEANT/2013 GEANT PROMO DUO RENTREE PIZZAS.xls
deleting operations_commerciales/GMS/2013/B-CONFIRMATIONS OPERATIONS/CONFIRMATIONS CASINO/GEANT/2013 GEANT PRIX CHOC S42 COUSCOUS CIVET SANGLIER.xls
deleting operations_commerciales/GMS/2013/B-CONFIRMATIONS OPERATIONS/CONFIRMATIONS CASINO/GEANT/2013 GEANT PRIX CHOC S40 TARTIFLETTE 800G.xls
deleting operations_commerciales/GMS/2013/B-CONFIRMATIONS OPERATIONS/CONFIRMATIONS CASINO/GEANT/2013 GEANT PRIX CHOC S38 PAELLA 2.4KG.xls
deleting operations_commerciales/GMS/2013/B-CONFIRMATIONS OPERATIONS/CONFIRMATIONS CASINO/GEANT/2013 GEANT PRIX CHOC S36 PAELLA 1.2KG.xls
deleting operations_commerciales/GMS/2013/B-CONFIRMATIONS OPERATIONS/CONFIRMATIONS CASINO/GEANT/2013 GEANT PRIX CHOC S17 PAELLA 2.4KG.xls
deleting operations_commerciales/GMS/2013/B-CONFIRMATIONS OPERATIONS/CONFIRMATIONS CASINO/GEANT/2013 GEANT PRIX CHOC S17 COUSCOUS 1.25KG.xls
deleting operations_commerciales/GMS/2013/B-CONFIRMATIONS OPERATIONS/CONFIRMATIONS CASINO/GEANT/2013 GEANT PRIX CHOC 50 CIVET SANGLIER.xls
deleting operations_commerciales/GMS/2013/B-CONFIRMATIONS OPERATIONS/CONFIRMATIONS CASINO/GEANT/2013 GEANT OPPORTUNITE PAELLA 2.4KG.xls
deleting operations_commerciales/GMS/2013/B-CONFIRMATIONS OPERATIONS/CONFIRMATIONS CASINO/GEANT/2013 GEANT NAA.xls
deleting operations_commerciales/GMS/2013/B-CONFIRMATIONS OPERATIONS/CONFIRMATIONS CASINO/GEANT/2013 GEANT MECA PROGRESSIVE S35 COUSCOUS.xls
deleting operations_commerciales/GMS/2013/B-CONFIRMATIONS OPERATIONS/CONFIRMATIONS CASINO/GEANT/2013 GEANT MECA PROGRESSIVE S28 PAELLA 2.4KG.xls
deleting operations_commerciales/GMS/2013/B-CONFIRMATIONS OPERATIONS/CONFIRMATIONS CASINO/GEANT/2013 GEANT MECA PROGRESSIVE S22.xls
deleting operations_commerciales/GMS/2013/B-CONFIRMATIONS OPERATIONS/CONFIRMATIONS CASINO/GEANT/2013 GEANT MECA PROGRESSIVE S15.xls
deleting operations_commerciales/GMS/2013/B-CONFIRMATIONS OPERATIONS/CONFIRMATIONS CASINO/GEANT/2013 GEANT FEUILLE DE CHOUX S44 du 28-10 au 03-11.xls
deleting operations_commerciales/GMS/2013/B-CONFIRMATIONS OPERATIONS/CONFIRMATIONS CASINO/GEANT/2013 GEANT FEUILLE DE CHOUX S28 DU 08 AU 14-07.xls
deleting operations_commerciales/GMS/2013/B-CONFIRMATIONS OPERATIONS/CONFIRMATIONS CASINO/GEANT/2013 GEANT FEUILLE DE CHOUX S17 DU 24 AU 28-04.xls
deleting operations_commerciales/GMS/2013/B-CONFIRMATIONS OPERATIONS/CONFIRMATIONS CASINO/GEANT/2013 GEANT FESTIFS.xls
deleting operations_commerciales/GMS/2013/B-CONFIRMATIONS OPERATIONS/CONFIRMATIONS CASINO/GEANT/2013 GEANT FESTIFS MENU.xls
deleting operations_commerciales/GMS/2013/B-CONFIRMATIONS OPERATIONS/CONFIRMATIONS CASINO/GEANT/2013 GEANT DUO+%RI SUR 2EME S47 COUSCOUS 1.25KG.xls
deleting operations_commerciales/GMS/2013/B-CONFIRMATIONS OPERATIONS/CONFIRMATIONS CASINO/GEANT/2013 GEANT CARTE OCTOBRE.xls
deleting operations_commerciales/GMS/2013/B-CONFIRMATIONS OPERATIONS/CONFIRMATIONS CASINO/GEANT/2013 GEANT ANNIVERSAIRE 1 PAELLA 2.4 ET 1.2.xls
deleting operations_commerciales/GMS/2013/B-CONFIRMATIONS OPERATIONS/CONFIRMATIONS CASINO/GEANT/2013 GEANT +1 GRATUITS PAELLE COUSCOUS.xls
deleting operations_commerciales/GMS/2013/B-CONFIRMATIONS OPERATIONS/CONFIRMATIONS CASINO/GEANT/2013 GEANT +1 GRATUITS GRATINS 800G.xls
deleting operations_commerciales/GMS/2013/B-CONFIRMATIONS OPERATIONS/CONFIRMATIONS CASINO/GEANT/2013 GEANT +1 GRATUIT S34.xls
deleting operations_commerciales/GMS/2013/B-CONFIRMATIONS OPERATIONS/CONFIRMATIONS CASINO/GEANT/
deleting operations_commerciales/GMS/2013/B-CONFIRMATIONS OPERATIONS/CONFIRMATIONS CASINO/
deleting operations_commerciales/GMS/2013/B-CONFIRMATIONS OPERATIONS/CONFIRMATIONS CARREFOUR/2013 CARREFOUR OP PROMO 50.xls
deleting operations_commerciales/GMS/2013/B-CONFIRMATIONS OPERATIONS/CONFIRMATIONS CARREFOUR/2013 CARREFOUR OP PROMO 48.xls
deleting operations_commerciales/GMS/2013/B-CONFIRMATIONS OPERATIONS/CONFIRMATIONS CARREFOUR/2013 CARREFOUR OP PROMO 46.xls
deleting operations_commerciales/GMS/2013/B-CONFIRMATIONS OPERATIONS/CONFIRMATIONS CARREFOUR/2013 CARREFOUR OP PROMO 45.xls
deleting operations_commerciales/GMS/2013/B-CONFIRMATIONS OPERATIONS/CONFIRMATIONS CARREFOUR/2013 CARREFOUR OP PROMO 39.xls
deleting operations_commerciales/GMS/2013/B-CONFIRMATIONS OPERATIONS/CONFIRMATIONS CARREFOUR/2013 CARREFOUR OP PROMO 38.xls
deleting operations_commerciales/GMS/2013/B-CONFIRMATIONS OPERATIONS/CONFIRMATIONS CARREFOUR/2013 CARREFOUR OP PROMO 25.xls
deleting operations_commerciales/GMS/2013/B-CONFIRMATIONS OPERATIONS/CONFIRMATIONS CARREFOUR/2013 CARREFOUR OP PROMO 24.xls
deleting operations_commerciales/GMS/2013/B-CONFIRMATIONS OPERATIONS/CONFIRMATIONS CARREFOUR/2013 CARREFOUR OP PROMO 23.xls
deleting operations_commerciales/GMS/2013/B-CONFIRMATIONS OPERATIONS/CONFIRMATIONS CARREFOUR/2013 CARREFOUR OP PROMO 22.xls
deleting operations_commerciales/GMS/2013/B-CONFIRMATIONS OPERATIONS/CONFIRMATIONS CARREFOUR/2013 CARREFOUR OP PROMO 18.xls
deleting operations_commerciales/GMS/2013/B-CONFIRMATIONS OPERATIONS/CONFIRMATIONS CARREFOUR/2013 CARREFOUR OP PROMO 14.xls
deleting operations_commerciales/GMS/2013/B-CONFIRMATIONS OPERATIONS/CONFIRMATIONS CARREFOUR/2013 CARREFOUR OP PROMO 12.xls
deleting operations_commerciales/GMS/2013/B-CONFIRMATIONS OPERATIONS/CONFIRMATIONS CARREFOUR/2013 CARREFOUR OP PROMO 11.xls
deleting operations_commerciales/GMS/2013/B-CONFIRMATIONS OPERATIONS/CONFIRMATIONS CARREFOUR/2013 CARREFOUR OP NAA 2013.xls
deleting operations_commerciales/GMS/2013/B-CONFIRMATIONS OPERATIONS/CONFIRMATIONS CARREFOUR/2013 CARREFOUR OP FESTIFS.xls
deleting operations_commerciales/GMS/2013/B-CONFIRMATIONS OPERATIONS/CONFIRMATIONS CARREFOUR/2013 CARREFOUR OP EXCEPTIONNELLE.xls
deleting operations_commerciales/GMS/2013/B-CONFIRMATIONS OPERATIONS/CONFIRMATIONS CARREFOUR/2013 CARREFOUR MDD OP PIZZAS 65 56 PROMO 15.xls
deleting operations_commerciales/GMS/2013/B-CONFIRMATIONS OPERATIONS/CONFIRMATIONS CARREFOUR/2013 CARREFOUR MDD OP PIZZAS 23 06 PROMO 23.xls
deleting operations_commerciales/GMS/2013/B-CONFIRMATIONS OPERATIONS/CONFIRMATIONS CARREFOUR/2013 CARREFOUR MDD OP PIZZAS 09 56 PROMO 9.xls
deleting operations_commerciales/GMS/2013/B-CONFIRMATIONS OPERATIONS/CONFIRMATIONS CARREFOUR/2013 CARREFOUR MDD OP PAELLA PROMO 27.xls
deleting operations_commerciales/GMS/2013/B-CONFIRMATIONS OPERATIONS/CONFIRMATIONS CARREFOUR/2013 CARREFOUR MDD OP PAELLA PROMO 10.xls
deleting operations_commerciales/GMS/2013/B-CONFIRMATIONS OPERATIONS/CONFIRMATIONS CARREFOUR/2013 CARREFOUR MDD OP PAELLA PIZZA PROMO 18.xls
deleting operations_commerciales/GMS/2013/B-CONFIRMATIONS OPERATIONS/CONFIRMATIONS CARREFOUR/2013 CARREFOUR MDD FLUX POUSSE PIZZAS.xls
deleting operations_commerciales/GMS/2013/B-CONFIRMATIONS OPERATIONS/CONFIRMATIONS CARREFOUR/
deleting operations_commerciales/GMS/2013/B-CONFIRMATIONS OPERATIONS/CONFIRMATIONS CARREFOUR MARKET/2013 CARREFOUR MARKET OP TRAFIC 6.xls
deleting operations_commerciales/GMS/2013/B-CONFIRMATIONS OPERATIONS/CONFIRMATIONS CARREFOUR MARKET/2013 CARREFOUR MARKET OP TRAFIC 6 REMISE.xls
deleting operations_commerciales/GMS/2013/B-CONFIRMATIONS OPERATIONS/CONFIRMATIONS CARREFOUR MARKET/2013 CARREFOUR MARKET OP TRAFIC 50.xls
deleting operations_commerciales/GMS/2013/B-CONFIRMATIONS OPERATIONS/CONFIRMATIONS CARREFOUR MARKET/2013 CARREFOUR MARKET OP TRAFIC 45.xls
deleting operations_commerciales/GMS/2013/B-CONFIRMATIONS OPERATIONS/CONFIRMATIONS CARREFOUR MARKET/2013 CARREFOUR MARKET OP TRAFIC 41TER.xls
deleting operations_commerciales/GMS/2013/B-CONFIRMATIONS OPERATIONS/CONFIRMATIONS CARREFOUR MARKET/2013 CARREFOUR MARKET OP TRAFIC 38 bis.xls
deleting operations_commerciales/GMS/2013/B-CONFIRMATIONS OPERATIONS/CONFIRMATIONS CARREFOUR MARKET/2013 CARREFOUR MARKET OP TRAFIC 33.xls
deleting operations_commerciales/GMS/2013/B-CONFIRMATIONS OPERATIONS/CONFIRMATIONS CARREFOUR MARKET/2013 CARREFOUR MARKET OP TRAFIC 32.xls
deleting operations_commerciales/GMS/2013/B-CONFIRMATIONS OPERATIONS/CONFIRMATIONS CARREFOUR MARKET/2013 CARREFOUR MARKET OP TRAFIC 30.xls
deleting operations_commerciales/GMS/2013/B-CONFIRMATIONS OPERATIONS/CONFIRMATIONS CARREFOUR MARKET/2013 CARREFOUR MARKET OP TRAFIC 25 Saveurs Orient.xls
deleting operations_commerciales/GMS/2013/B-CONFIRMATIONS OPERATIONS/CONFIRMATIONS CARREFOUR MARKET/2013 CARREFOUR MARKET OP TRAFIC 18.xls
deleting operations_commerciales/GMS/2013/B-CONFIRMATIONS OPERATIONS/CONFIRMATIONS CARREFOUR MARKET/2013 CARREFOUR MARKET OP TRAFIC 17.xls
deleting operations_commerciales/GMS/2013/B-CONFIRMATIONS OPERATIONS/CONFIRMATIONS CARREFOUR MARKET/2013 CARREFOUR MARKET OP TRAFIC 16.xls
deleting operations_commerciales/GMS/2013/B-CONFIRMATIONS OPERATIONS/CONFIRMATIONS CARREFOUR MARKET/2013 CARREFOUR MARKET OP TRAFIC 13.xls
deleting operations_commerciales/GMS/2013/B-CONFIRMATIONS OPERATIONS/CONFIRMATIONS CARREFOUR MARKET/2013 CARREFOUR MARKET OP RADIO S25 - 61 25 97.xls
deleting operations_commerciales/GMS/2013/B-CONFIRMATIONS OPERATIONS/CONFIRMATIONS CARREFOUR MARKET/2013 CARREFOUR MARKET OP RADIO INTERNE CCTC 22 97.xls
deleting operations_commerciales/GMS/2013/B-CONFIRMATIONS OPERATIONS/CONFIRMATIONS CARREFOUR MARKET/2013 CARREFOUR MARKET OP RADIO INTERNE 14.xls
deleting operations_commerciales/GMS/2013/B-CONFIRMATIONS OPERATIONS/CONFIRMATIONS CARREFOUR MARKET/2013 CARREFOUR MARKET OP FESTIFS.xls
deleting operations_commerciales/GMS/2013/B-CONFIRMATIONS OPERATIONS/CONFIRMATIONS CARREFOUR MARKET/2013 CARREFOUR MARKET MENU FESTIF.xls
deleting operations_commerciales/GMS/2013/B-CONFIRMATIONS OPERATIONS/CONFIRMATIONS CARREFOUR MARKET/
deleting operations_commerciales/GMS/2013/B-CONFIRMATIONS OPERATIONS/CONFIRMATIONS AUCHAN/2013 AUCHAN SEPTEMBRE 3.xls
deleting operations_commerciales/GMS/2013/B-CONFIRMATIONS OPERATIONS/CONFIRMATIONS AUCHAN/2013 AUCHAN SEPTEMBRE 2.xls
deleting operations_commerciales/GMS/2013/B-CONFIRMATIONS OPERATIONS/CONFIRMATIONS AUCHAN/2013 AUCHAN SEPTEMBRE 1.xls
deleting operations_commerciales/GMS/2013/B-CONFIRMATIONS OPERATIONS/CONFIRMATIONS AUCHAN/2013 AUCHAN R6 R7 ITALIE ESPAGNE PORTUGAL.xls
deleting operations_commerciales/GMS/2013/B-CONFIRMATIONS OPERATIONS/CONFIRMATIONS AUCHAN/2013 AUCHAN PCNT GASTRO PAQUES.xls
deleting operations_commerciales/GMS/2013/B-CONFIRMATIONS OPERATIONS/CONFIRMATIONS AUCHAN/2013 AUCHAN OCTOBRE 2 PCNT.xls
deleting operations_commerciales/GMS/2013/B-CONFIRMATIONS OPERATIONS/CONFIRMATIONS AUCHAN/2013 AUCHAN OCTOBRE 1 PCNT.xls
deleting operations_commerciales/GMS/2013/B-CONFIRMATIONS OPERATIONS/CONFIRMATIONS AUCHAN/2013 AUCHAN NOVEMBRE 25 JOURS 3.xls
deleting operations_commerciales/GMS/2013/B-CONFIRMATIONS OPERATIONS/CONFIRMATIONS AUCHAN/2013 AUCHAN NOVEMBRE 25 JOURS 1.xls
deleting operations_commerciales/GMS/2013/B-CONFIRMATIONS OPERATIONS/CONFIRMATIONS AUCHAN/2013 AUCHAN MARS 4.xls
deleting operations_commerciales/GMS/2013/B-CONFIRMATIONS OPERATIONS/CONFIRMATIONS AUCHAN/2013 AUCHAN MARS 3.xls
deleting operations_commerciales/GMS/2013/B-CONFIRMATIONS OPERATIONS/CONFIRMATIONS AUCHAN/2013 AUCHAN MAI 3.xls
deleting operations_commerciales/GMS/2013/B-CONFIRMATIONS OPERATIONS/CONFIRMATIONS AUCHAN/2013 AUCHAN MAI 1.xls
deleting operations_commerciales/GMS/2013/B-CONFIRMATIONS OPERATIONS/CONFIRMATIONS AUCHAN/2013 AUCHAN JUIN 5 FETE DES STANDS.xls
deleting operations_commerciales/GMS/2013/B-CONFIRMATIONS OPERATIONS/CONFIRMATIONS AUCHAN/2013 AUCHAN JUIN 4.xls
deleting operations_commerciales/GMS/2013/B-CONFIRMATIONS OPERATIONS/CONFIRMATIONS AUCHAN/2013 AUCHAN JUILLET 3 TRACT.xls
deleting operations_commerciales/GMS/2013/B-CONFIRMATIONS OPERATIONS/CONFIRMATIONS AUCHAN/2013 AUCHAN JUILLET 2 PCNT.xls
deleting operations_commerciales/GMS/2013/B-CONFIRMATIONS OPERATIONS/CONFIRMATIONS AUCHAN/2013 AUCHAN JANVIER N\#260 3.xls
deleting operations_commerciales/GMS/2013/B-CONFIRMATIONS OPERATIONS/CONFIRMATIONS AUCHAN/2013 AUCHAN FEVRIER N\#2604.xls
deleting operations_commerciales/GMS/2013/B-CONFIRMATIONS OPERATIONS/CONFIRMATIONS AUCHAN/2013 AUCHAN FEVRIER N\#2603.xls
deleting operations_commerciales/GMS/2013/B-CONFIRMATIONS OPERATIONS/CONFIRMATIONS AUCHAN/2013 AUCHAN FEVRIER N\#2601 NAA.xls
deleting operations_commerciales/GMS/2013/B-CONFIRMATIONS OPERATIONS/CONFIRMATIONS AUCHAN/2013 AUCHAN FESTIF.xls
deleting operations_commerciales/GMS/2013/B-CONFIRMATIONS OPERATIONS/CONFIRMATIONS AUCHAN/2013 AUCHAN FESTIF MENU.xls
deleting operations_commerciales/GMS/2013/B-CONFIRMATIONS OPERATIONS/CONFIRMATIONS AUCHAN/2013 AUCHAN DECEMBRE 2.xls
deleting operations_commerciales/GMS/2013/B-CONFIRMATIONS OPERATIONS/CONFIRMATIONS AUCHAN/2013 AUCHAN AVRIL 4.xls
deleting operations_commerciales/GMS/2013/B-CONFIRMATIONS OPERATIONS/CONFIRMATIONS AUCHAN/
deleting operations_commerciales/GMS/2013/B-CONFIRMATIONS OPERATIONS/CONFIRMATIONS AUCHAN.FR/2013 AUCHAN.FR FESTIF.xls
deleting operations_commerciales/GMS/2013/B-CONFIRMATIONS OPERATIONS/CONFIRMATIONS AUCHAN.FR/
deleting operations_commerciales/GMS/2013/B-CONFIRMATIONS OPERATIONS/
deleting operations_commerciales/GMS/2013/A-CENTRALES/GMS SYSTEME U 2013-FUTUR MASTER.xls
deleting operations_commerciales/GMS/2013/A-CENTRALES/GMS SIMPLY MARKET 2013-FUTUR MASTER.xls
deleting operations_commerciales/GMS/2013/A-CENTRALES/GMS PDM 2013-FUTUR MASTER.xls
deleting operations_commerciales/GMS/2013/A-CENTRALES/GMS INTERMARCHE 2013-FUTUR MASTER.xls
deleting operations_commerciales/GMS/2013/A-CENTRALES/GMS GALEC 2013-FUTUR MASTER.xls
deleting operations_commerciales/GMS/2013/A-CENTRALES/GMS CASINO 2013-FUTUR MASTER.xls
deleting operations_commerciales/GMS/2013/A-CENTRALES/GMS CARREFOUR MN ASIE 2013-FUTUR MASTER.xls
deleting operations_commerciales/GMS/2013/A-CENTRALES/GMS CARREFOUR MN 2013-FUTUR MASTER.xls
deleting operations_commerciales/GMS/2013/A-CENTRALES/GMS CARREFOUR MDD 2013-FUTUR MASTER.xls
deleting operations_commerciales/GMS/2013/A-CENTRALES/GMS CARREFOUR MARKET MN 2013-FUTUR MASTER.xls
deleting operations_commerciales/GMS/2013/A-CENTRALES/GMS CARREFOUR MARKET MDD 2013-FUTUR MASTER.xls
deleting operations_commerciales/GMS/2013/A-CENTRALES/GMS AUCHAN.FR 2013-FUTUR MASTER.xls
deleting operations_commerciales/GMS/2013/A-CENTRALES/GMS AUCHAN 2013-FUTUR MASTER.xls
deleting operations_commerciales/GMS/2013/A-CENTRALES/
deleting operations_commerciales/GMS/2013/
operations_commerciales/GMS/RECAP DEMANDE ET CONFIRMATIONS HEBDO.xls
operations_commerciales/GMS/2014/A-CENTRALES/GMS AUCHAN 2014-FUTUR MASTER.xls
operations_commerciales/GMS/2014/A-CENTRALES/GMS CASINO 2014-FUTUR MASTER.xls
operations_commerciales/GMS/2014/A-CENTRALES/GMS GALEC 2014-FUTUR MASTER.xls
operations_commerciales/GMS/2014/D-REGIONS/GMS LECLERC 2014-FUTUR MASTER.xls
operations_commerciales/MDD/MODELES CJ/AUCHAN ATAC SCHIEVER/DDE ECHANTILLONS/2014/DEMANDE ECHANTILLONS AUCHAN 48.xls

sent 288025 bytes  received 27468 bytes  57362.36 bytes/sec
total size is 44288421  speedup is 140.38
sending incremental file list

sent 19812 bytes  received 78 bytes  13260.00 bytes/sec
total size is 98390370  speedup is 4946.73
sending incremental file list
gofast/
gofast/benjamin.txt
gofast/test/

sent 153 bytes  received 39 bytes  128.00 bytes/sec
total size is 0  speedup is 0.00
sending incremental file list

sent 7705 bytes  received 13 bytes  5145.33 bytes/sec
total size is 33815552  speedup is 4381.39
sending incremental file list
erp_data.mdb

sent 7780262 bytes  received 64291 bytes  189025.37 bytes/sec
total size is 84160512  speedup is 10.73
sending incremental file list

sent 7538 bytes  received 45 bytes  5055.33 bytes/sec
total size is 9253358  speedup is 1220.28
sending incremental file list

sent 4308 bytes  received 24 bytes  2888.00 bytes/sec
total size is 6387982  speedup is 1474.60
sending incremental file list

sent 7695 bytes  received 20 bytes  5143.33 bytes/sec
total size is 16751789  speedup is 2171.33
sending incremental file list

sent 85 bytes  received 13 bytes  65.33 bytes/sec
total size is 104853504  speedup is 1069933.71
sending incremental file list
operations_commerciales/chrono demande echantillons.xls
operations_commerciales/FZC/CONFIRMATIONS/2014/ARGEL/ARGEL_CONFIRMATION CATALOGUE 5 2014.xls
operations_commerciales/FZC/OP FZC 2014/FZC ARGEL 2014.xls
operations_commerciales/FZC/OP FZC 2014/FZC THIRIET 2014.xls
operations_commerciales/GMS/RECAP DEMANDE ET CONFIRMATIONS HEBDO.xls
operations_commerciales/GMS/2014/A-CENTRALES/GMS AUCHAN 2014-FUTUR MASTER.xls
operations_commerciales/GMS/2014/A-CENTRALES/GMS CASINO 2014-FUTUR MASTER.xls
operations_commerciales/GMS/2014/A-CENTRALES/GMS GALEC 2014-FUTUR MASTER.xls
operations_commerciales/GMS/2014/D-REGIONS/GMS LECLERC 2014-FUTUR MASTER.xls
operations_commerciales/MDD/MODELES CJ/AUCHAN ATAC SCHIEVER/DDE ECHANTILLONS/2014/DEMANDE ECHANTILLONS AUCHAN 48.xls

sent 282190 bytes  received 26993 bytes  68707.33 bytes/sec
total size is 44288421  speedup is 143.24
sending incremental file list
mercuriales/gms/2014/CENTRALES 2014/INTERMARCHE 2014.xls
mercuriales/gms/2014/CONTROLE TARIFS 2014/03-MARS/
mercuriales/gms/2014/CONTROLE TARIFS 2014/03-MARS/2014 INTERMARCHE NOUVEAUX PRIX.pdf
deleting mercuriales/gms/2014/REGIONS  2014/GALEC REGION MERCU JANVIER-FEVRIER 2014.xls
mercuriales/gms/2014/REGIONS  2014/GALEC REGION MERCU JANVIER 2014.xls
mercuriales/mdd/2013/2013 MERCURIALE CARREFOUR PLATS CUISINES.xls

sent 253710 bytes  received 9688 bytes  75256.57 bytes/sec
total size is 26165149  speedup is 99.34
sending incremental file list

sent 7705 bytes  received 13 bytes  5145.33 bytes/sec
total size is 33815552  speedup is 4381.39
sending incremental file list

sent 5876 bytes  received 45 bytes  3947.33 bytes/sec
total size is 11123363  speedup is 1878.63
sending incremental file list

sent 5677 bytes  received 23 bytes  3800.00 bytes/sec
total size is 128675317  speedup is 22574.62
sending incremental file list

sent 5353 bytes  received 38 bytes  3594.00 bytes/sec
total size is 56169881  speedup is 10419.20
sending incremental file list
codesoft/Codesoft 7/Codes Produits/79918_rouleau mexicain SDV.bak
codesoft/Codesoft 7/Codes Produits/79918_rouleau mexicain SDV.lab

sent 64739 bytes  received 6974 bytes  28685.20 bytes/sec
total size is 289940563  speedup is 4043.07
sending incremental file list
