Démarrage : lun aoû  4 23:00:01 CEST 2014
Arrêt     : lun aoû  4 23:00:47 CEST 2014



Base MySQL sélectionnée: agis
Nombre de serveur(s) Linux concerné(s): 4
Nombre de dossier(s) à mettre à jour: 29

sending incremental file list

sent 7292 bytes  received 49 bytes  4894.00 bytes/sec
total size is 13584181  speedup is 1850.45
sending incremental file list

sent 6283 bytes  received 38 bytes  2528.40 bytes/sec
total size is 12454871  speedup is 1970.40
sending incremental file list

sent 63 bytes  received 12 bytes  50.00 bytes/sec
total size is 145690624  speedup is 1942541.65
sending incremental file list

sent 7593 bytes  received 45 bytes  5092.00 bytes/sec
total size is 9254930  speedup is 1211.70
sending incremental file list

sent 7905 bytes  received 20 bytes  5283.33 bytes/sec
total size is 16766350  speedup is 2115.63
sending incremental file list

sent 4308 bytes  received 24 bytes  2888.00 bytes/sec
total size is 6387982  speedup is 1474.60
sending incremental file list
mercuriales/sync.ffs_db
mercuriales/MERCURIALES - AGIS/HD/2014/2014 MERCURIALE LEADER PRICE.xls

sent 21706 bytes  received 5130 bytes  10734.40 bytes/sec
total size is 37243229  speedup is 1387.81
sending incremental file list

sent 5047 bytes  received 27 bytes  3382.67 bytes/sec
total size is 39173092  speedup is 7720.36
sending incremental file list
operations_commerciales/chrono demande echantillons.xls
operations_commerciales/GMS/2014/B-CONFIRMATIONS OPERATIONS/CARREFOUR/2014 CARREFOUR FLUX POUSSE PLATEAUX APERO S34.xls
operations_commerciales/GMS/2014/D-REGIONS/GMS LECLERC 2014-FUTUR MASTER.xls

sent 257023 bytes  received 10113 bytes  106854.40 bytes/sec
total size is 56671414  speedup is 212.14
sending incremental file list

sent 20406 bytes  received 83 bytes  13659.33 bytes/sec
total size is 99360776  speedup is 4849.47
sending incremental file list

sent 6669 bytes  received 93 bytes  4508.00 bytes/sec
total size is 52693702  speedup is 7792.62
sending incremental file list

sent 9043 bytes  received 13 bytes  6037.33 bytes/sec
total size is 44437504  speedup is 4906.97
sending incremental file list

sent 5781 bytes  received 30 bytes  3874.00 bytes/sec
total size is 92829061  speedup is 15974.71
sending incremental file list

sent 63 bytes  received 12 bytes  50.00 bytes/sec
total size is 145690624  speedup is 1942541.65
sending incremental file list

sent 7593 bytes  received 45 bytes  5092.00 bytes/sec
total size is 9254930  speedup is 1211.70
sending incremental file list

sent 4308 bytes  received 24 bytes  2888.00 bytes/sec
total size is 6387982  speedup is 1474.60
sending incremental file list

sent 7905 bytes  received 20 bytes  5283.33 bytes/sec
total size is 16766350  speedup is 2115.63
sending incremental file list

sent 85 bytes  received 13 bytes  65.33 bytes/sec
total size is 104853504  speedup is 1069933.71
sending incremental file list
operations_commerciales/chrono demande echantillons.xls
operations_commerciales/GMS/2014/B-CONFIRMATIONS OPERATIONS/CARREFOUR/2014 CARREFOUR FLUX POUSSE PLATEAUX APERO S34.xls
operations_commerciales/GMS/2014/D-REGIONS/GMS LECLERC 2014-FUTUR MASTER.xls

sent 257023 bytes  received 10113 bytes  59363.56 bytes/sec
total size is 56671414  speedup is 212.14
sending incremental file list
mercuriales/sync.ffs_db
mercuriales/MERCURIALES - AGIS/HD/2014/2014 MERCURIALE LEADER PRICE.xls

sent 21706 bytes  received 5130 bytes  10734.40 bytes/sec
total size is 37243229  speedup is 1387.81
sending incremental file list

sent 9043 bytes  received 13 bytes  6037.33 bytes/sec
total size is 44437504  speedup is 4906.97
sending incremental file list

sent 7292 bytes  received 49 bytes  4894.00 bytes/sec
total size is 13584181  speedup is 1850.45
sending incremental file list

sent 5745 bytes  received 23 bytes  3845.33 bytes/sec
total size is 129159129  speedup is 22392.36
sending incremental file list

sent 5610 bytes  received 39 bytes  2259.60 bytes/sec
total size is 59049369  speedup is 10453.07
sending incremental file list

sent 52293 bytes  received 97 bytes  20956.00 bytes/sec
total size is 299707475  speedup is 5720.70
sending incremental file list

sent 20406 bytes  received 83 bytes  8195.60 bytes/sec
total size is 99360776  speedup is 4849.47
sending incremental file list

sent 6669 bytes  received 93 bytes  2704.80 bytes/sec
total size is 52693702  speedup is 7792.62
sending incremental file list

sent 7905 bytes  received 20 bytes  5283.33 bytes/sec
total size is 16766350  speedup is 2115.63
sending incremental file list

sent 7905 bytes  received 20 bytes  5283.33 bytes/sec
total size is 16766350  speedup is 2115.63
