Démarrage : lun fév 10 23:00:02 CET 2014
Arrêt     : lun fév 10 23:02:00 CET 2014



Base MySQL sélectionnée: agis
Nombre de serveur(s) Linux concerné(s): 4
Nombre de dossier(s) à mettre à jour: 26

sending incremental file list

sent 5876 bytes  received 45 bytes  1691.71 bytes/sec
total size is 11123363  speedup is 1878.63
sending incremental file list

sent 5991 bytes  received 37 bytes  1722.29 bytes/sec
total size is 12050302  speedup is 1999.05
sending incremental file list

sent 63 bytes  received 12 bytes  50.00 bytes/sec
total size is 84160512  speedup is 1122140.16
sending incremental file list

sent 7538 bytes  received 45 bytes  5055.33 bytes/sec
total size is 9253358  speedup is 1220.28
sending incremental file list

sent 7695 bytes  received 20 bytes  1402.73 bytes/sec
total size is 16751789  speedup is 2171.33
sending incremental file list

sent 4308 bytes  received 24 bytes  2888.00 bytes/sec
total size is 6387982  speedup is 1474.60
sending incremental file list
mercuriales/FZC/FZC 2014/PICARD 2014.xls
mercuriales/FZC/FZC 2014/THIRIET 2014.xls
mercuriales/HD/2014/2014 MERCURIALE DIA.xls
mercuriales/gms/2014/CENTRALES 2014/AUCHAN 2014.xls
mercuriales/gms/2014/CENTRALES 2014/INTERMARCHE 2014.xls
deleting mercuriales/gms/2014/CONTROLE TARIFS 2014/02-FEVRIER/02 FEVRIER INTERMARCHE GAMME DRIVE ET PC.pdf
deleting mercuriales/gms/2014/CONTROLE TARIFS 2014/02-FEVRIER/02 FEVRIER GALEC TARIF CONJONCTUREL.pdf
mercuriales/gms/2014/CONTROLE TARIFS 2014/02-FEVRIER/2014 AUCHAN GAMME TOP CHEF.pdf
mercuriales/gms/2014/CONTROLE TARIFS 2014/02-FEVRIER/2014 GALEC TARIF CONJONCTUREL.pdf
mercuriales/gms/2014/CONTROLE TARIFS 2014/02-FEVRIER/2014 INTERMARCHE GAMME DRIVE ET PC.pdf
deleting mercuriales/gms/2014/CONTROLE TARIFS 2014/04-AVRIL/2014 GAMME PC REGIONALES.pdf
deleting mercuriales/gms/2014/CONTROLE TARIFS 2014/04-AVRIL/2014 GAMME PC FE.pdf
mercuriales/gms/2014/CONTROLE TARIFS 2014/04-AVRIL/2014 INTERMARCHE GAMME PC FE.pdf
mercuriales/gms/2014/CONTROLE TARIFS 2014/04-AVRIL/2014 INTERMARCHE GAMME PC REGIONALES.pdf
mercuriales/gms/2014/CONTROLE TARIFS 2014/04-AVRIL/2014 INTERMARCHE GAMME PIZZAS 420G.pdf
mercuriales/gms/2014/CONTROLE TARIFS 2014/04-AVRIL/2014 SIMPLY MARKET VIANDES.pdf
deleting mercuriales/gms/2014/REGIONS  2014/GALEC REGION MERCU JANVIER 2014.xls
mercuriales/gms/2014/REGIONS  2014/GALEC REGION MERCU MARS 2014.xls
mercuriales/gms/2014/REGIONS  2014/ARCHIVES/GALEC REGION MERCU JANVIER 2014.xls
mercuriales/mdd/2014/2014 MERCURIALE CARREFOUR PLATS CUISINES.xls

sent 514248 bytes  received 13669 bytes  28536.05 bytes/sec
total size is 27324520  speedup is 51.76
sending incremental file list

sent 5047 bytes  received 27 bytes  1127.56 bytes/sec
total size is 39173092  speedup is 7720.36
sending incremental file list
operations_commerciales/chrono demande echantillons.xls
operations_commerciales/FZC/CONFIRMATIONS/2014/THIRIET/THIRIET_AVRIL 2014.xls
operations_commerciales/FZC/OP FZC 2014/FZC THIRIET 2014.xls
operations_commerciales/GMS/RECAP DEMANDE ET CONFIRMATIONS HEBDO.xls
operations_commerciales/GMS/2014/A-CENTRALES/GMS CARREFOUR 2014-FUTUR MASTER.xls
operations_commerciales/GMS/2014/A-CENTRALES/GMS CARREFOUR MARKET 2014-FUTUR MASTER.xls
operations_commerciales/GMS/2014/A-CENTRALES/GMS CASINO 2014-FUTUR MASTER.xls
operations_commerciales/GMS/2014/A-CENTRALES/GMS GALEC 2014-FUTUR MASTER.xls
operations_commerciales/GMS/2014/A-CENTRALES/GMS INTERMARCHE 2014-FUTUR MASTER.xls
operations_commerciales/GMS/2014/A-CENTRALES/GMS SYSTEME U 2014-FUTUR MASTER.xls
operations_commerciales/GMS/2014/B-CONFIRMATIONS OPERATIONS/CARREFOUR/2014 CARREFOUR PROMO 13 RP.xls
operations_commerciales/GMS/2014/B-CONFIRMATIONS OPERATIONS/CARREFOUR/2014 CARREFOUR PROMO 14 PLATEAU ASIE.xls
operations_commerciales/GMS/2014/D-REGIONS/GMS LECLERC 2014-FUTUR MASTER.xls

sent 425720 bytes  received 40220 bytes  37275.20 bytes/sec
total size is 44994981  speedup is 96.57
sending incremental file list

sent 19821 bytes  received 78 bytes  5685.43 bytes/sec
total size is 98390370  speedup is 4944.49
sending incremental file list
gofast/CHANTIERS/1_CNP_DELEGATION_Cecile/CNP_fonctionnement_CR_030214.doc
gofast/CHANTIERS/1_CNP_DELEGATION_Cecile/1_EQUIPE/Equipe_200114.JPG
gofast/CHANTIERS/1_CNP_DELEGATION_Cecile/4_GEMBA/Bilan_CNP_1ersem13.doc
gofast/CHANTIERS/1_CNP_DELEGATION_Cecile/DDD/DDD_ESPRI_CABILLAUD.doc
gofast/CHANTIERS/1_CNP_DELEGATION_Cecile/NOTATION_DDD/NOTATION_DDD_310114.xls
gofast/CHANTIERS/1_CNP_DELEGATION_Cecile/PLANNING_DVPT/
gofast/CHANTIERS/2_FTK_CLIENTS_Mathieu/1_EQUIPE/
gofast/CHANTIERS/2_FTK_CLIENTS_Mathieu/2_DEFIS/
gofast/CHANTIERS/2_FTK_CLIENTS_Mathieu/3_OBJECTIFS/
gofast/CHANTIERS/2_FTK_CLIENTS_Mathieu/4_GEMBA/
gofast/CHANTIERS/2_FTK_CLIENTS_Mathieu/5_STANDARDS/
gofast/CHANTIERS/2_FTK_CLIENTS_Mathieu/6_BILAN/
gofast/CHANTIERS/3_FTA_Boris/1_EQUIPE/
gofast/CHANTIERS/3_FTA_Boris/2_DEFIS/
gofast/CHANTIERS/3_FTA_Boris/3_OBJECTIFS/
gofast/CHANTIERS/3_FTA_Boris/4_GEMBA/
gofast/CHANTIERS/3_FTA_Boris/5_STANDARDS/
gofast/CHANTIERS/3_FTA_Boris/6_BILAN/
gofast/CHANTIERS/4_COTATION_Benjamin/1_EQUIPE/
gofast/CHANTIERS/4_COTATION_Benjamin/2_DEFIS/
gofast/CHANTIERS/4_COTATION_Benjamin/3_OBJECTIFS/
gofast/CHANTIERS/4_COTATION_Benjamin/4_GEMBA/
gofast/CHANTIERS/4_COTATION_Benjamin/5_STANDARDS/
gofast/CHANTIERS/4_COTATION_Benjamin/6_BILAN/
gofast/CHANTIERS/5_PROCESS_Vincent/1_EQUIPE/
gofast/CHANTIERS/5_PROCESS_Vincent/2_DEFIS/
gofast/CHANTIERS/5_PROCESS_Vincent/3_OBJECTIFS/
gofast/CHANTIERS/5_PROCESS_Vincent/4_GEMBA/
gofast/CHANTIERS/5_PROCESS_Vincent/5_STANDARDS/
gofast/CHANTIERS/5_PROCESS_Vincent/6_BILAN/
gofast/CHANTIERS/6_LANCEMENT_PDTS_Emeline/1_EQUIPE/
gofast/CHANTIERS/6_LANCEMENT_PDTS_Emeline/2_DEFIS/
gofast/CHANTIERS/6_LANCEMENT_PDTS_Emeline/3_OBJECTIFS/
gofast/CHANTIERS/6_LANCEMENT_PDTS_Emeline/4_GEMBA/
gofast/CHANTIERS/6_LANCEMENT_PDTS_Emeline/5_STANDARDS/
gofast/CHANTIERS/6_LANCEMENT_PDTS_Emeline/6_BILAN/
gofast/CHANTIERS/7_DONNEES_R&D_Morgane/1_EQUIPE/
gofast/CHANTIERS/7_DONNEES_R&D_Morgane/2_DEFIS/
gofast/CHANTIERS/7_DONNEES_R&D_Morgane/3_OBJECTIFS/
gofast/CHANTIERS/7_DONNEES_R&D_Morgane/4_GEMBA/
gofast/CHANTIERS/7_DONNEES_R&D_Morgane/5_STANDARDS/
gofast/CHANTIERS/7_DONNEES_R&D_Morgane/6_BILAN/
gofast/CHANTIERS/8_ADVITIUM_Cecile/1_EQUIPE/
gofast/CHANTIERS/8_ADVITIUM_Cecile/2_DEFIS/
gofast/CHANTIERS/8_ADVITIUM_Cecile/3_OBJECTIFS/
gofast/CHANTIERS/8_ADVITIUM_Cecile/4_GEMBA/
gofast/CHANTIERS/8_ADVITIUM_Cecile/5_STANDARDS/
gofast/CHANTIERS/8_ADVITIUM_Cecile/6_BILAN/
gofast/INFORMATIONS_GENERALES/1_GOFAST_pres_projet_280114.ppt
gofast/INFORMATIONS_GENERALES/MEMO_chantier_100114.doc
gofast/INFORMATIONS_GENERALES/5S_exemples_AGIS/
gofast/PLANNING_GENERAL/Planning_equipes_GOFAST_valide.xls

sent 4956507 bytes  received 361 bytes  180249.75 bytes/sec
total size is 7488812  speedup is 1.51
sending incremental file list
modeles/compo_agis_sans_portion-v1.lab
modeles/compo_agis_sans_portion-v1_180.lab

sent 43937 bytes  received 3615 bytes  4134.96 bytes/sec
total size is 33859072  speedup is 712.04
sending incremental file list

sent 63 bytes  received 12 bytes  50.00 bytes/sec
total size is 84160512  speedup is 1122140.16
sending incremental file list

sent 7538 bytes  received 45 bytes  5055.33 bytes/sec
total size is 9253358  speedup is 1220.28
sending incremental file list

sent 4308 bytes  received 24 bytes  2888.00 bytes/sec
total size is 6387982  speedup is 1474.60
sending incremental file list

sent 7695 bytes  received 20 bytes  5143.33 bytes/sec
total size is 16751789  speedup is 2171.33
sending incremental file list

sent 85 bytes  received 13 bytes  196.00 bytes/sec
total size is 104853504  speedup is 1069933.71
sending incremental file list
operations_commerciales/chrono demande echantillons.xls
operations_commerciales/FZC/CONFIRMATIONS/2014/THIRIET/THIRIET_AVRIL 2014.xls
operations_commerciales/FZC/OP FZC 2014/FZC THIRIET 2014.xls
operations_commerciales/GMS/RECAP DEMANDE ET CONFIRMATIONS HEBDO.xls
operations_commerciales/GMS/2014/A-CENTRALES/GMS CARREFOUR 2014-FUTUR MASTER.xls
operations_commerciales/GMS/2014/A-CENTRALES/GMS CARREFOUR MARKET 2014-FUTUR MASTER.xls
operations_commerciales/GMS/2014/A-CENTRALES/GMS CASINO 2014-FUTUR MASTER.xls
operations_commerciales/GMS/2014/A-CENTRALES/GMS GALEC 2014-FUTUR MASTER.xls
operations_commerciales/GMS/2014/A-CENTRALES/GMS INTERMARCHE 2014-FUTUR MASTER.xls
operations_commerciales/GMS/2014/A-CENTRALES/GMS SYSTEME U 2014-FUTUR MASTER.xls
operations_commerciales/GMS/2014/B-CONFIRMATIONS OPERATIONS/CARREFOUR/2014 CARREFOUR PROMO 13 RP.xls
operations_commerciales/GMS/2014/B-CONFIRMATIONS OPERATIONS/CARREFOUR/2014 CARREFOUR PROMO 14 PLATEAU ASIE.xls
operations_commerciales/GMS/2014/D-REGIONS/GMS LECLERC 2014-FUTUR MASTER.xls

sent 425720 bytes  received 40220 bytes  103542.22 bytes/sec
total size is 44994981  speedup is 96.57
sending incremental file list
mercuriales/FZC/FZC 2014/PICARD 2014.xls
mercuriales/FZC/FZC 2014/THIRIET 2014.xls
mercuriales/HD/2014/2014 MERCURIALE DIA.xls
mercuriales/gms/2014/CENTRALES 2014/AUCHAN 2014.xls
mercuriales/gms/2014/CENTRALES 2014/INTERMARCHE 2014.xls
deleting mercuriales/gms/2014/CONTROLE TARIFS 2014/02-FEVRIER/02 FEVRIER INTERMARCHE GAMME DRIVE ET PC.pdf
deleting mercuriales/gms/2014/CONTROLE TARIFS 2014/02-FEVRIER/02 FEVRIER GALEC TARIF CONJONCTUREL.pdf
mercuriales/gms/2014/CONTROLE TARIFS 2014/02-FEVRIER/2014 AUCHAN GAMME TOP CHEF.pdf
mercuriales/gms/2014/CONTROLE TARIFS 2014/02-FEVRIER/2014 GALEC TARIF CONJONCTUREL.pdf
mercuriales/gms/2014/CONTROLE TARIFS 2014/02-FEVRIER/2014 INTERMARCHE GAMME DRIVE ET PC.pdf
deleting mercuriales/gms/2014/CONTROLE TARIFS 2014/04-AVRIL/2014 GAMME PC REGIONALES.pdf
deleting mercuriales/gms/2014/CONTROLE TARIFS 2014/04-AVRIL/2014 GAMME PC FE.pdf
mercuriales/gms/2014/CONTROLE TARIFS 2014/04-AVRIL/2014 INTERMARCHE GAMME PC FE.pdf
mercuriales/gms/2014/CONTROLE TARIFS 2014/04-AVRIL/2014 INTERMARCHE GAMME PC REGIONALES.pdf
mercuriales/gms/2014/CONTROLE TARIFS 2014/04-AVRIL/2014 INTERMARCHE GAMME PIZZAS 420G.pdf
mercuriales/gms/2014/CONTROLE TARIFS 2014/04-AVRIL/2014 SIMPLY MARKET VIANDES.pdf
deleting mercuriales/gms/2014/REGIONS  2014/GALEC REGION MERCU JANVIER 2014.xls
mercuriales/gms/2014/REGIONS  2014/GALEC REGION MERCU MARS 2014.xls
mercuriales/gms/2014/REGIONS  2014/ARCHIVES/GALEC REGION MERCU JANVIER 2014.xls
mercuriales/mdd/2014/2014 MERCURIALE CARREFOUR PLATS CUISINES.xls

sent 514248 bytes  received 13669 bytes  117314.89 bytes/sec
total size is 27324520  speedup is 51.76
sending incremental file list
modeles/compo_agis_sans_portion-v1.lab
modeles/compo_agis_sans_portion-v1_180.lab

sent 43937 bytes  received 3615 bytes  19020.80 bytes/sec
total size is 33859072  speedup is 712.04
sending incremental file list

sent 5876 bytes  received 45 bytes  11842.00 bytes/sec
total size is 11123363  speedup is 1878.63
sending incremental file list

sent 5677 bytes  received 23 bytes  3800.00 bytes/sec
total size is 128675317  speedup is 22574.62
sending incremental file list

sent 5353 bytes  received 38 bytes  2156.40 bytes/sec
total size is 56169881  speedup is 10419.20
sending incremental file list
codesoft/Codesoft 7/Auchan  Atac/Auchan/Auchan le traiteur/plateau_asiatique_360g_recto.bak
codesoft/Codesoft 7/Auchan  Atac/Auchan/Auchan le traiteur/plateau_asiatique_360g_recto.lab
codesoft/Codesoft 7/Auchan  Atac/Auchan/Auchan le traiteur/plateau_asiatique_360g_verso.bak
codesoft/Codesoft 7/Auchan  Atac/Auchan/Auchan le traiteur/plateau_asiatique_360g_verso.lab
codesoft/Codesoft 7/Auchan  Atac/Auchan/Auchan le traiteur/plateau_asiatique_620g_recto.lab
codesoft/Codesoft 7/Auchan  Atac/Auchan/Auchan le traiteur/plateau_asiatique_620g_verso.lab

sent 96333 bytes  received 210 bytes  21454.00 bytes/sec
total size is 290468947  speedup is 3008.70
sending incremental file list

sent 19821 bytes  received 78 bytes  7959.60 bytes/sec
total size is 98390370  speedup is 4944.49
sending incremental file list

sent 2645 bytes  received 77 bytes  1814.67 bytes/sec
total size is 7488812  speedup is 2751.22
