Démarrage : mar sep 24 23:00:01 CEST 2013
Arrêt     : mar sep 24 23:00:39 CEST 2013



Base MySQL sélectionnée: agis
Nombre de serveur(s) Linux concerné(s): 4
Nombre de dossier(s) à mettre à jour: 24

sending incremental file list

sent 7552 bytes  received 20 bytes  15144.00 bytes/sec
total size is 16747405  speedup is 2211.75
sending incremental file list

sent 5440 bytes  received 44 bytes  3656.00 bytes/sec
total size is 9508728  speedup is 1733.90
sending incremental file list
codesoft/plateforme/reetiquetage_ass_auchan/
codesoft/plateforme/reetiquetage_ass_auchan/recto_ass_oriental.lab
codesoft/plateforme/reetiquetage_ass_auchan/recto_ass_thai.lab
codesoft/plateforme/reetiquetage_ass_auchan/verso_ass_oriental.bak
codesoft/plateforme/reetiquetage_ass_auchan/verso_ass_oriental.lab
codesoft/plateforme/reetiquetage_ass_auchan/verso_ass_thai.lab

sent 137758 bytes  received 184 bytes  55176.80 bytes/sec
total size is 272851027  speedup is 1978.01
sending incremental file list
suivi_investissement/2014-2015/
suivi_investissement/2014-2015/Bud invest AVI 2014 2015.xls

sent 17806 bytes  received 56 bytes  11908.00 bytes/sec
total size is 11410188  speedup is 638.80
sending incremental file list

sent 63 bytes  received 12 bytes  50.00 bytes/sec
total size is 77592576  speedup is 1034567.68
sending incremental file list

sent 7538 bytes  received 45 bytes  5055.33 bytes/sec
total size is 9253358  speedup is 1220.28
sending incremental file list
batch/scanner.ini

sent 7938 bytes  received 51 bytes  5326.00 bytes/sec
total size is 16747405  speedup is 2096.31
sending incremental file list

sent 4308 bytes  received 24 bytes  2888.00 bytes/sec
total size is 6387982  speedup is 1474.60
sending incremental file list
mercuriales/gms/2013/CENTRALES 2013/AUCHAN.FR 2013.xls
mercuriales/mdd/2013/2013 MERCURIALE CARREFOUR ASIATIQUE.xls
mercuriales/mdd/2013/2013 MERCURIALE GROUPE AUCHAN.xls
mercuriales/mdd/2013/2013 MERCURIALE MONOPRIX .xls
mercuriales/mdd/2013/2013 MERCURIALE SYSTEME U.xls

sent 57814 bytes  received 10145 bytes  45306.00 bytes/sec
total size is 32726945  speedup is 481.57
sending incremental file list

sent 5047 bytes  received 27 bytes  3382.67 bytes/sec
total size is 39173092  speedup is 7720.36
sending incremental file list
operations_commerciales/DEMANDE ECHANTILLONS CL .xls
operations_commerciales/chrono demande echantillons.xls
operations_commerciales/GMS/2013/A-CENTRALES/GMS CARREFOUR MARKET MDD 2013-FUTUR MASTER.xls
operations_commerciales/GMS/2013/D-REGIONS/GMS LECLERC 2013-FUTUR MASTER.xls
operations_commerciales/MDD/OP MDD 2013/MDD CRF 2013 FUTUR MASTER.xls

sent 276649 bytes  received 14543 bytes  83197.71 bytes/sec
total size is 93924247  speedup is 322.55
sending incremental file list

sent 18506 bytes  received 80 bytes  12390.67 bytes/sec
total size is 41728031  speedup is 2245.13
sending incremental file list

sent 7502 bytes  received 13 bytes  5010.00 bytes/sec
total size is 33724035  speedup is 4487.56
sending incremental file list

sent 63 bytes  received 12 bytes  50.00 bytes/sec
total size is 77592576  speedup is 1034567.68
sending incremental file list

sent 7538 bytes  received 45 bytes  15166.00 bytes/sec
total size is 9253358  speedup is 1220.28
sending incremental file list

sent 4308 bytes  received 24 bytes  2888.00 bytes/sec
total size is 6387982  speedup is 1474.60
sending incremental file list
batch/scanner.ini

sent 7938 bytes  received 51 bytes  5326.00 bytes/sec
total size is 16747405  speedup is 2096.31
sending incremental file list

sent 85 bytes  received 13 bytes  65.33 bytes/sec
total size is 104853504  speedup is 1069933.71
sending incremental file list
operations_commerciales/DEMANDE ECHANTILLONS CL .xls
operations_commerciales/chrono demande echantillons.xls
operations_commerciales/GMS/2013/A-CENTRALES/GMS CARREFOUR MARKET MDD 2013-FUTUR MASTER.xls
operations_commerciales/GMS/2013/D-REGIONS/GMS LECLERC 2013-FUTUR MASTER.xls
operations_commerciales/MDD/OP MDD 2013/MDD CRF 2013 FUTUR MASTER.xls

sent 276649 bytes  received 14543 bytes  83197.71 bytes/sec
total size is 93924247  speedup is 322.55
sending incremental file list
mercuriales/gms/2013/CENTRALES 2013/AUCHAN.FR 2013.xls
mercuriales/mdd/2013/2013 MERCURIALE CARREFOUR ASIATIQUE.xls
mercuriales/mdd/2013/2013 MERCURIALE GROUPE AUCHAN.xls
mercuriales/mdd/2013/2013 MERCURIALE MONOPRIX .xls
mercuriales/mdd/2013/2013 MERCURIALE SYSTEME U.xls

sent 57814 bytes  received 10145 bytes  45306.00 bytes/sec
total size is 32726945  speedup is 481.57
sending incremental file list

sent 5440 bytes  received 44 bytes  3656.00 bytes/sec
total size is 9508728  speedup is 1733.90
sending incremental file list

sent 5618 bytes  received 23 bytes  3760.67 bytes/sec
total size is 128643573  speedup is 22805.10
sending incremental file list

sent 4707 bytes  received 36 bytes  3162.00 bytes/sec
total size is 46318934  speedup is 9765.75
sending incremental file list

sent 18506 bytes  received 80 bytes  12390.67 bytes/sec
total size is 41728031  speedup is 2245.13
