Démarrage : dim jun 15 23:00:01 CEST 2014
Arrêt     : dim jun 15 23:00:48 CEST 2014



Base MySQL sélectionnée: agis
Nombre de serveur(s) Linux concerné(s): 4
Nombre de dossier(s) à mettre à jour: 29

sending incremental file list

sent 7070 bytes  received 49 bytes  4746.00 bytes/sec
total size is 12774593  speedup is 1794.44
sending incremental file list

sent 6279 bytes  received 38 bytes  2526.80 bytes/sec
total size is 12442583  speedup is 1969.70
sending incremental file list

sent 63 bytes  received 12 bytes  50.00 bytes/sec
total size is 90068992  speedup is 1200919.89
sending incremental file list

sent 7593 bytes  received 45 bytes  5092.00 bytes/sec
total size is 9254930  speedup is 1211.70
sending incremental file list

sent 7756 bytes  received 20 bytes  5184.00 bytes/sec
total size is 16755943  speedup is 2154.83
sending incremental file list

sent 4308 bytes  received 24 bytes  2888.00 bytes/sec
total size is 6387982  speedup is 1474.60
sending incremental file list
mercuriales/HD/2014/2014 MERCURIALE LEADER PRICE.xls
mercuriales/HD/2014/2014 MERCURIALE LIDL.xls
mercuriales/gms/2014/CENTRALES 2014/CARREFOUR 2014.xls
mercuriales/gms/2014/CENTRALES 2014/INTERMARCHE 2014.xls
mercuriales/mdd/2014/2014 MERCURIALE AUCHAN.xls
mercuriales/mdd/2014/2014 MERCURIALE CARREFOUR ASIATIQUE.xls

sent 56180 bytes  received 18605 bytes  21367.14 bytes/sec
total size is 32801287  speedup is 438.61
sending incremental file list

sent 5047 bytes  received 27 bytes  3382.67 bytes/sec
total size is 39173092  speedup is 7720.36
sending incremental file list
operations_commerciales/DEMANDE ECHANTILLONS CL .xls
operations_commerciales/chrono demande echantillons.xls
operations_commerciales/GMS/RECAP DEMANDE ET CONFIRMATIONS HEBDO 2014.xls
operations_commerciales/GMS/2014/A-CENTRALES/GMS AUCHAN 2014-FUTUR MASTER.xls
operations_commerciales/GMS/2014/A-CENTRALES/GMS CARREFOUR 2014-FUTUR MASTER.xls
operations_commerciales/GMS/2014/A-CENTRALES/GMS GALEC 2014-FUTUR MASTER.xls
operations_commerciales/GMS/2014/A-CENTRALES/GMS INTERMARCHE 2014-FUTUR MASTER.xls
operations_commerciales/GMS/2014/D-REGIONS/GMS SIMPLY MARKET REGIONS  2014-FUTUR MASTER.xls
operations_commerciales/GMS/2014/D-REGIONS/GMS SU REGION  2014-FUTUR MASTER.xls

sent 300406 bytes  received 32041 bytes  94984.86 bytes/sec
total size is 51633051  speedup is 155.31
sending incremental file list

sent 20296 bytes  received 83 bytes  13586.00 bytes/sec
total size is 99065320  speedup is 4861.15
sending incremental file list
gofast/sync.ffs_db
gofast/CHANTIERS/4_COTATION_Benjamin/4_GEMBA/AUTRES_SITES/
gofast/CHANTIERS/4_COTATION_Benjamin/4_GEMBA/AUTRES_SITES/TRAME PR 30.05.13_ESPRI
gofast/CHANTIERS/4_COTATION_Benjamin/5_STANDARDS/2014_06_12_R\#351vision DDD - V3.xls

sent 210076 bytes  received 171 bytes  84098.80 bytes/sec
total size is 37700972  speedup is 179.32
sending incremental file list

sent 10004 bytes  received 13 bytes  6678.00 bytes/sec
total size is 48314368  speedup is 4823.24
sending incremental file list

sent 5781 bytes  received 30 bytes  3874.00 bytes/sec
total size is 93132165  speedup is 16026.87
sending incremental file list

sent 63 bytes  received 12 bytes  50.00 bytes/sec
total size is 90068992  speedup is 1200919.89
sending incremental file list

sent 7593 bytes  received 45 bytes  5092.00 bytes/sec
total size is 9254930  speedup is 1211.70
sending incremental file list

sent 4308 bytes  received 24 bytes  2888.00 bytes/sec
total size is 6387982  speedup is 1474.60
sending incremental file list

sent 7756 bytes  received 20 bytes  5184.00 bytes/sec
total size is 16755943  speedup is 2154.83
sending incremental file list

sent 85 bytes  received 13 bytes  65.33 bytes/sec
total size is 104853504  speedup is 1069933.71
sending incremental file list

sent 40127 bytes  received 140 bytes  16106.80 bytes/sec
total size is 51633051  speedup is 1282.27
sending incremental file list

sent 9836 bytes  received 71 bytes  6604.67 bytes/sec
total size is 32801287  speedup is 3310.92
sending incremental file list

sent 10004 bytes  received 13 bytes  6678.00 bytes/sec
total size is 48314368  speedup is 4823.24
sending incremental file list

sent 7070 bytes  received 49 bytes  4746.00 bytes/sec
total size is 12774593  speedup is 1794.44
sending incremental file list

sent 5745 bytes  received 23 bytes  2307.20 bytes/sec
total size is 129159129  speedup is 22392.36
sending incremental file list

sent 5610 bytes  received 39 bytes  2259.60 bytes/sec
total size is 59049369  speedup is 10453.07
sending incremental file list
codesoft/Codesoft 7/ITM FE/43618_sam_porc_recto.bak
codesoft/Codesoft 7/ITM FE/43618_sam_porc_recto.lab
codesoft/Codesoft 7/ITM FE/43619_ass_asia_verso.bak
codesoft/Codesoft 7/ITM FE/43619_ass_asia_verso.lab
codesoft/Codesoft 7/ITM FE/43619_ass_asiatique_recto.bak
codesoft/Codesoft 7/ITM FE/43619_ass_asiatique_recto.lab
codesoft/Codesoft 7/ITM FE/43620_b_crev_panes_recto.bak
codesoft/Codesoft 7/ITM FE/43620_b_crev_panes_recto.lab
codesoft/Codesoft 7/ITM FE/43621_acras_recto.bak
codesoft/Codesoft 7/ITM FE/43621_acras_recto.lab

sent 89152 bytes  received 6744 bytes  38358.40 bytes/sec
total size is 298268243  speedup is 3110.33
sending incremental file list

sent 20296 bytes  received 83 bytes  13586.00 bytes/sec
total size is 99065320  speedup is 4861.15
sending incremental file list

sent 5095 bytes  received 87 bytes  3454.67 bytes/sec
total size is 37700972  speedup is 7275.37
sending incremental file list

sent 7756 bytes  received 20 bytes  5184.00 bytes/sec
total size is 16755943  speedup is 2154.83
sending incremental file list

sent 7756 bytes  received 20 bytes  5184.00 bytes/sec
total size is 16755943  speedup is 2154.83
