Démarrage : mar avr 29 23:00:02 CEST 2014
Arrêt     : mar avr 29 23:03:57 CEST 2014



Base MySQL sélectionnée: agis
Nombre de serveur(s) Linux concerné(s): 4
Nombre de dossier(s) à mettre à jour: 29

sending incremental file list

sent 7051 bytes  received 49 bytes  4733.33 bytes/sec
total size is 12693370  speedup is 1787.80
sending incremental file list

sent 6274 bytes  received 38 bytes  4208.00 bytes/sec
total size is 12421591  speedup is 1967.93
sending incremental file list
erp_data.mdb

sent 8053461 bytes  received 65747 bytes  182454.11 bytes/sec
total size is 88092672  speedup is 10.85
sending incremental file list

sent 7538 bytes  received 45 bytes  5055.33 bytes/sec
total size is 9253358  speedup is 1220.28
sending incremental file list

sent 7695 bytes  received 20 bytes  5143.33 bytes/sec
total size is 16751789  speedup is 2171.33
sending incremental file list

sent 4308 bytes  received 24 bytes  2888.00 bytes/sec
total size is 6387982  speedup is 1474.60
sending incremental file list
mercuriales/HD/2014/2014 MERCURIALE LIDL.xls
mercuriales/gms/2014/CONTROLE TARIFS 2014/05-MAI/CASINO RAVIOLIS CHINOIS COUPE.pdf
mercuriales/gms/2014/REGIONS  2014/GALEC REGION MERCU JUIN 2014.xls
mercuriales/mdd/2014/2014 MERCURIALE AUCHAN.xls
mercuriales/mdd/2014/2014 MERCURIALE CARREFOUR PLATS CUISINES.xls

sent 74809 bytes  received 9942 bytes  33900.40 bytes/sec
total size is 31316482  speedup is 369.51
sending incremental file list

sent 5047 bytes  received 27 bytes  3382.67 bytes/sec
total size is 39173092  speedup is 7720.36
sending incremental file list
operations_commerciales/GMS/RECAP DEMANDE ET CONFIRMATIONS HEBDO 2014.xls
operations_commerciales/GMS/2014/A-CENTRALES/GMS CASINO 2014-FUTUR MASTER.xls
operations_commerciales/GMS/2014/A-CENTRALES/GMS GALEC 2014-FUTUR MASTER.xls
operations_commerciales/GMS/2014/B-CONFIRMATIONS OPERATIONS/CASINO HM/2014 HM AFFICHAGE 4X3 PAELLA 2.4KG 1.2KG.xls
operations_commerciales/GMS/2014/B-CONFIRMATIONS OPERATIONS/CASINO HM/2014 HM MECA PRO BEAUTE S22 ASIE.xls
operations_commerciales/GMS/2014/B-CONFIRMATIONS OPERATIONS/CASINO PROXI/2014 PROXI RENTREE S35 QUICHE.xls
deleting operations_commerciales/GMS/2014/B-CONFIRMATIONS OPERATIONS/CASINO SM/2014 SM DONNE C DONNE S7 TARTIFLETTE PAELLA.xls
deleting operations_commerciales/GMS/2014/B-CONFIRMATIONS OPERATIONS/CASINO SM/2014 SM DONNE C DONNE BEAUTE S15.xls
operations_commerciales/GMS/2014/B-CONFIRMATIONS OPERATIONS/CASINO SM/2014 SM DCD BEAUTE S15.xls
operations_commerciales/GMS/2014/B-CONFIRMATIONS OPERATIONS/CASINO SM/2014 SM DCD S7 TARTIFLETTE PAELLA.xls
operations_commerciales/GMS/2014/B-CONFIRMATIONS OPERATIONS/CASINO SM/2014 SM FEUILLE DE CHOU FETE DE LA LUNE.xls

sent 121954 bytes  received 11893 bytes  38242.00 bytes/sec
total size is 50060699  speedup is 374.01
sending incremental file list

sent 20135 bytes  received 80 bytes  8086.00 bytes/sec
total size is 98915848  speedup is 4893.19
sending incremental file list
gofast/CHANTIERS/6_LANCEMENT_PDTS_Emeline/4_GEMBA/AVIGNON/
gofast/CHANTIERS/6_LANCEMENT_PDTS_Emeline/4_GEMBA/AVIGNON/ETIQUETAGE Plats cuisin\#351s multi portions.ppt
gofast/CHANTIERS/6_LANCEMENT_PDTS_Emeline/4_GEMBA/AVIGNON/INFORMATION RIZ CANTONAIS.ppt
gofast/CHANTIERS/6_LANCEMENT_PDTS_Emeline/4_GEMBA/AVIGNON/Note Interne TG octobre 2013.doc
gofast/CHANTIERS/6_LANCEMENT_PDTS_Emeline/4_GEMBA/AVIGNON/Note Interne gamme pc fe octobre 2013.DOC
gofast/CHANTIERS/6_LANCEMENT_PDTS_Emeline/4_GEMBA/AVIGNON/Note Interne ratatouille 2014.doc
gofast/CHANTIERS/6_LANCEMENT_PDTS_Emeline/4_GEMBA/AVIGNON/Note Interne \#351vol etiquetage gammes TG.doc
gofast/CHANTIERS/6_LANCEMENT_PDTS_Emeline/4_GEMBA/AVIGNON/Plats cuisin\#351s idividuels et soupes.ppt
gofast/CHANTIERS/6_LANCEMENT_PDTS_Emeline/4_GEMBA/HERBIGNAC/
gofast/CHANTIERS/6_LANCEMENT_PDTS_Emeline/4_GEMBA/TARARE/

sent 10497213 bytes  received 224 bytes  192613.52 bytes/sec
total size is 34235243  speedup is 3.26
sending incremental file list

sent 9238 bytes  received 13 bytes  6167.33 bytes/sec
total size is 43986432  speedup is 4754.78
sending incremental file list

sent 5781 bytes  received 30 bytes  3874.00 bytes/sec
total size is 93132165  speedup is 16026.87
sending incremental file list
erp_data.mdb

sent 8053461 bytes  received 65747 bytes  186648.46 bytes/sec
total size is 88092672  speedup is 10.85
sending incremental file list

sent 7538 bytes  received 45 bytes  5055.33 bytes/sec
total size is 9253358  speedup is 1220.28
sending incremental file list

sent 4308 bytes  received 24 bytes  2888.00 bytes/sec
total size is 6387982  speedup is 1474.60
sending incremental file list

sent 7695 bytes  received 20 bytes  5143.33 bytes/sec
total size is 16751789  speedup is 2171.33
sending incremental file list

sent 85 bytes  received 13 bytes  65.33 bytes/sec
total size is 104853504  speedup is 1069933.71
sending incremental file list
operations_commerciales/GMS/RECAP DEMANDE ET CONFIRMATIONS HEBDO 2014.xls
operations_commerciales/GMS/2014/A-CENTRALES/GMS CASINO 2014-FUTUR MASTER.xls
operations_commerciales/GMS/2014/A-CENTRALES/GMS GALEC 2014-FUTUR MASTER.xls
operations_commerciales/GMS/2014/B-CONFIRMATIONS OPERATIONS/CASINO HM/2014 HM AFFICHAGE 4X3 PAELLA 2.4KG 1.2KG.xls
operations_commerciales/GMS/2014/B-CONFIRMATIONS OPERATIONS/CASINO HM/2014 HM MECA PRO BEAUTE S22 ASIE.xls
operations_commerciales/GMS/2014/B-CONFIRMATIONS OPERATIONS/CASINO PROXI/2014 PROXI RENTREE S35 QUICHE.xls
deleting operations_commerciales/GMS/2014/B-CONFIRMATIONS OPERATIONS/CASINO SM/2014 SM DONNE C DONNE S7 TARTIFLETTE PAELLA.xls
deleting operations_commerciales/GMS/2014/B-CONFIRMATIONS OPERATIONS/CASINO SM/2014 SM DONNE C DONNE BEAUTE S15.xls
operations_commerciales/GMS/2014/B-CONFIRMATIONS OPERATIONS/CASINO SM/2014 SM DCD BEAUTE S15.xls
operations_commerciales/GMS/2014/B-CONFIRMATIONS OPERATIONS/CASINO SM/2014 SM DCD S7 TARTIFLETTE PAELLA.xls
operations_commerciales/GMS/2014/B-CONFIRMATIONS OPERATIONS/CASINO SM/2014 SM FEUILLE DE CHOU FETE DE LA LUNE.xls

sent 121954 bytes  received 11893 bytes  53538.80 bytes/sec
total size is 50060699  speedup is 374.01
sending incremental file list
mercuriales/HD/2014/2014 MERCURIALE LIDL.xls
mercuriales/gms/2014/CONTROLE TARIFS 2014/05-MAI/CASINO RAVIOLIS CHINOIS COUPE.pdf
mercuriales/gms/2014/REGIONS  2014/GALEC REGION MERCU JUIN 2014.xls
mercuriales/mdd/2014/2014 MERCURIALE AUCHAN.xls
mercuriales/mdd/2014/2014 MERCURIALE CARREFOUR PLATS CUISINES.xls

sent 74809 bytes  received 9942 bytes  33900.40 bytes/sec
total size is 31316482  speedup is 369.51
sending incremental file list

sent 9238 bytes  received 13 bytes  6167.33 bytes/sec
total size is 43986432  speedup is 4754.78
sending incremental file list

sent 7051 bytes  received 49 bytes  4733.33 bytes/sec
total size is 12693370  speedup is 1787.80
sending incremental file list

sent 5732 bytes  received 23 bytes  3836.67 bytes/sec
total size is 129183193  speedup is 22447.12
sending incremental file list

sent 5610 bytes  received 39 bytes  3766.00 bytes/sec
total size is 59049369  speedup is 10453.07
sending incremental file list

sent 51070 bytes  received 95 bytes  34110.00 bytes/sec
total size is 293952595  speedup is 5745.19
sending incremental file list

sent 20135 bytes  received 80 bytes  8086.00 bytes/sec
total size is 98915848  speedup is 4893.19
sending incremental file list
gofast/CHANTIERS/6_LANCEMENT_PDTS_Emeline/4_GEMBA/AVIGNON/
gofast/CHANTIERS/6_LANCEMENT_PDTS_Emeline/4_GEMBA/AVIGNON/ETIQUETAGE Plats cuisin\#351s multi portions.ppt
gofast/CHANTIERS/6_LANCEMENT_PDTS_Emeline/4_GEMBA/AVIGNON/INFORMATION RIZ CANTONAIS.ppt
gofast/CHANTIERS/6_LANCEMENT_PDTS_Emeline/4_GEMBA/AVIGNON/Note Interne TG octobre 2013.doc
gofast/CHANTIERS/6_LANCEMENT_PDTS_Emeline/4_GEMBA/AVIGNON/Note Interne gamme pc fe octobre 2013.DOC
gofast/CHANTIERS/6_LANCEMENT_PDTS_Emeline/4_GEMBA/AVIGNON/Note Interne ratatouille 2014.doc
gofast/CHANTIERS/6_LANCEMENT_PDTS_Emeline/4_GEMBA/AVIGNON/Note Interne \#351vol etiquetage gammes TG.doc
gofast/CHANTIERS/6_LANCEMENT_PDTS_Emeline/4_GEMBA/AVIGNON/Plats cuisin\#351s idividuels et soupes.ppt
gofast/CHANTIERS/6_LANCEMENT_PDTS_Emeline/4_GEMBA/HERBIGNAC/
gofast/CHANTIERS/6_LANCEMENT_PDTS_Emeline/4_GEMBA/TARARE/

sent 10497213 bytes  received 224 bytes  185795.35 bytes/sec
total size is 34235243  speedup is 3.26
sending incremental file list

sent 7695 bytes  received 20 bytes  5143.33 bytes/sec
total size is 16751789  speedup is 2171.33
sending incremental file list

sent 7695 bytes  received 20 bytes  5143.33 bytes/sec
total size is 16751789  speedup is 2171.33
