Démarrage : jeu mar 13 23:00:01 CET 2014
Arrêt     : jeu mar 13 23:01:15 CET 2014



Base MySQL sélectionnée: agis
Nombre de serveur(s) Linux concerné(s): 4
Nombre de dossier(s) à mettre à jour: 27

sending incremental file list
deleting gestion_crise/mise \#340 jour 2014/INTERLOCUTEURS CRISE  coupe et FE 2013.xls
gestion_crise/mise \#340 jour 2014/CONTACTS CLIENT GESTION DE CRISE 080313 MDD HD.xls
gestion_crise/mise \#340 jour 2014/Coordonn\#351es ESPRI.pdf
gestion_crise/mise \#340 jour 2014/INTERLOCUTEURS CRISE  coupe et FE 2014.xls

sent 37301 bytes  received 403 bytes  15081.60 bytes/sec
total size is 11756120  speedup is 311.80
sending incremental file list

sent 6067 bytes  received 37 bytes  4069.33 bytes/sec
total size is 12258686  speedup is 2008.30
sending incremental file list

sent 63 bytes  received 12 bytes  50.00 bytes/sec
total size is 84160512  speedup is 1122140.16
sending incremental file list

sent 7538 bytes  received 45 bytes  5055.33 bytes/sec
total size is 9253358  speedup is 1220.28
sending incremental file list
batch/scanner.ini

sent 8081 bytes  received 51 bytes  5421.33 bytes/sec
total size is 16751789  speedup is 2059.98
sending incremental file list

sent 4308 bytes  received 24 bytes  2888.00 bytes/sec
total size is 6387982  speedup is 1474.60
sending incremental file list
mercuriales/gms/2014/REGIONS  2014/GALEC REGION MERCU AVRIL 2014.xls
mercuriales/mdd/2014/2014 MERCURIALE AUCHAN.xls
mercuriales/mdd/2014/2014 MERCURIALE CARREFOUR PLATS CUISINES.xls

sent 24578 bytes  received 9296 bytes  13549.60 bytes/sec
total size is 29500956  speedup is 870.90
sending incremental file list

sent 5047 bytes  received 27 bytes  3382.67 bytes/sec
total size is 39173092  speedup is 7720.36
sending incremental file list
operations_commerciales/chrono demande echantillons.xls
operations_commerciales/FZC/OP FZC 2014/FZC ARGEL 2014.xls
operations_commerciales/FZC/OP FZC 2014/FZC TOUPARGEL 2014.xls
operations_commerciales/MDD/MODELES VB/DEM ECHANTILLONS/2014/Chrono 138  Monoprix 130314.XLS

sent 219789 bytes  received 6058 bytes  64527.71 bytes/sec
total size is 47367682  speedup is 209.73
sending incremental file list

sent 19882 bytes  received 78 bytes  7984.00 bytes/sec
total size is 98562242  speedup is 4937.99
sending incremental file list
gofast/CHANTIERS/1_CNP_DELEGATION_Cecile/6_BILAN/Fiche_Am\#260_Av-Ap_CNP_170214.xls
gofast/CHANTIERS/4_COTATION_Benjamin/1_EQUIPE/100_8897.JPG
gofast/CHANTIERS/4_COTATION_Benjamin/6_BILAN/Fiche_Am\#260_Av-Ap_COTATION_130314.xls

sent 3181568 bytes  received 10792 bytes  182420.57 bytes/sec
total size is 16655550  speedup is 5.22
sending incremental file list

sent 9125 bytes  received 13 bytes  6092.00 bytes/sec
total size is 43749888  speedup is 4787.69
sending incremental file list

sent 5781 bytes  received 30 bytes  3874.00 bytes/sec
total size is 93132165  speedup is 16026.87
sending incremental file list

sent 63 bytes  received 12 bytes  50.00 bytes/sec
total size is 84160512  speedup is 1122140.16
sending incremental file list

sent 7538 bytes  received 45 bytes  5055.33 bytes/sec
total size is 9253358  speedup is 1220.28
sending incremental file list

sent 4308 bytes  received 24 bytes  2888.00 bytes/sec
total size is 6387982  speedup is 1474.60
sending incremental file list
batch/scanner.ini

sent 8081 bytes  received 51 bytes  5421.33 bytes/sec
total size is 16751789  speedup is 2059.98
sending incremental file list

sent 85 bytes  received 13 bytes  65.33 bytes/sec
total size is 104853504  speedup is 1069933.71
sending incremental file list
operations_commerciales/chrono demande echantillons.xls
operations_commerciales/FZC/OP FZC 2014/FZC ARGEL 2014.xls
operations_commerciales/FZC/OP FZC 2014/FZC TOUPARGEL 2014.xls
operations_commerciales/MDD/MODELES VB/DEM ECHANTILLONS/2014/Chrono 138  Monoprix 130314.XLS

sent 219789 bytes  received 6058 bytes  90338.80 bytes/sec
total size is 47367682  speedup is 209.73
sending incremental file list
mercuriales/gms/2014/REGIONS  2014/GALEC REGION MERCU AVRIL 2014.xls
mercuriales/mdd/2014/2014 MERCURIALE AUCHAN.xls
mercuriales/mdd/2014/2014 MERCURIALE CARREFOUR PLATS CUISINES.xls

sent 24578 bytes  received 9296 bytes  22582.67 bytes/sec
total size is 29500956  speedup is 870.90
sending incremental file list

sent 9125 bytes  received 13 bytes  6092.00 bytes/sec
total size is 43749888  speedup is 4787.69
sending incremental file list
deleting gestion_crise/mise \#340 jour 2014/INTERLOCUTEURS CRISE  coupe et FE 2013.xls
gestion_crise/mise \#340 jour 2014/CONTACTS CLIENT GESTION DE CRISE 080313 MDD HD.xls
gestion_crise/mise \#340 jour 2014/Coordonn\#351es ESPRI.pdf
gestion_crise/mise \#340 jour 2014/INTERLOCUTEURS CRISE  coupe et FE 2014.xls

sent 37301 bytes  received 403 bytes  25136.00 bytes/sec
total size is 11756120  speedup is 311.80
sending incremental file list

sent 5684 bytes  received 23 bytes  11414.00 bytes/sec
total size is 129152473  speedup is 22630.54
sending incremental file list

sent 5610 bytes  received 39 bytes  3766.00 bytes/sec
total size is 59049369  speedup is 10453.07
sending incremental file list

sent 50270 bytes  received 94 bytes  14389.71 bytes/sec
total size is 291113043  speedup is 5780.18
sending incremental file list

sent 19882 bytes  received 78 bytes  13306.67 bytes/sec
total size is 98562242  speedup is 4937.99
sending incremental file list
gofast/CHANTIERS/1_CNP_DELEGATION_Cecile/6_BILAN/Fiche_Am\#260_Av-Ap_CNP_170214.xls
gofast/CHANTIERS/4_COTATION_Benjamin/1_EQUIPE/100_8897.JPG
gofast/CHANTIERS/4_COTATION_Benjamin/6_BILAN/Fiche_Am\#260_Av-Ap_COTATION_130314.xls

sent 3181568 bytes  received 10792 bytes  172560.00 bytes/sec
total size is 16655550  speedup is 5.22
