Démarrage : mer fév 12 23:00:01 CET 2014
Arrêt     : mer fév 12 23:02:52 CET 2014



Base MySQL sélectionnée: agis
Nombre de serveur(s) Linux concerné(s): 4
Nombre de dossier(s) à mettre à jour: 26

sending incremental file list
gestion_crise/Dument type n\#351cessaire pour retrait/
gestion_crise/Dument type n\#351cessaire pour retrait/E.QT.001.004 - CR de situation et ETUDE D_IMPACT.doc
gestion_crise/Dument type n\#351cessaire pour retrait/E.QT.008-01_Fiche_gestion_appels.doc
gestion_crise/Dument type n\#351cessaire pour retrait/E.QT.013-01 - Message Clients Retrait Rappels.doc
gestion_crise/Dument type n\#351cessaire pour retrait/E.QT.015-01 _ FICHE APPEL JOURNALISTE.docx
gestion_crise/Dument type n\#351cessaire pour retrait/E.QT.016-01 - Compte rendu Post crise.docx
gestion_crise/Dument type n\#351cessaire pour retrait/E.QT.021-01 -Affichette Rappel .docx

sent 311498 bytes  received 163 bytes  89046.00 bytes/sec
total size is 11652400  speedup is 37.39
sending incremental file list

sent 5991 bytes  received 37 bytes  2411.20 bytes/sec
total size is 12050302  speedup is 1999.05
sending incremental file list
erp_data.mdb

sent 7713711 bytes  received 64291 bytes  178804.64 bytes/sec
total size is 84160512  speedup is 10.82
sending incremental file list

sent 7538 bytes  received 45 bytes  5055.33 bytes/sec
total size is 9253358  speedup is 1220.28
sending incremental file list

sent 7695 bytes  received 20 bytes  5143.33 bytes/sec
total size is 16751789  speedup is 2171.33
sending incremental file list

sent 4308 bytes  received 24 bytes  2888.00 bytes/sec
total size is 6387982  speedup is 1474.60
sending incremental file list
mercuriales/sync.ffs_db
mercuriales/FZC/FZC 2014/ARGEL 2014.xls
mercuriales/mdd/2014/2014 MERCURIALE AUCHAN.xls

sent 26959 bytes  received 1711 bytes  5212.73 bytes/sec
total size is 27325102  speedup is 953.09
sending incremental file list

sent 5047 bytes  received 27 bytes  10148.00 bytes/sec
total size is 39173092  speedup is 7720.36
sending incremental file list
operations_commerciales/FZC/OP FZC 2014/FZC ARGEL 2014.xls
operations_commerciales/GMS/RECAP DEMANDE ET CONFIRMATIONS HEBDO.xls
operations_commerciales/GMS/2014/A-CENTRALES/GMS CARREFOUR 2014-FUTUR MASTER.xls
operations_commerciales/GMS/2014/A-CENTRALES/GMS CARREFOUR MARKET 2014-FUTUR MASTER.xls
operations_commerciales/GMS/2014/A-CENTRALES/GMS GALEC 2014-FUTUR MASTER.xls
operations_commerciales/GMS/2014/A-CENTRALES/GMS INTERMARCHE 2014-FUTUR MASTER.xls
operations_commerciales/GMS/2014/D-REGIONS/GMS LECLERC 2014-FUTUR MASTER.xls
operations_commerciales/MDD/OP MDD 2013/MDD SYSTEME U 2013 FUTURMASTER.xls

sent 183316 bytes  received 25933 bytes  38045.27 bytes/sec
total size is 45542821  speedup is 217.65
sending incremental file list

sent 19821 bytes  received 78 bytes  13266.00 bytes/sec
total size is 98390370  speedup is 4944.49
sending incremental file list
gofast/sync.ffs_db
gofast/CHANTIERS/1_CNP_DELEGATION_Cecile/CNP_fonctionnement_CR_030214.doc
gofast/CHANTIERS/1_CNP_DELEGATION_Cecile/1_EQUIPE/Equipe_200114.JPG
gofast/CHANTIERS/1_CNP_DELEGATION_Cecile/4_GEMBA/Bilan_CNP_1ersem13.doc
gofast/CHANTIERS/1_CNP_DELEGATION_Cecile/DDD/DDD_ESPRI_CABILLAUD.doc
gofast/CHANTIERS/1_CNP_DELEGATION_Cecile/NOTATION_DDD/NOTATION_DDD_310114.xls
gofast/CHANTIERS/1_CNP_DELEGATION_Cecile/PLANNING_DVPT/
gofast/CHANTIERS/2_FTK_CLIENTS_Mathieu/1_EQUIPE/
gofast/CHANTIERS/2_FTK_CLIENTS_Mathieu/2_DEFIS/
gofast/CHANTIERS/2_FTK_CLIENTS_Mathieu/3_OBJECTIFS/
gofast/CHANTIERS/2_FTK_CLIENTS_Mathieu/4_GEMBA/
gofast/CHANTIERS/2_FTK_CLIENTS_Mathieu/5_STANDARDS/
gofast/CHANTIERS/2_FTK_CLIENTS_Mathieu/6_BILAN/
gofast/CHANTIERS/3_FTA_Boris/GOFAST_reunion_preparation_chantier_BS__220114.doc
gofast/CHANTIERS/3_FTA_Boris/1_EQUIPE/
gofast/CHANTIERS/3_FTA_Boris/2_DEFIS/
gofast/CHANTIERS/3_FTA_Boris/3_OBJECTIFS/
gofast/CHANTIERS/3_FTA_Boris/4_GEMBA/
gofast/CHANTIERS/3_FTA_Boris/5_STANDARDS/
gofast/CHANTIERS/3_FTA_Boris/6_BILAN/
gofast/CHANTIERS/4_COTATION_Benjamin/1_EQUIPE/
gofast/CHANTIERS/4_COTATION_Benjamin/2_DEFIS/
gofast/CHANTIERS/4_COTATION_Benjamin/3_OBJECTIFS/
gofast/CHANTIERS/4_COTATION_Benjamin/4_GEMBA/
gofast/CHANTIERS/4_COTATION_Benjamin/5_STANDARDS/
gofast/CHANTIERS/4_COTATION_Benjamin/6_BILAN/
gofast/CHANTIERS/5_PROCESS_Vincent/1_EQUIPE/
gofast/CHANTIERS/5_PROCESS_Vincent/2_DEFIS/
gofast/CHANTIERS/5_PROCESS_Vincent/3_OBJECTIFS/
gofast/CHANTIERS/5_PROCESS_Vincent/4_GEMBA/
gofast/CHANTIERS/5_PROCESS_Vincent/5_STANDARDS/
gofast/CHANTIERS/5_PROCESS_Vincent/6_BILAN/
gofast/CHANTIERS/6_LANCEMENT_PDTS_Emeline/1_EQUIPE/
gofast/CHANTIERS/6_LANCEMENT_PDTS_Emeline/2_DEFIS/
gofast/CHANTIERS/6_LANCEMENT_PDTS_Emeline/3_OBJECTIFS/
gofast/CHANTIERS/6_LANCEMENT_PDTS_Emeline/4_GEMBA/
gofast/CHANTIERS/6_LANCEMENT_PDTS_Emeline/5_STANDARDS/
gofast/CHANTIERS/6_LANCEMENT_PDTS_Emeline/6_BILAN/
gofast/CHANTIERS/7_DONNEES_R&D_Morgane/1_EQUIPE/
gofast/CHANTIERS/7_DONNEES_R&D_Morgane/2_DEFIS/
gofast/CHANTIERS/7_DONNEES_R&D_Morgane/3_OBJECTIFS/
gofast/CHANTIERS/7_DONNEES_R&D_Morgane/4_GEMBA/
gofast/CHANTIERS/7_DONNEES_R&D_Morgane/5_STANDARDS/
gofast/CHANTIERS/7_DONNEES_R&D_Morgane/6_BILAN/
gofast/CHANTIERS/8_ADVITIUM_Cecile/1_EQUIPE/
gofast/CHANTIERS/8_ADVITIUM_Cecile/2_DEFIS/
gofast/CHANTIERS/8_ADVITIUM_Cecile/3_OBJECTIFS/
gofast/CHANTIERS/8_ADVITIUM_Cecile/4_GEMBA/
gofast/CHANTIERS/8_ADVITIUM_Cecile/5_STANDARDS/
gofast/CHANTIERS/8_ADVITIUM_Cecile/6_BILAN/
gofast/INFORMATIONS_GENERALES/1_GOFAST_pres_projet_280114.ppt
gofast/INFORMATIONS_GENERALES/2_GOFAST_Am_Continue_Generalites_280114.ppt
gofast/INFORMATIONS_GENERALES/MEMO_chantier_100114.doc
gofast/INFORMATIONS_GENERALES/5S_exemples_AGIS/
gofast/PLANNING_GENERAL/Planning_equipes_GOFAST_valide.xls

sent 6195615 bytes  received 418 bytes  174536.14 bytes/sec
total size is 8855062  speedup is 1.43
sending incremental file list

sent 7705 bytes  received 13 bytes  5145.33 bytes/sec
total size is 33674752  speedup is 4363.14
sending incremental file list
erp_data.mdb

sent 7713711 bytes  received 64291 bytes  183011.81 bytes/sec
total size is 84160512  speedup is 10.82
sending incremental file list

sent 7538 bytes  received 45 bytes  5055.33 bytes/sec
total size is 9253358  speedup is 1220.28
sending incremental file list

sent 4308 bytes  received 24 bytes  2888.00 bytes/sec
total size is 6387982  speedup is 1474.60
sending incremental file list

sent 7695 bytes  received 20 bytes  5143.33 bytes/sec
total size is 16751789  speedup is 2171.33
sending incremental file list

sent 85 bytes  received 13 bytes  65.33 bytes/sec
total size is 104853504  speedup is 1069933.71
sending incremental file list
operations_commerciales/FZC/OP FZC 2014/FZC ARGEL 2014.xls
operations_commerciales/GMS/RECAP DEMANDE ET CONFIRMATIONS HEBDO.xls
operations_commerciales/GMS/2014/A-CENTRALES/GMS CARREFOUR 2014-FUTUR MASTER.xls
operations_commerciales/GMS/2014/A-CENTRALES/GMS CARREFOUR MARKET 2014-FUTUR MASTER.xls
operations_commerciales/GMS/2014/A-CENTRALES/GMS GALEC 2014-FUTUR MASTER.xls
operations_commerciales/GMS/2014/A-CENTRALES/GMS INTERMARCHE 2014-FUTUR MASTER.xls
operations_commerciales/GMS/2014/D-REGIONS/GMS LECLERC 2014-FUTUR MASTER.xls
operations_commerciales/MDD/OP MDD 2013/MDD SYSTEME U 2013 FUTURMASTER.xls

sent 183316 bytes  received 25933 bytes  83699.60 bytes/sec
total size is 45542821  speedup is 217.65
sending incremental file list
mercuriales/sync.ffs_db
mercuriales/FZC/FZC 2014/ARGEL 2014.xls
mercuriales/mdd/2014/2014 MERCURIALE AUCHAN.xls

sent 26959 bytes  received 1711 bytes  11468.00 bytes/sec
total size is 27325102  speedup is 953.09
sending incremental file list

sent 7705 bytes  received 13 bytes  5145.33 bytes/sec
total size is 33674752  speedup is 4363.14
sending incremental file list
gestion_crise/Dument type n\#351cessaire pour retrait/
gestion_crise/Dument type n\#351cessaire pour retrait/E.QT.001.004 - CR de situation et ETUDE D_IMPACT.doc
gestion_crise/Dument type n\#351cessaire pour retrait/E.QT.008-01_Fiche_gestion_appels.doc
gestion_crise/Dument type n\#351cessaire pour retrait/E.QT.013-01 - Message Clients Retrait Rappels.doc
gestion_crise/Dument type n\#351cessaire pour retrait/E.QT.015-01 _ FICHE APPEL JOURNALISTE.docx
gestion_crise/Dument type n\#351cessaire pour retrait/E.QT.016-01 - Compte rendu Post crise.docx
gestion_crise/Dument type n\#351cessaire pour retrait/E.QT.021-01 -Affichette Rappel .docx

sent 311498 bytes  received 163 bytes  124664.40 bytes/sec
total size is 11652400  speedup is 37.39
sending incremental file list

sent 5677 bytes  received 23 bytes  3800.00 bytes/sec
total size is 128675317  speedup is 22574.62
sending incremental file list

sent 5353 bytes  received 38 bytes  3594.00 bytes/sec
total size is 56169881  speedup is 10419.20
sending incremental file list
codesoft/Codesoft 7/EN_ATTENTE_nems_rang\#351s/43638_recto.bak
codesoft/Codesoft 7/EN_ATTENTE_nems_rang\#351s/43638_recto.lab
codesoft/Codesoft 7/EN_ATTENTE_nems_rang\#351s/43639_recto.bak
codesoft/Codesoft 7/EN_ATTENTE_nems_rang\#351s/43639_recto.lab

sent 65125 bytes  received 2314 bytes  26975.60 bytes/sec
total size is 290500691  speedup is 4307.61
sending incremental file list

sent 19821 bytes  received 78 bytes  7959.60 bytes/sec
total size is 98390370  speedup is 4944.49
sending incremental file list
gofast/sync.ffs_db
gofast/CHANTIERS/3_FTA_Boris/GOFAST_reunion_preparation_chantier_BS__220114.doc
gofast/INFORMATIONS_GENERALES/2_GOFAST_Am_Continue_Generalites_280114.ppt

sent 1241753 bytes  received 134 bytes  165584.93 bytes/sec
total size is 8855062  speedup is 7.13
