Démarrage : lun aoû 18 23:00:02 CEST 2014
Arrêt     : lun aoû 18 23:00:49 CEST 2014



Base MySQL sélectionnée: agis
Nombre de serveur(s) Linux concerné(s): 4
Nombre de dossier(s) à mettre à jour: 29

sending incremental file list

sent 7305 bytes  received 49 bytes  4902.67 bytes/sec
total size is 13622581  speedup is 1852.40
sending incremental file list
suivi_investissement/2014-2015/Projection bud invest r\#351vis\#351 2014-2015/
suivi_investissement/2014-2015/Projection bud invest r\#351vis\#351 2014-2015/Projection Bud invest r\#351vis\#351 AVI 2014-2015.xls
suivi_investissement/2014-2015/Projection bud invest r\#351vis\#351 2014-2015/Projection Bud invest r\#351vis\#351 HER 2014-2015.xls
suivi_investissement/2014-2015/Projection bud invest r\#351vis\#351 2014-2015/Projection Bud invest r\#351vis\#351 PFT 2014-2015.xls
suivi_investissement/2014-2015/Projection bud invest r\#351vis\#351 2014-2015/Projection Bud invest r\#351vis\#351 TAR 2014-2015.xls
suivi_investissement/2014-2015/R\#351alis\#351 bud invest 2014-2015/Bud invest AVI 2014 2015.xls
suivi_investissement/2014-2015/R\#351alis\#351 bud invest 2014-2015/Bud invest HER 2014-2015.xls
suivi_investissement/2014-2015/R\#351alis\#351 bud invest 2014-2015/Bud invest PFT 2014-2015.xls
suivi_investissement/2014-2015/R\#351alis\#351 bud invest 2014-2015/Bud invest TAR 2014-2015xls.xls
suivi_investissement/2014-2015/R\#351alis\#351 bud invest r\#351vis\#351 2014-2015/
suivi_investissement/2014-2015/R\#351alis\#351 bud invest r\#351vis\#351 2014-2015/Bud invest r\#351vis\#351 AVI 2014 2015.xls
suivi_investissement/2014-2015/R\#351alis\#351 bud invest r\#351vis\#351 2014-2015/Bud invest r\#351vis\#351 TAR 2014-2015xls.xls

sent 130132 bytes  received 2276 bytes  52963.20 bytes/sec
total size is 12756951  speedup is 96.35
sending incremental file list

sent 63 bytes  received 12 bytes  50.00 bytes/sec
total size is 212826112  speedup is 2837681.49
sending incremental file list

sent 7593 bytes  received 45 bytes  5092.00 bytes/sec
total size is 9254930  speedup is 1211.70
sending incremental file list

sent 7938 bytes  received 20 bytes  5305.33 bytes/sec
total size is 16768700  speedup is 2107.15
sending incremental file list

sent 4308 bytes  received 24 bytes  2888.00 bytes/sec
total size is 6387982  speedup is 1474.60
sending incremental file list
mercuriales/MERCURIALES - AGIS/gms/2015/
mercuriales/MERCURIALES - AGIS/gms/2015/INTERMARCHE 2015.xls
mercuriales/MERCURIALES - AGIS/mdd/2014/2014 MERCURIALE AUCHAN.xls
mercuriales/MERCURIALES - AGIS/mdd/2014/2014 MERCURIALE CARREFOUR ASIATIQUE.xls
mercuriales/MERCURIALES - AGIS/mdd/2014/2014 MERCURIALE CARREFOUR PLATS CUISINES.xls

sent 177762 bytes  received 6656 bytes  52690.86 bytes/sec
total size is 38222944  speedup is 207.26
sending incremental file list

sent 5047 bytes  received 27 bytes  3382.67 bytes/sec
total size is 39173092  speedup is 7720.36
sending incremental file list
operations_commerciales/DEMANDE ECHANTILLONS CL .xls
operations_commerciales/DEMANDE ECHANTILLONS GB.xls
operations_commerciales/INTERLOCUTEURS DEMANDES ECHANTILLONS.xls
operations_commerciales/chrono demande echantillons.xls
operations_commerciales/GMS/RECAP DEMANDE ET CONFIRMATIONS HEBDO 2014.xls
operations_commerciales/GMS/2014/A-CENTRALES/GMS CARREFOUR 2014-FUTUR MASTER.xls
operations_commerciales/GMS/2014/A-CENTRALES/GMS CASINO 2014-FUTUR MASTER.xls
operations_commerciales/GMS/2014/A-CENTRALES/GMS SYSTEME U 2014-FUTUR MASTER.xls
operations_commerciales/GMS/2014/B-CONFIRMATIONS OPERATIONS/CARREFOUR/2014 CARREFOUR PROMO 39 ANNIV 1 PLATEAU ASIE.xls

sent 344753 bytes  received 26523 bytes  106078.86 bytes/sec
total size is 57228982  speedup is 154.14
sending incremental file list

sent 20406 bytes  received 83 bytes  13659.33 bytes/sec
total size is 99360776  speedup is 4849.47
sending incremental file list

sent 6737 bytes  received 93 bytes  2732.00 bytes/sec
total size is 53070050  speedup is 7770.14
sending incremental file list
modeles/compo_asia_double_bas-60x100.lab
modeles/dev_compo_coupelle_neutre-82-avery-G.lab
modeles/dev_compo_coupelle_neutre-82-avery-G_180.lab
modeles/dev_compo_festif_mono_gm-81x67-avery-D.lab
modeles/dev_compo_festif_mono_gm-81x67-avery-D_180.lab
modeles/dev_compo_festif_mono_pm-85x48-avery-G.lab
modeles/dev_compo_festif_mono_pm-85x48-avery-G_180.lab

sent 245595 bytes  received 1550 bytes  98858.00 bytes/sec
total size is 46518272  speedup is 188.22
sending incremental file list

sent 5781 bytes  received 30 bytes  3874.00 bytes/sec
total size is 92829061  speedup is 15974.71
sending incremental file list

sent 63 bytes  received 12 bytes  50.00 bytes/sec
total size is 212826112  speedup is 2837681.49
sending incremental file list

sent 7593 bytes  received 45 bytes  5092.00 bytes/sec
total size is 9254930  speedup is 1211.70
sending incremental file list

sent 4308 bytes  received 24 bytes  2888.00 bytes/sec
total size is 6387982  speedup is 1474.60
sending incremental file list

sent 7938 bytes  received 20 bytes  5305.33 bytes/sec
total size is 16768700  speedup is 2107.15
sending incremental file list

sent 85 bytes  received 13 bytes  196.00 bytes/sec
total size is 104853504  speedup is 1069933.71
sending incremental file list
operations_commerciales/DEMANDE ECHANTILLONS CL .xls
operations_commerciales/DEMANDE ECHANTILLONS GB.xls
operations_commerciales/INTERLOCUTEURS DEMANDES ECHANTILLONS.xls
operations_commerciales/chrono demande echantillons.xls
operations_commerciales/GMS/RECAP DEMANDE ET CONFIRMATIONS HEBDO 2014.xls
operations_commerciales/GMS/2014/A-CENTRALES/GMS CARREFOUR 2014-FUTUR MASTER.xls
operations_commerciales/GMS/2014/A-CENTRALES/GMS CASINO 2014-FUTUR MASTER.xls
operations_commerciales/GMS/2014/A-CENTRALES/GMS SYSTEME U 2014-FUTUR MASTER.xls
operations_commerciales/GMS/2014/B-CONFIRMATIONS OPERATIONS/CARREFOUR/2014 CARREFOUR PROMO 39 ANNIV 1 PLATEAU ASIE.xls

sent 344753 bytes  received 26523 bytes  106078.86 bytes/sec
total size is 57228982  speedup is 154.14
sending incremental file list
mercuriales/MERCURIALES - AGIS/gms/2015/
mercuriales/MERCURIALES - AGIS/gms/2015/INTERMARCHE 2015.xls
mercuriales/MERCURIALES - AGIS/mdd/2014/2014 MERCURIALE AUCHAN.xls
mercuriales/MERCURIALES - AGIS/mdd/2014/2014 MERCURIALE CARREFOUR ASIATIQUE.xls
mercuriales/MERCURIALES - AGIS/mdd/2014/2014 MERCURIALE CARREFOUR PLATS CUISINES.xls

sent 177762 bytes  received 6656 bytes  73767.20 bytes/sec
total size is 38222944  speedup is 207.26
sending incremental file list
modeles/compo_asia_double_bas-60x100.lab
modeles/dev_compo_coupelle_neutre-82-avery-G.lab
modeles/dev_compo_coupelle_neutre-82-avery-G_180.lab
modeles/dev_compo_festif_mono_gm-81x67-avery-D.lab
modeles/dev_compo_festif_mono_gm-81x67-avery-D_180.lab
modeles/dev_compo_festif_mono_pm-85x48-avery-G.lab
modeles/dev_compo_festif_mono_pm-85x48-avery-G_180.lab

sent 245595 bytes  received 1550 bytes  98858.00 bytes/sec
total size is 46518272  speedup is 188.22
sending incremental file list

sent 7305 bytes  received 49 bytes  4902.67 bytes/sec
total size is 13622581  speedup is 1852.40
sending incremental file list

sent 5745 bytes  received 23 bytes  3845.33 bytes/sec
total size is 129159129  speedup is 22392.36
sending incremental file list

sent 5610 bytes  received 39 bytes  3766.00 bytes/sec
total size is 59049369  speedup is 10453.07
sending incremental file list

sent 52293 bytes  received 97 bytes  34926.67 bytes/sec
total size is 299707475  speedup is 5720.70
sending incremental file list

sent 20406 bytes  received 83 bytes  8195.60 bytes/sec
total size is 99360776  speedup is 4849.47
sending incremental file list

sent 6737 bytes  received 93 bytes  4553.33 bytes/sec
total size is 53070050  speedup is 7770.14
sending incremental file list

sent 7938 bytes  received 20 bytes  5305.33 bytes/sec
total size is 16768700  speedup is 2107.15
sending incremental file list

sent 7938 bytes  received 20 bytes  5305.33 bytes/sec
total size is 16768700  speedup is 2107.15
