Démarrage : dim jun  1 23:00:01 CEST 2014
Arrêt     : dim jun  1 23:00:51 CEST 2014



Base MySQL sélectionnée: agis
Nombre de serveur(s) Linux concerné(s): 4
Nombre de dossier(s) à mettre à jour: 29

sending incremental file list

sent 7070 bytes  received 49 bytes  2847.60 bytes/sec
total size is 12774593  speedup is 1794.44
sending incremental file list

sent 6279 bytes  received 38 bytes  4211.33 bytes/sec
total size is 12442583  speedup is 1969.70
sending incremental file list

sent 63 bytes  received 12 bytes  150.00 bytes/sec
total size is 88092672  speedup is 1174568.96
sending incremental file list

sent 7593 bytes  received 45 bytes  5092.00 bytes/sec
total size is 9254930  speedup is 1211.70
sending incremental file list

sent 7756 bytes  received 20 bytes  5184.00 bytes/sec
total size is 16755943  speedup is 2154.83
sending incremental file list

sent 4308 bytes  received 24 bytes  2888.00 bytes/sec
total size is 6387982  speedup is 1474.60
sending incremental file list

sent 9696 bytes  received 71 bytes  3906.80 bytes/sec
total size is 32536615  speedup is 3331.28
sending incremental file list

sent 5047 bytes  received 27 bytes  10148.00 bytes/sec
total size is 39173092  speedup is 7720.36
sending incremental file list

sent 39954 bytes  received 140 bytes  8909.78 bytes/sec
total size is 51271067  speedup is 1278.77
sending incremental file list

sent 20296 bytes  received 83 bytes  13586.00 bytes/sec
total size is 99065320  speedup is 4861.15
sending incremental file list

sent 4380 bytes  received 82 bytes  1784.80 bytes/sec
total size is 35609223  speedup is 7980.55
sending incremental file list

sent 10004 bytes  received 13 bytes  6678.00 bytes/sec
total size is 48321024  speedup is 4823.90
sending incremental file list

sent 5781 bytes  received 30 bytes  3874.00 bytes/sec
total size is 93132165  speedup is 16026.87
sending incremental file list

sent 63 bytes  received 12 bytes  50.00 bytes/sec
total size is 88092672  speedup is 1174568.96
sending incremental file list

sent 7593 bytes  received 45 bytes  5092.00 bytes/sec
total size is 9254930  speedup is 1211.70
sending incremental file list

sent 4308 bytes  received 24 bytes  2888.00 bytes/sec
total size is 6387982  speedup is 1474.60
sending incremental file list

sent 7756 bytes  received 20 bytes  5184.00 bytes/sec
total size is 16755943  speedup is 2154.83
sending incremental file list

sent 85 bytes  received 13 bytes  65.33 bytes/sec
total size is 104853504  speedup is 1069933.71
sending incremental file list

sent 39954 bytes  received 140 bytes  16037.60 bytes/sec
total size is 51271067  speedup is 1278.77
sending incremental file list

sent 9696 bytes  received 71 bytes  6511.33 bytes/sec
total size is 32536615  speedup is 3331.28
sending incremental file list

sent 10004 bytes  received 13 bytes  6678.00 bytes/sec
total size is 48321024  speedup is 4823.90
sending incremental file list

sent 7070 bytes  received 49 bytes  4746.00 bytes/sec
total size is 12774593  speedup is 1794.44
sending incremental file list

sent 5729 bytes  received 23 bytes  3834.67 bytes/sec
total size is 129159129  speedup is 22454.65
sending incremental file list

sent 5610 bytes  received 39 bytes  11298.00 bytes/sec
total size is 59049369  speedup is 10453.07
sending incremental file list

sent 51711 bytes  received 96 bytes  14802.00 bytes/sec
total size is 297069139  speedup is 5734.15
sending incremental file list

sent 20296 bytes  received 83 bytes  8151.60 bytes/sec
total size is 99065320  speedup is 4861.15
sending incremental file list

sent 4380 bytes  received 82 bytes  1274.86 bytes/sec
total size is 35609223  speedup is 7980.55
sending incremental file list

sent 7756 bytes  received 20 bytes  3110.40 bytes/sec
total size is 16755943  speedup is 2154.83
sending incremental file list

sent 7756 bytes  received 20 bytes  5184.00 bytes/sec
total size is 16755943  speedup is 2154.83
