Démarrage : dim déc  8 23:00:01 CET 2013
Arrêt     : dim déc  8 23:00:36 CET 2013



Base MySQL sélectionnée: agis
Nombre de serveur(s) Linux concerné(s): 4
Nombre de dossier(s) à mettre à jour: 24

sending incremental file list

sent 5598 bytes  received 45 bytes  3762.00 bytes/sec
total size is 9985067  speedup is 1769.46
sending incremental file list

sent 5788 bytes  received 34 bytes  3881.33 bytes/sec
total size is 11670607  speedup is 2004.57
sending incremental file list

sent 63 bytes  received 12 bytes  50.00 bytes/sec
total size is 81426432  speedup is 1085685.76
sending incremental file list

sent 7538 bytes  received 45 bytes  5055.33 bytes/sec
total size is 9253358  speedup is 1220.28
sending incremental file list

sent 7683 bytes  received 20 bytes  5135.33 bytes/sec
total size is 16751831  speedup is 2174.72
sending incremental file list

sent 4308 bytes  received 24 bytes  2888.00 bytes/sec
total size is 6387982  speedup is 1474.60
sending incremental file list

sent 11447 bytes  received 78 bytes  4610.00 bytes/sec
total size is 48158828  speedup is 4178.64
sending incremental file list

sent 5047 bytes  received 27 bytes  3382.67 bytes/sec
total size is 39173092  speedup is 7720.36
sending incremental file list

sent 40788 bytes  received 164 bytes  16380.80 bytes/sec
total size is 58183409  speedup is 1420.77
sending incremental file list

sent 20778 bytes  received 88 bytes  13910.67 bytes/sec
total size is 98751548  speedup is 4732.65
sending incremental file list

sent 7261 bytes  received 13 bytes  2909.60 bytes/sec
total size is 32047104  speedup is 4405.71
sending incremental file list

sent 63 bytes  received 12 bytes  50.00 bytes/sec
total size is 81426432  speedup is 1085685.76
sending incremental file list

sent 7538 bytes  received 45 bytes  5055.33 bytes/sec
total size is 9253358  speedup is 1220.28
sending incremental file list

sent 4308 bytes  received 24 bytes  2888.00 bytes/sec
total size is 6387982  speedup is 1474.60
sending incremental file list

sent 7683 bytes  received 20 bytes  5135.33 bytes/sec
total size is 16751831  speedup is 2174.72
sending incremental file list

sent 85 bytes  received 13 bytes  65.33 bytes/sec
total size is 104853504  speedup is 1069933.71
sending incremental file list

sent 40788 bytes  received 164 bytes  27301.33 bytes/sec
total size is 58183409  speedup is 1420.77
sending incremental file list

sent 11447 bytes  received 78 bytes  4610.00 bytes/sec
total size is 48158828  speedup is 4178.64
sending incremental file list

sent 7261 bytes  received 13 bytes  4849.33 bytes/sec
total size is 32047104  speedup is 4405.71
sending incremental file list

sent 5598 bytes  received 45 bytes  11286.00 bytes/sec
total size is 9985067  speedup is 1769.46
sending incremental file list

sent 5677 bytes  received 23 bytes  3800.00 bytes/sec
total size is 128675317  speedup is 22574.62
sending incremental file list

sent 5353 bytes  received 38 bytes  3594.00 bytes/sec
total size is 56169881  speedup is 10419.20
sending incremental file list

sent 47569 bytes  received 91 bytes  31773.33 bytes/sec
total size is 279142483  speedup is 5856.96
sending incremental file list
