Démarrage : jeu déc 12 23:00:01 CET 2013
Arrêt     : jeu déc 12 23:02:00 CET 2013



Base MySQL sélectionnée: agis
Nombre de serveur(s) Linux concerné(s): 4
Nombre de dossier(s) à mettre à jour: 24

sending incremental file list

sent 5598 bytes  received 45 bytes  2257.20 bytes/sec
total size is 9985067  speedup is 1769.46
sending incremental file list

sent 5788 bytes  received 34 bytes  3881.33 bytes/sec
total size is 11670607  speedup is 2004.57
sending incremental file list
erp_data.mdb

sent 7602539 bytes  received 63255 bytes  184717.93 bytes/sec
total size is 81426432  speedup is 10.62
sending incremental file list

sent 7538 bytes  received 45 bytes  5055.33 bytes/sec
total size is 9253358  speedup is 1220.28
sending incremental file list

sent 7683 bytes  received 20 bytes  5135.33 bytes/sec
total size is 16751831  speedup is 2174.72
sending incremental file list

sent 4308 bytes  received 24 bytes  2888.00 bytes/sec
total size is 6387982  speedup is 1474.60
sending incremental file list
mercuriales/FZC/FZC 2014/ARGEL 2014.xls
mercuriales/FZC/FZC 2014/THIRIET 2014.xls
mercuriales/gms/2014/CENTRALES 2014/AUCHAN 2014.xls
mercuriales/gms/2014/CENTRALES 2014/CARREFOUR 2014.xls
mercuriales/gms/2014/CENTRALES 2014/CASINO 2014.xls
mercuriales/gms/2014/CENTRALES 2014/INTERMARCHE 2014.xls
mercuriales/gms/2014/CENTRALES 2014/SIMPLY MARKET 2014.xls
mercuriales/gms/2014/REGIONS  2014/SCHIEVER MERCU JANVIER 2014.xls
mercuriales/gms/2014/REGIONS  2014/SU R\#351gion JANVIER 2014.xls
mercuriales/mdd/2014/2014 MERCURIALE EXPORT.xls
mercuriales/mdd/2014/2014 MERCURIALE SYSTEME U.xls

sent 234187 bytes  received 34061 bytes  76642.29 bytes/sec
total size is 48570777  speedup is 181.07
sending incremental file list

sent 5047 bytes  received 27 bytes  3382.67 bytes/sec
total size is 39173092  speedup is 7720.36
sending incremental file list
operations_commerciales/DEMANDE ECHANTILLONS CL .xls
operations_commerciales/chrono demande echantillons.xls
operations_commerciales/GMS/2014/A-CENTRALES/GMS AUCHAN 2014-FUTUR MASTER.xls
operations_commerciales/GMS/2014/A-CENTRALES/GMS CARREFOUR 2014-FUTUR MASTER.xls
operations_commerciales/GMS/2014/A-CENTRALES/GMS CARREFOUR MARKET 2014-FUTUR MASTER.xls
operations_commerciales/GMS/2014/A-CENTRALES/GMS INTERMARCHE 2014-FUTUR MASTER.xls
operations_commerciales/GMS/2014/B-CONFIRMATIONS OPERATIONS/INTERMARCHE/2014 INTERMARCHE FEVRIER 1 OP 61009.xls
operations_commerciales/GMS/2014/D-REGIONS/GMS SCHIEVER 2014-FUTUR MASTER.xls
operations_commerciales/GMS/2014/D-REGIONS/GMS SU REGION  2014-FUTUR MASTER.xls
operations_commerciales/MDD/MODELES CJ/AUCHAN ATAC SCHIEVER/DDE ECHANTILLONS/DEMANDE ECHANTILLONS SCHIEVER SJM.xls
operations_commerciales/MDD/MODELES VB/CONF OPES ITM NETTO/2014/CONFIRMATION OPE_GENERALISTE_AVRIL1.xls
operations_commerciales/MDD/MODELES VB/CONF OPES ITM NETTO/2014/CONFIRMATION OPE_GENERALISTE_AVRIL2.xls
operations_commerciales/MDD/OP MDD 2014/MDD ITM 2014 .xls

sent 326249 bytes  received 25933 bytes  78262.67 bytes/sec
total size is 58714891  speedup is 166.72
sending incremental file list

sent 20908 bytes  received 88 bytes  13997.33 bytes/sec
total size is 99120505  speedup is 4720.92
sending incremental file list

sent 7332 bytes  received 13 bytes  4896.67 bytes/sec
total size is 32211968  speedup is 4385.56
sending incremental file list
erp_data.mdb

sent 7602539 bytes  received 63255 bytes  189278.86 bytes/sec
total size is 81426432  speedup is 10.62
sending incremental file list

sent 7538 bytes  received 45 bytes  5055.33 bytes/sec
total size is 9253358  speedup is 1220.28
sending incremental file list

sent 4308 bytes  received 24 bytes  2888.00 bytes/sec
total size is 6387982  speedup is 1474.60
sending incremental file list

sent 7683 bytes  received 20 bytes  5135.33 bytes/sec
total size is 16751831  speedup is 2174.72
sending incremental file list

sent 85 bytes  received 13 bytes  65.33 bytes/sec
total size is 104853504  speedup is 1069933.71
sending incremental file list
operations_commerciales/DEMANDE ECHANTILLONS CL .xls
operations_commerciales/chrono demande echantillons.xls
operations_commerciales/GMS/2014/A-CENTRALES/GMS AUCHAN 2014-FUTUR MASTER.xls
operations_commerciales/GMS/2014/A-CENTRALES/GMS CARREFOUR 2014-FUTUR MASTER.xls
operations_commerciales/GMS/2014/A-CENTRALES/GMS CARREFOUR MARKET 2014-FUTUR MASTER.xls
operations_commerciales/GMS/2014/A-CENTRALES/GMS INTERMARCHE 2014-FUTUR MASTER.xls
operations_commerciales/GMS/2014/B-CONFIRMATIONS OPERATIONS/INTERMARCHE/2014 INTERMARCHE FEVRIER 1 OP 61009.xls
operations_commerciales/GMS/2014/D-REGIONS/GMS SCHIEVER 2014-FUTUR MASTER.xls
operations_commerciales/GMS/2014/D-REGIONS/GMS SU REGION  2014-FUTUR MASTER.xls
operations_commerciales/MDD/MODELES CJ/AUCHAN ATAC SCHIEVER/DDE ECHANTILLONS/DEMANDE ECHANTILLONS SCHIEVER SJM.xls
operations_commerciales/MDD/MODELES VB/CONF OPES ITM NETTO/2014/CONFIRMATION OPE_GENERALISTE_AVRIL1.xls
operations_commerciales/MDD/MODELES VB/CONF OPES ITM NETTO/2014/CONFIRMATION OPE_GENERALISTE_AVRIL2.xls
operations_commerciales/MDD/OP MDD 2014/MDD ITM 2014 .xls

sent 326249 bytes  received 25933 bytes  100623.43 bytes/sec
total size is 58714891  speedup is 166.72
sending incremental file list
mercuriales/FZC/FZC 2014/ARGEL 2014.xls
mercuriales/FZC/FZC 2014/THIRIET 2014.xls
mercuriales/gms/2014/CENTRALES 2014/AUCHAN 2014.xls
mercuriales/gms/2014/CENTRALES 2014/CARREFOUR 2014.xls
mercuriales/gms/2014/CENTRALES 2014/CASINO 2014.xls
mercuriales/gms/2014/CENTRALES 2014/INTERMARCHE 2014.xls
mercuriales/gms/2014/CENTRALES 2014/SIMPLY MARKET 2014.xls
mercuriales/gms/2014/REGIONS  2014/SCHIEVER MERCU JANVIER 2014.xls
mercuriales/gms/2014/REGIONS  2014/SU R\#351gion JANVIER 2014.xls
mercuriales/mdd/2014/2014 MERCURIALE EXPORT.xls
mercuriales/mdd/2014/2014 MERCURIALE SYSTEME U.xls

sent 234187 bytes  received 34061 bytes  76642.29 bytes/sec
total size is 48570777  speedup is 181.07
sending incremental file list

sent 7332 bytes  received 13 bytes  4896.67 bytes/sec
total size is 32211968  speedup is 4385.56
sending incremental file list

sent 5598 bytes  received 45 bytes  3762.00 bytes/sec
total size is 9985067  speedup is 1769.46
sending incremental file list

sent 5677 bytes  received 23 bytes  11400.00 bytes/sec
total size is 128675317  speedup is 22574.62
sending incremental file list

sent 5353 bytes  received 38 bytes  3594.00 bytes/sec
total size is 56169881  speedup is 10419.20
sending incremental file list

sent 47569 bytes  received 91 bytes  31773.33 bytes/sec
total size is 279142483  speedup is 5856.96
sending incremental file list
