Démarrage : jeu jan  9 23:00:01 CET 2014
Arrêt     : jeu jan  9 23:00:40 CET 2014



Base MySQL sélectionnée: agis
Nombre de serveur(s) Linux concerné(s): 4
Nombre de dossier(s) à mettre à jour: 24

sending incremental file list

sent 5691 bytes  received 45 bytes  3824.00 bytes/sec
total size is 10159163  speedup is 1771.12
sending incremental file list
suivi_investissement/2014-2015/Bud invest AVI 2014 2015.xls
suivi_investissement/2014-2015/Bud invest AVI r\#351vis\#351 2013-2014.xls

sent 18276 bytes  received 973 bytes  12832.67 bytes/sec
total size is 11680847  speedup is 606.83
sending incremental file list

sent 63 bytes  received 12 bytes  150.00 bytes/sec
total size is 83456000  speedup is 1112746.67
sending incremental file list

sent 7538 bytes  received 45 bytes  15166.00 bytes/sec
total size is 9253358  speedup is 1220.28
sending incremental file list

sent 7695 bytes  received 20 bytes  5143.33 bytes/sec
total size is 16751789  speedup is 2171.33
sending incremental file list

sent 4308 bytes  received 24 bytes  2888.00 bytes/sec
total size is 6387982  speedup is 1474.60
sending incremental file list
mercuriales/sync.ffs_lock
mercuriales/FZC/FZC 2014/ARGEL 2014.xls
mercuriales/HD/2014/2014 MERCURIALE DIA.xls
mercuriales/gms/2014/CENTRALES 2014/AUCHAN 2014.xls
mercuriales/gms/2014/CENTRALES 2014/CASINO 2014.xls
mercuriales/gms/2014/CENTRALES 2014/INTERMARCHE 2014.xls
mercuriales/gms/2014/CENTRALES 2014/SIMPLY MARKET 2014.xls
mercuriales/gms/2014/REGIONS  2014/SU R\#351gion JANVIER 2014.xls
mercuriales/mdd/2014/2014 MERCURIALE AUCHAN.xls
mercuriales/mdd/2014/2014 MERCURIALE INTERMARCHE.xls

sent 92702 bytes  received 25636 bytes  47335.20 bytes/sec
total size is 25650224  speedup is 216.75
sending incremental file list

sent 5047 bytes  received 27 bytes  3382.67 bytes/sec
total size is 39173092  speedup is 7720.36
sending incremental file list
operations_commerciales/chrono demande echantillons.xls
operations_commerciales/FZC/CONFIRMATIONS/2014/ARGEL/ARGEL_CONFIRMATION CATALOGUE 4 2014.xls
operations_commerciales/FZC/OP FZC 2014/FZC ARGEL 2014.xls
operations_commerciales/GMS/RECAP DEMANDE ET CONFIRMATIONS HEBDO.xls
operations_commerciales/GMS/2013/D-REGIONS/GMS LECLERC 2013-FUTUR MASTER.xls
operations_commerciales/GMS/2014/A-CENTRALES/GMS CARREFOUR 2014-FUTUR MASTER.xls
operations_commerciales/GMS/2014/A-CENTRALES/GMS CARREFOUR MARKET 2014-FUTUR MASTER.xls
operations_commerciales/GMS/2014/A-CENTRALES/GMS CASINO 2014-FUTUR MASTER.xls
operations_commerciales/GMS/2014/A-CENTRALES/GMS INTERMARCHE 2014-FUTUR MASTER.xls
operations_commerciales/GMS/2014/A-CENTRALES/GMS SIMPLY MARKET 2014-FUTUR MASTER.xls
operations_commerciales/GMS/2014/A-CENTRALES/GMS SYSTEME U 2014-FUTUR MASTER.xls
operations_commerciales/GMS/2014/B-CONFIRMATIONS OPERATIONS/CARREFOUR MARKET/2014 CARREFOUR MARKET TRAFIC 16 PC.xls
operations_commerciales/GMS/2014/B-CONFIRMATIONS OPERATIONS/CARREFOUR/2014 CARREFOUR NAA.xls
operations_commerciales/GMS/2014/B-CONFIRMATIONS OPERATIONS/INTERMARCHE/2014 INTERMARCHE AVRIL 2 OP 61033.xls
operations_commerciales/GMS/2014/D-REGIONS/GMS CARREFOUR REGIONS 2014-FUTUR MASTER.xls
operations_commerciales/GMS/2014/D-REGIONS/GMS LECLERC 2014-FUTUR MASTER.xls
operations_commerciales/GMS/2014/D-REGIONS/GMS SU REGION  2014-FUTUR MASTER.xls
operations_commerciales/MDD/OP MDD 2013/MDD AUCHAN 2013 FUTUR MASTER.xls
operations_commerciales/MDD/OP MDD 2013/MDD CORA 2013 FUTUR MASTER.xls

sent 455584 bytes  received 50744 bytes  112517.33 bytes/sec
total size is 60735443  speedup is 119.95
sending incremental file list

sent 20908 bytes  received 88 bytes  13997.33 bytes/sec
total size is 99120505  speedup is 4720.92
sending incremental file list

sent 7378 bytes  received 13 bytes  4927.33 bytes/sec
total size is 32486400  speedup is 4395.40
sending incremental file list

sent 63 bytes  received 12 bytes  50.00 bytes/sec
total size is 83456000  speedup is 1112746.67
sending incremental file list

sent 7538 bytes  received 45 bytes  5055.33 bytes/sec
total size is 9253358  speedup is 1220.28
sending incremental file list

sent 4308 bytes  received 24 bytes  2888.00 bytes/sec
total size is 6387982  speedup is 1474.60
sending incremental file list

sent 7695 bytes  received 20 bytes  5143.33 bytes/sec
total size is 16751789  speedup is 2171.33
sending incremental file list

sent 85 bytes  received 13 bytes  65.33 bytes/sec
total size is 104853504  speedup is 1069933.71
sending incremental file list
operations_commerciales/chrono demande echantillons.xls
operations_commerciales/FZC/CONFIRMATIONS/2014/ARGEL/ARGEL_CONFIRMATION CATALOGUE 4 2014.xls
operations_commerciales/FZC/OP FZC 2014/FZC ARGEL 2014.xls
operations_commerciales/GMS/RECAP DEMANDE ET CONFIRMATIONS HEBDO.xls
operations_commerciales/GMS/2013/D-REGIONS/GMS LECLERC 2013-FUTUR MASTER.xls
operations_commerciales/GMS/2014/A-CENTRALES/GMS CARREFOUR 2014-FUTUR MASTER.xls
operations_commerciales/GMS/2014/A-CENTRALES/GMS CARREFOUR MARKET 2014-FUTUR MASTER.xls
operations_commerciales/GMS/2014/A-CENTRALES/GMS CASINO 2014-FUTUR MASTER.xls
operations_commerciales/GMS/2014/A-CENTRALES/GMS INTERMARCHE 2014-FUTUR MASTER.xls
operations_commerciales/GMS/2014/A-CENTRALES/GMS SIMPLY MARKET 2014-FUTUR MASTER.xls
operations_commerciales/GMS/2014/A-CENTRALES/GMS SYSTEME U 2014-FUTUR MASTER.xls
operations_commerciales/GMS/2014/B-CONFIRMATIONS OPERATIONS/CARREFOUR MARKET/2014 CARREFOUR MARKET TRAFIC 16 PC.xls
operations_commerciales/GMS/2014/B-CONFIRMATIONS OPERATIONS/CARREFOUR/2014 CARREFOUR NAA.xls
operations_commerciales/GMS/2014/B-CONFIRMATIONS OPERATIONS/INTERMARCHE/2014 INTERMARCHE AVRIL 2 OP 61033.xls
operations_commerciales/GMS/2014/D-REGIONS/GMS CARREFOUR REGIONS 2014-FUTUR MASTER.xls
operations_commerciales/GMS/2014/D-REGIONS/GMS LECLERC 2014-FUTUR MASTER.xls
operations_commerciales/GMS/2014/D-REGIONS/GMS SU REGION  2014-FUTUR MASTER.xls
operations_commerciales/MDD/OP MDD 2013/MDD AUCHAN 2013 FUTUR MASTER.xls
operations_commerciales/MDD/OP MDD 2013/MDD CORA 2013 FUTUR MASTER.xls

sent 455584 bytes  received 50744 bytes  144665.14 bytes/sec
total size is 60735443  speedup is 119.95
sending incremental file list
mercuriales/sync.ffs_lock
mercuriales/FZC/FZC 2014/ARGEL 2014.xls
mercuriales/HD/2014/2014 MERCURIALE DIA.xls
mercuriales/gms/2014/CENTRALES 2014/AUCHAN 2014.xls
mercuriales/gms/2014/CENTRALES 2014/CASINO 2014.xls
mercuriales/gms/2014/CENTRALES 2014/INTERMARCHE 2014.xls
mercuriales/gms/2014/CENTRALES 2014/SIMPLY MARKET 2014.xls
mercuriales/gms/2014/REGIONS  2014/SU R\#351gion JANVIER 2014.xls
mercuriales/mdd/2014/2014 MERCURIALE AUCHAN.xls
mercuriales/mdd/2014/2014 MERCURIALE INTERMARCHE.xls

sent 92702 bytes  received 25636 bytes  78892.00 bytes/sec
total size is 25650227  speedup is 216.75
sending incremental file list

sent 7378 bytes  received 13 bytes  4927.33 bytes/sec
total size is 32486400  speedup is 4395.40
sending incremental file list

sent 5691 bytes  received 45 bytes  3824.00 bytes/sec
total size is 10159163  speedup is 1771.12
sending incremental file list

sent 5677 bytes  received 23 bytes  3800.00 bytes/sec
total size is 128675317  speedup is 22574.62
sending incremental file list

sent 5353 bytes  received 38 bytes  3594.00 bytes/sec
total size is 56169881  speedup is 10419.20
sending incremental file list
codesoft/Codesoft 7/35 Jours/DLUO 35 jours.LAB
codesoft/Codesoft 7/35 Jours/DLUO 35 jours.bak
codesoft/Codesoft 7/Agis FE/79103_plateau d\#351gustatiion_recto.bak
codesoft/Codesoft 7/Agis FE/79103_plateau d\#351gustatiion_recto.lab
codesoft/Codesoft 7/Agis FE/79103_recto.bak
codesoft/Codesoft 7/Agis FE/79103_recto.lab
codesoft/Codesoft 7/Agis FE/Copie de 79103_plateau d\#351gustatiion_recto.lab
codesoft/Codesoft 7/Auchan  Atac/Atac_simply/simply_janv_14/plateau_degustation_verso.bak
codesoft/Codesoft 7/Auchan  Atac/Atac_simply/simply_janv_14/plateau_degustation_verso.lab

sent 92610 bytes  received 2289 bytes  37959.60 bytes/sec
total size is 284434003  speedup is 2997.23
sending incremental file list
