Démarrage : mer mai 14 23:00:01 CEST 2014
Arrêt     : mer mai 14 23:02:20 CEST 2014



Base MySQL sélectionnée: agis
Nombre de serveur(s) Linux concerné(s): 4
Nombre de dossier(s) à mettre à jour: 29

sending incremental file list

sent 7051 bytes  received 49 bytes  4733.33 bytes/sec
total size is 12693370  speedup is 1787.80
sending incremental file list

sent 6274 bytes  received 38 bytes  2524.80 bytes/sec
total size is 12421591  speedup is 1967.93
sending incremental file list
erp_data.mdb

sent 8208089 bytes  received 65747 bytes  181842.55 bytes/sec
total size is 88092672  speedup is 10.65
sending incremental file list

sent 7538 bytes  received 45 bytes  5055.33 bytes/sec
total size is 9253358  speedup is 1220.28
sending incremental file list
batch/base_etiquette_codesoft.rdp

sent 8427 bytes  received 39 bytes  3386.40 bytes/sec
total size is 16753895  speedup is 1978.96
sending incremental file list

sent 4308 bytes  received 24 bytes  2888.00 bytes/sec
total size is 6387982  speedup is 1474.60
sending incremental file list
mercuriales/sync.ffs_db
mercuriales/mdd/2014/2014 MERCURIALE AUCHAN.xls
mercuriales/mdd/2014/2014 MERCURIALE PROVERA.xls
mercuriales/mdd/2014/2014 MERCURIALE SYSTEME U.xls

sent 37493 bytes  received 3011 bytes  16201.60 bytes/sec
total size is 32256252  speedup is 796.37
sending incremental file list

sent 5047 bytes  received 27 bytes  3382.67 bytes/sec
total size is 39173092  speedup is 7720.36
sending incremental file list
operations_commerciales/DEMANDE ECHANTILLONS CL .xls
operations_commerciales/DEMANDE ECHANTILLONS GB.xls
operations_commerciales/chrono demande echantillons.xls
operations_commerciales/GMS/RECAP DEMANDE ET CONFIRMATIONS HEBDO 2014.xls
operations_commerciales/GMS/2014/A-CENTRALES/GMS AUCHAN 2014-FUTUR MASTER.xls
operations_commerciales/GMS/2014/A-CENTRALES/GMS CARREFOUR 2014-FUTUR MASTER.xls
operations_commerciales/GMS/2014/A-CENTRALES/GMS CARREFOUR MARKET 2014-FUTUR MASTER.xls
operations_commerciales/GMS/2014/A-CENTRALES/GMS CASINO 2014-FUTUR MASTER.xls
operations_commerciales/GMS/2014/A-CENTRALES/GMS GALEC 2014-FUTUR MASTER.xls
operations_commerciales/GMS/2014/A-CENTRALES/GMS INTERMARCHE 2014-FUTUR MASTER.xls
operations_commerciales/GMS/2014/B-CONFIRMATIONS OPERATIONS/CARREFOUR/2014 CARREFOUR PROMO 26 PAELLA.xls
deleting operations_commerciales/GMS/2014/B-CONFIRMATIONS OPERATIONS/CASINO HM/2014 HM PRIX CHOC S36.xls
operations_commerciales/GMS/2014/B-CONFIRMATIONS OPERATIONS/CASINO HM/2014 HM DCD S37 PAELLA 2.4KG 1.2KG.xls
operations_commerciales/GMS/2014/B-CONFIRMATIONS OPERATIONS/CASINO HM/2014 HM PRIX CHOC S38.xls
operations_commerciales/GMS/2014/B-CONFIRMATIONS OPERATIONS/CASINO SM/2014 SM FRAIS PRIX RONDS  LANGUE DE BOEUF.xls
operations_commerciales/MDD/MODELES CJ/PROVERA/Chrono 296 MATCH.XLS
operations_commerciales/MDD/MODELES CJ/PROVERA/CONF OPES CORA MATCH/2014/MATCH/CONFIRMATION 2014-3072-SUPERMAG SEPTEMBRE.xls
operations_commerciales/MDD/OP MDD 2014/MDD MATCH 2014.xls

sent 428492 bytes  received 36445 bytes  84534.00 bytes/sec
total size is 50522523  speedup is 108.67
sending incremental file list

sent 20296 bytes  received 83 bytes  8151.60 bytes/sec
total size is 99065320  speedup is 4861.15
sending incremental file list

sent 4380 bytes  received 82 bytes  1784.80 bytes/sec
total size is 35609223  speedup is 7980.55
sending incremental file list
modeles/compo_pc_saveur_minute_recto_180_surgele.lab
modeles/compo_pc_saveur_minute_recto_surgele.lab
modeles/compo_pc_saveur_minute_verso_180_surgele.lab
modeles/compo_pc_saveur_minute_verso_surgele.lab

sent 75131 bytes  received 4265 bytes  52930.67 bytes/sec
total size is 46695424  speedup is 588.13
sending incremental file list

sent 5781 bytes  received 30 bytes  2324.40 bytes/sec
total size is 93132165  speedup is 16026.87
sending incremental file list
erp_data.mdb

sent 8208089 bytes  received 65747 bytes  190203.13 bytes/sec
total size is 88092672  speedup is 10.65
sending incremental file list

sent 7538 bytes  received 45 bytes  5055.33 bytes/sec
total size is 9253358  speedup is 1220.28
sending incremental file list

sent 4308 bytes  received 24 bytes  2888.00 bytes/sec
total size is 6387982  speedup is 1474.60
sending incremental file list
batch/base_etiquette_codesoft.rdp

sent 8427 bytes  received 39 bytes  5644.00 bytes/sec
total size is 16753895  speedup is 1978.96
sending incremental file list

sent 85 bytes  received 13 bytes  65.33 bytes/sec
total size is 104853504  speedup is 1069933.71
sending incremental file list
operations_commerciales/DEMANDE ECHANTILLONS CL .xls
operations_commerciales/DEMANDE ECHANTILLONS GB.xls
operations_commerciales/chrono demande echantillons.xls
operations_commerciales/GMS/RECAP DEMANDE ET CONFIRMATIONS HEBDO 2014.xls
operations_commerciales/GMS/2014/A-CENTRALES/GMS AUCHAN 2014-FUTUR MASTER.xls
operations_commerciales/GMS/2014/A-CENTRALES/GMS CARREFOUR 2014-FUTUR MASTER.xls
operations_commerciales/GMS/2014/A-CENTRALES/GMS CARREFOUR MARKET 2014-FUTUR MASTER.xls
operations_commerciales/GMS/2014/A-CENTRALES/GMS CASINO 2014-FUTUR MASTER.xls
operations_commerciales/GMS/2014/A-CENTRALES/GMS GALEC 2014-FUTUR MASTER.xls
operations_commerciales/GMS/2014/A-CENTRALES/GMS INTERMARCHE 2014-FUTUR MASTER.xls
operations_commerciales/GMS/2014/B-CONFIRMATIONS OPERATIONS/CARREFOUR/2014 CARREFOUR PROMO 26 PAELLA.xls
deleting operations_commerciales/GMS/2014/B-CONFIRMATIONS OPERATIONS/CASINO HM/2014 HM PRIX CHOC S36.xls
operations_commerciales/GMS/2014/B-CONFIRMATIONS OPERATIONS/CASINO HM/2014 HM DCD S37 PAELLA 2.4KG 1.2KG.xls
operations_commerciales/GMS/2014/B-CONFIRMATIONS OPERATIONS/CASINO HM/2014 HM PRIX CHOC S38.xls
operations_commerciales/GMS/2014/B-CONFIRMATIONS OPERATIONS/CASINO SM/2014 SM FRAIS PRIX RONDS  LANGUE DE BOEUF.xls
operations_commerciales/MDD/MODELES CJ/PROVERA/Chrono 296 MATCH.XLS
operations_commerciales/MDD/MODELES CJ/PROVERA/CONF OPES CORA MATCH/2014/MATCH/CONFIRMATION 2014-3072-SUPERMAG SEPTEMBRE.xls
operations_commerciales/MDD/OP MDD 2014/MDD MATCH 2014.xls

sent 428492 bytes  received 36445 bytes  132839.14 bytes/sec
total size is 50522523  speedup is 108.67
sending incremental file list
mercuriales/sync.ffs_db
mercuriales/mdd/2014/2014 MERCURIALE AUCHAN.xls
mercuriales/mdd/2014/2014 MERCURIALE PROVERA.xls
mercuriales/mdd/2014/2014 MERCURIALE SYSTEME U.xls

sent 37493 bytes  received 3011 bytes  27002.67 bytes/sec
total size is 32256252  speedup is 796.37
sending incremental file list
modeles/compo_pc_saveur_minute_recto_180_surgele.lab
modeles/compo_pc_saveur_minute_recto_surgele.lab
modeles/compo_pc_saveur_minute_verso_180_surgele.lab
modeles/compo_pc_saveur_minute_verso_surgele.lab

sent 75131 bytes  received 4265 bytes  31758.40 bytes/sec
total size is 46695424  speedup is 588.13
sending incremental file list

sent 7051 bytes  received 49 bytes  14200.00 bytes/sec
total size is 12693370  speedup is 1787.80
sending incremental file list

sent 5732 bytes  received 23 bytes  3836.67 bytes/sec
total size is 129183193  speedup is 22447.12
sending incremental file list

sent 5610 bytes  received 39 bytes  3766.00 bytes/sec
total size is 59049369  speedup is 10453.07
sending incremental file list

sent 50984 bytes  received 95 bytes  20431.60 bytes/sec
total size is 293555795  speedup is 5747.09
sending incremental file list

sent 20296 bytes  received 83 bytes  13586.00 bytes/sec
total size is 99065320  speedup is 4861.15
sending incremental file list

sent 4380 bytes  received 82 bytes  1784.80 bytes/sec
total size is 35609223  speedup is 7980.55
sending incremental file list
batch/base_etiquette_codesoft.rdp

sent 8427 bytes  received 39 bytes  3386.40 bytes/sec
total size is 16753895  speedup is 1978.96
sending incremental file list

sent 7733 bytes  received 20 bytes  5168.67 bytes/sec
total size is 16753895  speedup is 2160.96
