Démarrage : ven fév  7 23:00:02 CET 2014
Arrêt     : ven fév  7 23:02:28 CET 2014



Base MySQL sélectionnée: agis
Nombre de serveur(s) Linux concerné(s): 4
Nombre de dossier(s) à mettre à jour: 26

sending incremental file list

sent 5876 bytes  received 45 bytes  2368.40 bytes/sec
total size is 11123363  speedup is 1878.63
sending incremental file list
suivi_investissement/2013-2014/Projection bud invest r\#351vis\#351 2013-2014/D\#351tail project bud invest TAR r\#351vis\#351 2013-2014.xls
suivi_investissement/2013-2014/R\#351alis\#351 bud invest r\#351vis\#351 2013-2014/Bud invest TAR r\#351vis\#351 2013-2014.xls

sent 26746 bytes  received 1173 bytes  18612.67 bytes/sec
total size is 12050302  speedup is 431.62
sending incremental file list
erp_data.mdb

sent 7738379 bytes  received 64291 bytes  179371.72 bytes/sec
total size is 84160512  speedup is 10.79
sending incremental file list

sent 7538 bytes  received 45 bytes  5055.33 bytes/sec
total size is 9253358  speedup is 1220.28
sending incremental file list

sent 7695 bytes  received 20 bytes  5143.33 bytes/sec
total size is 16751789  speedup is 2171.33
sending incremental file list

sent 4308 bytes  received 24 bytes  2888.00 bytes/sec
total size is 6387982  speedup is 1474.60
sending incremental file list
mercuriales/gms/2014/CENTRALES 2014/CARREFOUR 2014.xls
mercuriales/mdd/2014/2014 MERCURIALE CASINO.xls
mercuriales/mdd/2014/2014 MERCURIALE MONOPRIX .xls

sent 45347 bytes  received 5311 bytes  20263.20 bytes/sec
total size is 26481671  speedup is 522.75
sending incremental file list

sent 5047 bytes  received 27 bytes  3382.67 bytes/sec
total size is 39173092  speedup is 7720.36
sending incremental file list
operations_commerciales/chrono demande echantillons.xls
operations_commerciales/GMS/RECAP DEMANDE ET CONFIRMATIONS HEBDO.xls
operations_commerciales/GMS/2014/A-CENTRALES/GMS CASINO 2014-FUTUR MASTER.xls
operations_commerciales/GMS/2014/D-REGIONS/GMS LECLERC 2014-FUTUR MASTER.xls
operations_commerciales/MDD/OP MDD 2012/FUTURMASTER/MDD AUCHAN 2012 FUTUR MASTER.xls
operations_commerciales/MDD/OP MDD 2012/FUTURMASTER/MDD SHIEVER 2012 FUTUR MASTER.xls
operations_commerciales/MDD/OP MDD 2012/FUTURMASTER/MDD SIMPLY 2012 FUTUR MASTER.xls
operations_commerciales/MDD/OP MDD 2013/MDD SCHIEVER 2013 FUTUR MASTER.xls
operations_commerciales/MDD/OP MDD 2013/MDD SIMPLY MARKET 2013 FUTUR MASTER.xls
operations_commerciales/MDD/OP MDD 2014/MDD ITM 2014 .xls

sent 283267 bytes  received 20241 bytes  86716.57 bytes/sec
total size is 44898725  speedup is 147.93
sending incremental file list

sent 19821 bytes  received 78 bytes  13266.00 bytes/sec
total size is 98390370  speedup is 4944.49
sending incremental file list
gofast/CHANTIERS/1_CNP_DELEGATION_Cecile/CNP_fonctionnement_CR_030214.doc
gofast/CHANTIERS/1_CNP_DELEGATION_Cecile/1_EQUIPE/Equipe_200114.JPG
gofast/CHANTIERS/1_CNP_DELEGATION_Cecile/4_GEMBA/Bilan_CNP_1ersem13.doc
gofast/CHANTIERS/1_CNP_DELEGATION_Cecile/DDD/DDD_ESPRI_CABILLAUD.doc
gofast/CHANTIERS/1_CNP_DELEGATION_Cecile/NOTATION_DDD/NOTATION_DDD_310114.xls
gofast/CHANTIERS/1_CNP_DELEGATION_Cecile/PLANNING_DVPT/
gofast/CHANTIERS/2_FTK_CLIENTS_Mathieu/1_EQUIPE/
gofast/CHANTIERS/2_FTK_CLIENTS_Mathieu/2_DEFIS/
gofast/CHANTIERS/2_FTK_CLIENTS_Mathieu/3_OBJECTIFS/
gofast/CHANTIERS/2_FTK_CLIENTS_Mathieu/4_GEMBA/
gofast/CHANTIERS/2_FTK_CLIENTS_Mathieu/5_STANDARDS/
gofast/CHANTIERS/2_FTK_CLIENTS_Mathieu/6_BILAN/
gofast/CHANTIERS/3_FTA_Boris/1_EQUIPE/
gofast/CHANTIERS/3_FTA_Boris/2_DEFIS/
gofast/CHANTIERS/3_FTA_Boris/3_OBJECTIFS/
gofast/CHANTIERS/3_FTA_Boris/4_GEMBA/
gofast/CHANTIERS/3_FTA_Boris/5_STANDARDS/
gofast/CHANTIERS/3_FTA_Boris/6_BILAN/
gofast/CHANTIERS/4_COTATION_Benjamin/1_EQUIPE/
gofast/CHANTIERS/4_COTATION_Benjamin/2_DEFIS/
gofast/CHANTIERS/4_COTATION_Benjamin/3_OBJECTIFS/
gofast/CHANTIERS/4_COTATION_Benjamin/4_GEMBA/
gofast/CHANTIERS/4_COTATION_Benjamin/5_STANDARDS/
gofast/CHANTIERS/4_COTATION_Benjamin/6_BILAN/
gofast/CHANTIERS/5_PROCESS_Vincent/1_EQUIPE/
gofast/CHANTIERS/5_PROCESS_Vincent/2_DEFIS/
gofast/CHANTIERS/5_PROCESS_Vincent/3_OBJECTIFS/
gofast/CHANTIERS/5_PROCESS_Vincent/4_GEMBA/
gofast/CHANTIERS/5_PROCESS_Vincent/5_STANDARDS/
gofast/CHANTIERS/5_PROCESS_Vincent/6_BILAN/
gofast/CHANTIERS/6_LANCEMENT_PDTS_Emeline/1_EQUIPE/
gofast/CHANTIERS/6_LANCEMENT_PDTS_Emeline/2_DEFIS/
gofast/CHANTIERS/6_LANCEMENT_PDTS_Emeline/3_OBJECTIFS/
gofast/CHANTIERS/6_LANCEMENT_PDTS_Emeline/4_GEMBA/
gofast/CHANTIERS/6_LANCEMENT_PDTS_Emeline/5_STANDARDS/
gofast/CHANTIERS/6_LANCEMENT_PDTS_Emeline/6_BILAN/
gofast/CHANTIERS/7_DONNEES_R&D_Morgane/1_EQUIPE/
gofast/CHANTIERS/7_DONNEES_R&D_Morgane/2_DEFIS/
gofast/CHANTIERS/7_DONNEES_R&D_Morgane/3_OBJECTIFS/
gofast/CHANTIERS/7_DONNEES_R&D_Morgane/4_GEMBA/
gofast/CHANTIERS/7_DONNEES_R&D_Morgane/5_STANDARDS/
gofast/CHANTIERS/7_DONNEES_R&D_Morgane/6_BILAN/
gofast/CHANTIERS/8_ADVITIUM_Cecile/1_EQUIPE/
gofast/CHANTIERS/8_ADVITIUM_Cecile/2_DEFIS/
gofast/CHANTIERS/8_ADVITIUM_Cecile/3_OBJECTIFS/
gofast/CHANTIERS/8_ADVITIUM_Cecile/4_GEMBA/
gofast/CHANTIERS/8_ADVITIUM_Cecile/5_STANDARDS/
gofast/CHANTIERS/8_ADVITIUM_Cecile/6_BILAN/
gofast/INFORMATIONS_GENERALES/1_GOFAST_pres_projet_280114.ppt
gofast/INFORMATIONS_GENERALES/MEMO_chantier_100114.doc
gofast/INFORMATIONS_GENERALES/5S_exemples_AGIS/
gofast/PLANNING_GENERAL/Planning_equipes_GOFAST_valide.xls

sent 4956507 bytes  received 361 bytes  180249.75 bytes/sec
total size is 7488812  speedup is 1.51
sending incremental file list

sent 7705 bytes  received 13 bytes  5145.33 bytes/sec
total size is 33815552  speedup is 4381.39
sending incremental file list
erp_data.mdb

sent 7738379 bytes  received 64291 bytes  188016.14 bytes/sec
total size is 84160512  speedup is 10.79
sending incremental file list

sent 7538 bytes  received 45 bytes  5055.33 bytes/sec
total size is 9253358  speedup is 1220.28
sending incremental file list

sent 4308 bytes  received 24 bytes  2888.00 bytes/sec
total size is 6387982  speedup is 1474.60
sending incremental file list

sent 7695 bytes  received 20 bytes  5143.33 bytes/sec
total size is 16751789  speedup is 2171.33
sending incremental file list

sent 85 bytes  received 13 bytes  65.33 bytes/sec
total size is 104853504  speedup is 1069933.71
sending incremental file list
operations_commerciales/chrono demande echantillons.xls
operations_commerciales/GMS/RECAP DEMANDE ET CONFIRMATIONS HEBDO.xls
operations_commerciales/GMS/2014/A-CENTRALES/GMS CASINO 2014-FUTUR MASTER.xls
operations_commerciales/GMS/2014/D-REGIONS/GMS LECLERC 2014-FUTUR MASTER.xls
operations_commerciales/MDD/OP MDD 2012/FUTURMASTER/MDD AUCHAN 2012 FUTUR MASTER.xls
operations_commerciales/MDD/OP MDD 2012/FUTURMASTER/MDD SHIEVER 2012 FUTUR MASTER.xls
operations_commerciales/MDD/OP MDD 2012/FUTURMASTER/MDD SIMPLY 2012 FUTUR MASTER.xls
operations_commerciales/MDD/OP MDD 2013/MDD SCHIEVER 2013 FUTUR MASTER.xls
operations_commerciales/MDD/OP MDD 2013/MDD SIMPLY MARKET 2013 FUTUR MASTER.xls
operations_commerciales/MDD/OP MDD 2014/MDD ITM 2014 .xls

sent 283267 bytes  received 20241 bytes  86716.57 bytes/sec
total size is 44898725  speedup is 147.93
sending incremental file list
mercuriales/gms/2014/CENTRALES 2014/CARREFOUR 2014.xls
mercuriales/mdd/2014/2014 MERCURIALE CASINO.xls
mercuriales/mdd/2014/2014 MERCURIALE MONOPRIX .xls

sent 45347 bytes  received 5311 bytes  33772.00 bytes/sec
total size is 26481671  speedup is 522.75
sending incremental file list

sent 7705 bytes  received 13 bytes  5145.33 bytes/sec
total size is 33815552  speedup is 4381.39
sending incremental file list

sent 5876 bytes  received 45 bytes  3947.33 bytes/sec
total size is 11123363  speedup is 1878.63
sending incremental file list

sent 5677 bytes  received 23 bytes  3800.00 bytes/sec
total size is 128675317  speedup is 22574.62
sending incremental file list

sent 5353 bytes  received 38 bytes  3594.00 bytes/sec
total size is 56169881  speedup is 10419.20
sending incremental file list

sent 49995 bytes  received 94 bytes  20035.60 bytes/sec
total size is 290121811  speedup is 5792.13
sending incremental file list

sent 19821 bytes  received 78 bytes  13266.00 bytes/sec
total size is 98390370  speedup is 4944.49
sending incremental file list

sent 2645 bytes  received 77 bytes  1088.80 bytes/sec
total size is 7488812  speedup is 2751.22
