Démarrage : mar déc 31 23:00:01 CET 2013
Arrêt     : mar déc 31 23:00:43 CET 2013



Base MySQL sélectionnée: agis
Nombre de serveur(s) Linux concerné(s): 4
Nombre de dossier(s) à mettre à jour: 24

sending incremental file list

sent 5598 bytes  received 45 bytes  3762.00 bytes/sec
total size is 9985579  speedup is 1769.55
sending incremental file list

sent 5788 bytes  received 34 bytes  2328.80 bytes/sec
total size is 11670095  speedup is 2004.48
sending incremental file list
erp_data.mdb

sent 134818 bytes  received 63255 bytes  44016.22 bytes/sec
total size is 81426432  speedup is 411.09
sending incremental file list

sent 7538 bytes  received 45 bytes  5055.33 bytes/sec
total size is 9253358  speedup is 1220.28
sending incremental file list

sent 7683 bytes  received 20 bytes  5135.33 bytes/sec
total size is 16751831  speedup is 2174.72
sending incremental file list

sent 4308 bytes  received 24 bytes  2888.00 bytes/sec
total size is 6387982  speedup is 1474.60
sending incremental file list
mercuriales/mdd/2014/2014 MERCURIALE AUCHAN.xls

sent 19984 bytes  received 903 bytes  8354.80 bytes/sec
total size is 48867257  speedup is 2339.60
sending incremental file list

sent 5047 bytes  received 27 bytes  3382.67 bytes/sec
total size is 39173092  speedup is 7720.36
sending incremental file list
operations_commerciales/chrono demande echantillons.xls
operations_commerciales/GMS/2014/D-REGIONS/GMS LECLERC 2014-FUTUR MASTER.xls
operations_commerciales/GMS/2014/D-REGIONS/GMS SCHIEVER 2014-FUTUR MASTER.xls

sent 213194 bytes  received 10639 bytes  89533.20 bytes/sec
total size is 60414178  speedup is 269.91
sending incremental file list

sent 20908 bytes  received 88 bytes  13997.33 bytes/sec
total size is 99120505  speedup is 4720.92
sending incremental file list

sent 7378 bytes  received 13 bytes  4927.33 bytes/sec
total size is 32486400  speedup is 4395.40
sending incremental file list
erp_data.mdb

sent 134818 bytes  received 63255 bytes  56592.29 bytes/sec
total size is 81426432  speedup is 411.09
sending incremental file list

sent 7538 bytes  received 45 bytes  15166.00 bytes/sec
total size is 9253358  speedup is 1220.28
sending incremental file list

sent 4308 bytes  received 24 bytes  2888.00 bytes/sec
total size is 6387982  speedup is 1474.60
sending incremental file list

sent 7683 bytes  received 20 bytes  5135.33 bytes/sec
total size is 16751831  speedup is 2174.72
sending incremental file list

sent 85 bytes  received 13 bytes  65.33 bytes/sec
total size is 104853504  speedup is 1069933.71
sending incremental file list
operations_commerciales/chrono demande echantillons.xls
operations_commerciales/GMS/2014/D-REGIONS/GMS LECLERC 2014-FUTUR MASTER.xls
operations_commerciales/GMS/2014/D-REGIONS/GMS SCHIEVER 2014-FUTUR MASTER.xls

sent 213194 bytes  received 10639 bytes  89533.20 bytes/sec
total size is 60414178  speedup is 269.91
sending incremental file list
mercuriales/mdd/2014/2014 MERCURIALE AUCHAN.xls

sent 19984 bytes  received 903 bytes  8354.80 bytes/sec
total size is 48867257  speedup is 2339.60
sending incremental file list

sent 7378 bytes  received 13 bytes  4927.33 bytes/sec
total size is 32486400  speedup is 4395.40
sending incremental file list

sent 5598 bytes  received 45 bytes  3762.00 bytes/sec
total size is 9985579  speedup is 1769.55
sending incremental file list

sent 5677 bytes  received 23 bytes  3800.00 bytes/sec
total size is 128675317  speedup is 22574.62
sending incremental file list

sent 5353 bytes  received 38 bytes  3594.00 bytes/sec
total size is 56169881  speedup is 10419.20
sending incremental file list

sent 48880 bytes  received 93 bytes  32648.67 bytes/sec
total size is 282598995  speedup is 5770.51
sending incremental file list
