Démarrage : jeu jun 26 23:00:01 CEST 2014
Arrêt     : jeu jun 26 23:00:55 CEST 2014



Base MySQL sélectionnée: agis
Nombre de serveur(s) Linux concerné(s): 4
Nombre de dossier(s) à mettre à jour: 29

sending incremental file list

sent 7070 bytes  received 49 bytes  2034.00 bytes/sec
total size is 12774593  speedup is 1794.44
sending incremental file list
suivi_investissement/2014-2015/R\#351alis\#351 bud invest 2014-2015/Bud invest AVI 2014 2015.xls
suivi_investissement/2014-2015/R\#351alis\#351 bud invest 2014-2015/Bud invest HER 2014-2015.xls
suivi_investissement/2014-2015/R\#351alis\#351 bud invest 2014-2015/Bud invest PFT 2014-2015.xls
suivi_investissement/2014-2015/R\#351alis\#351 bud invest 2014-2015/Bud invest TAR 2014-2015xls.xls

sent 43976 bytes  received 2136 bytes  18444.80 bytes/sec
total size is 12444119  speedup is 269.87
sending incremental file list

sent 63 bytes  received 12 bytes  50.00 bytes/sec
total size is 90648576  speedup is 1208647.68
sending incremental file list

sent 7593 bytes  received 45 bytes  5092.00 bytes/sec
total size is 9254930  speedup is 1211.70
sending incremental file list

sent 7756 bytes  received 20 bytes  5184.00 bytes/sec
total size is 16755943  speedup is 2154.83
sending incremental file list

sent 4308 bytes  received 24 bytes  2888.00 bytes/sec
total size is 6387982  speedup is 1474.60
sending incremental file list
mercuriales/sync.ffs_db
mercuriales/HD/2010/2013 MERCURIALE LEADER PRICE.xls
deleting mercuriales/HD/2013/2013 MERCURIALE LEADER PRICE.xls
mercuriales/HD/2014/2014 MERCURIALE DIA.xls
mercuriales/gms/2014/CENTRALES 2014/INTERMARCHE 2014.xls
mercuriales/mdd/2014/2014 MERCURIALE AUCHAN.xls
mercuriales/mdd/2014/2014 MERCURIALE CARREFOUR PLATS CUISINES.xls

sent 145916 bytes  received 11976 bytes  45112.00 bytes/sec
total size is 33011086  speedup is 209.07
sending incremental file list

sent 5047 bytes  received 27 bytes  3382.67 bytes/sec
total size is 39173092  speedup is 7720.36
sending incremental file list
operations_commerciales/DEMANDE ECHANTILLONS CL .xls
operations_commerciales/chrono demande echantillons.xls
operations_commerciales/GMS/RECAP DEMANDE ET CONFIRMATIONS HEBDO 2014.xls
operations_commerciales/GMS/2014/A-CENTRALES/GMS AUCHAN 2014-FUTUR MASTER.xls
operations_commerciales/GMS/2014/A-CENTRALES/GMS SIMPLY MARKET 2014-FUTUR MASTER.xls
operations_commerciales/GMS/2014/A-CENTRALES/GMS SYSTEME U 2014-FUTUR MASTER.xls
operations_commerciales/GMS/2014/B-CONFIRMATIONS OPERATIONS/SYSTEME U/2014 SYSTEME U FOIRE REMISE PB ET PV.xls
operations_commerciales/GMS/2014/D-REGIONS/GMS LECLERC 2014-FUTUR MASTER.xls
operations_commerciales/MDD/OP MDD 2014/MDD GROUPE AUCHAN 2014.xls

sent 379889 bytes  received 27328 bytes  90492.67 bytes/sec
total size is 53430171  speedup is 131.21
sending incremental file list

sent 20347 bytes  received 83 bytes  8172.00 bytes/sec
total size is 99184091  speedup is 4854.83
sending incremental file list

sent 5243 bytes  received 87 bytes  2132.00 bytes/sec
total size is 38652384  speedup is 7251.85
sending incremental file list

sent 10004 bytes  received 13 bytes  6678.00 bytes/sec
total size is 48314368  speedup is 4823.24
sending incremental file list

sent 5781 bytes  received 30 bytes  3874.00 bytes/sec
total size is 93132165  speedup is 16026.87
sending incremental file list

sent 63 bytes  received 12 bytes  50.00 bytes/sec
total size is 90648576  speedup is 1208647.68
sending incremental file list

sent 7593 bytes  received 45 bytes  5092.00 bytes/sec
total size is 9254930  speedup is 1211.70
sending incremental file list

sent 4308 bytes  received 24 bytes  8664.00 bytes/sec
total size is 6387982  speedup is 1474.60
sending incremental file list

sent 7756 bytes  received 20 bytes  3110.40 bytes/sec
total size is 16755943  speedup is 2154.83
sending incremental file list

sent 85 bytes  received 13 bytes  196.00 bytes/sec
total size is 104853504  speedup is 1069933.71
sending incremental file list
operations_commerciales/DEMANDE ECHANTILLONS CL .xls
operations_commerciales/chrono demande echantillons.xls
operations_commerciales/GMS/RECAP DEMANDE ET CONFIRMATIONS HEBDO 2014.xls
operations_commerciales/GMS/2014/A-CENTRALES/GMS AUCHAN 2014-FUTUR MASTER.xls
operations_commerciales/GMS/2014/A-CENTRALES/GMS SIMPLY MARKET 2014-FUTUR MASTER.xls
operations_commerciales/GMS/2014/A-CENTRALES/GMS SYSTEME U 2014-FUTUR MASTER.xls
operations_commerciales/GMS/2014/B-CONFIRMATIONS OPERATIONS/SYSTEME U/2014 SYSTEME U FOIRE REMISE PB ET PV.xls
operations_commerciales/GMS/2014/D-REGIONS/GMS LECLERC 2014-FUTUR MASTER.xls
operations_commerciales/MDD/OP MDD 2014/MDD GROUPE AUCHAN 2014.xls

sent 379889 bytes  received 27328 bytes  116347.71 bytes/sec
total size is 53430171  speedup is 131.21
sending incremental file list
mercuriales/sync.ffs_db
mercuriales/HD/2010/2013 MERCURIALE LEADER PRICE.xls
deleting mercuriales/HD/2013/2013 MERCURIALE LEADER PRICE.xls
mercuriales/HD/2014/2014 MERCURIALE DIA.xls
mercuriales/gms/2014/CENTRALES 2014/INTERMARCHE 2014.xls
mercuriales/mdd/2014/2014 MERCURIALE AUCHAN.xls
mercuriales/mdd/2014/2014 MERCURIALE CARREFOUR PLATS CUISINES.xls

sent 145916 bytes  received 11976 bytes  63156.80 bytes/sec
total size is 33011086  speedup is 209.07
sending incremental file list

sent 10004 bytes  received 13 bytes  6678.00 bytes/sec
total size is 48314368  speedup is 4823.24
sending incremental file list

sent 7070 bytes  received 49 bytes  4746.00 bytes/sec
total size is 12774593  speedup is 1794.44
sending incremental file list

sent 5745 bytes  received 23 bytes  2307.20 bytes/sec
total size is 129159129  speedup is 22392.36
sending incremental file list

sent 5610 bytes  received 39 bytes  2259.60 bytes/sec
total size is 59049369  speedup is 10453.07
sending incremental file list
codesoft/Codesoft 7/Agis FE/43052_acras_verso.bak
codesoft/Codesoft 7/Agis FE/43052_acras_verso.lab
codesoft/Codesoft 7/Casino FE/43195_acras_verso.bak
codesoft/Codesoft 7/Casino FE/43195_acras_verso.lab
codesoft/Codesoft 7/Casino FE/1.05.2014/80904_verso.bak
codesoft/Codesoft 7/Casino FE/1.05.2014/80904_verso.lab
deleting codesoft/Codesoft 7/Codes Produits/micro_nems_destockage.lab
codesoft/Codesoft 7/Codes Produits/80929.lab
codesoft/Codesoft 7/Codes Produits/micro_nems_destockage.bak

sent 124836 bytes  received 5604 bytes  37268.57 bytes/sec
total size is 298362451  speedup is 2287.35
sending incremental file list

sent 20347 bytes  received 83 bytes  8172.00 bytes/sec
total size is 99184091  speedup is 4854.83
sending incremental file list

sent 5243 bytes  received 87 bytes  3553.33 bytes/sec
total size is 38652384  speedup is 7251.85
sending incremental file list

sent 7756 bytes  received 20 bytes  3110.40 bytes/sec
total size is 16755943  speedup is 2154.83
sending incremental file list

sent 7756 bytes  received 20 bytes  5184.00 bytes/sec
total size is 16755943  speedup is 2154.83
