Démarrage : mar jui  1 23:00:01 CEST 2014
Arrêt     : mar jui  1 23:01:55 CEST 2014



Base MySQL sélectionnée: agis
Nombre de serveur(s) Linux concerné(s): 4
Nombre de dossier(s) à mettre à jour: 29

sending incremental file list

sent 7070 bytes  received 49 bytes  4746.00 bytes/sec
total size is 12774593  speedup is 1794.44
sending incremental file list

sent 6283 bytes  received 38 bytes  2528.40 bytes/sec
total size is 12444119  speedup is 1968.69
sending incremental file list

sent 63 bytes  received 12 bytes  50.00 bytes/sec
total size is 90648576  speedup is 1208647.68
sending incremental file list

sent 7593 bytes  received 45 bytes  5092.00 bytes/sec
total size is 9254930  speedup is 1211.70
sending incremental file list

sent 7756 bytes  received 20 bytes  5184.00 bytes/sec
total size is 16755943  speedup is 2154.83
sending incremental file list

sent 4308 bytes  received 24 bytes  2888.00 bytes/sec
total size is 6387982  speedup is 1474.60
sending incremental file list
mercuriales/sync.ffs_db
mercuriales/FZC/FZC 2014/PICARD 2014.xls
mercuriales/gms/2014/CENTRALES 2014/AUCHAN.FR 2014.xls
mercuriales/gms/2014/CONTROLE TARIFS 2014/07-JUILLET/AUCHAN ROUILLE SETOISE R5.pdf
mercuriales/gms/2014/CONTROLE TARIFS 2014/09-SEPTEMBRE/2014 AUCHAN OPERATION NEM X2.pdf
mercuriales/mdd/2014/2014 MERCURIALE CARREFOUR ASIATIQUE.xls
mercuriales/mdd/2014/2014 MERCURIALE MONOPRIX .xls
mercuriales/mdd/2014/2014 MERCURIALE PROVERA.xls

sent 83796 bytes  received 8114 bytes  26260.00 bytes/sec
total size is 33184721  speedup is 361.06
sending incremental file list

sent 5047 bytes  received 27 bytes  3382.67 bytes/sec
total size is 39173092  speedup is 7720.36
sending incremental file list
operations_commerciales/chrono demande echantillons.xls
operations_commerciales/GMS/RECAP DEMANDE ET CONFIRMATIONS HEBDO 2014.xls
operations_commerciales/GMS/2014/A-CENTRALES/GMS CASINO 2014-FUTUR MASTER.xls
operations_commerciales/GMS/2014/A-CENTRALES/GMS PLACE DU MARCHE 2014-FUTUR MASTER.xls
operations_commerciales/GMS/2014/B-CONFIRMATIONS OPERATIONS/CASINO HM/2014 HM PRIX CHOC S48 PAELLA COUSCOUS SEMOULE.xls
operations_commerciales/GMS/2014/B-CONFIRMATIONS OPERATIONS/CASINO HM/2014 HM PROMO FETES S49 PAELLA PLATEAU ASIE.xls
operations_commerciales/GMS/2014/B-CONFIRMATIONS OPERATIONS/SYSTEME U/2014 SYSTEME U OUEST FESTIFS MONO.xls
operations_commerciales/GMS/2014/D-REGIONS/GMS LECLERC 2014-FUTUR MASTER.xls
operations_commerciales/GMS/2014/D-REGIONS/GMS SU REGION  2014-FUTUR MASTER.xls
operations_commerciales/MDD/MODELES VB/CONF OPES ITM NETTO/2014/CONFIRMATION OPE_COMPLEMENTAIRE_NOEL.xls
operations_commerciales/MDD/MODELES VB/CONF OPES ITM NETTO/2014/CONFIRMATION OPE_GENERALISTE_AOUT2.xls
operations_commerciales/MDD/OP MDD 2014/MDD ITM 2014 .xls

sent 327673 bytes  received 23821 bytes  100426.86 bytes/sec
total size is 53732251  speedup is 152.87
sending incremental file list

sent 20347 bytes  received 83 bytes  8172.00 bytes/sec
total size is 99184091  speedup is 4854.83
sending incremental file list
gofast/CHANTIERS/2_FTK_CLIENTS_Mathieu/FTK_CLIENTS_Mathieu.ppt
gofast/CHANTIERS/2_FTK_CLIENTS_Mathieu/Support_R\#351union_1_FTk_Clients_160614.ppt
gofast/CHANTIERS/2_FTK_CLIENTS_Mathieu/5_STANDARDS/Changer_ameliorer.ppt
gofast/CHANTIERS/2_FTK_CLIENTS_Mathieu/Fiches \#340 remplir pour les clients (LPM)/
gofast/CHANTIERS/2_FTK_CLIENTS_Mathieu/Fiches \#340 remplir pour les clients (LPM)/Fiche sp\#351cifique/
gofast/CHANTIERS/2_FTK_CLIENTS_Mathieu/Fiches \#340 remplir pour les clients (LPM)/Fiche sp\#351cifique/FME INTERMARCHE nos recettes traiteur INCO - 4 NEMS CREV CRABE SCE NM.xls
gofast/CHANTIERS/2_FTK_CLIENTS_Mathieu/Fiches \#340 remplir pour les clients (LPM)/Fiches Commercial/
gofast/CHANTIERS/2_FTK_CLIENTS_Mathieu/Fiches \#340 remplir pour les clients (LPM)/Fiches Commercial/FICHES TECHNIQUES PAR ENSEIGNE.xls
gofast/CHANTIERS/2_FTK_CLIENTS_Mathieu/Fiches \#340 remplir pour les clients (LPM)/Fiches Marketing/
gofast/CHANTIERS/2_FTK_CLIENTS_Mathieu/Fiches \#340 remplir pour les clients (LPM)/Fiches Marketing/3366760030679_LECLERC Plateau Italien 280g.xls
gofast/CHANTIERS/2_FTK_CLIENTS_Mathieu/Fiches \#340 remplir pour les clients (LPM)/Fiches Marketing/FICHE SYSTEME U ROULEAUX DE PRINTEMPS AU BOEUF.ppt
gofast/CHANTIERS/2_FTK_CLIENTS_Mathieu/Fiches \#340 remplir pour les clients (LPM)/Fiches Marketing/Fiche Carrefour BLANQUETTE DE VEAU 1.2KG.ppt
gofast/CHANTIERS/2_FTK_CLIENTS_Mathieu/Fiches \#340 remplir pour les clients (LPM)/Fiches Marketing/Fiche Composition Produit Auchan fr PLATEAU ESPAGNOL AGIS.xls

sent 6387531 bytes  received 7672 bytes  185368.20 bytes/sec
total size is 46509559  speedup is 7.27
sending incremental file list

sent 10004 bytes  received 13 bytes  6678.00 bytes/sec
total size is 48314368  speedup is 4823.24
sending incremental file list

sent 5781 bytes  received 30 bytes  1660.29 bytes/sec
total size is 93132165  speedup is 16026.87
sending incremental file list

sent 63 bytes  received 12 bytes  50.00 bytes/sec
total size is 90648576  speedup is 1208647.68
sending incremental file list

sent 7593 bytes  received 45 bytes  5092.00 bytes/sec
total size is 9254930  speedup is 1211.70
sending incremental file list

sent 4308 bytes  received 24 bytes  2888.00 bytes/sec
total size is 6387982  speedup is 1474.60
sending incremental file list

sent 7756 bytes  received 20 bytes  5184.00 bytes/sec
total size is 16755943  speedup is 2154.83
sending incremental file list

sent 85 bytes  received 13 bytes  65.33 bytes/sec
total size is 104853504  speedup is 1069933.71
sending incremental file list
operations_commerciales/chrono demande echantillons.xls
operations_commerciales/GMS/RECAP DEMANDE ET CONFIRMATIONS HEBDO 2014.xls
operations_commerciales/GMS/2014/A-CENTRALES/GMS CASINO 2014-FUTUR MASTER.xls
operations_commerciales/GMS/2014/A-CENTRALES/GMS PLACE DU MARCHE 2014-FUTUR MASTER.xls
operations_commerciales/GMS/2014/B-CONFIRMATIONS OPERATIONS/CASINO HM/2014 HM PRIX CHOC S48 PAELLA COUSCOUS SEMOULE.xls
operations_commerciales/GMS/2014/B-CONFIRMATIONS OPERATIONS/CASINO HM/2014 HM PROMO FETES S49 PAELLA PLATEAU ASIE.xls
operations_commerciales/GMS/2014/B-CONFIRMATIONS OPERATIONS/SYSTEME U/2014 SYSTEME U OUEST FESTIFS MONO.xls
operations_commerciales/GMS/2014/D-REGIONS/GMS LECLERC 2014-FUTUR MASTER.xls
operations_commerciales/GMS/2014/D-REGIONS/GMS SU REGION  2014-FUTUR MASTER.xls
operations_commerciales/MDD/MODELES VB/CONF OPES ITM NETTO/2014/CONFIRMATION OPE_COMPLEMENTAIRE_NOEL.xls
operations_commerciales/MDD/MODELES VB/CONF OPES ITM NETTO/2014/CONFIRMATION OPE_GENERALISTE_AOUT2.xls
operations_commerciales/MDD/OP MDD 2014/MDD ITM 2014 .xls

sent 327673 bytes  received 23821 bytes  100426.86 bytes/sec
total size is 53732251  speedup is 152.87
sending incremental file list
mercuriales/sync.ffs_db
mercuriales/FZC/FZC 2014/PICARD 2014.xls
mercuriales/gms/2014/CENTRALES 2014/AUCHAN.FR 2014.xls
mercuriales/gms/2014/CONTROLE TARIFS 2014/07-JUILLET/AUCHAN ROUILLE SETOISE R5.pdf
mercuriales/gms/2014/CONTROLE TARIFS 2014/09-SEPTEMBRE/2014 AUCHAN OPERATION NEM X2.pdf
mercuriales/mdd/2014/2014 MERCURIALE CARREFOUR ASIATIQUE.xls
mercuriales/mdd/2014/2014 MERCURIALE MONOPRIX .xls
mercuriales/mdd/2014/2014 MERCURIALE PROVERA.xls

sent 83796 bytes  received 8114 bytes  36764.00 bytes/sec
total size is 33184721  speedup is 361.06
sending incremental file list

sent 10004 bytes  received 13 bytes  6678.00 bytes/sec
total size is 48314368  speedup is 4823.24
sending incremental file list

sent 7070 bytes  received 49 bytes  4746.00 bytes/sec
total size is 12774593  speedup is 1794.44
sending incremental file list

sent 5745 bytes  received 23 bytes  3845.33 bytes/sec
total size is 129159129  speedup is 22392.36
sending incremental file list

sent 5610 bytes  received 39 bytes  3766.00 bytes/sec
total size is 59049369  speedup is 10453.07
sending incremental file list

sent 52002 bytes  received 96 bytes  20839.20 bytes/sec
total size is 298541651  speedup is 5730.39
sending incremental file list

sent 20347 bytes  received 83 bytes  13620.00 bytes/sec
total size is 99184091  speedup is 4854.83
sending incremental file list
gofast/CHANTIERS/2_FTK_CLIENTS_Mathieu/FTK_CLIENTS_Mathieu.ppt
gofast/CHANTIERS/2_FTK_CLIENTS_Mathieu/Support_R\#351union_1_FTk_Clients_160614.ppt
gofast/CHANTIERS/2_FTK_CLIENTS_Mathieu/5_STANDARDS/Changer_ameliorer.ppt
gofast/CHANTIERS/2_FTK_CLIENTS_Mathieu/Fiches \#340 remplir pour les clients (LPM)/
gofast/CHANTIERS/2_FTK_CLIENTS_Mathieu/Fiches \#340 remplir pour les clients (LPM)/Fiche sp\#351cifique/
gofast/CHANTIERS/2_FTK_CLIENTS_Mathieu/Fiches \#340 remplir pour les clients (LPM)/Fiche sp\#351cifique/FME INTERMARCHE nos recettes traiteur INCO - 4 NEMS CREV CRABE SCE NM.xls
gofast/CHANTIERS/2_FTK_CLIENTS_Mathieu/Fiches \#340 remplir pour les clients (LPM)/Fiches Commercial/
gofast/CHANTIERS/2_FTK_CLIENTS_Mathieu/Fiches \#340 remplir pour les clients (LPM)/Fiches Commercial/FICHES TECHNIQUES PAR ENSEIGNE.xls
gofast/CHANTIERS/2_FTK_CLIENTS_Mathieu/Fiches \#340 remplir pour les clients (LPM)/Fiches Marketing/
gofast/CHANTIERS/2_FTK_CLIENTS_Mathieu/Fiches \#340 remplir pour les clients (LPM)/Fiches Marketing/3366760030679_LECLERC Plateau Italien 280g.xls
gofast/CHANTIERS/2_FTK_CLIENTS_Mathieu/Fiches \#340 remplir pour les clients (LPM)/Fiches Marketing/FICHE SYSTEME U ROULEAUX DE PRINTEMPS AU BOEUF.ppt
gofast/CHANTIERS/2_FTK_CLIENTS_Mathieu/Fiches \#340 remplir pour les clients (LPM)/Fiches Marketing/Fiche Carrefour BLANQUETTE DE VEAU 1.2KG.ppt
gofast/CHANTIERS/2_FTK_CLIENTS_Mathieu/Fiches \#340 remplir pour les clients (LPM)/Fiches Marketing/Fiche Composition Produit Auchan fr PLATEAU ESPAGNOL AGIS.xls

sent 6387531 bytes  received 7672 bytes  180146.56 bytes/sec
total size is 46509559  speedup is 7.27
sending incremental file list

sent 7756 bytes  received 20 bytes  5184.00 bytes/sec
total size is 16755943  speedup is 2154.83
sending incremental file list

sent 7756 bytes  received 20 bytes  5184.00 bytes/sec
total size is 16755943  speedup is 2154.83
