Démarrage : mar avr  8 23:00:01 CEST 2014
Arrêt     : mar avr  8 23:02:15 CEST 2014



Base MySQL sélectionnée: agis
Nombre de serveur(s) Linux concerné(s): 4
Nombre de dossier(s) à mettre à jour: 27

sending incremental file list

sent 7051 bytes  received 49 bytes  4733.33 bytes/sec
total size is 12693370  speedup is 1787.80
sending incremental file list
suivi_investissement/2013-2014/Suivi des travaux AVI 2013-2014.xls

sent 13434 bytes  received 1605 bytes  10026.00 bytes/sec
total size is 12421591  speedup is 825.96
sending incremental file list
erp_data.mdb

sent 8161209 bytes  received 64291 bytes  180780.22 bytes/sec
total size is 84160512  speedup is 10.23
sending incremental file list

sent 7538 bytes  received 45 bytes  5055.33 bytes/sec
total size is 9253358  speedup is 1220.28
sending incremental file list

sent 7695 bytes  received 20 bytes  5143.33 bytes/sec
total size is 16751789  speedup is 2171.33
sending incremental file list

sent 4308 bytes  received 24 bytes  8664.00 bytes/sec
total size is 6387982  speedup is 1474.60
sending incremental file list
mercuriales/sync.ffs_db
mercuriales/sync.ffs_lock
mercuriales/gms/2014/CENTRALES 2014/SYSTEME U 2014.xls
mercuriales/gms/2014/CONTROLE TARIFS 2014/04-AVRIL/2014 AUCHAN SAUCE AIGRE DOUCE NUOC MAM.pdf
mercuriales/gms/2014/REGIONS  2014/GALEC REGION MERCU AVRIL 2014.xls

sent 64091 bytes  received 10313 bytes  49602.67 bytes/sec
total size is 30140323  speedup is 405.09
sending incremental file list

sent 5047 bytes  received 27 bytes  3382.67 bytes/sec
total size is 39173092  speedup is 7720.36
sending incremental file list
operations_commerciales/DEMANDE ECHANTILLONS CL .xls
operations_commerciales/chrono demande echantillons.xls
operations_commerciales/sync.ffs_db
operations_commerciales/FZC/OP FZC 2014/FZC TOUPARGEL 2014.xls
operations_commerciales/GMS/2014/A-CENTRALES/GMS AUCHAN 2014-FUTUR MASTER.xls
operations_commerciales/GMS/2014/A-CENTRALES/GMS CARREFOUR 2014-FUTUR MASTER.xls
operations_commerciales/GMS/2014/A-CENTRALES/GMS CASINO 2014-FUTUR MASTER.xls
operations_commerciales/GMS/2014/A-CENTRALES/GMS GALEC 2014-FUTUR MASTER.xls
operations_commerciales/GMS/2014/B-CONFIRMATIONS OPERATIONS/AUCHAN/2014 AUCHAN OP JUIN 1 PLATEAU ASIE 360G.xls
operations_commerciales/GMS/2014/B-CONFIRMATIONS OPERATIONS/AUCHAN/2014 AUCHAN OP MAI 1 PC TOP CHEF.xls
operations_commerciales/GMS/2014/B-CONFIRMATIONS OPERATIONS/CASINO SM/2014 SM DCD OP BRESIL S24 PAELLA PLATEAUX.xls
operations_commerciales/GMS/2014/B-CONFIRMATIONS OPERATIONS/GALEC/2014 GALEC OP BIEN VIVRE 3.xls
operations_commerciales/GMS/2014/D-REGIONS/GMS LECLERC 2014-FUTUR MASTER.xls
operations_commerciales/MDD/OP MDD 2014/MDD CORA 2014.xls
operations_commerciales/MDD/OP MDD 2014/MDD CRF 2014.xls
operations_commerciales/MDD/OP MDD 2014/MDD CRF MKT 2014.xls
operations_commerciales/MDD/OP MDD 2014/MDD GROUPE AUCHAN 2014.xls
operations_commerciales/MDD/OP MDD 2014/MDD MATCH 2014.xls

sent 407600 bytes  received 33210 bytes  58774.67 bytes/sec
total size is 49322395  speedup is 111.89
sending incremental file list

sent 20051 bytes  received 78 bytes  13419.33 bytes/sec
total size is 98915848  speedup is 4914.10
sending incremental file list

sent 3601 bytes  received 79 bytes  2453.33 bytes/sec
total size is 21222590  speedup is 5767.01
sending incremental file list

sent 9125 bytes  received 13 bytes  6092.00 bytes/sec
total size is 43824640  speedup is 4795.87
sending incremental file list

sent 5781 bytes  received 30 bytes  3874.00 bytes/sec
total size is 93132165  speedup is 16026.87
sending incremental file list
erp_data.mdb

sent 8161209 bytes  received 64291 bytes  189091.95 bytes/sec
total size is 84160512  speedup is 10.23
sending incremental file list

sent 7538 bytes  received 45 bytes  5055.33 bytes/sec
total size is 9253358  speedup is 1220.28
sending incremental file list

sent 4308 bytes  received 24 bytes  2888.00 bytes/sec
total size is 6387982  speedup is 1474.60
sending incremental file list

sent 7695 bytes  received 20 bytes  5143.33 bytes/sec
total size is 16751789  speedup is 2171.33
sending incremental file list

sent 85 bytes  received 13 bytes  65.33 bytes/sec
total size is 104853504  speedup is 1069933.71
sending incremental file list
operations_commerciales/DEMANDE ECHANTILLONS CL .xls
operations_commerciales/chrono demande echantillons.xls
operations_commerciales/sync.ffs_db
operations_commerciales/FZC/OP FZC 2014/FZC TOUPARGEL 2014.xls
operations_commerciales/GMS/2014/A-CENTRALES/GMS AUCHAN 2014-FUTUR MASTER.xls
operations_commerciales/GMS/2014/A-CENTRALES/GMS CARREFOUR 2014-FUTUR MASTER.xls
operations_commerciales/GMS/2014/A-CENTRALES/GMS CASINO 2014-FUTUR MASTER.xls
operations_commerciales/GMS/2014/A-CENTRALES/GMS GALEC 2014-FUTUR MASTER.xls
operations_commerciales/GMS/2014/B-CONFIRMATIONS OPERATIONS/AUCHAN/2014 AUCHAN OP JUIN 1 PLATEAU ASIE 360G.xls
operations_commerciales/GMS/2014/B-CONFIRMATIONS OPERATIONS/AUCHAN/2014 AUCHAN OP MAI 1 PC TOP CHEF.xls
operations_commerciales/GMS/2014/B-CONFIRMATIONS OPERATIONS/CASINO SM/2014 SM DCD OP BRESIL S24 PAELLA PLATEAUX.xls
operations_commerciales/GMS/2014/B-CONFIRMATIONS OPERATIONS/GALEC/2014 GALEC OP BIEN VIVRE 3.xls
operations_commerciales/GMS/2014/D-REGIONS/GMS LECLERC 2014-FUTUR MASTER.xls
operations_commerciales/MDD/OP MDD 2014/MDD CORA 2014.xls
operations_commerciales/MDD/OP MDD 2014/MDD CRF 2014.xls
operations_commerciales/MDD/OP MDD 2014/MDD CRF MKT 2014.xls
operations_commerciales/MDD/OP MDD 2014/MDD GROUPE AUCHAN 2014.xls
operations_commerciales/MDD/OP MDD 2014/MDD MATCH 2014.xls

sent 407600 bytes  received 33210 bytes  97957.78 bytes/sec
total size is 49322395  speedup is 111.89
sending incremental file list
mercuriales/sync.ffs_db
mercuriales/sync.ffs_lock
mercuriales/gms/2014/CENTRALES 2014/SYSTEME U 2014.xls
mercuriales/gms/2014/CONTROLE TARIFS 2014/04-AVRIL/2014 AUCHAN SAUCE AIGRE DOUCE NUOC MAM.pdf
mercuriales/gms/2014/REGIONS  2014/GALEC REGION MERCU AVRIL 2014.xls

sent 64091 bytes  received 10313 bytes  49602.67 bytes/sec
total size is 30140335  speedup is 405.09
sending incremental file list

sent 9125 bytes  received 13 bytes  6092.00 bytes/sec
total size is 43824640  speedup is 4795.87
sending incremental file list

sent 7051 bytes  received 49 bytes  4733.33 bytes/sec
total size is 12693370  speedup is 1787.80
sending incremental file list

sent 5732 bytes  received 23 bytes  3836.67 bytes/sec
total size is 129183193  speedup is 22447.12
sending incremental file list

sent 5610 bytes  received 39 bytes  3766.00 bytes/sec
total size is 59049369  speedup is 10453.07
sending incremental file list
codesoft/Codesoft 7/Casino FE/1.05.2014/80900_verso.bak
codesoft/Codesoft 7/Casino FE/1.05.2014/80900_verso.lab
codesoft/Codesoft 7/Casino FE/1.05.2014/acras_recto.bak
codesoft/Codesoft 7/Casino FE/1.05.2014/acras_recto.lab
codesoft/Codesoft 7/Casino FE/1.05.2014/acras_verso.bak
codesoft/Codesoft 7/Casino FE/1.05.2014/acras_verso.lab
codesoft/Codesoft 7/Casino FE/1.05.2014/ass_asia_verso.bak
codesoft/Codesoft 7/Casino FE/1.05.2014/ass_asia_verso.lab
codesoft/Codesoft 7/Casino FE/1.05.2014/crev_pan\#351es_verso.bak
codesoft/Codesoft 7/Casino FE/1.05.2014/crev_pan\#351es_verso.lab
codesoft/Codesoft 7/Casino FE/1.05.2014/plateau_ass_asia_recto.lab
codesoft/Codesoft 7/Casino FE/1.05.2014/plateau_ass_asia_verso.bak
codesoft/Codesoft 7/Casino FE/1.05.2014/plateau_ass_asia_verso.lab

sent 163156 bytes  received 2150 bytes  47230.29 bytes/sec
total size is 292637267  speedup is 1770.28
sending incremental file list

sent 20051 bytes  received 78 bytes  13419.33 bytes/sec
total size is 98915848  speedup is 4914.10
sending incremental file list

sent 3601 bytes  received 79 bytes  1472.00 bytes/sec
total size is 21222590  speedup is 5767.01
