Démarrage : mer mar 19 23:00:02 CET 2014
Arrêt     : mer mar 19 23:00:47 CET 2014



Base MySQL sélectionnée: agis
Nombre de serveur(s) Linux concerné(s): 4
Nombre de dossier(s) à mettre à jour: 27

sending incremental file list
deleting gestion_crise/Mise \#340 jour 2012/Contacts clients/monoprix/Coordonn\#351es gestion alertes (envoi seul).doc
deleting gestion_crise/Mise \#340 jour 2012/Contacts clients/monoprix/
deleting gestion_crise/Mise \#340 jour 2012/Contacts clients/Franprix leader price/gestion de crise Frais  LEADE PRICEV4 100112x.pdf
deleting gestion_crise/Mise \#340 jour 2012/Contacts clients/Franprix leader price/
deleting gestion_crise/mise \#340 jour 2014/Contacts crises 09032013 FZC.xls
gestion_crise/mise \#340 jour 2014/CONTACTS CLIENT GESTION DE CRISE 080313 MDD HD.xls
gestion_crise/mise \#340 jour 2014/Contacts crises 09032014 FZC.xls
gestion_crise/mise \#340 jour 2014/BOFROST/coordonn\#351es gestion crise Bofrost.pdf
gestion_crise/mise \#340 jour 2014/Exemple mise \#340 jour courrier en cas de crise/
gestion_crise/mise \#340 jour 2014/Exemple mise \#340 jour courrier en cas de crise/LC PICARD PC MAJ CONTACTS CRISE TARARE.doc
gestion_crise/mise \#340 jour 2014/Franprix leader price/
gestion_crise/mise \#340 jour 2014/Franprix leader price/gestion de crise Frais  LEADE PRICEV4 100112x.pdf
gestion_crise/mise \#340 jour 2014/Monoprix/
gestion_crise/mise \#340 jour 2014/Monoprix/Coordonn\#351es gestion alertes (envoi seul).doc
deleting gestion_crise/mise \#340 jour 2014/PICARD/LC PICARD PC MAJ CONTACTS CRISE TARARE.doc
gestion_crise/mise \#340 jour 2014/PICARD/mail coordonn\#351es gestion crise picard.pdf
gestion_crise/mise \#340 jour 2014/Systeme U/Coordonn\#351es alerte SU.pdf

sent 599143 bytes  received 508 bytes  133255.78 bytes/sec
total size is 12411695  speedup is 20.70
sending incremental file list

sent 6067 bytes  received 37 bytes  4069.33 bytes/sec
total size is 12258686  speedup is 2008.30
sending incremental file list

sent 63 bytes  received 12 bytes  50.00 bytes/sec
total size is 84160512  speedup is 1122140.16
sending incremental file list

sent 7538 bytes  received 45 bytes  5055.33 bytes/sec
total size is 9253358  speedup is 1220.28
sending incremental file list

sent 7695 bytes  received 20 bytes  5143.33 bytes/sec
total size is 16751789  speedup is 2171.33
sending incremental file list

sent 4308 bytes  received 24 bytes  2888.00 bytes/sec
total size is 6387982  speedup is 1474.60
sending incremental file list
mercuriales/gms/2014/CENTRALES 2014/AUCHAN 2014.xls
mercuriales/mdd/2014/2014 MERCURIALE CARREFOUR ASIATIQUE.xls
mercuriales/mdd/2014/2014 MERCURIALE MONOPRIX .xls

sent 71320 bytes  received 6434 bytes  31101.60 bytes/sec
total size is 29509660  speedup is 379.53
sending incremental file list

sent 5047 bytes  received 27 bytes  10148.00 bytes/sec
total size is 39173092  speedup is 7720.36
sending incremental file list
operations_commerciales/DEMANDE ECHANTILLONS CL .xls
operations_commerciales/chrono demande echantillons.xls
operations_commerciales/GMS/2014/A-CENTRALES/GMS CARREFOUR 2014-FUTUR MASTER.xls
operations_commerciales/GMS/2014/A-CENTRALES/GMS CARREFOUR MARKET 2014-FUTUR MASTER.xls
operations_commerciales/GMS/2014/B-CONFIRMATIONS OPERATIONS/CARREFOUR/2014 CARREFOUR PROMO 13 RP.xls
operations_commerciales/MDD/MODELES CJ/AUCHAN ATAC SCHIEVER/DDE ECHANTILLONS/2014/DEMANDE ECHANTILLONS AUCHAN 154 STUDIO B.xls
operations_commerciales/MDD/MODELES VB/DEM ECHANTILLONS/2014/Chrono 152 CASINO 180314.XLS
operations_commerciales/MDD/MODELES VB/DEM ECHANTILLONS/2014/Chrono 61 CASINO 060214.XLS
operations_commerciales/MDD/OP MDD 2014/MDD CRF 2014.xls

sent 288548 bytes  received 16167 bytes  67714.44 bytes/sec
total size is 47741954  speedup is 156.68
sending incremental file list
rh_multi_sites/GPEC/Fiches m\#351tiers/FM Tarare/Responsable Qualit\#351 S\#351curit\#351 Environnement.xls

sent 61744 bytes  received 99 bytes  41228.67 bytes/sec
total size is 98797494  speedup is 1597.55
sending incremental file list

sent 3431 bytes  received 79 bytes  1404.00 bytes/sec
total size is 16655550  speedup is 4745.17
sending incremental file list

sent 9125 bytes  received 13 bytes  6092.00 bytes/sec
total size is 43767808  speedup is 4789.65
sending incremental file list

sent 5781 bytes  received 30 bytes  3874.00 bytes/sec
total size is 93132165  speedup is 16026.87
sending incremental file list

sent 63 bytes  received 12 bytes  50.00 bytes/sec
total size is 84160512  speedup is 1122140.16
sending incremental file list

sent 7538 bytes  received 45 bytes  5055.33 bytes/sec
total size is 9253358  speedup is 1220.28
sending incremental file list

sent 4308 bytes  received 24 bytes  2888.00 bytes/sec
total size is 6387982  speedup is 1474.60
sending incremental file list

sent 7695 bytes  received 20 bytes  5143.33 bytes/sec
total size is 16751789  speedup is 2171.33
sending incremental file list

sent 85 bytes  received 13 bytes  65.33 bytes/sec
total size is 104853504  speedup is 1069933.71
sending incremental file list
operations_commerciales/DEMANDE ECHANTILLONS CL .xls
operations_commerciales/chrono demande echantillons.xls
operations_commerciales/GMS/2014/A-CENTRALES/GMS CARREFOUR 2014-FUTUR MASTER.xls
operations_commerciales/GMS/2014/A-CENTRALES/GMS CARREFOUR MARKET 2014-FUTUR MASTER.xls
operations_commerciales/GMS/2014/B-CONFIRMATIONS OPERATIONS/CARREFOUR/2014 CARREFOUR PROMO 13 RP.xls
operations_commerciales/MDD/MODELES CJ/AUCHAN ATAC SCHIEVER/DDE ECHANTILLONS/2014/DEMANDE ECHANTILLONS AUCHAN 154 STUDIO B.xls
operations_commerciales/MDD/MODELES VB/DEM ECHANTILLONS/2014/Chrono 152 CASINO 180314.XLS
operations_commerciales/MDD/MODELES VB/DEM ECHANTILLONS/2014/Chrono 61 CASINO 060214.XLS
operations_commerciales/MDD/OP MDD 2014/MDD CRF 2014.xls

sent 288548 bytes  received 16167 bytes  121886.00 bytes/sec
total size is 47741954  speedup is 156.68
sending incremental file list
mercuriales/gms/2014/CENTRALES 2014/AUCHAN 2014.xls
mercuriales/mdd/2014/2014 MERCURIALE CARREFOUR ASIATIQUE.xls
mercuriales/mdd/2014/2014 MERCURIALE MONOPRIX .xls

sent 71320 bytes  received 6434 bytes  31101.60 bytes/sec
total size is 29509660  speedup is 379.53
sending incremental file list

sent 9125 bytes  received 13 bytes  6092.00 bytes/sec
total size is 43767808  speedup is 4789.65
sending incremental file list
deleting gestion_crise/Mise \#340 jour 2012/Contacts clients/monoprix/Coordonn\#351es gestion alertes (envoi seul).doc
deleting gestion_crise/Mise \#340 jour 2012/Contacts clients/monoprix/
deleting gestion_crise/Mise \#340 jour 2012/Contacts clients/Franprix leader price/gestion de crise Frais  LEADE PRICEV4 100112x.pdf
deleting gestion_crise/Mise \#340 jour 2012/Contacts clients/Franprix leader price/
deleting gestion_crise/mise \#340 jour 2014/Contacts crises 09032013 FZC.xls
gestion_crise/mise \#340 jour 2014/CONTACTS CLIENT GESTION DE CRISE 080313 MDD HD.xls
gestion_crise/mise \#340 jour 2014/Contacts crises 09032014 FZC.xls
gestion_crise/mise \#340 jour 2014/BOFROST/coordonn\#351es gestion crise Bofrost.pdf
gestion_crise/mise \#340 jour 2014/Exemple mise \#340 jour courrier en cas de crise/
gestion_crise/mise \#340 jour 2014/Exemple mise \#340 jour courrier en cas de crise/LC PICARD PC MAJ CONTACTS CRISE TARARE.doc
gestion_crise/mise \#340 jour 2014/Franprix leader price/
gestion_crise/mise \#340 jour 2014/Franprix leader price/gestion de crise Frais  LEADE PRICEV4 100112x.pdf
gestion_crise/mise \#340 jour 2014/Monoprix/
gestion_crise/mise \#340 jour 2014/Monoprix/Coordonn\#351es gestion alertes (envoi seul).doc
deleting gestion_crise/mise \#340 jour 2014/PICARD/LC PICARD PC MAJ CONTACTS CRISE TARARE.doc
gestion_crise/mise \#340 jour 2014/PICARD/mail coordonn\#351es gestion crise picard.pdf
gestion_crise/mise \#340 jour 2014/Systeme U/Coordonn\#351es alerte SU.pdf

sent 599143 bytes  received 508 bytes  133255.78 bytes/sec
total size is 12411695  speedup is 20.70
sending incremental file list

sent 5684 bytes  received 23 bytes  3804.67 bytes/sec
total size is 129152473  speedup is 22630.54
sending incremental file list

sent 5610 bytes  received 39 bytes  3766.00 bytes/sec
total size is 59049369  speedup is 10453.07
sending incremental file list

sent 50342 bytes  received 94 bytes  33624.00 bytes/sec
total size is 291345491  speedup is 5776.54
sending incremental file list
rh_multi_sites/GPEC/Fiches m\#351tiers/FM Tarare/Responsable Qualit\#351 S\#351curit\#351 Environnement.xls

sent 61744 bytes  received 99 bytes  24737.20 bytes/sec
total size is 98797494  speedup is 1597.55
sending incremental file list

sent 3431 bytes  received 79 bytes  2340.00 bytes/sec
total size is 16655550  speedup is 4745.17
