Démarrage : dim jui 27 23:00:01 CEST 2014
Arrêt     : dim jui 27 23:00:41 CEST 2014



Base MySQL sélectionnée: agis
Nombre de serveur(s) Linux concerné(s): 4
Nombre de dossier(s) à mettre à jour: 29

sending incremental file list

sent 7292 bytes  received 49 bytes  4894.00 bytes/sec
total size is 13584181  speedup is 1850.45
sending incremental file list

sent 6283 bytes  received 38 bytes  2528.40 bytes/sec
total size is 12444119  speedup is 1968.69
sending incremental file list

sent 63 bytes  received 12 bytes  50.00 bytes/sec
total size is 90648576  speedup is 1208647.68
sending incremental file list

sent 7593 bytes  received 45 bytes  5092.00 bytes/sec
total size is 9254930  speedup is 1211.70
sending incremental file list

sent 7877 bytes  received 20 bytes  5264.67 bytes/sec
total size is 16764158  speedup is 2122.85
sending incremental file list

sent 4308 bytes  received 24 bytes  2888.00 bytes/sec
total size is 6387982  speedup is 1474.60
sending incremental file list

sent 11518 bytes  received 82 bytes  7733.33 bytes/sec
total size is 36413426  speedup is 3139.09
sending incremental file list

sent 5047 bytes  received 27 bytes  10148.00 bytes/sec
total size is 39173092  speedup is 7720.36
sending incremental file list

sent 43336 bytes  received 142 bytes  28985.33 bytes/sec
total size is 56241311  speedup is 1293.56
sending incremental file list

sent 20406 bytes  received 83 bytes  13659.33 bytes/sec
total size is 99360776  speedup is 4849.47
sending incremental file list

sent 6390 bytes  received 92 bytes  2592.80 bytes/sec
total size is 52227508  speedup is 8057.31
sending incremental file list

sent 8894 bytes  received 13 bytes  5938.00 bytes/sec
total size is 43580416  speedup is 4892.83
sending incremental file list

sent 5781 bytes  received 30 bytes  3874.00 bytes/sec
total size is 92829061  speedup is 15974.71
sending incremental file list

sent 63 bytes  received 12 bytes  50.00 bytes/sec
total size is 90648576  speedup is 1208647.68
sending incremental file list

sent 7593 bytes  received 45 bytes  5092.00 bytes/sec
total size is 9254930  speedup is 1211.70
sending incremental file list

sent 4308 bytes  received 24 bytes  2888.00 bytes/sec
total size is 6387982  speedup is 1474.60
sending incremental file list

sent 7877 bytes  received 20 bytes  5264.67 bytes/sec
total size is 16764158  speedup is 2122.85
sending incremental file list

sent 85 bytes  received 13 bytes  65.33 bytes/sec
total size is 104853504  speedup is 1069933.71
sending incremental file list

sent 43336 bytes  received 142 bytes  17391.20 bytes/sec
total size is 56241311  speedup is 1293.56
sending incremental file list

sent 11518 bytes  received 82 bytes  7733.33 bytes/sec
total size is 36413426  speedup is 3139.09
sending incremental file list

sent 8894 bytes  received 13 bytes  5938.00 bytes/sec
total size is 43580416  speedup is 4892.83
sending incremental file list

sent 7292 bytes  received 49 bytes  4894.00 bytes/sec
total size is 13584181  speedup is 1850.45
sending incremental file list

sent 5745 bytes  received 23 bytes  3845.33 bytes/sec
total size is 129159129  speedup is 22392.36
sending incremental file list

sent 5610 bytes  received 39 bytes  3766.00 bytes/sec
total size is 59049369  speedup is 10453.07
sending incremental file list

sent 52293 bytes  received 97 bytes  20956.00 bytes/sec
total size is 299707475  speedup is 5720.70
sending incremental file list

sent 20406 bytes  received 83 bytes  13659.33 bytes/sec
total size is 99360776  speedup is 4849.47
sending incremental file list

sent 6390 bytes  received 92 bytes  2592.80 bytes/sec
total size is 52227508  speedup is 8057.31
sending incremental file list

sent 7877 bytes  received 20 bytes  5264.67 bytes/sec
total size is 16764158  speedup is 2122.85
sending incremental file list

sent 7877 bytes  received 20 bytes  5264.67 bytes/sec
total size is 16764158  speedup is 2122.85
