Démarrage : lun mar 17 23:00:01 CET 2014
Arrêt     : lun mar 17 23:01:21 CET 2014



Base MySQL sélectionnée: agis
Nombre de serveur(s) Linux concerné(s): 4
Nombre de dossier(s) à mettre à jour: 27

sending incremental file list

sent 6426 bytes  received 46 bytes  2588.80 bytes/sec
total size is 11793414  speedup is 1822.22
sending incremental file list

sent 6067 bytes  received 37 bytes  2441.60 bytes/sec
total size is 12258686  speedup is 2008.30
sending incremental file list

sent 63 bytes  received 12 bytes  50.00 bytes/sec
total size is 84160512  speedup is 1122140.16
sending incremental file list

sent 7538 bytes  received 45 bytes  5055.33 bytes/sec
total size is 9253358  speedup is 1220.28
sending incremental file list

sent 7695 bytes  received 20 bytes  5143.33 bytes/sec
total size is 16751789  speedup is 2171.33
sending incremental file list

sent 4308 bytes  received 24 bytes  2888.00 bytes/sec
total size is 6387982  speedup is 1474.60
sending incremental file list
mercuriales/gms/2014/CENTRALES 2014/SYSTEME U 2014.xls
mercuriales/gms/2014/REGIONS  2014/GALEC REGION MERCU AVRIL 2014.xls
mercuriales/mdd/2014/2014 MERCURIALE AUCHAN.xls
mercuriales/mdd/2014/2014 MERCURIALE INTERMARCHE.xls

sent 54379 bytes  received 12045 bytes  6992.00 bytes/sec
total size is 29511708  speedup is 444.29
sending incremental file list

sent 5047 bytes  received 27 bytes  3382.67 bytes/sec
total size is 39173092  speedup is 7720.36
sending incremental file list
operations_commerciales/chrono demande echantillons.xls
operations_commerciales/GMS/2014/D-REGIONS/GMS LECLERC 2014-FUTUR MASTER.xls
operations_commerciales/MDD/MODELES CJ/AUCHAN ATAC SCHIEVER/DDE ECHANTILLONS/2014/DEMANDE ECHANTILLONS AUCHAN 151 CREPUSCULE.xls
operations_commerciales/MDD/MODELES CJ/AUCHAN ATAC SCHIEVER/DDE ECHANTILLONS/2014/DEMANDE ECHANTILLONS AUCHAN 151 STUDIO B.xls
operations_commerciales/MDD/MODELES CJ/SYSTEME U/DDE ECHANTILLONS/DEMANDE ECHANTILLONS SU PIXELIS.xls
operations_commerciales/MDD/MODELES CJ/SYSTEME U/DDE ECHANTILLONS/DEMANDE ECHANTILLONS SU.xls

sent 257228 bytes  received 10794 bytes  41234.15 bytes/sec
total size is 47633922  speedup is 177.72
sending incremental file list

sent 19909 bytes  received 78 bytes  7994.80 bytes/sec
total size is 98672054  speedup is 4936.81
sending incremental file list

sent 3431 bytes  received 79 bytes  2340.00 bytes/sec
total size is 16655550  speedup is 4745.17
sending incremental file list

sent 9125 bytes  received 13 bytes  6092.00 bytes/sec
total size is 43749888  speedup is 4787.69
sending incremental file list

sent 5781 bytes  received 30 bytes  3874.00 bytes/sec
total size is 93132165  speedup is 16026.87
sending incremental file list

sent 63 bytes  received 12 bytes  30.00 bytes/sec
total size is 84160512  speedup is 1122140.16
sending incremental file list

sent 7538 bytes  received 45 bytes  2166.57 bytes/sec
total size is 9253358  speedup is 1220.28
sending incremental file list

sent 4308 bytes  received 24 bytes  1237.71 bytes/sec
total size is 6387982  speedup is 1474.60
sending incremental file list

sent 7695 bytes  received 20 bytes  2204.29 bytes/sec
total size is 16751789  speedup is 2171.33
sending incremental file list

sent 85 bytes  received 13 bytes  28.00 bytes/sec
total size is 104853504  speedup is 1069933.71
sending incremental file list
operations_commerciales/chrono demande echantillons.xls
operations_commerciales/GMS/2014/D-REGIONS/GMS LECLERC 2014-FUTUR MASTER.xls
operations_commerciales/MDD/MODELES CJ/AUCHAN ATAC SCHIEVER/DDE ECHANTILLONS/2014/DEMANDE ECHANTILLONS AUCHAN 151 CREPUSCULE.xls
operations_commerciales/MDD/MODELES CJ/AUCHAN ATAC SCHIEVER/DDE ECHANTILLONS/2014/DEMANDE ECHANTILLONS AUCHAN 151 STUDIO B.xls
operations_commerciales/MDD/MODELES CJ/SYSTEME U/DDE ECHANTILLONS/DEMANDE ECHANTILLONS SU PIXELIS.xls
operations_commerciales/MDD/MODELES CJ/SYSTEME U/DDE ECHANTILLONS/DEMANDE ECHANTILLONS SU.xls

sent 257228 bytes  received 10794 bytes  41234.15 bytes/sec
total size is 47633922  speedup is 177.72
sending incremental file list
mercuriales/gms/2014/CENTRALES 2014/SYSTEME U 2014.xls
mercuriales/gms/2014/REGIONS  2014/GALEC REGION MERCU AVRIL 2014.xls
mercuriales/mdd/2014/2014 MERCURIALE AUCHAN.xls
mercuriales/mdd/2014/2014 MERCURIALE INTERMARCHE.xls

sent 54379 bytes  received 12045 bytes  14760.89 bytes/sec
total size is 29511708  speedup is 444.29
sending incremental file list

sent 9125 bytes  received 13 bytes  2610.86 bytes/sec
total size is 43749888  speedup is 4787.69
sending incremental file list

sent 6426 bytes  received 46 bytes  1849.14 bytes/sec
total size is 11793414  speedup is 1822.22
sending incremental file list

sent 5684 bytes  received 23 bytes  1630.57 bytes/sec
total size is 129152473  speedup is 22630.54
sending incremental file list

sent 5610 bytes  received 39 bytes  1614.00 bytes/sec
total size is 59049369  speedup is 10453.07
sending incremental file list

sent 50342 bytes  received 94 bytes  11208.00 bytes/sec
total size is 291345491  speedup is 5776.54
sending incremental file list

sent 19909 bytes  received 78 bytes  13324.67 bytes/sec
total size is 98672054  speedup is 4936.81
sending incremental file list

sent 3431 bytes  received 79 bytes  1404.00 bytes/sec
total size is 16655550  speedup is 4745.17
