Démarrage : mer jun 18 23:00:01 CEST 2014
Arrêt     : mer jun 18 23:00:54 CEST 2014



Base MySQL sélectionnée: agis
Nombre de serveur(s) Linux concerné(s): 4
Nombre de dossier(s) à mettre à jour: 29

sending incremental file list

sent 7070 bytes  received 49 bytes  2847.60 bytes/sec
total size is 12774593  speedup is 1794.44
sending incremental file list

sent 6279 bytes  received 38 bytes  2526.80 bytes/sec
total size is 12442583  speedup is 1969.70
sending incremental file list

sent 63 bytes  received 12 bytes  50.00 bytes/sec
total size is 90068992  speedup is 1200919.89
sending incremental file list

sent 7593 bytes  received 45 bytes  5092.00 bytes/sec
total size is 9254930  speedup is 1211.70
sending incremental file list

sent 7756 bytes  received 20 bytes  5184.00 bytes/sec
total size is 16755943  speedup is 2154.83
sending incremental file list

sent 4308 bytes  received 24 bytes  2888.00 bytes/sec
total size is 6387982  speedup is 1474.60
sending incremental file list
mercuriales/sync.ffs_db
mercuriales/gms/2014/CENTRALES 2014/AUCHAN 2014.xls
mercuriales/gms/2014/CENTRALES 2014/AUCHAN.FR 2014.xls

sent 59557 bytes  received 11876 bytes  28573.20 bytes/sec
total size is 32872461  speedup is 460.19
sending incremental file list

sent 5047 bytes  received 27 bytes  3382.67 bytes/sec
total size is 39173092  speedup is 7720.36
sending incremental file list
operations_commerciales/DEMANDE ECHANTILLONS CL .xls
operations_commerciales/DEMANDE ECHANTILLONS GB.xls
operations_commerciales/chrono demande echantillons.xls
operations_commerciales/MDD/OP MDD 2013/MDD AUCHAN 2013 FUTUR MASTER.xls
operations_commerciales/MDD/OP MDD 2013/MDD ITM FUTUR MASTER 2013 .xls
operations_commerciales/MDD/OP MDD 2014/MDD GROUPE AUCHAN 2014.xls
operations_commerciales/MDD/OP MDD 2014/MDD ITM 2014 .xls

sent 244734 bytes  received 8423 bytes  56257.11 bytes/sec
total size is 51948955  speedup is 205.20
sending incremental file list
rh_multi_sites/PV CCE-n\#351gos/N\#351gos/PV 8\#350me r\#351union n\#351gos accords - 06.05.14.pdf

sent 135062 bytes  received 104 bytes  38618.86 bytes/sec
total size is 99184091  speedup is 733.79
sending incremental file list

sent 5145 bytes  received 87 bytes  3488.00 bytes/sec
total size is 38596023  speedup is 7376.92
sending incremental file list

sent 10004 bytes  received 13 bytes  6678.00 bytes/sec
total size is 48314368  speedup is 4823.24
sending incremental file list

sent 5781 bytes  received 30 bytes  3874.00 bytes/sec
total size is 93132165  speedup is 16026.87
sending incremental file list

sent 63 bytes  received 12 bytes  150.00 bytes/sec
total size is 90068992  speedup is 1200919.89
sending incremental file list

sent 7593 bytes  received 45 bytes  5092.00 bytes/sec
total size is 9254930  speedup is 1211.70
sending incremental file list

sent 4308 bytes  received 24 bytes  2888.00 bytes/sec
total size is 6387982  speedup is 1474.60
sending incremental file list

sent 7756 bytes  received 20 bytes  5184.00 bytes/sec
total size is 16755943  speedup is 2154.83
sending incremental file list

sent 85 bytes  received 13 bytes  65.33 bytes/sec
total size is 104853504  speedup is 1069933.71
sending incremental file list
operations_commerciales/DEMANDE ECHANTILLONS CL .xls
operations_commerciales/DEMANDE ECHANTILLONS GB.xls
operations_commerciales/chrono demande echantillons.xls
operations_commerciales/MDD/OP MDD 2013/MDD AUCHAN 2013 FUTUR MASTER.xls
operations_commerciales/MDD/OP MDD 2013/MDD ITM FUTUR MASTER 2013 .xls
operations_commerciales/MDD/OP MDD 2014/MDD GROUPE AUCHAN 2014.xls
operations_commerciales/MDD/OP MDD 2014/MDD ITM 2014 .xls

sent 244734 bytes  received 8423 bytes  101262.80 bytes/sec
total size is 51948955  speedup is 205.20
sending incremental file list
mercuriales/sync.ffs_db
mercuriales/gms/2014/CENTRALES 2014/AUCHAN 2014.xls
mercuriales/gms/2014/CENTRALES 2014/AUCHAN.FR 2014.xls

sent 59557 bytes  received 11876 bytes  47622.00 bytes/sec
total size is 32872461  speedup is 460.19
sending incremental file list

sent 10004 bytes  received 13 bytes  6678.00 bytes/sec
total size is 48314368  speedup is 4823.24
sending incremental file list

sent 7070 bytes  received 49 bytes  4746.00 bytes/sec
total size is 12774593  speedup is 1794.44
sending incremental file list

sent 5745 bytes  received 23 bytes  2307.20 bytes/sec
total size is 129159129  speedup is 22392.36
sending incremental file list

sent 5610 bytes  received 39 bytes  2259.60 bytes/sec
total size is 59049369  speedup is 10453.07
sending incremental file list

sent 51949 bytes  received 96 bytes  14870.00 bytes/sec
total size is 298268243  speedup is 5730.97
sending incremental file list
rh_multi_sites/PV CCE-n\#351gos/N\#351gos/PV 8\#350me r\#351union n\#351gos accords - 06.05.14.pdf

sent 135062 bytes  received 104 bytes  38618.86 bytes/sec
total size is 99184091  speedup is 733.79
sending incremental file list

sent 5145 bytes  received 87 bytes  3488.00 bytes/sec
total size is 38596023  speedup is 7376.92
sending incremental file list

sent 7756 bytes  received 20 bytes  5184.00 bytes/sec
total size is 16755943  speedup is 2154.83
sending incremental file list

sent 7756 bytes  received 20 bytes  5184.00 bytes/sec
total size is 16755943  speedup is 2154.83
