20/05/2015 16:45:06
franck POIRIER <franck.poirier@ldc.fr> : InformatiqueSupport.AVIGNON@agis-sa.fr : FTA/4 POULET FERMIER MAINE BLANC 1.7K CARTON FENETRE 
 Démarrage du processus: Recettes
Etat de la FTA: Modification

Vous pouvez consulter l'Etat d'avancenement du dossier directement sur le site http://intranet.agis.fr .

Bonne journée.
Intranet - Fiche Technique Article. 
 20/05/2015 16:45:06
franck POIRIER <franck.poirier@ldc.fr> : cecile.pfister@agis-sa.fr : FTA/4 POULET FERMIER MAINE BLANC 1.7K CARTON FENETRE 
 Démarrage du processus: Recettes
Etat de la FTA: Modification

Vous pouvez consulter l'Etat d'avancenement du dossier directement sur le site http://intranet.agis.fr .

Bonne journée.
Intranet - Fiche Technique Article. 
 20/05/2015 16:45:06
franck POIRIER <franck.poirier@ldc.fr> : anne-marie.bourguignon@agis-sa.fr : FTA/4 POULET FERMIER MAINE BLANC 1.7K CARTON FENETRE 
 Démarrage du processus: Recettes
Etat de la FTA: Modification

Vous pouvez consulter l'Etat d'avancenement du dossier directement sur le site http://intranet.agis.fr .

Bonne journée.
Intranet - Fiche Technique Article. 
 20/05/2015 16:45:06
franck POIRIER <franck.poirier@ldc.fr> : marie-paule.couget@agis-sa.fr : FTA/4 POULET FERMIER MAINE BLANC 1.7K CARTON FENETRE 
 Démarrage du processus: Recettes
Etat de la FTA: Modification

Vous pouvez consulter l'Etat d'avancenement du dossier directement sur le site http://intranet.agis.fr .

Bonne journée.
Intranet - Fiche Technique Article. 
 20/05/2015 16:45:06
franck POIRIER <franck.poirier@ldc.fr> : informatiquesupport.avignon@agis-sa.fr : FTA/4 POULET FERMIER MAINE BLANC 1.7K CARTON FENETRE 
 Démarrage du processus: Recettes
Etat de la FTA: Modification

Vous pouvez consulter l'Etat d'avancenement du dossier directement sur le site http://intranet.agis.fr .

Bonne journée.
Intranet - Fiche Technique Article. 
 20/05/2015 16:45:06
franck POIRIER <franck.poirier@ldc.fr> : sarah-emilie bernard : FTA/4 POULET FERMIER MAINE BLANC 1.7K CARTON FENETRE 
 Démarrage du processus: Recettes
Etat de la FTA: Modification

Vous pouvez consulter l'Etat d'avancenement du dossier directement sur le site http://intranet.agis.fr .

Bonne journée.
Intranet - Fiche Technique Article. 
 20/05/2015 16:45:06
franck POIRIER <franck.poirier@ldc.fr> : virginie.trompette@agis-sa.fr : FTA/4 POULET FERMIER MAINE BLANC 1.7K CARTON FENETRE 
 Démarrage du processus: Recettes
Etat de la FTA: Modification

Vous pouvez consulter l'Etat d'avancenement du dossier directement sur le site http://intranet.agis.fr .

Bonne journée.
Intranet - Fiche Technique Article. 
 20/05/2015 16:45:06
franck POIRIER <franck.poirier@ldc.fr> : mathieu.merot@agis-sa.fr : FTA/4 POULET FERMIER MAINE BLANC 1.7K CARTON FENETRE 
 Démarrage du processus: Recettes
Etat de la FTA: Modification

Vous pouvez consulter l'Etat d'avancenement du dossier directement sur le site http://intranet.agis.fr .

Bonne journée.
Intranet - Fiche Technique Article. 
 20/05/2015 16:45:06
franck POIRIER <franck.poirier@ldc.fr> : installer@ldc.fr : FTA/4 POULET FERMIER MAINE BLANC 1.7K CARTON FENETRE 
 Démarrage du processus: Recettes
Etat de la FTA: Modification

Vous pouvez consulter l'Etat d'avancenement du dossier directement sur le site http://intranet.agis.fr .

Bonne journée.
Intranet - Fiche Technique Article. 
 