06/11/2015 14:21:11\nFTA Chef de Projet SYSTEM <cecile.jaegle@agis-sa.fr> : cecile.jaegle@agis-sa.fr : FTA/Correction: $name \n Vos chapitres viennent d'être dévalidés suite à une correction apportée par FTA Chef de Projet SYSTEM.\n\nOBJET DE LA CORRECTION:\n\t

==============================
==============================
Date: 2015-11-06
Login du modificateur: fta_projet

test \n 06/11/2015 14:21:11\nFTA Chef de Projet SYSTEM <christine.alberola@agis-sa.fr> : christine.alberola@agis-sa.fr : FTA/Correction: $name \n Vos chapitres viennent d'être dévalidés suite à une correction apportée par FTA Chef de Projet SYSTEM.\n\nOBJET DE LA CORRECTION:\n\t

==============================
==============================
Date: 2015-11-06
Login du modificateur: fta_projet

test \n 06/11/2015 14:21:11\nFTA Chef de Projet SYSTEM <christine.lucas@agis-sa.fr> : christine.lucas@agis-sa.fr : FTA/Correction: $name \n Vos chapitres viennent d'être dévalidés suite à une correction apportée par FTA Chef de Projet SYSTEM.\n\nOBJET DE LA CORRECTION:\n\t

==============================
==============================
Date: 2015-11-06
Login du modificateur: fta_projet

test \n 06/11/2015 14:21:11\nFTA Chef de Projet SYSTEM <eg3105044@ldc.fr> : eg3105044@ldc.fr : FTA/Correction: $name \n Vos chapitres viennent d'être dévalidés suite à une correction apportée par FTA Chef de Projet SYSTEM.\n\nOBJET DE LA CORRECTION:\n\t

==============================
==============================
Date: 2015-11-06
Login du modificateur: fta_projet

test \n 06/11/2015 14:21:11\nFTA Chef de Projet SYSTEM <Emeline.gatard@agis-sa.fr> : Emeline.gatard@agis-sa.fr : FTA/Correction: $name \n Vos chapitres viennent d'être dévalidés suite à une correction apportée par FTA Chef de Projet SYSTEM.\n\nOBJET DE LA CORRECTION:\n\t

==============================
==============================
Date: 2015-11-06
Login du modificateur: fta_projet

test \n 06/11/2015 14:21:11\nFTA Chef de Projet SYSTEM <france.pasquier@agis-sa.fr> : france.pasquier@agis-sa.fr : FTA/Correction: $name \n Vos chapitres viennent d'être dévalidés suite à une correction apportée par FTA Chef de Projet SYSTEM.\n\nOBJET DE LA CORRECTION:\n\t

==============================
==============================
Date: 2015-11-06
Login du modificateur: fta_projet

test \n 06/11/2015 14:21:11\nFTA Chef de Projet SYSTEM <gregory.pollet@agis-sa.fr> : gregory.pollet@agis-sa.fr : FTA/Correction: $name \n Vos chapitres viennent d'être dévalidés suite à une correction apportée par FTA Chef de Projet SYSTEM.\n\nOBJET DE LA CORRECTION:\n\t

==============================
==============================
Date: 2015-11-06
Login du modificateur: fta_projet

test \n 06/11/2015 14:21:11\nFTA Chef de Projet SYSTEM <informatique.agis@agis-sa.fr> : informatique.agis@agis-sa.fr : FTA/Correction: $name \n Vos chapitres viennent d'être dévalidés suite à une correction apportée par FTA Chef de Projet SYSTEM.\n\nOBJET DE LA CORRECTION:\n\t

==============================
==============================
Date: 2015-11-06
Login du modificateur: fta_projet

test \n 06/11/2015 14:21:11\nFTA Chef de Projet SYSTEM <InformatiqueSupport.AVIGNON@agis-sa.fr> : InformatiqueSupport.AVIGNON@agis-sa.fr : FTA/Correction: $name \n Vos chapitres viennent d'être dévalidés suite à une correction apportée par FTA Chef de Projet SYSTEM.\n\nOBJET DE LA CORRECTION:\n\t

==============================
==============================
Date: 2015-11-06
Login du modificateur: fta_projet

test \n 06/11/2015 14:21:11\nFTA Chef de Projet SYSTEM <julie.weymuller@agis-sa.fr> : julie.weymuller@agis-sa.fr : FTA/Correction: $name \n Vos chapitres viennent d'être dévalidés suite à une correction apportée par FTA Chef de Projet SYSTEM.\n\nOBJET DE LA CORRECTION:\n\t

==============================
==============================
Date: 2015-11-06
Login du modificateur: fta_projet

test \n 06/11/2015 14:21:11\nFTA Chef de Projet SYSTEM <juliette.vernerey@agis-sa.fr> : juliette.vernerey@agis-sa.fr : FTA/Correction: $name \n Vos chapitres viennent d'être dévalidés suite à une correction apportée par FTA Chef de Projet SYSTEM.\n\nOBJET DE LA CORRECTION:\n\t

==============================
==============================
Date: 2015-11-06
Login du modificateur: fta_projet

test \n 06/11/2015 14:21:11\nFTA Chef de Projet SYSTEM <laurence.prest-mauguin@agis-sa.fr> : laurence.prest-mauguin@agis-sa.fr : FTA/Correction: $name \n Vos chapitres viennent d'être dévalidés suite à une correction apportée par FTA Chef de Projet SYSTEM.\n\nOBJET DE LA CORRECTION:\n\t

==============================
==============================
Date: 2015-11-06
Login du modificateur: fta_projet

test \n 06/11/2015 14:21:11\nFTA Chef de Projet SYSTEM <marie-paule.couget@agis-sa.fr> : marie-paule.couget@agis-sa.fr : FTA/Correction: $name \n Vos chapitres viennent d'être dévalidés suite à une correction apportée par FTA Chef de Projet SYSTEM.\n\nOBJET DE LA CORRECTION:\n\t

==============================
==============================
Date: 2015-11-06
Login du modificateur: fta_projet

test \n 06/11/2015 14:21:11\nFTA Chef de Projet SYSTEM <maud.pasquier@agis-sa.fr> : maud.pasquier@agis-sa.fr : FTA/Correction: $name \n Vos chapitres viennent d'être dévalidés suite à une correction apportée par FTA Chef de Projet SYSTEM.\n\nOBJET DE LA CORRECTION:\n\t

==============================
==============================
Date: 2015-11-06
Login du modificateur: fta_projet

test \n 06/11/2015 14:21:11\nFTA Chef de Projet SYSTEM <ml4601190@ldc.fr> : ml4601190@ldc.fr : FTA/Correction: $name \n Vos chapitres viennent d'être dévalidés suite à une correction apportée par FTA Chef de Projet SYSTEM.\n\nOBJET DE LA CORRECTION:\n\t

==============================
==============================
Date: 2015-11-06
Login du modificateur: fta_projet

test \n 06/11/2015 14:21:11\nFTA Chef de Projet SYSTEM <morgane.lafleur@agis-sa.fr> : morgane.lafleur@agis-sa.fr : FTA/Correction: $name \n Vos chapitres viennent d'être dévalidés suite à une correction apportée par FTA Chef de Projet SYSTEM.\n\nOBJET DE LA CORRECTION:\n\t

==============================
==============================
Date: 2015-11-06
Login du modificateur: fta_projet

test \n 06/11/2015 14:21:11\nFTA Chef de Projet SYSTEM <sarah.lefort@agis-sa.fr> : sarah.lefort@agis-sa.fr : FTA/Correction: $name \n Vos chapitres viennent d'être dévalidés suite à une correction apportée par FTA Chef de Projet SYSTEM.\n\nOBJET DE LA CORRECTION:\n\t

==============================
==============================
Date: 2015-11-06
Login du modificateur: fta_projet

test \n 06/11/2015 14:21:11\nFTA Chef de Projet SYSTEM <severine.frehel@ldc.fr> : severine.frehel@ldc.fr : FTA/Correction: $name \n Vos chapitres viennent d'être dévalidés suite à une correction apportée par FTA Chef de Projet SYSTEM.\n\nOBJET DE LA CORRECTION:\n\t

==============================
==============================
Date: 2015-11-06
Login du modificateur: fta_projet

test \n 06/11/2015 14:21:11\nFTA Chef de Projet SYSTEM <sf3100007@ldc.fr> : sf3100007@ldc.fr : FTA/Correction: $name \n Vos chapitres viennent d'être dévalidés suite à une correction apportée par FTA Chef de Projet SYSTEM.\n\nOBJET DE LA CORRECTION:\n\t

==============================
==============================
Date: 2015-11-06
Login du modificateur: fta_projet

test \n 06/11/2015 14:21:11\nFTA Chef de Projet SYSTEM <stephane.raballand@ldc.fr> : stephane.raballand@ldc.fr : FTA/Correction: $name \n Vos chapitres viennent d'être dévalidés suite à une correction apportée par FTA Chef de Projet SYSTEM.\n\nOBJET DE LA CORRECTION:\n\t

==============================
==============================
Date: 2015-11-06
Login du modificateur: fta_projet

test \n 06/11/2015 14:21:11\nFTA Chef de Projet SYSTEM <virginie.bertaux@agis-sa.fr> : virginie.bertaux@agis-sa.fr : FTA/Correction: $name \n Vos chapitres viennent d'être dévalidés suite à une correction apportée par FTA Chef de Projet SYSTEM.\n\nOBJET DE LA CORRECTION:\n\t

==============================
==============================
Date: 2015-11-06
Login du modificateur: fta_projet

test \n 06/11/2015 14:21:11\nFTA Chef de Projet SYSTEM <cecile.jaegle@agis-sa.fr> : cecile.jaegle@agis-sa.fr : FTA/Correction: $name \n Vos chapitres viennent d'être dévalidés suite à une correction apportée par FTA Chef de Projet SYSTEM.\n\nOBJET DE LA CORRECTION:\n\t

==============================
==============================
Date: 2015-11-06
Login du modificateur: fta_projet

test \n 06/11/2015 14:21:11\nFTA Chef de Projet SYSTEM <christine.alberola@agis-sa.fr> : christine.alberola@agis-sa.fr : FTA/Correction: $name \n Vos chapitres viennent d'être dévalidés suite à une correction apportée par FTA Chef de Projet SYSTEM.\n\nOBJET DE LA CORRECTION:\n\t

==============================
==============================
Date: 2015-11-06
Login du modificateur: fta_projet

test \n 06/11/2015 14:21:11\nFTA Chef de Projet SYSTEM <christine.lucas@agis-sa.fr> : christine.lucas@agis-sa.fr : FTA/Correction: $name \n Vos chapitres viennent d'être dévalidés suite à une correction apportée par FTA Chef de Projet SYSTEM.\n\nOBJET DE LA CORRECTION:\n\t

==============================
==============================
Date: 2015-11-06
Login du modificateur: fta_projet

test \n 06/11/2015 14:21:11\nFTA Chef de Projet SYSTEM <eg3105044@ldc.fr> : eg3105044@ldc.fr : FTA/Correction: $name \n Vos chapitres viennent d'être dévalidés suite à une correction apportée par FTA Chef de Projet SYSTEM.\n\nOBJET DE LA CORRECTION:\n\t

==============================
==============================
Date: 2015-11-06
Login du modificateur: fta_projet

test \n 06/11/2015 14:21:11\nFTA Chef de Projet SYSTEM <Emeline.gatard@agis-sa.fr> : Emeline.gatard@agis-sa.fr : FTA/Correction: $name \n Vos chapitres viennent d'être dévalidés suite à une correction apportée par FTA Chef de Projet SYSTEM.\n\nOBJET DE LA CORRECTION:\n\t

==============================
==============================
Date: 2015-11-06
Login du modificateur: fta_projet

test \n 06/11/2015 14:21:11\nFTA Chef de Projet SYSTEM <france.pasquier@agis-sa.fr> : france.pasquier@agis-sa.fr : FTA/Correction: $name \n Vos chapitres viennent d'être dévalidés suite à une correction apportée par FTA Chef de Projet SYSTEM.\n\nOBJET DE LA CORRECTION:\n\t

==============================
==============================
Date: 2015-11-06
Login du modificateur: fta_projet

test \n 06/11/2015 14:21:11\nFTA Chef de Projet SYSTEM <gregory.pollet@agis-sa.fr> : gregory.pollet@agis-sa.fr : FTA/Correction: $name \n Vos chapitres viennent d'être dévalidés suite à une correction apportée par FTA Chef de Projet SYSTEM.\n\nOBJET DE LA CORRECTION:\n\t

==============================
==============================
Date: 2015-11-06
Login du modificateur: fta_projet

test \n 06/11/2015 14:21:11\nFTA Chef de Projet SYSTEM <informatique.agis@agis-sa.fr> : informatique.agis@agis-sa.fr : FTA/Correction: $name \n Vos chapitres viennent d'être dévalidés suite à une correction apportée par FTA Chef de Projet SYSTEM.\n\nOBJET DE LA CORRECTION:\n\t

==============================
==============================
Date: 2015-11-06
Login du modificateur: fta_projet

test \n 06/11/2015 14:21:11\nFTA Chef de Projet SYSTEM <InformatiqueSupport.AVIGNON@agis-sa.fr> : InformatiqueSupport.AVIGNON@agis-sa.fr : FTA/Correction: $name \n Vos chapitres viennent d'être dévalidés suite à une correction apportée par FTA Chef de Projet SYSTEM.\n\nOBJET DE LA CORRECTION:\n\t

==============================
==============================
Date: 2015-11-06
Login du modificateur: fta_projet

test \n 06/11/2015 14:21:11\nFTA Chef de Projet SYSTEM <julie.weymuller@agis-sa.fr> : julie.weymuller@agis-sa.fr : FTA/Correction: $name \n Vos chapitres viennent d'être dévalidés suite à une correction apportée par FTA Chef de Projet SYSTEM.\n\nOBJET DE LA CORRECTION:\n\t

==============================
==============================
Date: 2015-11-06
Login du modificateur: fta_projet

test \n 06/11/2015 14:21:11\nFTA Chef de Projet SYSTEM <juliette.vernerey@agis-sa.fr> : juliette.vernerey@agis-sa.fr : FTA/Correction: $name \n Vos chapitres viennent d'être dévalidés suite à une correction apportée par FTA Chef de Projet SYSTEM.\n\nOBJET DE LA CORRECTION:\n\t

==============================
==============================
Date: 2015-11-06
Login du modificateur: fta_projet

test \n 06/11/2015 14:21:11\nFTA Chef de Projet SYSTEM <laurence.prest-mauguin@agis-sa.fr> : laurence.prest-mauguin@agis-sa.fr : FTA/Correction: $name \n Vos chapitres viennent d'être dévalidés suite à une correction apportée par FTA Chef de Projet SYSTEM.\n\nOBJET DE LA CORRECTION:\n\t

==============================
==============================
Date: 2015-11-06
Login du modificateur: fta_projet

test \n 06/11/2015 14:21:11\nFTA Chef de Projet SYSTEM <marie-paule.couget@agis-sa.fr> : marie-paule.couget@agis-sa.fr : FTA/Correction: $name \n Vos chapitres viennent d'être dévalidés suite à une correction apportée par FTA Chef de Projet SYSTEM.\n\nOBJET DE LA CORRECTION:\n\t

==============================
==============================
Date: 2015-11-06
Login du modificateur: fta_projet

test \n 06/11/2015 14:21:11\nFTA Chef de Projet SYSTEM <maud.pasquier@agis-sa.fr> : maud.pasquier@agis-sa.fr : FTA/Correction: $name \n Vos chapitres viennent d'être dévalidés suite à une correction apportée par FTA Chef de Projet SYSTEM.\n\nOBJET DE LA CORRECTION:\n\t

==============================
==============================
Date: 2015-11-06
Login du modificateur: fta_projet

test \n 06/11/2015 14:21:12\nFTA Chef de Projet SYSTEM <ml4601190@ldc.fr> : ml4601190@ldc.fr : FTA/Correction: $name \n Vos chapitres viennent d'être dévalidés suite à une correction apportée par FTA Chef de Projet SYSTEM.\n\nOBJET DE LA CORRECTION:\n\t

==============================
==============================
Date: 2015-11-06
Login du modificateur: fta_projet

test \n 06/11/2015 14:21:12\nFTA Chef de Projet SYSTEM <morgane.lafleur@agis-sa.fr> : morgane.lafleur@agis-sa.fr : FTA/Correction: $name \n Vos chapitres viennent d'être dévalidés suite à une correction apportée par FTA Chef de Projet SYSTEM.\n\nOBJET DE LA CORRECTION:\n\t

==============================
==============================
Date: 2015-11-06
Login du modificateur: fta_projet

test \n 06/11/2015 14:21:12\nFTA Chef de Projet SYSTEM <sarah.lefort@agis-sa.fr> : sarah.lefort@agis-sa.fr : FTA/Correction: $name \n Vos chapitres viennent d'être dévalidés suite à une correction apportée par FTA Chef de Projet SYSTEM.\n\nOBJET DE LA CORRECTION:\n\t

==============================
==============================
Date: 2015-11-06
Login du modificateur: fta_projet

test \n 06/11/2015 14:21:12\nFTA Chef de Projet SYSTEM <severine.frehel@ldc.fr> : severine.frehel@ldc.fr : FTA/Correction: $name \n Vos chapitres viennent d'être dévalidés suite à une correction apportée par FTA Chef de Projet SYSTEM.\n\nOBJET DE LA CORRECTION:\n\t

==============================
==============================
Date: 2015-11-06
Login du modificateur: fta_projet

test \n 06/11/2015 14:21:12\nFTA Chef de Projet SYSTEM <sf3100007@ldc.fr> : sf3100007@ldc.fr : FTA/Correction: $name \n Vos chapitres viennent d'être dévalidés suite à une correction apportée par FTA Chef de Projet SYSTEM.\n\nOBJET DE LA CORRECTION:\n\t

==============================
==============================
Date: 2015-11-06
Login du modificateur: fta_projet

test \n 06/11/2015 14:21:12\nFTA Chef de Projet SYSTEM <stephane.raballand@ldc.fr> : stephane.raballand@ldc.fr : FTA/Correction: $name \n Vos chapitres viennent d'être dévalidés suite à une correction apportée par FTA Chef de Projet SYSTEM.\n\nOBJET DE LA CORRECTION:\n\t

==============================
==============================
Date: 2015-11-06
Login du modificateur: fta_projet

test \n 06/11/2015 14:21:12\nFTA Chef de Projet SYSTEM <virginie.bertaux@agis-sa.fr> : virginie.bertaux@agis-sa.fr : FTA/Correction: $name \n Vos chapitres viennent d'être dévalidés suite à une correction apportée par FTA Chef de Projet SYSTEM.\n\nOBJET DE LA CORRECTION:\n\t

==============================
==============================
Date: 2015-11-06
Login du modificateur: fta_projet

test \n 06/11/2015 14:21:12\nFTA Chef de Projet SYSTEM <cecile.jaegle@agis-sa.fr> : cecile.jaegle@agis-sa.fr : FTA/Correction: $name \n Vos chapitres viennent d'être dévalidés suite à une correction apportée par FTA Chef de Projet SYSTEM.\n\nOBJET DE LA CORRECTION:\n\t

==============================
==============================
Date: 2015-11-06
Login du modificateur: fta_projet

test \n 06/11/2015 14:21:12\nFTA Chef de Projet SYSTEM <christine.alberola@agis-sa.fr> : christine.alberola@agis-sa.fr : FTA/Correction: $name \n Vos chapitres viennent d'être dévalidés suite à une correction apportée par FTA Chef de Projet SYSTEM.\n\nOBJET DE LA CORRECTION:\n\t

==============================
==============================
Date: 2015-11-06
Login du modificateur: fta_projet

test \n 06/11/2015 14:21:12\nFTA Chef de Projet SYSTEM <christine.lucas@agis-sa.fr> : christine.lucas@agis-sa.fr : FTA/Correction: $name \n Vos chapitres viennent d'être dévalidés suite à une correction apportée par FTA Chef de Projet SYSTEM.\n\nOBJET DE LA CORRECTION:\n\t

==============================
==============================
Date: 2015-11-06
Login du modificateur: fta_projet

test \n 06/11/2015 14:21:12\nFTA Chef de Projet SYSTEM <eg3105044@ldc.fr> : eg3105044@ldc.fr : FTA/Correction: $name \n Vos chapitres viennent d'être dévalidés suite à une correction apportée par FTA Chef de Projet SYSTEM.\n\nOBJET DE LA CORRECTION:\n\t

==============================
==============================
Date: 2015-11-06
Login du modificateur: fta_projet

test \n 06/11/2015 14:21:12\nFTA Chef de Projet SYSTEM <Emeline.gatard@agis-sa.fr> : Emeline.gatard@agis-sa.fr : FTA/Correction: $name \n Vos chapitres viennent d'être dévalidés suite à une correction apportée par FTA Chef de Projet SYSTEM.\n\nOBJET DE LA CORRECTION:\n\t

==============================
==============================
Date: 2015-11-06
Login du modificateur: fta_projet

test \n 06/11/2015 14:21:12\nFTA Chef de Projet SYSTEM <france.pasquier@agis-sa.fr> : france.pasquier@agis-sa.fr : FTA/Correction: $name \n Vos chapitres viennent d'être dévalidés suite à une correction apportée par FTA Chef de Projet SYSTEM.\n\nOBJET DE LA CORRECTION:\n\t

==============================
==============================
Date: 2015-11-06
Login du modificateur: fta_projet

test \n 06/11/2015 14:21:12\nFTA Chef de Projet SYSTEM <gregory.pollet@agis-sa.fr> : gregory.pollet@agis-sa.fr : FTA/Correction: $name \n Vos chapitres viennent d'être dévalidés suite à une correction apportée par FTA Chef de Projet SYSTEM.\n\nOBJET DE LA CORRECTION:\n\t

==============================
==============================
Date: 2015-11-06
Login du modificateur: fta_projet

test \n 06/11/2015 14:21:12\nFTA Chef de Projet SYSTEM <informatique.agis@agis-sa.fr> : informatique.agis@agis-sa.fr : FTA/Correction: $name \n Vos chapitres viennent d'être dévalidés suite à une correction apportée par FTA Chef de Projet SYSTEM.\n\nOBJET DE LA CORRECTION:\n\t

==============================
==============================
Date: 2015-11-06
Login du modificateur: fta_projet

test \n 06/11/2015 14:21:12\nFTA Chef de Projet SYSTEM <InformatiqueSupport.AVIGNON@agis-sa.fr> : InformatiqueSupport.AVIGNON@agis-sa.fr : FTA/Correction: $name \n Vos chapitres viennent d'être dévalidés suite à une correction apportée par FTA Chef de Projet SYSTEM.\n\nOBJET DE LA CORRECTION:\n\t

==============================
==============================
Date: 2015-11-06
Login du modificateur: fta_projet

test \n 06/11/2015 14:21:12\nFTA Chef de Projet SYSTEM <julie.weymuller@agis-sa.fr> : julie.weymuller@agis-sa.fr : FTA/Correction: $name \n Vos chapitres viennent d'être dévalidés suite à une correction apportée par FTA Chef de Projet SYSTEM.\n\nOBJET DE LA CORRECTION:\n\t

==============================
==============================
Date: 2015-11-06
Login du modificateur: fta_projet

test \n 06/11/2015 14:21:12\nFTA Chef de Projet SYSTEM <juliette.vernerey@agis-sa.fr> : juliette.vernerey@agis-sa.fr : FTA/Correction: $name \n Vos chapitres viennent d'être dévalidés suite à une correction apportée par FTA Chef de Projet SYSTEM.\n\nOBJET DE LA CORRECTION:\n\t

==============================
==============================
Date: 2015-11-06
Login du modificateur: fta_projet

test \n 06/11/2015 14:21:12\nFTA Chef de Projet SYSTEM <laurence.prest-mauguin@agis-sa.fr> : laurence.prest-mauguin@agis-sa.fr : FTA/Correction: $name \n Vos chapitres viennent d'être dévalidés suite à une correction apportée par FTA Chef de Projet SYSTEM.\n\nOBJET DE LA CORRECTION:\n\t

==============================
==============================
Date: 2015-11-06
Login du modificateur: fta_projet

test \n 06/11/2015 14:21:12\nFTA Chef de Projet SYSTEM <marie-paule.couget@agis-sa.fr> : marie-paule.couget@agis-sa.fr : FTA/Correction: $name \n Vos chapitres viennent d'être dévalidés suite à une correction apportée par FTA Chef de Projet SYSTEM.\n\nOBJET DE LA CORRECTION:\n\t

==============================
==============================
Date: 2015-11-06
Login du modificateur: fta_projet

test \n 06/11/2015 14:21:12\nFTA Chef de Projet SYSTEM <maud.pasquier@agis-sa.fr> : maud.pasquier@agis-sa.fr : FTA/Correction: $name \n Vos chapitres viennent d'être dévalidés suite à une correction apportée par FTA Chef de Projet SYSTEM.\n\nOBJET DE LA CORRECTION:\n\t

==============================
==============================
Date: 2015-11-06
Login du modificateur: fta_projet

test \n 06/11/2015 14:21:12\nFTA Chef de Projet SYSTEM <ml4601190@ldc.fr> : ml4601190@ldc.fr : FTA/Correction: $name \n Vos chapitres viennent d'être dévalidés suite à une correction apportée par FTA Chef de Projet SYSTEM.\n\nOBJET DE LA CORRECTION:\n\t

==============================
==============================
Date: 2015-11-06
Login du modificateur: fta_projet

test \n 06/11/2015 14:21:12\nFTA Chef de Projet SYSTEM <morgane.lafleur@agis-sa.fr> : morgane.lafleur@agis-sa.fr : FTA/Correction: $name \n Vos chapitres viennent d'être dévalidés suite à une correction apportée par FTA Chef de Projet SYSTEM.\n\nOBJET DE LA CORRECTION:\n\t

==============================
==============================
Date: 2015-11-06
Login du modificateur: fta_projet

test \n 06/11/2015 14:21:12\nFTA Chef de Projet SYSTEM <sarah.lefort@agis-sa.fr> : sarah.lefort@agis-sa.fr : FTA/Correction: $name \n Vos chapitres viennent d'être dévalidés suite à une correction apportée par FTA Chef de Projet SYSTEM.\n\nOBJET DE LA CORRECTION:\n\t

==============================
==============================
Date: 2015-11-06
Login du modificateur: fta_projet

test \n 06/11/2015 14:21:12\nFTA Chef de Projet SYSTEM <severine.frehel@ldc.fr> : severine.frehel@ldc.fr : FTA/Correction: $name \n Vos chapitres viennent d'être dévalidés suite à une correction apportée par FTA Chef de Projet SYSTEM.\n\nOBJET DE LA CORRECTION:\n\t

==============================
==============================
Date: 2015-11-06
Login du modificateur: fta_projet

test \n 06/11/2015 14:21:12\nFTA Chef de Projet SYSTEM <sf3100007@ldc.fr> : sf3100007@ldc.fr : FTA/Correction: $name \n Vos chapitres viennent d'être dévalidés suite à une correction apportée par FTA Chef de Projet SYSTEM.\n\nOBJET DE LA CORRECTION:\n\t

==============================
==============================
Date: 2015-11-06
Login du modificateur: fta_projet

test \n 06/11/2015 14:21:12\nFTA Chef de Projet SYSTEM <stephane.raballand@ldc.fr> : stephane.raballand@ldc.fr : FTA/Correction: $name \n Vos chapitres viennent d'être dévalidés suite à une correction apportée par FTA Chef de Projet SYSTEM.\n\nOBJET DE LA CORRECTION:\n\t

==============================
==============================
Date: 2015-11-06
Login du modificateur: fta_projet

test \n 06/11/2015 14:21:12\nFTA Chef de Projet SYSTEM <virginie.bertaux@agis-sa.fr> : virginie.bertaux@agis-sa.fr : FTA/Correction: $name \n Vos chapitres viennent d'être dévalidés suite à une correction apportée par FTA Chef de Projet SYSTEM.\n\nOBJET DE LA CORRECTION:\n\t

==============================
==============================
Date: 2015-11-06
Login du modificateur: fta_projet

test \n 06/11/2015 14:21:12\nFTA Chef de Projet SYSTEM <cecile.jaegle@agis-sa.fr> : cecile.jaegle@agis-sa.fr : FTA/Correction: $name \n Vos chapitres viennent d'être dévalidés suite à une correction apportée par FTA Chef de Projet SYSTEM.\n\nOBJET DE LA CORRECTION:\n\t

==============================
==============================
Date: 2015-11-06
Login du modificateur: fta_projet

test \n 06/11/2015 14:21:12\nFTA Chef de Projet SYSTEM <christine.alberola@agis-sa.fr> : christine.alberola@agis-sa.fr : FTA/Correction: $name \n Vos chapitres viennent d'être dévalidés suite à une correction apportée par FTA Chef de Projet SYSTEM.\n\nOBJET DE LA CORRECTION:\n\t

==============================
==============================
Date: 2015-11-06
Login du modificateur: fta_projet

test \n 06/11/2015 14:21:12\nFTA Chef de Projet SYSTEM <christine.lucas@agis-sa.fr> : christine.lucas@agis-sa.fr : FTA/Correction: $name \n Vos chapitres viennent d'être dévalidés suite à une correction apportée par FTA Chef de Projet SYSTEM.\n\nOBJET DE LA CORRECTION:\n\t

==============================
==============================
Date: 2015-11-06
Login du modificateur: fta_projet

test \n 06/11/2015 14:21:12\nFTA Chef de Projet SYSTEM <eg3105044@ldc.fr> : eg3105044@ldc.fr : FTA/Correction: $name \n Vos chapitres viennent d'être dévalidés suite à une correction apportée par FTA Chef de Projet SYSTEM.\n\nOBJET DE LA CORRECTION:\n\t

==============================
==============================
Date: 2015-11-06
Login du modificateur: fta_projet

test \n 06/11/2015 14:21:12\nFTA Chef de Projet SYSTEM <Emeline.gatard@agis-sa.fr> : Emeline.gatard@agis-sa.fr : FTA/Correction: $name \n Vos chapitres viennent d'être dévalidés suite à une correction apportée par FTA Chef de Projet SYSTEM.\n\nOBJET DE LA CORRECTION:\n\t

==============================
==============================
Date: 2015-11-06
Login du modificateur: fta_projet

test \n 06/11/2015 14:21:12\nFTA Chef de Projet SYSTEM <france.pasquier@agis-sa.fr> : france.pasquier@agis-sa.fr : FTA/Correction: $name \n Vos chapitres viennent d'être dévalidés suite à une correction apportée par FTA Chef de Projet SYSTEM.\n\nOBJET DE LA CORRECTION:\n\t

==============================
==============================
Date: 2015-11-06
Login du modificateur: fta_projet

test \n 06/11/2015 14:21:12\nFTA Chef de Projet SYSTEM <gregory.pollet@agis-sa.fr> : gregory.pollet@agis-sa.fr : FTA/Correction: $name \n Vos chapitres viennent d'être dévalidés suite à une correction apportée par FTA Chef de Projet SYSTEM.\n\nOBJET DE LA CORRECTION:\n\t

==============================
==============================
Date: 2015-11-06
Login du modificateur: fta_projet

test \n 06/11/2015 14:21:12\nFTA Chef de Projet SYSTEM <informatique.agis@agis-sa.fr> : informatique.agis@agis-sa.fr : FTA/Correction: $name \n Vos chapitres viennent d'être dévalidés suite à une correction apportée par FTA Chef de Projet SYSTEM.\n\nOBJET DE LA CORRECTION:\n\t

==============================
==============================
Date: 2015-11-06
Login du modificateur: fta_projet

test \n 06/11/2015 14:21:12\nFTA Chef de Projet SYSTEM <InformatiqueSupport.AVIGNON@agis-sa.fr> : InformatiqueSupport.AVIGNON@agis-sa.fr : FTA/Correction: $name \n Vos chapitres viennent d'être dévalidés suite à une correction apportée par FTA Chef de Projet SYSTEM.\n\nOBJET DE LA CORRECTION:\n\t

==============================
==============================
Date: 2015-11-06
Login du modificateur: fta_projet

test \n 06/11/2015 14:21:12\nFTA Chef de Projet SYSTEM <julie.weymuller@agis-sa.fr> : julie.weymuller@agis-sa.fr : FTA/Correction: $name \n Vos chapitres viennent d'être dévalidés suite à une correction apportée par FTA Chef de Projet SYSTEM.\n\nOBJET DE LA CORRECTION:\n\t

==============================
==============================
Date: 2015-11-06
Login du modificateur: fta_projet

test \n 06/11/2015 14:21:12\nFTA Chef de Projet SYSTEM <juliette.vernerey@agis-sa.fr> : juliette.vernerey@agis-sa.fr : FTA/Correction: $name \n Vos chapitres viennent d'être dévalidés suite à une correction apportée par FTA Chef de Projet SYSTEM.\n\nOBJET DE LA CORRECTION:\n\t

==============================
==============================
Date: 2015-11-06
Login du modificateur: fta_projet

test \n 06/11/2015 14:21:12\nFTA Chef de Projet SYSTEM <laurence.prest-mauguin@agis-sa.fr> : laurence.prest-mauguin@agis-sa.fr : FTA/Correction: $name \n Vos chapitres viennent d'être dévalidés suite à une correction apportée par FTA Chef de Projet SYSTEM.\n\nOBJET DE LA CORRECTION:\n\t

==============================
==============================
Date: 2015-11-06
Login du modificateur: fta_projet

test \n 06/11/2015 14:21:12\nFTA Chef de Projet SYSTEM <marie-paule.couget@agis-sa.fr> : marie-paule.couget@agis-sa.fr : FTA/Correction: $name \n Vos chapitres viennent d'être dévalidés suite à une correction apportée par FTA Chef de Projet SYSTEM.\n\nOBJET DE LA CORRECTION:\n\t

==============================
==============================
Date: 2015-11-06
Login du modificateur: fta_projet

test \n 06/11/2015 14:21:12\nFTA Chef de Projet SYSTEM <maud.pasquier@agis-sa.fr> : maud.pasquier@agis-sa.fr : FTA/Correction: $name \n Vos chapitres viennent d'être dévalidés suite à une correction apportée par FTA Chef de Projet SYSTEM.\n\nOBJET DE LA CORRECTION:\n\t

==============================
==============================
Date: 2015-11-06
Login du modificateur: fta_projet

test \n 06/11/2015 14:21:12\nFTA Chef de Projet SYSTEM <ml4601190@ldc.fr> : ml4601190@ldc.fr : FTA/Correction: $name \n Vos chapitres viennent d'être dévalidés suite à une correction apportée par FTA Chef de Projet SYSTEM.\n\nOBJET DE LA CORRECTION:\n\t

==============================
==============================
Date: 2015-11-06
Login du modificateur: fta_projet

test \n 06/11/2015 14:21:12\nFTA Chef de Projet SYSTEM <morgane.lafleur@agis-sa.fr> : morgane.lafleur@agis-sa.fr : FTA/Correction: $name \n Vos chapitres viennent d'être dévalidés suite à une correction apportée par FTA Chef de Projet SYSTEM.\n\nOBJET DE LA CORRECTION:\n\t

==============================
==============================
Date: 2015-11-06
Login du modificateur: fta_projet

test \n 06/11/2015 14:21:12\nFTA Chef de Projet SYSTEM <sarah.lefort@agis-sa.fr> : sarah.lefort@agis-sa.fr : FTA/Correction: $name \n Vos chapitres viennent d'être dévalidés suite à une correction apportée par FTA Chef de Projet SYSTEM.\n\nOBJET DE LA CORRECTION:\n\t

==============================
==============================
Date: 2015-11-06
Login du modificateur: fta_projet

test \n 06/11/2015 14:21:12\nFTA Chef de Projet SYSTEM <severine.frehel@ldc.fr> : severine.frehel@ldc.fr : FTA/Correction: $name \n Vos chapitres viennent d'être dévalidés suite à une correction apportée par FTA Chef de Projet SYSTEM.\n\nOBJET DE LA CORRECTION:\n\t

==============================
==============================
Date: 2015-11-06
Login du modificateur: fta_projet

test \n 06/11/2015 14:21:12\nFTA Chef de Projet SYSTEM <sf3100007@ldc.fr> : sf3100007@ldc.fr : FTA/Correction: $name \n Vos chapitres viennent d'être dévalidés suite à une correction apportée par FTA Chef de Projet SYSTEM.\n\nOBJET DE LA CORRECTION:\n\t

==============================
==============================
Date: 2015-11-06
Login du modificateur: fta_projet

test \n 06/11/2015 14:21:12\nFTA Chef de Projet SYSTEM <stephane.raballand@ldc.fr> : stephane.raballand@ldc.fr : FTA/Correction: $name \n Vos chapitres viennent d'être dévalidés suite à une correction apportée par FTA Chef de Projet SYSTEM.\n\nOBJET DE LA CORRECTION:\n\t

==============================
==============================
Date: 2015-11-06
Login du modificateur: fta_projet

test \n 06/11/2015 14:21:12\nFTA Chef de Projet SYSTEM <virginie.bertaux@agis-sa.fr> : virginie.bertaux@agis-sa.fr : FTA/Correction: $name \n Vos chapitres viennent d'être dévalidés suite à une correction apportée par FTA Chef de Projet SYSTEM.\n\nOBJET DE LA CORRECTION:\n\t

==============================
==============================
Date: 2015-11-06
Login du modificateur: fta_projet

test \n 